<?xml version="1.0" encoding="utf-8"?>
<TestRun id="3ba416a7-1bdd-4d66-b1b0-7e243b8551e1" name="abiem@ABMINIME 2026-09-11 18:25:19" runUser="ABMINIME\abiem" xmlns="http://microsoft.com/schemas/VisualStudio/TeamTest/2010">
  <Times creation="2026-09-11T18:25:19.9916840-07:00" queuing="2026-09-11T18:25:19.9916841-07:00" start="2026-09-11T18:25:19.1271846-07:00" finish="2026-09-11T18:25:21.5084249-07:00" />
  <TestSettings name="default" id="8d499842-d618-4ff7-96cd-0829cb0262b6">
    <Deployment runDeploymentRoot="abiem_ABMINIME_2026-09-11_18_25_19" />
  </TestSettings>
  <Results>
    <UnitTestResult executionId="094975e1-fbfd-4350-bc49-b5631b4fd075" testId="60c2e397-6452-b273-881c-078d1353b3dc" testName="GoldenTicket.Domain.Tests.ClaimTests.NoOtherActionIsAllowedWhileAClaimIsPending" computerName="ABMINIME" duration="00:00:00.0006763" startTime="2026-09-11T18:25:20.1106572-07:00" endTime="2026-09-11T18:25:20.1113508-07:00" testType="13cdc9d9-ddb5-4fa4-a97d-d965ccfc6d4b" outcome="Passed" testListId="8c84fa94-04c1-424b-9868-57a2d4851a1d" relativeResultsDirectory="094975e1-fbfd-4350-bc49-b5631b4fd075" />
    <UnitTestResult executionId="d43126a4-d119-4979-852c-7c16a2f2cb76" testId="0347f9f0-4d56-03f7-2987-5b57eccdb43f" testName="GoldenTicket.Domain.Tests.ClaimTests.TheFinalRoundGivesEverySeatIncludingTheTriggerOneMoreTurn" computerName="ABMINIME" duration="00:00:00.1283386" startTime="2026-09-11T18:25:19.9237176-07:00" endTime="2026-09-11T18:25:20.0571627-07:00" testType="13cdc9d9-ddb5-4fa4-a97d-d965ccfc6d4b" outcome="Passed" testListId="8c84fa94-04c1-424b-9868-57a2d4851a1d" relativeResultsDirectory="d43126a4-d119-4979-852c-7c16a2f2cb76" />
    <UnitTestResult executionId="82f0d35c-2420-469c-b06d-e4987a2e98b0" testId="e6fb8d9a-e71a-df4c-692f-f13dfb07a996" testName="GoldenTicket.Domain.Tests.PersistenceAuditTests.CorruptMetadataStaysVisibleAsAnUnavailableSave(mutation: &quot;UPDATE Session SET Lifecycle = '999';&quot;)" computerName="ABMINIME" duration="00:00:00.0344813" startTime="2026-09-11T18:25:20.7712218-07:00" endTime="2026-09-11T18:25:20.8057231-07:00" testType="13cdc9d9-ddb5-4fa4-a97d-d965ccfc6d4b" outcome="Passed" testListId="8c84fa94-04c1-424b-9868-57a2d4851a1d" relativeResultsDirectory="82f0d35c-2420-469c-b06d-e4987a2e98b0" />
    <UnitTestResult executionId="3b1920ef-4b08-48be-ad8a-5fdfa065d920" testId="ce8441c8-a0b8-6c21-6ce6-518a4c4465f1" testName="GoldenTicket.Domain.Tests.ApplicationAuditTests.ConcurrentDriverCallsDoNotRunTheSamePolicyOrRandomStreamTwice" computerName="ABMINIME" duration="00:00:00.0045224" startTime="2026-09-11T18:25:20.1206314-07:00" endTime="2026-09-11T18:25:20.1251710-07:00" testType="13cdc9d9-ddb5-4fa4-a97d-d965ccfc6d4b" outcome="Passed" testListId="8c84fa94-04c1-424b-9868-57a2d4851a1d" relativeResultsDirectory="3b1920ef-4b08-48be-ad8a-5fdfa065d920" />
    <UnitTestResult executionId="1d524861-2515-45a0-b824-33fe848374d6" testId="b66fd423-f8d8-cdd6-f2e1-4e0148b9ee3a" testName="GoldenTicket.Domain.Tests.ApplicationAuditTests.CallerCancellationDoesNotApplyAnAiFallbackOrPublishAResult" computerName="ABMINIME" duration="00:00:00.0021547" startTime="2026-09-11T18:25:20.8933808-07:00" endTime="2026-09-11T18:25:20.8955552-07:00" testType="13cdc9d9-ddb5-4fa4-a97d-d965ccfc6d4b" outcome="Passed" testListId="8c84fa94-04c1-424b-9868-57a2d4851a1d" relativeResultsDirectory="1d524861-2515-45a0-b824-33fe848374d6" />
    <UnitTestResult executionId="c00347d3-74ff-46d9-902a-1f317087f2e3" testId="3e71b488-5e2d-d602-9ccf-45511836706d" testName="GoldenTicket.Domain.Tests.ThemeTokenTests.EverySemanticRoleResolvesToADefinedToken" computerName="ABMINIME" duration="00:00:00.0001724" startTime="2026-09-11T18:25:19.9839749-07:00" endTime="2026-09-11T18:25:19.9841614-07:00" testType="13cdc9d9-ddb5-4fa4-a97d-d965ccfc6d4b" outcome="Passed" testListId="8c84fa94-04c1-424b-9868-57a2d4851a1d" relativeResultsDirectory="c00347d3-74ff-46d9-902a-1f317087f2e3" />
    <UnitTestResult executionId="0ecb4541-6b0a-456b-8b66-7b71f17892f9" testId="9efa47ed-d9a0-3af2-120e-a53dc1f2fcf0" testName="GoldenTicket.Domain.Tests.PersistenceAuditTests.CorruptMetadataStaysVisibleAsAnUnavailableSave(mutation: &quot;DROP TABLE Session;&quot;)" computerName="ABMINIME" duration="00:00:00.0329491" startTime="2026-09-11T18:25:20.8667676-07:00" endTime="2026-09-11T18:25:20.8997435-07:00" testType="13cdc9d9-ddb5-4fa4-a97d-d965ccfc6d4b" outcome="Passed" testListId="8c84fa94-04c1-424b-9868-57a2d4851a1d" relativeResultsDirectory="0ecb4541-6b0a-456b-8b66-7b71f17892f9" />
    <UnitTestResult executionId="9c850097-a71d-4b51-ad47-3de7a3f85ab0" testId="0d9e90f8-7c91-f21a-c64a-d50322bd7237" testName="GoldenTicket.Domain.Tests.PersistenceAuditTests.MissingOrCorruptSaveMetadataStopsRestore(mutation: &quot;UPDATE Event SET Visibility = 'Public';&quot;)" computerName="ABMINIME" duration="00:00:00.0339914" startTime="2026-09-11T18:25:20.3326221-07:00" endTime="2026-09-11T18:25:20.3666427-07:00" testType="13cdc9d9-ddb5-4fa4-a97d-d965ccfc6d4b" outcome="Passed" testListId="8c84fa94-04c1-424b-9868-57a2d4851a1d" relativeResultsDirectory="9c850097-a71d-4b51-ad47-3de7a3f85ab0" />
    <UnitTestResult executionId="feefbc7a-05e5-41d8-a5eb-6b90beb549a9" testId="8ce053b4-0b11-9d8c-e50d-8951586b36a6" testName="GoldenTicket.Domain.Tests.DesktopFlowTests.KeepingOpeningTicketsStartsPlayAndCoversTheHandAgain" computerName="ABMINIME" duration="00:00:00.1930731" startTime="2026-09-11T18:25:19.9236908-07:00" endTime="2026-09-11T18:25:20.1218441-07:00" testType="13cdc9d9-ddb5-4fa4-a97d-d965ccfc6d4b" outcome="Passed" testListId="8c84fa94-04c1-424b-9868-57a2d4851a1d" relativeResultsDirectory="feefbc7a-05e5-41d8-a5eb-6b90beb549a9" />
    <UnitTestResult executionId="380bc43d-660c-44fb-b052-8e1489a82fa6" testId="a6f60ed4-6b93-9c3c-8ea2-f83e7df7ee01" testName="GoldenTicket.Domain.Tests.DomainAuditTests.AClaimMustStillReferToTheCurrentBoardRevisionAtCommit" computerName="ABMINIME" duration="00:00:00.0004946" startTime="2026-09-11T18:25:20.0965911-07:00" endTime="2026-09-11T18:25:20.0971077-07:00" testType="13cdc9d9-ddb5-4fa4-a97d-d965ccfc6d4b" outcome="Passed" testListId="8c84fa94-04c1-424b-9868-57a2d4851a1d" relativeResultsDirectory="380bc43d-660c-44fb-b052-8e1489a82fa6" />
    <UnitTestResult executionId="7ca8f216-1437-4619-b81d-c5606a6ccaab" testId="c649f5ff-3c8e-f8d3-a096-bd36123f7958" testName="GoldenTicket.Domain.Tests.ApplicationAuditTests.AnUncertainWriteBlocksFurtherCommandsUntilRestored(committedBeforeFailure: True)" computerName="ABMINIME" duration="00:00:00.0095812" startTime="2026-09-11T18:25:20.1099103-07:00" endTime="2026-09-11T18:25:20.1195058-07:00" testType="13cdc9d9-ddb5-4fa4-a97d-d965ccfc6d4b" outcome="Passed" testListId="8c84fa94-04c1-424b-9868-57a2d4851a1d" relativeResultsDirectory="7ca8f216-1437-4619-b81d-c5606a6ccaab" />
    <UnitTestResult executionId="6c427ba3-7c1b-44e6-bc19-f8ce04692854" testId="c3c55b2a-c8f8-7122-7161-73b1f40191b1" testName="GoldenTicket.Domain.Tests.PersistenceAuditTests.MissingOrCorruptSaveMetadataStopsRestore(mutation: &quot;UPDATE Session SET EncryptionVersion = 999;&quot;)" computerName="ABMINIME" duration="00:00:00.0306037" startTime="2026-09-11T18:25:20.4687758-07:00" endTime="2026-09-11T18:25:20.4994053-07:00" testType="13cdc9d9-ddb5-4fa4-a97d-d965ccfc6d4b" outcome="Passed" testListId="8c84fa94-04c1-424b-9868-57a2d4851a1d" relativeResultsDirectory="6c427ba3-7c1b-44e6-bc19-f8ce04692854" />
    <UnitTestResult executionId="092f08f0-ad3f-474b-9481-fb138e537eea" testId="f716654d-774d-5bf8-ff76-a8658dddba8e" testName="GoldenTicket.Domain.Tests.DesktopFlowTests.ConfirmingAPlacementCommitsTheClaimAndClearsTheInstruction" computerName="ABMINIME" duration="00:00:00.0198828" startTime="2026-09-11T18:25:20.1296886-07:00" endTime="2026-09-11T18:25:20.1495890-07:00" testType="13cdc9d9-ddb5-4fa4-a97d-d965ccfc6d4b" outcome="Passed" testListId="8c84fa94-04c1-424b-9868-57a2d4851a1d" relativeResultsDirectory="092f08f0-ad3f-474b-9481-fb138e537eea" />
    <UnitTestResult executionId="78b92a05-d583-4da1-9db6-212ded6d675c" testId="da67943b-3a8a-4a5c-8cb2-605562bcf0fd" testName="GoldenTicket.Domain.Tests.ScoringTests.ALoopUsesEveryEdgeExactlyOnce" computerName="ABMINIME" duration="00:00:00.0012992" startTime="2026-09-11T18:25:20.0567701-07:00" endTime="2026-09-11T18:25:20.0580931-07:00" testType="13cdc9d9-ddb5-4fa4-a97d-d965ccfc6d4b" outcome="Passed" testListId="8c84fa94-04c1-424b-9868-57a2d4851a1d" relativeResultsDirectory="78b92a05-d583-4da1-9db6-212ded6d675c" />
    <UnitTestResult executionId="f4db3e09-5eb9-4267-b6f8-1ba2d3e0d71e" testId="0b190877-11bc-0df2-2cff-f8f0a2885ca2" testName="GoldenTicket.Domain.Tests.PersistenceAuditTests.MissingOrCorruptSaveMetadataStopsRestore(mutation: &quot;UPDATE Snapshot SET JournalSequence = JournalSeque&quot;···)" computerName="ABMINIME" duration="00:00:00.0388106" startTime="2026-09-11T18:25:20.4297553-07:00" endTime="2026-09-11T18:25:20.4685935-07:00" testType="13cdc9d9-ddb5-4fa4-a97d-d965ccfc6d4b" outcome="Passed" testListId="8c84fa94-04c1-424b-9868-57a2d4851a1d" relativeResultsDirectory="f4db3e09-5eb9-4267-b6f8-1ba2d3e0d71e" />
    <UnitTestResult executionId="cca8974e-d16c-40ba-b37c-21baecfd65ba" testId="5fca3e10-f4b7-8000-a3fd-eb373be415fc" testName="GoldenTicket.Domain.Tests.PropertyTests.FinalRoutePointsMatchAnIndependentRecomputation(seatCount: 4, seed: 808)" computerName="ABMINIME" duration="00:00:00.1604498" startTime="2026-09-11T18:25:21.2989698-07:00" endTime="2026-09-11T18:25:21.4594525-07:00" testType="13cdc9d9-ddb5-4fa4-a97d-d965ccfc6d4b" outcome="Passed" testListId="8c84fa94-04c1-424b-9868-57a2d4851a1d" relativeResultsDirectory="cca8974e-d16c-40ba-b37c-21baecfd65ba" />
    <UnitTestResult executionId="74636ade-ad1c-4fbc-88c1-f10a8d17b8a2" testId="83ebd72d-315b-e20e-a830-7998cb399e1e" testName="GoldenTicket.Domain.Tests.DomainAuditTests.AnotherSeatCannotControlAPendingClaim(action: &quot;confirm&quot;)" computerName="ABMINIME" duration="00:00:00.0009046" startTime="2026-09-11T18:25:20.1075430-07:00" endTime="2026-09-11T18:25:20.1084701-07:00" testType="13cdc9d9-ddb5-4fa4-a97d-d965ccfc6d4b" outcome="Passed" testListId="8c84fa94-04c1-424b-9868-57a2d4851a1d" relativeResultsDirectory="74636ade-ad1c-4fbc-88c1-f10a8d17b8a2" />
    <UnitTestResult executionId="7720e284-27cd-4040-8326-d987466b282d" testId="4d1e1f02-7e45-ce2b-922e-17e453d9aa6c" testName="GoldenTicket.Domain.Tests.ThemeTokenTests.EveryPaletteTokenAppearsInTheResourceDictionaryWithTheSameValue" computerName="ABMINIME" duration="00:00:00.0030511" startTime="2026-09-11T18:25:19.9807259-07:00" endTime="2026-09-11T18:25:19.9837976-07:00" testType="13cdc9d9-ddb5-4fa4-a97d-d965ccfc6d4b" outcome="Passed" testListId="8c84fa94-04c1-424b-9868-57a2d4851a1d" relativeResultsDirectory="7720e284-27cd-4040-8326-d987466b282d" />
    <UnitTestResult executionId="b45ba35a-6ab6-4677-83e8-9413ba8800b8" testId="67577499-d118-e697-3119-ca9e44dd78ff" testName="GoldenTicket.Domain.Tests.ClaimTests.APaymentMixingTwoColoursIsRefused" computerName="ABMINIME" duration="00:00:00.0005174" startTime="2026-09-11T18:25:20.1180435-07:00" endTime="2026-09-11T18:25:20.1185851-07:00" testType="13cdc9d9-ddb5-4fa4-a97d-d965ccfc6d4b" outcome="Passed" testListId="8c84fa94-04c1-424b-9868-57a2d4851a1d" relativeResultsDirectory="b45ba35a-6ab6-4677-83e8-9413ba8800b8" />
    <UnitTestResult executionId="474b8684-48fe-4101-9d11-bcb99e594819" testId="f5dab7ba-ea6f-c49b-0478-cf206ef2f502" testName="GoldenTicket.Domain.Tests.SetupAndDrawTests.AFaceUpLocomotiveCannotBeTheSecondPick" computerName="ABMINIME" duration="00:00:00.0029717" startTime="2026-09-11T18:25:20.1061304-07:00" endTime="2026-09-11T18:25:20.1091205-07:00" testType="13cdc9d9-ddb5-4fa4-a97d-d965ccfc6d4b" outcome="Passed" testListId="8c84fa94-04c1-424b-9868-57a2d4851a1d" relativeResultsDirectory="474b8684-48fe-4101-9d11-bcb99e594819" />
    <UnitTestResult executionId="954cb0a0-c36b-4ce7-9f22-3c02c603bfdc" testId="5b1cb3b9-c40f-3cf0-32e2-125d3a94a730" testName="GoldenTicket.Domain.Tests.DomainAuditTests.VersionTwoHashCoversAllFinalScoringEvidence(changedField: &quot;incomplete&quot;)" computerName="ABMINIME" duration="00:00:00.0005340" startTime="2026-09-11T18:25:20.1031920-07:00" endTime="2026-09-11T18:25:20.1037425-07:00" testType="13cdc9d9-ddb5-4fa4-a97d-d965ccfc6d4b" outcome="Passed" testListId="8c84fa94-04c1-424b-9868-57a2d4851a1d" relativeResultsDirectory="954cb0a0-c36b-4ce7-9f22-3c02c603bfdc" />
    <UnitTestResult executionId="5d622602-0c90-4296-a9dd-40540cec35ca" testId="d75f2101-259e-559d-150f-975a2f47802c" testName="GoldenTicket.Domain.Tests.ClaimTests.CameraEvidenceIsRefusedBecauseThisBuildDoesNotHaveIt" computerName="ABMINIME" duration="00:00:00.0007243" startTime="2026-09-11T18:25:20.1036722-07:00" endTime="2026-09-11T18:25:20.1044282-07:00" testType="13cdc9d9-ddb5-4fa4-a97d-d965ccfc6d4b" outcome="Passed" testListId="8c84fa94-04c1-424b-9868-57a2d4851a1d" relativeResultsDirectory="5d622602-0c90-4296-a9dd-40540cec35ca" />
    <UnitTestResult executionId="039ca874-1647-46e3-b290-6a14012217ee" testId="ff757c2c-b678-5a56-85a0-32512ad8aa81" testName="GoldenTicket.Domain.Tests.PropertyTests.ACompleteMatchHoldsItsInvariantsAndReplaysToTheSameState(seatCount: 4, seed: 303)" computerName="ABMINIME" duration="00:00:00.1697579" startTime="2026-09-11T18:25:20.2693904-07:00" endTime="2026-09-11T18:25:20.4391773-07:00" testType="13cdc9d9-ddb5-4fa4-a97d-d965ccfc6d4b" outcome="Passed" testListId="8c84fa94-04c1-424b-9868-57a2d4851a1d" relativeResultsDirectory="039ca874-1647-46e3-b290-6a14012217ee" />
    <UnitTestResult executionId="33400be2-f305-4d76-8c3e-6174bf6421de" testId="f4a4cf06-6100-c539-a98b-a7e24b372c34" testName="GoldenTicket.Domain.Tests.ManifestTests.RuntimeLoaderRejectsUnsupportedProfilesEvenWhenTheirChecksumIsValid(field: &quot;schemaVersion&quot;, value: &quot;2&quot;)" computerName="ABMINIME" duration="00:00:00.0434627" startTime="2026-09-11T18:25:20.0439539-07:00" endTime="2026-09-11T18:25:20.0874490-07:00" testType="13cdc9d9-ddb5-4fa4-a97d-d965ccfc6d4b" outcome="Passed" testListId="8c84fa94-04c1-424b-9868-57a2d4851a1d" relativeResultsDirectory="33400be2-f305-4d76-8c3e-6174bf6421de" />
    <UnitTestResult executionId="f93783a5-c723-4412-b184-5db31f237e7d" testId="277bae95-644c-73d7-d1e6-6c9f6a218e83" testName="GoldenTicket.Domain.Tests.ManifestTests.SingleRoutesAreNotDuplicatedBetweenTheSameCities" computerName="ABMINIME" duration="00:00:00.0062486" startTime="2026-09-11T18:25:20.0904779-07:00" endTime="2026-09-11T18:25:20.0967485-07:00" testType="13cdc9d9-ddb5-4fa4-a97d-d965ccfc6d4b" outcome="Passed" testListId="8c84fa94-04c1-424b-9868-57a2d4851a1d" relativeResultsDirectory="f93783a5-c723-4412-b184-5db31f237e7d" />
    <UnitTestResult executionId="0159932a-028d-462b-8c69-8a932bff5b19" testId="35c2abda-2962-3248-cc4f-1c3593c3f090" testName="GoldenTicket.Domain.Tests.ClaimTests.PlanningAClaimReservesButDoesNotSpendOrScore" computerName="ABMINIME" duration="00:00:00.0092835" startTime="2026-09-11T18:25:20.0940182-07:00" endTime="2026-09-11T18:25:20.1033291-07:00" testType="13cdc9d9-ddb5-4fa4-a97d-d965ccfc6d4b" outcome="Passed" testListId="8c84fa94-04c1-424b-9868-57a2d4851a1d" relativeResultsDirectory="0159932a-028d-462b-8c69-8a932bff5b19" />
    <UnitTestResult executionId="65bfc1e8-2f78-495b-8b66-aa08e6fbf8a2" testId="4070d629-9f3a-2ecd-d3cd-868f46377ca9" testName="GoldenTicket.Domain.Tests.DomainAuditTests.VersionTwoHashCoversAllFinalScoringEvidence(changedField: &quot;shared&quot;)" computerName="ABMINIME" duration="00:00:00.0005485" startTime="2026-09-11T18:25:20.1045345-07:00" endTime="2026-09-11T18:25:20.1051022-07:00" testType="13cdc9d9-ddb5-4fa4-a97d-d965ccfc6d4b" outcome="Passed" testListId="8c84fa94-04c1-424b-9868-57a2d4851a1d" relativeResultsDirectory="65bfc1e8-2f78-495b-8b66-aa08e6fbf8a2" />
    <UnitTestResult executionId="f0f12051-78b5-4d3e-b520-ac40817264da" testId="2c42c8c9-8e44-291a-76b4-917aed6b3af3" testName="GoldenTicket.Domain.Tests.ManifestTests.RuntimeLoaderRequiresAHashButDeveloperLoaderCanPrepareOne(omitted: True)" computerName="ABMINIME" duration="00:00:00.0181382" startTime="2026-09-11T18:25:20.1166391-07:00" endTime="2026-09-11T18:25:20.1347976-07:00" testType="13cdc9d9-ddb5-4fa4-a97d-d965ccfc6d4b" outcome="Passed" testListId="8c84fa94-04c1-424b-9868-57a2d4851a1d" relativeResultsDirectory="f0f12051-78b5-4d3e-b520-ac40817264da" />
    <UnitTestResult executionId="7e86c81e-75a6-449b-81a5-b409911060d5" testId="815c0f32-2984-b834-151d-2cf2cf9df099" testName="GoldenTicket.Domain.Tests.PersistenceAuditTests.ASecondCoordinatorCannotOverwriteAnAlreadyAdvancedSave" computerName="ABMINIME" duration="00:00:00.0315042" startTime="2026-09-11T18:25:20.9799975-07:00" endTime="2026-09-11T18:25:21.0115275-07:00" testType="13cdc9d9-ddb5-4fa4-a97d-d965ccfc6d4b" outcome="Passed" testListId="8c84fa94-04c1-424b-9868-57a2d4851a1d" relativeResultsDirectory="7e86c81e-75a6-449b-81a5-b409911060d5" />
    <UnitTestResult executionId="ca1668a6-34b3-4c30-9def-37b050fb8bcb" testId="27fa01c6-86d7-cec7-9305-c9aa5c6b9a05" testName="GoldenTicket.Domain.Tests.PersistenceAuditTests.DamagedDatabaseStaysVisibleButUnrelatedDirectoriesAreIgnored" computerName="ABMINIME" duration="00:00:00.0041117" startTime="2026-09-11T18:25:21.1210229-07:00" endTime="2026-09-11T18:25:21.1251627-07:00" testType="13cdc9d9-ddb5-4fa4-a97d-d965ccfc6d4b" outcome="Passed" testListId="8c84fa94-04c1-424b-9868-57a2d4851a1d" relativeResultsDirectory="ca1668a6-34b3-4c30-9def-37b050fb8bcb" />
    <UnitTestResult executionId="93ca4b29-7966-4d49-91f6-54d769ec9133" testId="7e973872-ab37-d2a0-11ec-ab0efda27561" testName="GoldenTicket.Domain.Tests.PropertyTests.TheCardSupplyIsConservedAcrossReshuffles" computerName="ABMINIME" duration="00:00:00.1600609" startTime="2026-09-11T18:25:20.7092641-07:00" endTime="2026-09-11T18:25:20.8693489-07:00" testType="13cdc9d9-ddb5-4fa4-a97d-d965ccfc6d4b" outcome="Passed" testListId="8c84fa94-04c1-424b-9868-57a2d4851a1d" relativeResultsDirectory="93ca4b29-7966-4d49-91f6-54d769ec9133" />
    <UnitTestResult executionId="adca649a-a690-4336-8a70-9b399cd13dbd" testId="d6dc4cca-2ad8-d9b4-3d99-3db303d7f8ed" testName="GoldenTicket.Domain.Tests.PrivacyTests.ASeatViewNeverCarriesAnotherSeatsCardsOrTheDeckOrder" computerName="ABMINIME" duration="00:00:00.0805103" startTime="2026-09-11T18:25:20.0084507-07:00" endTime="2026-09-11T18:25:20.0889882-07:00" testType="13cdc9d9-ddb5-4fa4-a97d-d965ccfc6d4b" outcome="Passed" testListId="8c84fa94-04c1-424b-9868-57a2d4851a1d" relativeResultsDirectory="adca649a-a690-4336-8a70-9b399cd13dbd" />
    <UnitTestResult executionId="b71c7993-0d75-40b9-b60a-77f16766cb7c" testId="f15a8aef-d09b-1bee-3f3d-7f014f509c71" testName="GoldenTicket.Domain.Tests.DesktopAuditTests.HideOrDeactivationDuringSaveCannotReopenPrivateCards(deactivate: False)" computerName="ABMINIME" duration="00:00:00.0018932" startTime="2026-09-11T18:25:20.1251000-07:00" endTime="2026-09-11T18:25:20.1270129-07:00" testType="13cdc9d9-ddb5-4fa4-a97d-d965ccfc6d4b" outcome="Passed" testListId="8c84fa94-04c1-424b-9868-57a2d4851a1d" relativeResultsDirectory="b71c7993-0d75-40b9-b60a-77f16766cb7c" />
    <UnitTestResult executionId="5b129dfa-4ccf-455f-9a1a-a5e3d77bdb0a" testId="5343bc00-5970-2db6-da24-f356fbfe624a" testName="GoldenTicket.Domain.Tests.ScoringTests.TicketsScorePlusWhenConnectedAndMinusWhenNot" computerName="ABMINIME" duration="00:00:00.0025009" startTime="2026-09-11T18:25:20.0706400-07:00" endTime="2026-09-11T18:25:20.0731615-07:00" testType="13cdc9d9-ddb5-4fa4-a97d-d965ccfc6d4b" outcome="Passed" testListId="8c84fa94-04c1-424b-9868-57a2d4851a1d" relativeResultsDirectory="5b129dfa-4ccf-455f-9a1a-a5e3d77bdb0a" />
    <UnitTestResult executionId="2f8b66cc-3896-4d82-aea9-5a9a144db622" testId="9a5c3e43-28fa-b7fa-f5eb-73ffedc00d3a" testName="GoldenTicket.Domain.Tests.PersistenceTests.AMatchSurvivesBeingClosedAndReopened" computerName="ABMINIME" duration="00:00:00.0578473" startTime="2026-09-11T18:25:20.3482916-07:00" endTime="2026-09-11T18:25:20.4061639-07:00" testType="13cdc9d9-ddb5-4fa4-a97d-d965ccfc6d4b" outcome="Passed" testListId="8c84fa94-04c1-424b-9868-57a2d4851a1d" relativeResultsDirectory="2f8b66cc-3896-4d82-aea9-5a9a144db622" />
    <UnitTestResult executionId="fd874722-fe77-4ff2-9248-13f1e89874d7" testId="b6140bad-a395-20b3-d448-11757bb74eac" testName="GoldenTicket.Domain.Tests.ThemeTokenTests.TextPairsMeetTheProjectContrastTarget(foreground: &quot;Ink&quot;, background: &quot;AntiqueGold&quot;, target: 4.5)" computerName="ABMINIME" duration="00:00:00.0454909" startTime="2026-09-11T18:25:19.9236906-07:00" endTime="2026-09-11T18:25:19.9742730-07:00" testType="13cdc9d9-ddb5-4fa4-a97d-d965ccfc6d4b" outcome="Passed" testListId="8c84fa94-04c1-424b-9868-57a2d4851a1d" relativeResultsDirectory="fd874722-fe77-4ff2-9248-13f1e89874d7" />
    <UnitTestResult executionId="c2725aec-f006-490c-ae69-55402d6dbf00" testId="5b18fab8-3c74-9d7e-9b1c-9ee51e573e20" testName="GoldenTicket.Domain.Tests.PersistenceAuditTests.MissingOrCorruptSaveMetadataStopsRestore(mutation: &quot;DELETE FROM Snapshot;&quot;)" computerName="ABMINIME" duration="00:00:00.0380301" startTime="2026-09-11T18:25:20.6606318-07:00" endTime="2026-09-11T18:25:20.6986909-07:00" testType="13cdc9d9-ddb5-4fa4-a97d-d965ccfc6d4b" outcome="Passed" testListId="8c84fa94-04c1-424b-9868-57a2d4851a1d" relativeResultsDirectory="c2725aec-f006-490c-ae69-55402d6dbf00" />
    <UnitTestResult executionId="ef2134ba-05af-456c-81f9-6ba5363b92a5" testId="e0cfadde-7256-03d9-8e2c-647995e41ca6" testName="GoldenTicket.Domain.Tests.DomainAuditTests.VersionTwoHashCoversAllFinalScoringEvidence(changedField: &quot;longest&quot;)" computerName="ABMINIME" duration="00:00:00.0005691" startTime="2026-09-11T18:25:20.1052265-07:00" endTime="2026-09-11T18:25:20.1058134-07:00" testType="13cdc9d9-ddb5-4fa4-a97d-d965ccfc6d4b" outcome="Passed" testListId="8c84fa94-04c1-424b-9868-57a2d4851a1d" relativeResultsDirectory="ef2134ba-05af-456c-81f9-6ba5363b92a5" />
    <UnitTestResult executionId="89b3093c-0ad4-4e4c-8db9-63fe12717c42" testId="1f721a6e-fbd7-5ff4-fbae-01e3a6e19be8" testName="GoldenTicket.Domain.Tests.PersistenceAuditTests.UntrustedSessionIdsCannotReachTheFilesystem(value: &quot;0123456789ABCDEF0123456789ABCDEF&quot;)" computerName="ABMINIME" duration="00:00:00.0000392" startTime="2026-09-11T18:25:20.7710702-07:00" endTime="2026-09-11T18:25:20.7711148-07:00" testType="13cdc9d9-ddb5-4fa4-a97d-d965ccfc6d4b" outcome="Passed" testListId="8c84fa94-04c1-424b-9868-57a2d4851a1d" relativeResultsDirectory="89b3093c-0ad4-4e4c-8db9-63fe12717c42" />
    <UnitTestResult executionId="dbe87c76-d699-469c-8c4a-55ed53326a2b" testId="f35585b9-4597-0536-146b-a2fa0ec2784b" testName="GoldenTicket.Domain.Tests.DomainAuditTests.ConservationRejectsUnknownReplacementCardsAndTickets" computerName="ABMINIME" duration="00:00:00.0012250" startTime="2026-09-11T18:25:20.0889787-07:00" endTime="2026-09-11T18:25:20.0902224-07:00" testType="13cdc9d9-ddb5-4fa4-a97d-d965ccfc6d4b" outcome="Passed" testListId="8c84fa94-04c1-424b-9868-57a2d4851a1d" relativeResultsDirectory="dbe87c76-d699-469c-8c4a-55ed53326a2b" />
    <UnitTestResult executionId="f163df7c-850a-49b6-82b9-14ee0a520d37" testId="1af77a9b-6c06-6637-8375-0ea0ada94459" testName="GoldenTicket.Domain.Tests.ManifestTests.EveryParallelGroupHasExactlyTwoLanesWithMatchingEndpointsAndLength" computerName="ABMINIME" duration="00:00:00.0068906" startTime="2026-09-11T18:25:20.1350790-07:00" endTime="2026-09-11T18:25:20.1419976-07:00" testType="13cdc9d9-ddb5-4fa4-a97d-d965ccfc6d4b" outcome="Passed" testListId="8c84fa94-04c1-424b-9868-57a2d4851a1d" relativeResultsDirectory="f163df7c-850a-49b6-82b9-14ee0a520d37" />
    <UnitTestResult executionId="a5837d6f-5fdb-4593-96de-a6694ba82885" testId="047702e2-e4c7-1610-9bf7-23fd07a18fd3" testName="GoldenTicket.Domain.Tests.PropertyTests.ACompleteMatchHoldsItsInvariantsAndReplaysToTheSameState(seatCount: 5, seed: 404)" computerName="ABMINIME" duration="00:00:00.1864363" startTime="2026-09-11T18:25:20.5224409-07:00" endTime="2026-09-11T18:25:20.7089061-07:00" testType="13cdc9d9-ddb5-4fa4-a97d-d965ccfc6d4b" outcome="Passed" testListId="8c84fa94-04c1-424b-9868-57a2d4851a1d" relativeResultsDirectory="a5837d6f-5fdb-4593-96de-a6694ba82885" />
    <UnitTestResult executionId="989c80fe-5112-40f5-b65f-068c76e79d38" testId="f7081ece-4b26-09f0-3d97-c29790f6a71d" testName="GoldenTicket.Domain.Tests.PersistenceAuditTests.DuplicateCreateCannotReplaceAnExistingSessionsEncryptionKey" computerName="ABMINIME" duration="00:00:00.0269134" startTime="2026-09-11T18:25:21.1253673-07:00" endTime="2026-09-11T18:25:21.1523078-07:00" testType="13cdc9d9-ddb5-4fa4-a97d-d965ccfc6d4b" outcome="Passed" testListId="8c84fa94-04c1-424b-9868-57a2d4851a1d" relativeResultsDirectory="989c80fe-5112-40f5-b65f-068c76e79d38" />
    <UnitTestResult executionId="dc468c4e-377e-418d-b250-249130a1c11e" testId="21d8f3ae-f413-3063-f6c6-2d9c84b04945" testName="GoldenTicket.Domain.Tests.DomainAuditTests.ImpossibleMarketAfterSecondPickCannotHaveItsPauseOverwrittenByEndTurn" computerName="ABMINIME" duration="00:00:00.0007776" startTime="2026-09-11T18:25:20.1196028-07:00" endTime="2026-09-11T18:25:20.1203999-07:00" testType="13cdc9d9-ddb5-4fa4-a97d-d965ccfc6d4b" outcome="Passed" testListId="8c84fa94-04c1-424b-9868-57a2d4851a1d" relativeResultsDirectory="dc468c4e-377e-418d-b250-249130a1c11e" />
    <UnitTestResult executionId="3ad753dd-d2b9-4e87-ad4d-59f68ed915ea" testId="246c1d9a-38c2-9842-c0b1-914047364db9" testName="GoldenTicket.Domain.Tests.PersistenceAuditTests.MissingOrCorruptSaveMetadataStopsRestore(mutation: &quot;UPDATE Event SET Encrypted = 2;&quot;)" computerName="ABMINIME" duration="00:00:00.0289864" startTime="2026-09-11T18:25:20.4997580-07:00" endTime="2026-09-11T18:25:20.5287705-07:00" testType="13cdc9d9-ddb5-4fa4-a97d-d965ccfc6d4b" outcome="Passed" testListId="8c84fa94-04c1-424b-9868-57a2d4851a1d" relativeResultsDirectory="3ad753dd-d2b9-4e87-ad4d-59f68ed915ea" />
    <UnitTestResult executionId="a6ba54fc-60cc-43b2-8eb6-3483345c10ba" testId="4b859d56-c12e-f145-f9f1-b6466b178113" testName="GoldenTicket.Domain.Tests.ThemeTokenTests.TextPairsMeetTheProjectContrastTarget(foreground: &quot;Paper&quot;, background: &quot;Burgundy&quot;, target: 4.5)" computerName="ABMINIME" duration="00:00:00.0000148" startTime="2026-09-11T18:25:19.9765424-07:00" endTime="2026-09-11T18:25:19.9765661-07:00" testType="13cdc9d9-ddb5-4fa4-a97d-d965ccfc6d4b" outcome="Passed" testListId="8c84fa94-04c1-424b-9868-57a2d4851a1d" relativeResultsDirectory="a6ba54fc-60cc-43b2-8eb6-3483345c10ba" />
    <UnitTestResult executionId="cb3171f9-028d-475b-bc52-891b8dba86d3" testId="4ec12173-2bf4-ad35-ba65-e155e0973706" testName="GoldenTicket.Domain.Tests.ManifestTests.RuntimeLoaderRejectsUnsupportedProfilesEvenWhenTheirChecksumIsValid(field: &quot;rulesPolicyVersion&quot;, value: &quot;2&quot;)" computerName="ABMINIME" duration="00:00:00.0385387" startTime="2026-09-11T18:25:19.9770131-07:00" endTime="2026-09-11T18:25:20.0155824-07:00" testType="13cdc9d9-ddb5-4fa4-a97d-d965ccfc6d4b" outcome="Passed" testListId="8c84fa94-04c1-424b-9868-57a2d4851a1d" relativeResultsDirectory="cb3171f9-028d-475b-bc52-891b8dba86d3" />
    <UnitTestResult executionId="05f6744a-eb37-4fdc-8db5-36594ccc6274" testId="57f87c5c-b544-6a41-ff71-066eabc7440a" testName="GoldenTicket.Domain.Tests.SetupAndDrawTests.SetupDealsTheProfilesOpeningHandsAndMarket(seatCount: 4)" computerName="ABMINIME" duration="00:00:00.0003443" startTime="2026-09-11T18:25:20.0889898-07:00" endTime="2026-09-11T18:25:20.0893506-07:00" testType="13cdc9d9-ddb5-4fa4-a97d-d965ccfc6d4b" outcome="Passed" testListId="8c84fa94-04c1-424b-9868-57a2d4851a1d" relativeResultsDirectory="05f6744a-eb37-4fdc-8db5-36594ccc6274" />
    <UnitTestResult executionId="53707911-181f-4fa5-ab53-dd293e9ece6c" testId="adeaa52f-ee52-da24-c9b5-69d27c154d30" testName="GoldenTicket.Domain.Tests.PersistenceTests.RepeatingACommandIdReturnsTheFirstOutcomeWithoutApplyingItTwice" computerName="ABMINIME" duration="00:00:00.3046334" startTime="2026-09-11T18:25:19.9237266-07:00" endTime="2026-09-11T18:25:20.2334330-07:00" testType="13cdc9d9-ddb5-4fa4-a97d-d965ccfc6d4b" outcome="Passed" testListId="8c84fa94-04c1-424b-9868-57a2d4851a1d" relativeResultsDirectory="53707911-181f-4fa5-ab53-dd293e9ece6c" />
    <UnitTestResult executionId="0b2b92ef-5f6e-497e-8c63-79841c5c736f" testId="47c44812-ed30-7b8c-6b9a-227346bd56ac" testName="GoldenTicket.Domain.Tests.SetupAndDrawTests.SetupDealsTheProfilesOpeningHandsAndMarket(seatCount: 5)" computerName="ABMINIME" duration="00:00:00.0002227" startTime="2026-09-11T18:25:20.0894740-07:00" endTime="2026-09-11T18:25:20.0897106-07:00" testType="13cdc9d9-ddb5-4fa4-a97d-d965ccfc6d4b" outcome="Passed" testListId="8c84fa94-04c1-424b-9868-57a2d4851a1d" relativeResultsDirectory="0b2b92ef-5f6e-497e-8c63-79841c5c736f" />
    <UnitTestResult executionId="03ef57e3-3fd5-4215-88b6-40d7ce0c912d" testId="5ef4dd91-2aa6-f7f5-7116-c8490643a633" testName="GoldenTicket.Domain.Tests.PersistenceAuditTests.MissingOrCorruptSaveMetadataStopsRestore(mutation: &quot;UPDATE Event SET Nonce = zeroblob(12) WHERE Encryp&quot;···)" computerName="ABMINIME" duration="00:00:00.0299699" startTime="2026-09-11T18:25:20.5578199-07:00" endTime="2026-09-11T18:25:20.5878187-07:00" testType="13cdc9d9-ddb5-4fa4-a97d-d965ccfc6d4b" outcome="Passed" testListId="8c84fa94-04c1-424b-9868-57a2d4851a1d" relativeResultsDirectory="03ef57e3-3fd5-4215-88b6-40d7ce0c912d" />
    <UnitTestResult executionId="2f7a2c57-87ae-4bb3-b3a0-2012fd19548e" testId="28baddc4-844c-a98d-c2e4-369f9874872e" testName="GoldenTicket.Domain.Tests.ManifestTests.RuntimeLoaderRejectsUnsupportedProfilesEvenWhenTheirChecksumIsValid(field: &quot;profileId&quot;, value: &quot;another-game&quot;)" computerName="ABMINIME" duration="00:00:00.0280484" startTime="2026-09-11T18:25:20.0157404-07:00" endTime="2026-09-11T18:25:20.0438183-07:00" testType="13cdc9d9-ddb5-4fa4-a97d-d965ccfc6d4b" outcome="Passed" testListId="8c84fa94-04c1-424b-9868-57a2d4851a1d" relativeResultsDirectory="2f7a2c57-87ae-4bb3-b3a0-2012fd19548e" />
    <UnitTestResult executionId="06200d75-d914-4c25-aaee-dc61018308aa" testId="a752a4c6-acdd-575e-814e-a92eb1ca480f" testName="GoldenTicket.Domain.Tests.PersistenceTests.ASavedMatchIsListedWithoutRevealingAnything" computerName="ABMINIME" duration="00:00:00.0430796" startTime="2026-09-11T18:25:20.3048174-07:00" endTime="2026-09-11T18:25:20.3479249-07:00" testType="13cdc9d9-ddb5-4fa4-a97d-d965ccfc6d4b" outcome="Passed" testListId="8c84fa94-04c1-424b-9868-57a2d4851a1d" relativeResultsDirectory="06200d75-d914-4c25-aaee-dc61018308aa" />
    <UnitTestResult executionId="d40a5498-de41-4518-bd73-8fd58f0e0b76" testId="ffff655f-6e11-4214-2ec7-29abfd7e3850" testName="GoldenTicket.Domain.Tests.PersistenceAuditTests.CorruptMetadataStaysVisibleAsAnUnavailableSave(mutation: &quot;DELETE FROM Session;&quot;)" computerName="ABMINIME" duration="00:00:00.0273642" startTime="2026-09-11T18:25:20.8391990-07:00" endTime="2026-09-11T18:25:20.8665920-07:00" testType="13cdc9d9-ddb5-4fa4-a97d-d965ccfc6d4b" outcome="Passed" testListId="8c84fa94-04c1-424b-9868-57a2d4851a1d" relativeResultsDirectory="d40a5498-de41-4518-bd73-8fd58f0e0b76" />
    <UnitTestResult executionId="9f28732e-96eb-4fe4-b34b-012874d27c5b" testId="33268eba-bcda-8080-0691-90d29b25d5e0" testName="GoldenTicket.Domain.Tests.ThemeTokenTests.AntiqueGoldOnParchmentIsDecorativeOnly" computerName="ABMINIME" duration="00:00:00.0000799" startTime="2026-09-11T18:25:19.9769647-07:00" endTime="2026-09-11T18:25:19.9770601-07:00" testType="13cdc9d9-ddb5-4fa4-a97d-d965ccfc6d4b" outcome="Passed" testListId="8c84fa94-04c1-424b-9868-57a2d4851a1d" relativeResultsDirectory="9f28732e-96eb-4fe4-b34b-012874d27c5b" />
    <UnitTestResult executionId="677e5d69-0bdf-40b7-816f-4d5a3c41014e" testId="4bcce5d7-7a21-7f85-3378-2174dacdbde8" testName="GoldenTicket.Domain.Tests.ApplicationAuditTests.APolicyIgnoringCancellationHasABoundedWaitAndItsLateResultIsDiscarded" computerName="ABMINIME" duration="00:00:00.7603929" startTime="2026-09-11T18:25:20.1325734-07:00" endTime="2026-09-11T18:25:20.8929942-07:00" testType="13cdc9d9-ddb5-4fa4-a97d-d965ccfc6d4b" outcome="Passed" testListId="8c84fa94-04c1-424b-9868-57a2d4851a1d" relativeResultsDirectory="677e5d69-0bdf-40b7-816f-4d5a3c41014e" />
    <UnitTestResult executionId="3aac0e4a-1c42-4c83-b509-5fc5127658bd" testId="d5951659-66d1-88ba-ae17-7eecbaca6b75" testName="GoldenTicket.Domain.Tests.ScoringTests.ASingleRouteIsItsOwnLength" computerName="ABMINIME" duration="00:00:00.0084657" startTime="2026-09-11T18:25:20.0597781-07:00" endTime="2026-09-11T18:25:20.0682675-07:00" testType="13cdc9d9-ddb5-4fa4-a97d-d965ccfc6d4b" outcome="Passed" testListId="8c84fa94-04c1-424b-9868-57a2d4851a1d" relativeResultsDirectory="3aac0e4a-1c42-4c83-b509-5fc5127658bd" />
    <UnitTestResult executionId="4017a09a-c2b1-43c5-9e84-ef01f4ac4cce" testId="d32703eb-ac19-ce3c-1024-8f5545e56b25" testName="GoldenTicket.Domain.Tests.PersistenceAuditTests.CorruptMetadataStaysVisibleAsAnUnavailableSave(mutation: &quot;UPDATE Session SET Lifecycle = 'unknown';&quot;)" computerName="ABMINIME" duration="00:00:00.0379402" startTime="2026-09-11T18:25:20.8999633-07:00" endTime="2026-09-11T18:25:20.9379293-07:00" testType="13cdc9d9-ddb5-4fa4-a97d-d965ccfc6d4b" outcome="Passed" testListId="8c84fa94-04c1-424b-9868-57a2d4851a1d" relativeResultsDirectory="4017a09a-c2b1-43c5-9e84-ef01f4ac4cce" />
    <UnitTestResult executionId="5e899ea2-edea-4732-ae71-38c92bf6e577" testId="06dad629-e1e3-f6c3-cbea-197f14869eb1" testName="GoldenTicket.Domain.Tests.SetupAndDrawTests.OpeningMarketNeverHoldsThreeLocomotives" computerName="ABMINIME" duration="00:00:00.0070474" startTime="2026-09-11T18:25:20.0988701-07:00" endTime="2026-09-11T18:25:20.1059365-07:00" testType="13cdc9d9-ddb5-4fa4-a97d-d965ccfc6d4b" outcome="Passed" testListId="8c84fa94-04c1-424b-9868-57a2d4851a1d" relativeResultsDirectory="5e899ea2-edea-4732-ae71-38c92bf6e577" />
    <UnitTestResult executionId="1fcb930d-9ae9-4a77-9eda-359da55f8f5d" testId="c8182c37-9174-20fd-1adb-9aca184b1914" testName="GoldenTicket.Domain.Tests.ThemeTokenTests.TextPairsMeetTheProjectContrastTarget(foreground: &quot;Ink&quot;, background: &quot;Parchment&quot;, target: 4.5)" computerName="ABMINIME" duration="00:00:00.0000267" startTime="2026-09-11T18:25:19.9763247-07:00" endTime="2026-09-11T18:25:19.9763658-07:00" testType="13cdc9d9-ddb5-4fa4-a97d-d965ccfc6d4b" outcome="Passed" testListId="8c84fa94-04c1-424b-9868-57a2d4851a1d" relativeResultsDirectory="1fcb930d-9ae9-4a77-9eda-359da55f8f5d" />
    <UnitTestResult executionId="e2e12a55-cede-4af3-82a7-7d6d1e699f1c" testId="052700e8-b232-690b-bed3-82292feb3c8e" testName="GoldenTicket.Domain.Tests.DomainAuditTests.VersionTwoHashCoversAllFinalScoringEvidence(changedField: &quot;bonusHolders&quot;)" computerName="ABMINIME" duration="00:00:00.0045471" startTime="2026-09-11T18:25:20.0973333-07:00" endTime="2026-09-11T18:25:20.1019034-07:00" testType="13cdc9d9-ddb5-4fa4-a97d-d965ccfc6d4b" outcome="Passed" testListId="8c84fa94-04c1-424b-9868-57a2d4851a1d" relativeResultsDirectory="e2e12a55-cede-4af3-82a7-7d6d1e699f1c" />
    <UnitTestResult executionId="7e3f06e3-240d-49e4-8eb9-d64fecc9eb71" testId="d75b07bf-0a1f-7d4e-8127-0b85ab699010" testName="GoldenTicket.Domain.Tests.PersistenceAuditTests.UntrustedSessionIdsCannotReachTheFilesystem(value: &quot;a:b&quot;)" computerName="ABMINIME" duration="00:00:00.0000508" startTime="2026-09-11T18:25:20.7707241-07:00" endTime="2026-09-11T18:25:20.7707841-07:00" testType="13cdc9d9-ddb5-4fa4-a97d-d965ccfc6d4b" outcome="Passed" testListId="8c84fa94-04c1-424b-9868-57a2d4851a1d" relativeResultsDirectory="7e3f06e3-240d-49e4-8eb9-d64fecc9eb71" />
    <UnitTestResult executionId="b59df4eb-d16e-4513-be8e-7d4ed52223f3" testId="e0b53c41-3f07-c9eb-0429-2f203704b9e1" testName="GoldenTicket.Domain.Tests.PersistenceAuditTests.MissingOrCorruptSaveMetadataStopsRestore(mutation: &quot;UPDATE Session SET StoreSchemaVersion = 999;&quot;)" computerName="ABMINIME" duration="00:00:00.0286768" startTime="2026-09-11T18:25:20.5289385-07:00" endTime="2026-09-11T18:25:20.5576400-07:00" testType="13cdc9d9-ddb5-4fa4-a97d-d965ccfc6d4b" outcome="Passed" testListId="8c84fa94-04c1-424b-9868-57a2d4851a1d" relativeResultsDirectory="b59df4eb-d16e-4513-be8e-7d4ed52223f3" />
    <UnitTestResult executionId="caade0a4-6386-43fe-af92-af7527914457" testId="e31d0dbf-fa6a-3737-9e45-9777e36a706e" testName="GoldenTicket.Domain.Tests.PersistenceAuditTests.LookingUpAMissingMatchDoesNotCreateAnEmptyDatabase" computerName="ABMINIME" duration="00:00:00.0026213" startTime="2026-09-11T18:25:21.0117561-07:00" endTime="2026-09-11T18:25:21.0143990-07:00" testType="13cdc9d9-ddb5-4fa4-a97d-d965ccfc6d4b" outcome="Passed" testListId="8c84fa94-04c1-424b-9868-57a2d4851a1d" relativeResultsDirectory="caade0a4-6386-43fe-af92-af7527914457" />
    <UnitTestResult executionId="54b9fdd5-ddd9-4b90-a575-021c0c0d812d" testId="9a726240-980e-6390-dfb1-83dda491d8e8" testName="GoldenTicket.Domain.Tests.ApplicationAuditTests.AnUncertainWriteBlocksFurtherCommandsUntilRestored(committedBeforeFailure: False)" computerName="ABMINIME" duration="00:00:00.0007930" startTime="2026-09-11T18:25:20.1196519-07:00" endTime="2026-09-11T18:25:20.1204713-07:00" testType="13cdc9d9-ddb5-4fa4-a97d-d965ccfc6d4b" outcome="Passed" testListId="8c84fa94-04c1-424b-9868-57a2d4851a1d" relativeResultsDirectory="54b9fdd5-ddd9-4b90-a575-021c0c0d812d" />
    <UnitTestResult executionId="c59010c3-73f4-4431-8950-6044f87b0a59" testId="19e88864-902f-235c-1a11-05366db79b72" testName="GoldenTicket.Domain.Tests.DomainAuditTests.ManualPlacementRequiresRecordedAttestationDetails(actor: &quot;&quot;, reason: &quot;whole board matches&quot;)" computerName="ABMINIME" duration="00:00:00.1121267" startTime="2026-09-11T18:25:19.9236907-07:00" endTime="2026-09-11T18:25:20.0409466-07:00" testType="13cdc9d9-ddb5-4fa4-a97d-d965ccfc6d4b" outcome="Passed" testListId="8c84fa94-04c1-424b-9868-57a2d4851a1d" relativeResultsDirectory="c59010c3-73f4-4431-8950-6044f87b0a59" />
    <UnitTestResult executionId="75e7b5d1-b190-477d-a2cb-bbd1170b79bc" testId="9daf6f4f-1292-fc4e-9b14-edbb6fdf6b90" testName="GoldenTicket.Domain.Tests.DomainAuditTests.VersionTwoHashCoversAllFinalScoringEvidence(changedField: &quot;holdsBonus&quot;)" computerName="ABMINIME" duration="00:00:00.0005412" startTime="2026-09-11T18:25:20.1038563-07:00" endTime="2026-09-11T18:25:20.1044159-07:00" testType="13cdc9d9-ddb5-4fa4-a97d-d965ccfc6d4b" outcome="Passed" testListId="8c84fa94-04c1-424b-9868-57a2d4851a1d" relativeResultsDirectory="75e7b5d1-b190-477d-a2cb-bbd1170b79bc" />
    <UnitTestResult executionId="494087ff-daf2-49c5-95c0-7963e7294479" testId="3870aeb7-ca18-1d65-26d8-0bb8224c78cf" testName="GoldenTicket.Domain.Tests.PersistenceAuditTests.UntrustedSessionIdsCannotReachTheFilesystem(value: &quot;&quot;)" computerName="ABMINIME" duration="00:00:00.0002241" startTime="2026-09-11T18:25:20.7699621-07:00" endTime="2026-09-11T18:25:20.7701988-07:00" testType="13cdc9d9-ddb5-4fa4-a97d-d965ccfc6d4b" outcome="Passed" testListId="8c84fa94-04c1-424b-9868-57a2d4851a1d" relativeResultsDirectory="494087ff-daf2-49c5-95c0-7963e7294479" />
    <UnitTestResult executionId="5c6279d7-31bf-40b1-be4d-78a3ea6280d0" testId="0d9f4fdc-a2a5-fbf8-aee6-7b3604263fc1" testName="GoldenTicket.Domain.Tests.DesktopAuditTests.DiagnosticFilesAreBoundedAndContainNoExceptionPayload" computerName="ABMINIME" duration="00:00:00.1751103" startTime="2026-09-11T18:25:20.1297589-07:00" endTime="2026-09-11T18:25:20.3048877-07:00" testType="13cdc9d9-ddb5-4fa4-a97d-d965ccfc6d4b" outcome="Passed" testListId="8c84fa94-04c1-424b-9868-57a2d4851a1d" relativeResultsDirectory="5c6279d7-31bf-40b1-be4d-78a3ea6280d0" />
    <UnitTestResult executionId="61b53eaa-dee9-416e-a223-1ddce1d4f358" testId="2e28e42c-9162-ea86-ee7c-4be86e8a9172" testName="GoldenTicket.Domain.Tests.ApplicationAuditTests.UpdateObserverCanReadTheCoordinatorWithoutDeadlocking" computerName="ABMINIME" duration="00:00:00.0037674" startTime="2026-09-11T18:25:20.1003207-07:00" endTime="2026-09-11T18:25:20.1059687-07:00" testType="13cdc9d9-ddb5-4fa4-a97d-d965ccfc6d4b" outcome="Passed" testListId="8c84fa94-04c1-424b-9868-57a2d4851a1d" relativeResultsDirectory="61b53eaa-dee9-416e-a223-1ddce1d4f358" />
    <UnitTestResult executionId="86c3e348-72e3-4979-ab79-897dab660e75" testId="67a5fff5-a9ba-c93d-e15a-fd9cef8c70fe" testName="GoldenTicket.Domain.Tests.DesktopFlowTests.StartingAMatchOpensTheTableAndAsksTheHumanForItsOpeningTickets" computerName="ABMINIME" duration="00:00:00.0019130" startTime="2026-09-11T18:25:20.1275714-07:00" endTime="2026-09-11T18:25:20.1294985-07:00" testType="13cdc9d9-ddb5-4fa4-a97d-d965ccfc6d4b" outcome="Passed" testListId="8c84fa94-04c1-424b-9868-57a2d4851a1d" relativeResultsDirectory="86c3e348-72e3-4979-ab79-897dab660e75" />
    <UnitTestResult executionId="c166f73d-827e-4075-8b96-62eb10ceb95c" testId="a1928051-11a2-a6b7-7afb-e1dd6cf576de" testName="GoldenTicket.Domain.Tests.ThemeTokenTests.GameplayColoursAreSeparateFromTheDecorativePalette" computerName="ABMINIME" duration="00:00:00.0014896" startTime="2026-09-11T18:25:19.9772033-07:00" endTime="2026-09-11T18:25:19.9787102-07:00" testType="13cdc9d9-ddb5-4fa4-a97d-d965ccfc6d4b" outcome="Passed" testListId="8c84fa94-04c1-424b-9868-57a2d4851a1d" relativeResultsDirectory="c166f73d-827e-4075-8b96-62eb10ceb95c" />
    <UnitTestResult executionId="8327de52-eda1-4339-a0e7-0182e5b4bb2c" testId="cae77f6b-db10-e17d-6cb4-fbc9e8964432" testName="GoldenTicket.Domain.Tests.DomainAuditTests.CameraModeCannotSilentlyAcceptManualPlacement" computerName="ABMINIME" duration="00:00:00.0007161" startTime="2026-09-11T18:25:20.1159763-07:00" endTime="2026-09-11T18:25:20.1167125-07:00" testType="13cdc9d9-ddb5-4fa4-a97d-d965ccfc6d4b" outcome="Passed" testListId="8c84fa94-04c1-424b-9868-57a2d4851a1d" relativeResultsDirectory="8327de52-eda1-4339-a0e7-0182e5b4bb2c" />
    <UnitTestResult executionId="e3f2e56a-c170-4ad9-b47f-24919f1deb78" testId="10c24b69-658d-c145-4479-1c64baf26b51" testName="GoldenTicket.Domain.Tests.DesktopAuditTests.RestoringDoesNotRunComputerTurnBeforeWholeBoardCheck" computerName="ABMINIME" duration="00:00:00.0062030" startTime="2026-09-11T18:25:20.3077457-07:00" endTime="2026-09-11T18:25:20.3139762-07:00" testType="13cdc9d9-ddb5-4fa4-a97d-d965ccfc6d4b" outcome="Passed" testListId="8c84fa94-04c1-424b-9868-57a2d4851a1d" relativeResultsDirectory="e3f2e56a-c170-4ad9-b47f-24919f1deb78" />
    <UnitTestResult executionId="1c3f9689-0e4d-4406-9891-529e2664a64e" testId="eb3e10eb-f844-2f3c-3c8d-2f3c6ccc8768" testName="GoldenTicket.Domain.Tests.ApplicationAuditTests.TwoCoordinatorsCannotOverwriteTheSameSavedVersion" computerName="ABMINIME" duration="00:00:00.0017264" startTime="2026-09-11T18:25:20.1285902-07:00" endTime="2026-09-11T18:25:20.1303371-07:00" testType="13cdc9d9-ddb5-4fa4-a97d-d965ccfc6d4b" outcome="Passed" testListId="8c84fa94-04c1-424b-9868-57a2d4851a1d" relativeResultsDirectory="1c3f9689-0e4d-4406-9891-529e2664a64e" />
    <UnitTestResult executionId="9b157dc9-7a58-4fad-b1dc-eca8193ee219" testId="7937af4f-f2aa-92c4-618f-fd402b86700f" testName="GoldenTicket.Domain.Tests.PersistenceAuditTests.MissingOrCorruptSaveMetadataStopsRestore(mutation: &quot;UPDATE Snapshot SET StateVersion = StateVersion + &quot;···)" computerName="ABMINIME" duration="00:00:00.0432137" startTime="2026-09-11T18:25:20.2891664-07:00" endTime="2026-09-11T18:25:20.3324073-07:00" testType="13cdc9d9-ddb5-4fa4-a97d-d965ccfc6d4b" outcome="Passed" testListId="8c84fa94-04c1-424b-9868-57a2d4851a1d" relativeResultsDirectory="9b157dc9-7a58-4fad-b1dc-eca8193ee219" />
    <UnitTestResult executionId="7a467461-722f-4a83-975d-6a01e996b65b" testId="6f278699-e918-7558-1b80-628899a27dce" testName="GoldenTicket.Domain.Tests.ManifestTests.EveryTicketConnectsTwoDistinctKnownCitiesForPositivePoints" computerName="ABMINIME" duration="00:00:00.0023988" startTime="2026-09-11T18:25:20.0970739-07:00" endTime="2026-09-11T18:25:20.0994990-07:00" testType="13cdc9d9-ddb5-4fa4-a97d-d965ccfc6d4b" outcome="Passed" testListId="8c84fa94-04c1-424b-9868-57a2d4851a1d" relativeResultsDirectory="7a467461-722f-4a83-975d-6a01e996b65b" />
    <UnitTestResult executionId="0f0a9822-4830-41e6-b696-735d81770420" testId="cf51daba-5f7e-480d-eefa-f7de87323ac1" testName="GoldenTicket.Domain.Tests.ScoringTests.AChainAddsUp" computerName="ABMINIME" duration="00:00:00.0001199" startTime="2026-09-11T18:25:20.0582984-07:00" endTime="2026-09-11T18:25:20.0584354-07:00" testType="13cdc9d9-ddb5-4fa4-a97d-d965ccfc6d4b" outcome="Passed" testListId="8c84fa94-04c1-424b-9868-57a2d4851a1d" relativeResultsDirectory="0f0a9822-4830-41e6-b696-735d81770420" />
    <UnitTestResult executionId="12d3e96f-ea01-4e54-93da-952e9fd11914" testId="c9a1207c-d9a1-96f9-79a3-3203ecaa5f2a" testName="GoldenTicket.Domain.Tests.ScoringTests.DisconnectedComponentsAreScoredSeparatelyAndTheBestWins" computerName="ABMINIME" duration="00:00:00.0006321" startTime="2026-09-11T18:25:20.0767457-07:00" endTime="2026-09-11T18:25:20.0773984-07:00" testType="13cdc9d9-ddb5-4fa4-a97d-d965ccfc6d4b" outcome="Passed" testListId="8c84fa94-04c1-424b-9868-57a2d4851a1d" relativeResultsDirectory="12d3e96f-ea01-4e54-93da-952e9fd11914" />
    <UnitTestResult executionId="d0e0e3d4-4d03-4704-b060-401ec29428f4" testId="bf33c890-acbc-744c-bdc6-c8d480114736" testName="GoldenTicket.Domain.Tests.PropertyTests.ACompleteMatchHoldsItsInvariantsAndReplaysToTheSameState(seatCount: 3, seed: 202)" computerName="ABMINIME" duration="00:00:00.3401402" startTime="2026-09-11T18:25:19.9236946-07:00" endTime="2026-09-11T18:25:20.2690035-07:00" testType="13cdc9d9-ddb5-4fa4-a97d-d965ccfc6d4b" outcome="Passed" testListId="8c84fa94-04c1-424b-9868-57a2d4851a1d" relativeResultsDirectory="d0e0e3d4-4d03-4704-b060-401ec29428f4" />
    <UnitTestResult executionId="77d9448e-1385-4907-9580-2eee4bfd2a74" testId="54584550-b0e9-bcb2-8dae-5e697e1413d2" testName="GoldenTicket.Domain.Tests.ManifestTests.ClassicProfileHasTheEditionsComponents" computerName="ABMINIME" duration="00:00:00.0001183" startTime="2026-09-11T18:25:20.1502672-07:00" endTime="2026-09-11T18:25:20.1504000-07:00" testType="13cdc9d9-ddb5-4fa4-a97d-d965ccfc6d4b" outcome="Passed" testListId="8c84fa94-04c1-424b-9868-57a2d4851a1d" relativeResultsDirectory="77d9448e-1385-4907-9580-2eee4bfd2a74" />
    <UnitTestResult executionId="599d6e49-b811-4e38-a66b-0ebaf920f9dc" testId="38abcc8d-dd68-b0ed-a899-d093db0bf8f8" testName="GoldenTicket.Domain.Tests.ApplicationAuditTests.AFaultyObserverCannotTurnACommittedActionIntoAFailureOrSkipOtherObservers" computerName="ABMINIME" duration="00:00:00.1711450" startTime="2026-09-11T18:25:19.9237406-07:00" endTime="2026-09-11T18:25:20.0998566-07:00" testType="13cdc9d9-ddb5-4fa4-a97d-d965ccfc6d4b" outcome="Passed" testListId="8c84fa94-04c1-424b-9868-57a2d4851a1d" relativeResultsDirectory="599d6e49-b811-4e38-a66b-0ebaf920f9dc" />
    <UnitTestResult executionId="10fc0d6c-6c0c-4467-b508-8604539aafef" testId="8038feb2-5154-b239-90af-1834f5f792c8" testName="GoldenTicket.Domain.Tests.ScoringTests.BothLanesOfAParallelRouteCountSeparately" computerName="ABMINIME" duration="00:00:00.0001260" startTime="2026-09-11T18:25:20.0733349-07:00" endTime="2026-09-11T18:25:20.0734748-07:00" testType="13cdc9d9-ddb5-4fa4-a97d-d965ccfc6d4b" outcome="Passed" testListId="8c84fa94-04c1-424b-9868-57a2d4851a1d" relativeResultsDirectory="10fc0d6c-6c0c-4467-b508-8604539aafef" />
    <UnitTestResult executionId="96cbea5f-c89f-429b-9d2f-d6f9166d5a63" testId="1de111ad-d6ed-4be0-a23a-a7e83f72a68a" testName="GoldenTicket.Domain.Tests.PersistenceTests.ATamperedJournalRowIsDetectedOnRestore" computerName="ABMINIME" duration="00:00:00.0454909" startTime="2026-09-11T18:25:20.2342088-07:00" endTime="2026-09-11T18:25:20.2797469-07:00" testType="13cdc9d9-ddb5-4fa4-a97d-d965ccfc6d4b" outcome="Passed" testListId="8c84fa94-04c1-424b-9868-57a2d4851a1d" relativeResultsDirectory="96cbea5f-c89f-429b-9d2f-d6f9166d5a63" />
    <UnitTestResult executionId="49f08a01-c446-4544-83df-997838e8a15f" testId="1d0e27e6-df96-1813-6fca-0892630fa06f" testName="GoldenTicket.Domain.Tests.ClaimTests.AGreyRouteOffersEveryColourAndLocomotiveCombination" computerName="ABMINIME" duration="00:00:00.0014104" startTime="2026-09-11T18:25:20.1090633-07:00" endTime="2026-09-11T18:25:20.1104959-07:00" testType="13cdc9d9-ddb5-4fa4-a97d-d965ccfc6d4b" outcome="Passed" testListId="8c84fa94-04c1-424b-9868-57a2d4851a1d" relativeResultsDirectory="49f08a01-c446-4544-83df-997838e8a15f" />
    <UnitTestResult executionId="bc8e2639-425f-4e63-b80c-277a1963b3cd" testId="faa8a20a-6950-22cd-eeb6-eaa853530a59" testName="GoldenTicket.Domain.Tests.PersistenceAuditTests.LegacySnapshotEncodingAndHashRestoreThenUpgradeOnTheNextCommit" computerName="ABMINIME" duration="00:00:00.0726310" startTime="2026-09-11T18:25:21.0147214-07:00" endTime="2026-09-11T18:25:21.0873798-07:00" testType="13cdc9d9-ddb5-4fa4-a97d-d965ccfc6d4b" outcome="Passed" testListId="8c84fa94-04c1-424b-9868-57a2d4851a1d" relativeResultsDirectory="bc8e2639-425f-4e63-b80c-277a1963b3cd" />
    <UnitTestResult executionId="1cadcbdd-d4e8-4fdb-846a-7b464f088863" testId="7fb6a6d1-8289-e6f7-612c-f67b7ca82ece" testName="GoldenTicket.Domain.Tests.DomainAuditTests.ManualPlacementRequiresRecordedAttestationDetails(actor: &quot;operator&quot;, reason: &quot; &quot;)" computerName="ABMINIME" duration="00:00:00.0006042" startTime="2026-09-11T18:25:20.0411242-07:00" endTime="2026-09-11T18:25:20.0417569-07:00" testType="13cdc9d9-ddb5-4fa4-a97d-d965ccfc6d4b" outcome="Passed" testListId="8c84fa94-04c1-424b-9868-57a2d4851a1d" relativeResultsDirectory="1cadcbdd-d4e8-4fdb-846a-7b464f088863" />
    <UnitTestResult executionId="9ed2a9b7-2efa-444f-9630-fbf3326afee6" testId="1f5007c8-d101-bc84-8ed7-bc453749b059" testName="GoldenTicket.Domain.Tests.DesktopFlowTests.TheTableScreenNeverCarriesAHandOrATicketName" computerName="ABMINIME" duration="00:00:00.0025561" startTime="2026-09-11T18:25:20.1248446-07:00" endTime="2026-09-11T18:25:20.1274191-07:00" testType="13cdc9d9-ddb5-4fa4-a97d-d965ccfc6d4b" outcome="Passed" testListId="8c84fa94-04c1-424b-9868-57a2d4851a1d" relativeResultsDirectory="9ed2a9b7-2efa-444f-9630-fbf3326afee6" />
    <UnitTestResult executionId="aa6eb6bf-728d-43a3-bb58-21503edab147" testId="e00e4e82-9829-92ca-577e-abbed4960bae" testName="GoldenTicket.Domain.Tests.DomainAuditTests.PartialMarketSupplyPausesWithoutDiscardingTheSelectedCard" computerName="ABMINIME" duration="00:00:00.0008404" startTime="2026-09-11T18:25:20.1205783-07:00" endTime="2026-09-11T18:25:20.1214345-07:00" testType="13cdc9d9-ddb5-4fa4-a97d-d965ccfc6d4b" outcome="Passed" testListId="8c84fa94-04c1-424b-9868-57a2d4851a1d" relativeResultsDirectory="aa6eb6bf-728d-43a3-bb58-21503edab147" />
    <UnitTestResult executionId="dade22ac-79ea-40b5-be7c-3b27dbbaca67" testId="6bbab953-4bc8-d065-e600-881d8d722811" testName="GoldenTicket.Domain.Tests.ClaimTests.NoSeatMayOwnBothLanesOfAParallelRoute" computerName="ABMINIME" duration="00:00:00.0022713" startTime="2026-09-11T18:25:20.0709986-07:00" endTime="2026-09-11T18:25:20.0732885-07:00" testType="13cdc9d9-ddb5-4fa4-a97d-d965ccfc6d4b" outcome="Passed" testListId="8c84fa94-04c1-424b-9868-57a2d4851a1d" relativeResultsDirectory="dade22ac-79ea-40b5-be7c-3b27dbbaca67" />
    <UnitTestResult executionId="589423a3-893b-43c8-a09d-fc2fd5aaf5ce" testId="db1571ab-84b6-04cd-e7d1-8ce21aaef096" testName="GoldenTicket.Domain.Tests.ClaimTests.AnInvalidPaymentChangesNothing(kind: Green, count: 5, expectedCode: &quot;WrongColorPayment&quot;)" computerName="ABMINIME" duration="00:00:00.0010567" startTime="2026-09-11T18:25:20.0887229-07:00" endTime="2026-09-11T18:25:20.0898025-07:00" testType="13cdc9d9-ddb5-4fa4-a97d-d965ccfc6d4b" outcome="Passed" testListId="8c84fa94-04c1-424b-9868-57a2d4851a1d" relativeResultsDirectory="589423a3-893b-43c8-a09d-fc2fd5aaf5ce" />
    <UnitTestResult executionId="3c546934-2734-4fda-a289-c7be56a746c9" testId="36c53abc-8f7c-2290-859e-4fde3f442b83" testName="GoldenTicket.Domain.Tests.PersistenceAuditTests.CorruptMetadataStaysVisibleAsAnUnavailableSave(mutation: &quot;UPDATE Session SET UpdatedAt = 'invalid';&quot;)" computerName="ABMINIME" duration="00:00:00.0327839" startTime="2026-09-11T18:25:20.8060550-07:00" endTime="2026-09-11T18:25:20.8388661-07:00" testType="13cdc9d9-ddb5-4fa4-a97d-d965ccfc6d4b" outcome="Passed" testListId="8c84fa94-04c1-424b-9868-57a2d4851a1d" relativeResultsDirectory="3c546934-2734-4fda-a289-c7be56a746c9" />
    <UnitTestResult executionId="73fd678a-96a2-429b-a018-617671e9cf6c" testId="dfc514fc-be72-316e-6d26-81f8fe86aada" testName="GoldenTicket.Domain.Tests.SetupAndDrawTests.AFaceUpLocomotiveTakesTheWholeTurn" computerName="ABMINIME" duration="00:00:00.0005578" startTime="2026-09-11T18:25:20.1092903-07:00" endTime="2026-09-11T18:25:20.1098656-07:00" testType="13cdc9d9-ddb5-4fa4-a97d-d965ccfc6d4b" outcome="Passed" testListId="8c84fa94-04c1-424b-9868-57a2d4851a1d" relativeResultsDirectory="73fd678a-96a2-429b-a018-617671e9cf6c" />
    <UnitTestResult executionId="a848aea0-7ff8-4374-9a4f-488bc023b903" testId="90a101c1-c170-6c6d-37b4-a78021c38ace" testName="GoldenTicket.Domain.Tests.ClaimTests.AParallelLaneClosesItsTwinOnlyAtSmallTables(seatCount: 4, closesTwin: False)" computerName="ABMINIME" duration="00:00:00.0021676" startTime="2026-09-11T18:25:20.0678440-07:00" endTime="2026-09-11T18:25:20.0700328-07:00" testType="13cdc9d9-ddb5-4fa4-a97d-d965ccfc6d4b" outcome="Passed" testListId="8c84fa94-04c1-424b-9868-57a2d4851a1d" relativeResultsDirectory="a848aea0-7ff8-4374-9a4f-488bc023b903" />
    <UnitTestResult executionId="09ee619f-ef1a-45e7-84a0-1b2081760157" testId="ccbd4f90-9c9a-2b83-b149-daf0b27cbaec" testName="GoldenTicket.Domain.Tests.ApplicationAuditTests.InvalidAiPaymentFallsBackInsteadOfThrowingOrStalling" computerName="ABMINIME" duration="00:00:00.0017036" startTime="2026-09-11T18:25:20.1306564-07:00" endTime="2026-09-11T18:25:20.1323828-07:00" testType="13cdc9d9-ddb5-4fa4-a97d-d965ccfc6d4b" outcome="Passed" testListId="8c84fa94-04c1-424b-9868-57a2d4851a1d" relativeResultsDirectory="09ee619f-ef1a-45e7-84a0-1b2081760157" />
    <UnitTestResult executionId="4da38068-6f0e-4962-aae7-22f19f0aca5e" testId="a65e9b09-59de-526c-766f-48fe8c330fea" testName="GoldenTicket.Domain.Tests.DesktopAuditTests.HideOrDeactivationDuringSaveCannotReopenPrivateCards(deactivate: True)" computerName="ABMINIME" duration="00:00:00.1466728" startTime="2026-09-11T18:25:19.9782321-07:00" endTime="2026-09-11T18:25:20.1249319-07:00" testType="13cdc9d9-ddb5-4fa4-a97d-d965ccfc6d4b" outcome="Passed" testListId="8c84fa94-04c1-424b-9868-57a2d4851a1d" relativeResultsDirectory="4da38068-6f0e-4962-aae7-22f19f0aca5e" />
    <UnitTestResult executionId="661e85bb-09c7-4e41-955d-39c769bca020" testId="31379e9e-44e6-b50f-6723-ed75499baae4" testName="GoldenTicket.Domain.Tests.ManifestTests.TrainCardSupplyIsTwelveOfEachColourPlusFourteenLocomotives" computerName="ABMINIME" duration="00:00:00.0004682" startTime="2026-09-11T18:25:20.0898272-07:00" endTime="2026-09-11T18:25:20.0903130-07:00" testType="13cdc9d9-ddb5-4fa4-a97d-d965ccfc6d4b" outcome="Passed" testListId="8c84fa94-04c1-424b-9868-57a2d4851a1d" relativeResultsDirectory="661e85bb-09c7-4e41-955d-39c769bca020" />
    <UnitTestResult executionId="93dba6c5-f0d5-4d7f-b1a9-02e32fa090c5" testId="6799dda0-4910-5bed-d0de-574c2f951d5a" testName="GoldenTicket.Domain.Tests.ScoringTests.TheWitnessIsAValidTrailOfTheReportedLength" computerName="ABMINIME" duration="00:00:00.0029082" startTime="2026-09-11T18:25:20.0736428-07:00" endTime="2026-09-11T18:25:20.0765690-07:00" testType="13cdc9d9-ddb5-4fa4-a97d-d965ccfc6d4b" outcome="Passed" testListId="8c84fa94-04c1-424b-9868-57a2d4851a1d" relativeResultsDirectory="93dba6c5-f0d5-4d7f-b1a9-02e32fa090c5" />
    <UnitTestResult executionId="8e47a83b-4a11-4e10-abb8-b3ea74ba38bc" testId="7d770dc3-5cf3-222a-65b7-3bbb4503c0f4" testName="GoldenTicket.Domain.Tests.DomainAuditTests.NoSelectableSecondDrawPreservesTheFirstCardAndPausesTheSameTurn" computerName="ABMINIME" duration="00:00:00.0024874" startTime="2026-09-11T18:25:20.1169223-07:00" endTime="2026-09-11T18:25:20.1194279-07:00" testType="13cdc9d9-ddb5-4fa4-a97d-d965ccfc6d4b" outcome="Passed" testListId="8c84fa94-04c1-424b-9868-57a2d4851a1d" relativeResultsDirectory="8e47a83b-4a11-4e10-abb8-b3ea74ba38bc" />
    <UnitTestResult executionId="6f187ab2-7534-4a60-b2ee-5520b31fa8f2" testId="87d10803-faa3-1050-b5df-7d89a80f8413" testName="GoldenTicket.Domain.Tests.SetupAndDrawTests.SetupReturnsAreRecycledOnlyAfterEverySeatHasChosen" computerName="ABMINIME" duration="00:00:00.0611820" startTime="2026-09-11T18:25:20.0267536-07:00" endTime="2026-09-11T18:25:20.0879625-07:00" testType="13cdc9d9-ddb5-4fa4-a97d-d965ccfc6d4b" outcome="Passed" testListId="8c84fa94-04c1-424b-9868-57a2d4851a1d" relativeResultsDirectory="6f187ab2-7534-4a60-b2ee-5520b31fa8f2" />
    <UnitTestResult executionId="4ab210ea-1f5a-439c-8245-039a908a182a" testId="9b25c639-07d5-403a-56db-c8e96044cbaa" testName="GoldenTicket.Domain.Tests.SetupAndDrawTests.SetupDealsTheProfilesOpeningHandsAndMarket(seatCount: 2)" computerName="ABMINIME" duration="00:00:00.0006952" startTime="2026-09-11T18:25:20.0881595-07:00" endTime="2026-09-11T18:25:20.0888734-07:00" testType="13cdc9d9-ddb5-4fa4-a97d-d965ccfc6d4b" outcome="Passed" testListId="8c84fa94-04c1-424b-9868-57a2d4851a1d" relativeResultsDirectory="4ab210ea-1f5a-439c-8245-039a908a182a" />
    <UnitTestResult executionId="c91adbd0-b04e-4aaa-a8e9-425a097e0112" testId="296abba5-dc5f-4fbe-efa9-f6cdd9f11248" testName="GoldenTicket.Domain.Tests.PersistenceAuditTests.FailedRestoreDoesNotExposePrivateTicketsInItsError" computerName="ABMINIME" duration="00:00:00.0327510" startTime="2026-09-11T18:25:21.0877615-07:00" endTime="2026-09-11T18:25:21.1205409-07:00" testType="13cdc9d9-ddb5-4fa4-a97d-d965ccfc6d4b" outcome="Passed" testListId="8c84fa94-04c1-424b-9868-57a2d4851a1d" relativeResultsDirectory="c91adbd0-b04e-4aaa-a8e9-425a097e0112" />
    <UnitTestResult executionId="f5c3365d-cc07-4c79-8ac2-ab00ec51be18" testId="08b3a241-c98a-bddc-19ba-05a58066544c" testName="GoldenTicket.Domain.Tests.ClaimTests.CancellingWithNothingPlacedReleasesTheReservationImmediately" computerName="ABMINIME" duration="00:00:00.0005643" startTime="2026-09-11T18:25:20.1172796-07:00" endTime="2026-09-11T18:25:20.1178609-07:00" testType="13cdc9d9-ddb5-4fa4-a97d-d965ccfc6d4b" outcome="Passed" testListId="8c84fa94-04c1-424b-9868-57a2d4851a1d" relativeResultsDirectory="f5c3365d-cc07-4c79-8ac2-ab00ec51be18" />
    <UnitTestResult executionId="81e9ab53-340d-4c55-a3dc-72789dc07d90" testId="f23fed37-3c4c-9bd3-431e-5d3d46f8b0b1" testName="GoldenTicket.Domain.Tests.SetupAndDrawTests.OnlyTheActiveSeatMayDraw" computerName="ABMINIME" duration="00:00:00.0006539" startTime="2026-09-11T18:25:20.0901599-07:00" endTime="2026-09-11T18:25:20.0908299-07:00" testType="13cdc9d9-ddb5-4fa4-a97d-d965ccfc6d4b" outcome="Passed" testListId="8c84fa94-04c1-424b-9868-57a2d4851a1d" relativeResultsDirectory="81e9ab53-340d-4c55-a3dc-72789dc07d90" />
    <UnitTestResult executionId="47d70151-048c-4505-86ec-ecb3dc8b9e32" testId="f2f00ce0-4029-abfe-7d61-3ece46646f2f" testName="GoldenTicket.Domain.Tests.PersistenceTests.PrivatePayloadsAreNotReadableInTheDatabaseFile" computerName="ABMINIME" duration="00:00:00.0116703" startTime="2026-09-11T18:25:20.4063826-07:00" endTime="2026-09-11T18:25:20.4180814-07:00" testType="13cdc9d9-ddb5-4fa4-a97d-d965ccfc6d4b" outcome="Passed" testListId="8c84fa94-04c1-424b-9868-57a2d4851a1d" relativeResultsDirectory="47d70151-048c-4505-86ec-ecb3dc8b9e32" />
    <UnitTestResult executionId="ef5fad58-cbd2-4e81-ae9d-fac405078e3e" testId="82cbeb1d-a634-56d2-0666-fb2966d674a8" testName="GoldenTicket.Domain.Tests.ClaimTests.AParallelLaneClosesItsTwinOnlyAtSmallTables(seatCount: 5, closesTwin: False)" computerName="ABMINIME" duration="00:00:00.0006799" startTime="2026-09-11T18:25:20.0701455-07:00" endTime="2026-09-11T18:25:20.0708404-07:00" testType="13cdc9d9-ddb5-4fa4-a97d-d965ccfc6d4b" outcome="Passed" testListId="8c84fa94-04c1-424b-9868-57a2d4851a1d" relativeResultsDirectory="ef5fad58-cbd2-4e81-ae9d-fac405078e3e" />
    <UnitTestResult executionId="899aa173-3b44-4a2e-a9fc-df52b3d6d76c" testId="6345c805-8cc8-d039-066e-1ba3130c9c03" testName="GoldenTicket.Domain.Tests.SetupAndDrawTests.AStaleStateVersionIsRejected" computerName="ABMINIME" duration="00:00:00.0977235" startTime="2026-09-11T18:25:19.9237050-07:00" endTime="2026-09-11T18:25:20.0265052-07:00" testType="13cdc9d9-ddb5-4fa4-a97d-d965ccfc6d4b" outcome="Passed" testListId="8c84fa94-04c1-424b-9868-57a2d4851a1d" relativeResultsDirectory="899aa173-3b44-4a2e-a9fc-df52b3d6d76c" />
    <UnitTestResult executionId="2d907924-a946-48a7-825b-3576b7f97d2b" testId="583e0db1-c481-2128-e12b-fb8931deebfa" testName="GoldenTicket.Domain.Tests.ManifestTests.EveryCityIsConnectedToTheRestOfTheBoard" computerName="ABMINIME" duration="00:00:00.0019109" startTime="2026-09-11T18:25:20.0877228-07:00" endTime="2026-09-11T18:25:20.0896562-07:00" testType="13cdc9d9-ddb5-4fa4-a97d-d965ccfc6d4b" outcome="Passed" testListId="8c84fa94-04c1-424b-9868-57a2d4851a1d" relativeResultsDirectory="2d907924-a946-48a7-825b-3576b7f97d2b" />
    <UnitTestResult executionId="c6400821-14ef-485b-b635-65a6d31e2cb8" testId="047c95e4-8c59-bd71-6d73-74f97d75c20a" testName="GoldenTicket.Domain.Tests.DomainAuditTests.VersionTwoHashCoversAllFinalScoringEvidence(changedField: &quot;completed&quot;)" computerName="ABMINIME" duration="00:00:00.0006223" startTime="2026-09-11T18:25:20.1059363-07:00" endTime="2026-09-11T18:25:20.1065797-07:00" testType="13cdc9d9-ddb5-4fa4-a97d-d965ccfc6d4b" outcome="Passed" testListId="8c84fa94-04c1-424b-9868-57a2d4851a1d" relativeResultsDirectory="c6400821-14ef-485b-b635-65a6d31e2cb8" />
    <UnitTestResult executionId="bea15cf7-c003-49c0-9796-c231a5e26ec3" testId="1cc07eca-519d-a704-16c4-3c5059557214" testName="GoldenTicket.Domain.Tests.PersistenceAuditTests.MissingOrCorruptSaveMetadataStopsRestore(mutation: &quot;UPDATE Event SET Sequence = Sequence + 100;&quot;)" computerName="ABMINIME" duration="00:00:00.0312189" startTime="2026-09-11T18:25:20.5881620-07:00" endTime="2026-09-11T18:25:20.6194094-07:00" testType="13cdc9d9-ddb5-4fa4-a97d-d965ccfc6d4b" outcome="Passed" testListId="8c84fa94-04c1-424b-9868-57a2d4851a1d" relativeResultsDirectory="bea15cf7-c003-49c0-9796-c231a5e26ec3" />
    <UnitTestResult executionId="77b82cb4-e3f0-48ce-adf6-0e7c91539316" testId="1b0c1cd2-c7db-95a4-5170-bc9b6bfe0b6e" testName="GoldenTicket.Domain.Tests.DesktopAuditTests.FailedSaveKeepsPrivateStateCoveredAndRequiresReload" computerName="ABMINIME" duration="00:00:00.0024448" startTime="2026-09-11T18:25:20.3051209-07:00" endTime="2026-09-11T18:25:20.3075858-07:00" testType="13cdc9d9-ddb5-4fa4-a97d-d965ccfc6d4b" outcome="Passed" testListId="8c84fa94-04c1-424b-9868-57a2d4851a1d" relativeResultsDirectory="77b82cb4-e3f0-48ce-adf6-0e7c91539316" />
    <UnitTestResult executionId="22fdb21d-5c4d-47f3-b6c1-c36d2086afe3" testId="21d2e96b-8e31-0a47-a466-5c00e9acd5f9" testName="GoldenTicket.Domain.Tests.PersistenceAuditTests.MissingOrCorruptSaveMetadataStopsRestore(mutation: &quot;UPDATE Session SET RulesPolicyVersion = 999;&quot;)" computerName="ABMINIME" duration="00:00:00.0358585" startTime="2026-09-11T18:25:20.2530970-07:00" endTime="2026-09-11T18:25:20.2889852-07:00" testType="13cdc9d9-ddb5-4fa4-a97d-d965ccfc6d4b" outcome="Passed" testListId="8c84fa94-04c1-424b-9868-57a2d4851a1d" relativeResultsDirectory="22fdb21d-5c4d-47f3-b6c1-c36d2086afe3" />
    <UnitTestResult executionId="e98ba049-c639-4481-8d63-09df99cc0f16" testId="e7ae2056-0683-da71-0bcd-74229ea90500" testName="GoldenTicket.Domain.Tests.ThemeTokenTests.TextPairsMeetTheProjectContrastTarget(foreground: &quot;SecondaryInk&quot;, background: &quot;Parchment&quot;, target: 4.5)" computerName="ABMINIME" duration="00:00:00.0002759" startTime="2026-09-11T18:25:19.9758689-07:00" endTime="2026-09-11T18:25:19.9761690-07:00" testType="13cdc9d9-ddb5-4fa4-a97d-d965ccfc6d4b" outcome="Passed" testListId="8c84fa94-04c1-424b-9868-57a2d4851a1d" relativeResultsDirectory="e98ba049-c639-4481-8d63-09df99cc0f16" />
    <UnitTestResult executionId="ba26c60e-9d26-4b80-a71d-8c22a8cd0c55" testId="43c6787c-8fbf-96fa-41af-a1c63963b5c1" testName="GoldenTicket.Domain.Tests.DomainAuditTests.AnotherSeatCannotControlAPendingClaim(action: &quot;cancel&quot;)" computerName="ABMINIME" duration="00:00:00.0005273" startTime="2026-09-11T18:25:20.1093724-07:00" endTime="2026-09-11T18:25:20.1099145-07:00" testType="13cdc9d9-ddb5-4fa4-a97d-d965ccfc6d4b" outcome="Passed" testListId="8c84fa94-04c1-424b-9868-57a2d4851a1d" relativeResultsDirectory="ba26c60e-9d26-4b80-a71d-8c22a8cd0c55" />
    <UnitTestResult executionId="71c21f67-8228-4685-8dde-fad8572a8a9d" testId="3f07d9fc-5051-731a-1afc-c43bfc67c4ef" testName="GoldenTicket.Domain.Tests.PersistenceAuditTests.UntrustedSessionIdsCannotReachTheFilesystem(value: &quot;C:\\Windows&quot;)" computerName="ABMINIME" duration="00:00:00.0000411" startTime="2026-09-11T18:25:20.7705975-07:00" endTime="2026-09-11T18:25:20.7706451-07:00" testType="13cdc9d9-ddb5-4fa4-a97d-d965ccfc6d4b" outcome="Passed" testListId="8c84fa94-04c1-424b-9868-57a2d4851a1d" relativeResultsDirectory="71c21f67-8228-4685-8dde-fad8572a8a9d" />
    <UnitTestResult executionId="7127f97d-758f-4493-abbd-cc09794b99e3" testId="595a52c6-d14d-7e49-d7aa-ef3cccfdd26f" testName="GoldenTicket.Domain.Tests.PrivacyTests.EveryEventDeclaresAVisibilityAndOnlyPublicOnesStayReadable" computerName="ABMINIME" duration="00:00:00.0074862" startTime="2026-09-11T18:25:20.1080436-07:00" endTime="2026-09-11T18:25:20.1155555-07:00" testType="13cdc9d9-ddb5-4fa4-a97d-d965ccfc6d4b" outcome="Passed" testListId="8c84fa94-04c1-424b-9868-57a2d4851a1d" relativeResultsDirectory="7127f97d-758f-4493-abbd-cc09794b99e3" />
    <UnitTestResult executionId="4a320ecf-b030-4c37-8a27-c3fa646a636d" testId="75f26dd7-2fe0-964c-934a-482ea2e86263" testName="GoldenTicket.Domain.Tests.PersistenceAuditTests.UntrustedSessionIdsCannotReachTheFilesystem(value: &quot;..\\..\\victim&quot;)" computerName="ABMINIME" duration="00:00:00.0008042" startTime="2026-09-11T18:25:20.7690084-07:00" endTime="2026-09-11T18:25:20.7698313-07:00" testType="13cdc9d9-ddb5-4fa4-a97d-d965ccfc6d4b" outcome="Passed" testListId="8c84fa94-04c1-424b-9868-57a2d4851a1d" relativeResultsDirectory="4a320ecf-b030-4c37-8a27-c3fa646a636d" />
    <UnitTestResult executionId="c8214637-1137-4dc1-9bc0-23ab426e7601" testId="a4403775-6bb9-b357-8ae2-8d8940e4b05a" testName="GoldenTicket.Domain.Tests.PropertyTests.TheSameSeedProducesTheSameMatchTwice" computerName="ABMINIME" duration="00:00:00.3256507" startTime="2026-09-11T18:25:20.8695738-07:00" endTime="2026-09-11T18:25:21.1952552-07:00" testType="13cdc9d9-ddb5-4fa4-a97d-d965ccfc6d4b" outcome="Passed" testListId="8c84fa94-04c1-424b-9868-57a2d4851a1d" relativeResultsDirectory="c8214637-1137-4dc1-9bc0-23ab426e7601" />
    <UnitTestResult executionId="a4cc950c-1118-4f3f-bff4-7852ff40c88d" testId="0ddc664a-97e1-cacb-bf26-138c9c0ad2fa" testName="GoldenTicket.Domain.Tests.ScoringTests.MostCompletedTicketsBreaksATieOnPoints" computerName="ABMINIME" duration="00:00:00.1277227" startTime="2026-09-11T18:25:19.9237130-07:00" endTime="2026-09-11T18:25:20.0565270-07:00" testType="13cdc9d9-ddb5-4fa4-a97d-d965ccfc6d4b" outcome="Passed" testListId="8c84fa94-04c1-424b-9868-57a2d4851a1d" relativeResultsDirectory="a4cc950c-1118-4f3f-bff4-7852ff40c88d" />
    <UnitTestResult executionId="e8c02e3d-b21b-4f3a-93bf-8d394a5f8fe0" testId="30c05918-8a65-1270-3d76-63d652efa236" testName="GoldenTicket.Domain.Tests.ScoringTests.AJunctionTakesTheBestTwoBranches" computerName="ABMINIME" duration="00:00:00.0014107" startTime="2026-09-11T18:25:20.0684798-07:00" endTime="2026-09-11T18:25:20.0699201-07:00" testType="13cdc9d9-ddb5-4fa4-a97d-d965ccfc6d4b" outcome="Passed" testListId="8c84fa94-04c1-424b-9868-57a2d4851a1d" relativeResultsDirectory="e8c02e3d-b21b-4f3a-93bf-8d394a5f8fe0" />
    <UnitTestResult executionId="927be999-35e9-48d0-a34c-8d6ca472494c" testId="803f60e0-0769-26d9-9849-3f191ea81d5d" testName="GoldenTicket.Domain.Tests.ManifestTests.ScoringLadderMatchesThePinnedProfile" computerName="ABMINIME" duration="00:00:00.0002816" startTime="2026-09-11T18:25:20.1498108-07:00" endTime="2026-09-11T18:25:20.1501069-07:00" testType="13cdc9d9-ddb5-4fa4-a97d-d965ccfc6d4b" outcome="Passed" testListId="8c84fa94-04c1-424b-9868-57a2d4851a1d" relativeResultsDirectory="927be999-35e9-48d0-a34c-8d6ca472494c" />
    <UnitTestResult executionId="3e28d631-0c7a-4a27-b646-7756e98966ff" testId="11728f23-19c7-1269-1553-0a1598c04f5a" testName="GoldenTicket.Domain.Tests.ClaimTests.AParallelLaneClosesItsTwinOnlyAtSmallTables(seatCount: 2, closesTwin: True)" computerName="ABMINIME" duration="00:00:00.0074225" startTime="2026-09-11T18:25:20.0600653-07:00" endTime="2026-09-11T18:25:20.0675140-07:00" testType="13cdc9d9-ddb5-4fa4-a97d-d965ccfc6d4b" outcome="Passed" testListId="8c84fa94-04c1-424b-9868-57a2d4851a1d" relativeResultsDirectory="3e28d631-0c7a-4a27-b646-7756e98966ff" />
    <UnitTestResult executionId="013775f7-68f1-445d-a399-0ddb825fc1a3" testId="2e674623-f6ae-735d-8b31-d8cb3e8fab6e" testName="GoldenTicket.Domain.Tests.DomainAuditTests.VersionTwoHashCoversAllFinalScoringEvidence(changedField: &quot;explanation&quot;)" computerName="ABMINIME" duration="00:00:00.0005939" startTime="2026-09-11T18:25:20.1067264-07:00" endTime="2026-09-11T18:25:20.1073371-07:00" testType="13cdc9d9-ddb5-4fa4-a97d-d965ccfc6d4b" outcome="Passed" testListId="8c84fa94-04c1-424b-9868-57a2d4851a1d" relativeResultsDirectory="013775f7-68f1-445d-a399-0ddb825fc1a3" />
    <UnitTestResult executionId="e33209dc-0dbf-47ab-a37f-3e581e5ba426" testId="dc01d294-55e7-2145-01ea-fbae5d578508" testName="GoldenTicket.Domain.Tests.ClaimTests.AnInvalidPaymentChangesNothing(kind: Blue, count: 4, expectedCode: &quot;PaymentLengthMismatch&quot;)" computerName="ABMINIME" duration="00:00:00.0150746" startTime="2026-09-11T18:25:20.0734858-07:00" endTime="2026-09-11T18:25:20.0885782-07:00" testType="13cdc9d9-ddb5-4fa4-a97d-d965ccfc6d4b" outcome="Passed" testListId="8c84fa94-04c1-424b-9868-57a2d4851a1d" relativeResultsDirectory="e33209dc-0dbf-47ab-a37f-3e581e5ba426" />
    <UnitTestResult executionId="0020d547-4c5c-4d8a-b0a7-16499ebf434f" testId="ef52ea6d-56ff-3900-6da0-6f65a4451fc1" testName="GoldenTicket.Domain.Tests.PropertyTests.ACompleteMatchHoldsItsInvariantsAndReplaysToTheSameState(seatCount: 2, seed: 101)" computerName="ABMINIME" duration="00:00:00.0825314" startTime="2026-09-11T18:25:20.4395511-07:00" endTime="2026-09-11T18:25:20.5221118-07:00" testType="13cdc9d9-ddb5-4fa4-a97d-d965ccfc6d4b" outcome="Passed" testListId="8c84fa94-04c1-424b-9868-57a2d4851a1d" relativeResultsDirectory="0020d547-4c5c-4d8a-b0a7-16499ebf434f" />
    <UnitTestResult executionId="b6b3cf2f-f977-439a-94df-1c1a8c3d0bda" testId="ae006807-51e5-5870-8f47-3e71cc2af3fb" testName="GoldenTicket.Domain.Tests.SetupAndDrawTests.SetupSelectionBelowTheMinimumIsRejectedWithoutChangingAnything" computerName="ABMINIME" duration="00:00:00.0003859" startTime="2026-09-11T18:25:20.1100279-07:00" endTime="2026-09-11T18:25:20.1104325-07:00" testType="13cdc9d9-ddb5-4fa4-a97d-d965ccfc6d4b" outcome="Passed" testListId="8c84fa94-04c1-424b-9868-57a2d4851a1d" relativeResultsDirectory="b6b3cf2f-f977-439a-94df-1c1a8c3d0bda" />
    <UnitTestResult executionId="05721553-dc03-4bef-a14b-d262a019b27b" testId="89c39e56-348f-c589-1653-9fcc1c47bca5" testName="GoldenTicket.Domain.Tests.PersistenceAuditTests.UntrustedSessionIdsCannotReachTheFilesystem(value: &quot;..&quot;)" computerName="ABMINIME" duration="00:00:00.0000404" startTime="2026-09-11T18:25:20.7708574-07:00" endTime="2026-09-11T18:25:20.7709042-07:00" testType="13cdc9d9-ddb5-4fa4-a97d-d965ccfc6d4b" outcome="Passed" testListId="8c84fa94-04c1-424b-9868-57a2d4851a1d" relativeResultsDirectory="05721553-dc03-4bef-a14b-d262a019b27b" />
    <UnitTestResult executionId="a5d72dac-4f3a-47dd-b429-c2fdacbfe122" testId="d6cc3eee-c3c2-1bd9-b01e-f07c084bfa2e" testName="GoldenTicket.Domain.Tests.PersistenceAuditTests.MissingOrCorruptSaveMetadataStopsRestore(mutation: &quot;UPDATE Event SET SchemaVersion = 999;&quot;)" computerName="ABMINIME" duration="00:00:00.0388808" startTime="2026-09-11T18:25:20.3668831-07:00" endTime="2026-09-11T18:25:20.4057918-07:00" testType="13cdc9d9-ddb5-4fa4-a97d-d965ccfc6d4b" outcome="Passed" testListId="8c84fa94-04c1-424b-9868-57a2d4851a1d" relativeResultsDirectory="a5d72dac-4f3a-47dd-b429-c2fdacbfe122" />
    <UnitTestResult executionId="9542c34e-15bc-41ee-bf9b-3b61ff08715a" testId="b66e25be-654e-0dd6-3a8d-0db81588a9f5" testName="GoldenTicket.Domain.Tests.ApplicationAuditTests.PublicAiReportsDoNotIncludeThePolicysPrivateReason" computerName="ABMINIME" duration="00:00:00.0020426" startTime="2026-09-11T18:25:20.1263325-07:00" endTime="2026-09-11T18:25:20.1283953-07:00" testType="13cdc9d9-ddb5-4fa4-a97d-d965ccfc6d4b" outcome="Passed" testListId="8c84fa94-04c1-424b-9868-57a2d4851a1d" relativeResultsDirectory="9542c34e-15bc-41ee-bf9b-3b61ff08715a" />
    <UnitTestResult executionId="187b188f-fc77-4d1a-9ec0-786936ecd0de" testId="6ad6cc02-1937-8af8-dcd2-dd9eef307b0c" testName="GoldenTicket.Domain.Tests.PrivacyTests.ThePublicHistoryReportsTicketCountsNotTicketNames" computerName="ABMINIME" duration="00:00:00.0794203" startTime="2026-09-11T18:25:19.9237078-07:00" endTime="2026-09-11T18:25:20.0082117-07:00" testType="13cdc9d9-ddb5-4fa4-a97d-d965ccfc6d4b" outcome="Passed" testListId="8c84fa94-04c1-424b-9868-57a2d4851a1d" relativeResultsDirectory="187b188f-fc77-4d1a-9ec0-786936ecd0de" />
    <UnitTestResult executionId="80223cb8-15af-4e78-b3ac-f55377ffd4c0" testId="57c7ba1f-43ef-bfda-883e-2cf7d6fe65d7" testName="GoldenTicket.Domain.Tests.ThemeTokenTests.TextPairsMeetTheProjectContrastTarget(foreground: &quot;Paper&quot;, background: &quot;RailCharcoal&quot;, target: 4.5)" computerName="ABMINIME" duration="00:00:00.0000155" startTime="2026-09-11T18:25:19.9764434-07:00" endTime="2026-09-11T18:25:19.9764701-07:00" testType="13cdc9d9-ddb5-4fa4-a97d-d965ccfc6d4b" outcome="Passed" testListId="8c84fa94-04c1-424b-9868-57a2d4851a1d" relativeResultsDirectory="80223cb8-15af-4e78-b3ac-f55377ffd4c0" />
    <UnitTestResult executionId="9e8a4fc9-bac4-458b-a828-4507a9fbece3" testId="1bbe3952-951a-7e49-1f72-d094daf43d41" testName="GoldenTicket.Domain.Tests.PersistenceAuditTests.UntrustedSessionIdsCannotReachTheFilesystem(value: &quot;a/b&quot;)" computerName="ABMINIME" duration="00:00:00.0000651" startTime="2026-09-11T18:25:20.7703125-07:00" endTime="2026-09-11T18:25:20.7703876-07:00" testType="13cdc9d9-ddb5-4fa4-a97d-d965ccfc6d4b" outcome="Passed" testListId="8c84fa94-04c1-424b-9868-57a2d4851a1d" relativeResultsDirectory="9e8a4fc9-bac4-458b-a828-4507a9fbece3" />
    <UnitTestResult executionId="6ed87d01-57bc-4565-8b1f-05e0c997fd1d" testId="445a1b6e-b8f6-fbde-bf5f-7f7077972d4b" testName="GoldenTicket.Domain.Tests.DomainAuditTests.UnknownOwnedRouteProducesDiagnosticsInsteadOfThrowing" computerName="ABMINIME" duration="00:00:00.0007980" startTime="2026-09-11T18:25:20.0903933-07:00" endTime="2026-09-11T18:25:20.0912089-07:00" testType="13cdc9d9-ddb5-4fa4-a97d-d965ccfc6d4b" outcome="Passed" testListId="8c84fa94-04c1-424b-9868-57a2d4851a1d" relativeResultsDirectory="6ed87d01-57bc-4565-8b1f-05e0c997fd1d" />
    <UnitTestResult executionId="0cd61f4a-9fd1-4824-8840-1d5b0ffd8340" testId="30c696b9-b80b-d8f0-3ecd-b71b7e7d9ce9" testName="GoldenTicket.Domain.Tests.ScoringTests.AnIdenticalResultIsRecordedAsASharedVictory" computerName="ABMINIME" duration="00:00:00.0009892" startTime="2026-09-11T18:25:20.0585917-07:00" endTime="2026-09-11T18:25:20.0596020-07:00" testType="13cdc9d9-ddb5-4fa4-a97d-d965ccfc6d4b" outcome="Passed" testListId="8c84fa94-04c1-424b-9868-57a2d4851a1d" relativeResultsDirectory="0cd61f4a-9fd1-4824-8840-1d5b0ffd8340" />
    <UnitTestResult executionId="fbe7806e-08b8-4ce9-86e1-94fffcad3089" testId="e93d3809-4b52-0c39-5c7d-9460560ed7b8" testName="GoldenTicket.Domain.Tests.PrivacyTests.ComputerDecisionsDependOnlyOnThePermittedView" computerName="ABMINIME" duration="00:00:00.0173801" startTime="2026-09-11T18:25:20.0905042-07:00" endTime="2026-09-11T18:25:20.1079000-07:00" testType="13cdc9d9-ddb5-4fa4-a97d-d965ccfc6d4b" outcome="Passed" testListId="8c84fa94-04c1-424b-9868-57a2d4851a1d" relativeResultsDirectory="fbe7806e-08b8-4ce9-86e1-94fffcad3089" />
    <UnitTestResult executionId="a6765ebf-2924-49e9-8de1-07c4dcaddb83" testId="b78bd4de-cb49-fc64-50e1-ad6716e9c320" testName="GoldenTicket.Domain.Tests.PersistenceAuditTests.MissingOrCorruptSaveMetadataStopsRestore(mutation: &quot;UPDATE Snapshot SET BoardRevision = BoardRevision &quot;···)" computerName="ABMINIME" duration="00:00:00.0696226" startTime="2026-09-11T18:25:20.6988829-07:00" endTime="2026-09-11T18:25:20.7685355-07:00" testType="13cdc9d9-ddb5-4fa4-a97d-d965ccfc6d4b" outcome="Passed" testListId="8c84fa94-04c1-424b-9868-57a2d4851a1d" relativeResultsDirectory="a6765ebf-2924-49e9-8de1-07c4dcaddb83" />
    <UnitTestResult executionId="93f7cc21-0526-48c2-9a8a-b5b598534433" testId="8b71d7b3-d1db-2c6c-201b-670afb17ac7f" testName="GoldenTicket.Domain.Tests.DesktopFlowTests.ComputerSeatsPlayUntilAPlacementNeedsTheOperator" computerName="ABMINIME" duration="00:00:00.0028254" startTime="2026-09-11T18:25:20.1497715-07:00" endTime="2026-09-11T18:25:20.1526148-07:00" testType="13cdc9d9-ddb5-4fa4-a97d-d965ccfc6d4b" outcome="Passed" testListId="8c84fa94-04c1-424b-9868-57a2d4851a1d" relativeResultsDirectory="93f7cc21-0526-48c2-9a8a-b5b598534433" />
    <UnitTestResult executionId="786926f1-10fe-4112-848b-c92ef3709e9e" testId="6e6b52e9-1523-35f4-24c8-c43110ae949a" testName="GoldenTicket.Domain.Tests.DesktopAuditTests.RejectedPrivateSelectionPreservesChoicesWithoutPublicErrorDetails" computerName="ABMINIME" duration="00:00:00.0024261" startTime="2026-09-11T18:25:20.1272019-07:00" endTime="2026-09-11T18:25:20.1296456-07:00" testType="13cdc9d9-ddb5-4fa4-a97d-d965ccfc6d4b" outcome="Passed" testListId="8c84fa94-04c1-424b-9868-57a2d4851a1d" relativeResultsDirectory="786926f1-10fe-4112-848b-c92ef3709e9e" />
    <UnitTestResult executionId="770e6396-17cb-4196-a6fe-007ed79ba206" testId="9e2e0a8e-d164-8ab7-d537-e45fa5bf63f2" testName="GoldenTicket.Domain.Tests.PrivacyTests.ThePublicViewCarriesNoHandOrTicketIdentities" computerName="ABMINIME" duration="00:00:00.0015386" startTime="2026-09-11T18:25:20.1159695-07:00" endTime="2026-09-11T18:25:20.1175300-07:00" testType="13cdc9d9-ddb5-4fa4-a97d-d965ccfc6d4b" outcome="Passed" testListId="8c84fa94-04c1-424b-9868-57a2d4851a1d" relativeResultsDirectory="770e6396-17cb-4196-a6fe-007ed79ba206" />
    <UnitTestResult executionId="b8b193e2-dbce-4a2d-8cd0-93434168fe41" testId="7a404900-482b-ea9c-b680-c5811a13d928" testName="GoldenTicket.Domain.Tests.ApplicationAuditTests.ForeignSessionIsRejectedBeforeAnyStoreLookupOrRejectionWrite" computerName="ABMINIME" duration="00:00:00.0008536" startTime="2026-09-11T18:25:20.1253341-07:00" endTime="2026-09-11T18:25:20.1262038-07:00" testType="13cdc9d9-ddb5-4fa4-a97d-d965ccfc6d4b" outcome="Passed" testListId="8c84fa94-04c1-424b-9868-57a2d4851a1d" relativeResultsDirectory="b8b193e2-dbce-4a2d-8cd0-93434168fe41" />
    <UnitTestResult executionId="eacc82d4-1d56-4e90-9249-4f1b8b0c656e" testId="6bdf822f-67d1-9f06-86ef-24abc0bc4045" testName="GoldenTicket.Domain.Tests.PersistenceAuditTests.NewSnapshotsStoreTheSameEventCountAsTheAuthoritativeState" computerName="ABMINIME" duration="00:00:00.0412691" startTime="2026-09-11T18:25:20.9383214-07:00" endTime="2026-09-11T18:25:20.9796182-07:00" testType="13cdc9d9-ddb5-4fa4-a97d-d965ccfc6d4b" outcome="Passed" testListId="8c84fa94-04c1-424b-9868-57a2d4851a1d" relativeResultsDirectory="eacc82d4-1d56-4e90-9249-4f1b8b0c656e" />
[...]
    <TestEntry testId="c8182c37-9174-20fd-1adb-9aca184b1914" executionId="1fcb930d-9ae9-4a77-9eda-359da55f8f5d" testListId="8c84fa94-04c1-424b-9868-57a2d4851a1d" />
    <TestEntry testId="052700e8-b232-690b-bed3-82292feb3c8e" executionId="e2e12a55-cede-4af3-82a7-7d6d1e699f1c" testListId="8c84fa94-04c1-424b-9868-57a2d4851a1d" />
    <TestEntry testId="d75b07bf-0a1f-7d4e-8127-0b85ab699010" executionId="7e3f06e3-240d-49e4-8eb9-d64fecc9eb71" testListId="8c84fa94-04c1-424b-9868-57a2d4851a1d" />
    <TestEntry testId="e0b53c41-3f07-c9eb-0429-2f203704b9e1" executionId="b59df4eb-d16e-4513-be8e-7d4ed52223f3" testListId="8c84fa94-04c1-424b-9868-57a2d4851a1d" />
    <TestEntry testId="e31d0dbf-fa6a-3737-9e45-9777e36a706e" executionId="caade0a4-6386-43fe-af92-af7527914457" testListId="8c84fa94-04c1-424b-9868-57a2d4851a1d" />
    <TestEntry testId="9a726240-980e-6390-dfb1-83dda491d8e8" executionId="54b9fdd5-ddd9-4b90-a575-021c0c0d812d" testListId="8c84fa94-04c1-424b-9868-57a2d4851a1d" />
    <TestEntry testId="19e88864-902f-235c-1a11-05366db79b72" executionId="c59010c3-73f4-4431-8950-6044f87b0a59" testListId="8c84fa94-04c1-424b-9868-57a2d4851a1d" />
    <TestEntry testId="9daf6f4f-1292-fc4e-9b14-edbb6fdf6b90" executionId="75e7b5d1-b190-477d-a2cb-bbd1170b79bc" testListId="8c84fa94-04c1-424b-9868-57a2d4851a1d" />
    <TestEntry testId="3870aeb7-ca18-1d65-26d8-0bb8224c78cf" executionId="494087ff-daf2-49c5-95c0-7963e7294479" testListId="8c84fa94-04c1-424b-9868-57a2d4851a1d" />
    <TestEntry testId="0d9f4fdc-a2a5-fbf8-aee6-7b3604263fc1" executionId="5c6279d7-31bf-40b1-be4d-78a3ea6280d0" testListId="8c84fa94-04c1-424b-9868-57a2d4851a1d" />
    <TestEntry testId="2e28e42c-9162-ea86-ee7c-4be86e8a9172" executionId="61b53eaa-dee9-416e-a223-1ddce1d4f358" testListId="8c84fa94-04c1-424b-9868-57a2d4851a1d" />
    <TestEntry testId="67a5fff5-a9ba-c93d-e15a-fd9cef8c70fe" executionId="86c3e348-72e3-4979-ab79-897dab660e75" testListId="8c84fa94-04c1-424b-9868-57a2d4851a1d" />
    <TestEntry testId="a1928051-11a2-a6b7-7afb-e1dd6cf576de" executionId="c166f73d-827e-4075-8b96-62eb10ceb95c" testListId="8c84fa94-04c1-424b-9868-57a2d4851a1d" />
    <TestEntry testId="cae77f6b-db10-e17d-6cb4-fbc9e8964432" executionId="8327de52-eda1-4339-a0e7-0182e5b4bb2c" testListId="8c84fa94-04c1-424b-9868-57a2d4851a1d" />
    <TestEntry testId="10c24b69-658d-c145-4479-1c64baf26b51" executionId="e3f2e56a-c170-4ad9-b47f-24919f1deb78" testListId="8c84fa94-04c1-424b-9868-57a2d4851a1d" />
    <TestEntry testId="eb3e10eb-f844-2f3c-3c8d-2f3c6ccc8768" executionId="1c3f9689-0e4d-4406-9891-529e2664a64e" testListId="8c84fa94-04c1-424b-9868-57a2d4851a1d" />
    <TestEntry testId="7937af4f-f2aa-92c4-618f-fd402b86700f" executionId="9b157dc9-7a58-4fad-b1dc-eca8193ee219" testListId="8c84fa94-04c1-424b-9868-57a2d4851a1d" />
    <TestEntry testId="6f278699-e918-7558-1b80-628899a27dce" executionId="7a467461-722f-4a83-975d-6a01e996b65b" testListId="8c84fa94-04c1-424b-9868-57a2d4851a1d" />
    <TestEntry testId="cf51daba-5f7e-480d-eefa-f7de87323ac1" executionId="0f0a9822-4830-41e6-b696-735d81770420" testListId="8c84fa94-04c1-424b-9868-57a2d4851a1d" />
    <TestEntry testId="c9a1207c-d9a1-96f9-79a3-3203ecaa5f2a" executionId="12d3e96f-ea01-4e54-93da-952e9fd11914" testListId="8c84fa94-04c1-424b-9868-57a2d4851a1d" />
    <TestEntry testId="bf33c890-acbc-744c-bdc6-c8d480114736" executionId="d0e0e3d4-4d03-4704-b060-401ec29428f4" testListId="8c84fa94-04c1-424b-9868-57a2d4851a1d" />
    <TestEntry testId="54584550-b0e9-bcb2-8dae-5e697e1413d2" executionId="77d9448e-1385-4907-9580-2eee4bfd2a74" testListId="8c84fa94-04c1-424b-9868-57a2d4851a1d" />
    <TestEntry testId="38abcc8d-dd68-b0ed-a899-d093db0bf8f8" executionId="599d6e49-b811-4e38-a66b-0ebaf920f9dc" testListId="8c84fa94-04c1-424b-9868-57a2d4851a1d" />
    <TestEntry testId="8038feb2-5154-b239-90af-1834f5f792c8" executionId="10fc0d6c-6c0c-4467-b508-8604539aafef" testListId="8c84fa94-04c1-424b-9868-57a2d4851a1d" />
    <TestEntry testId="1de111ad-d6ed-4be0-a23a-a7e83f72a68a" executionId="96cbea5f-c89f-429b-9d2f-d6f9166d5a63" testListId="8c84fa94-04c1-424b-9868-57a2d4851a1d" />
    <TestEntry testId="1d0e27e6-df96-1813-6fca-0892630fa06f" executionId="49f08a01-c446-4544-83df-997838e8a15f" testListId="8c84fa94-04c1-424b-9868-57a2d4851a1d" />
    <TestEntry testId="faa8a20a-6950-22cd-eeb6-eaa853530a59" executionId="bc8e2639-425f-4e63-b80c-277a1963b3cd" testListId="8c84fa94-04c1-424b-9868-57a2d4851a1d" />
    <TestEntry testId="7fb6a6d1-8289-e6f7-612c-f67b7ca82ece" executionId="1cadcbdd-d4e8-4fdb-846a-7b464f088863" testListId="8c84fa94-04c1-424b-9868-57a2d4851a1d" />
    <TestEntry testId="1f5007c8-d101-bc84-8ed7-bc453749b059" executionId="9ed2a9b7-2efa-444f-9630-fbf3326afee6" testListId="8c84fa94-04c1-424b-9868-57a2d4851a1d" />
    <TestEntry testId="e00e4e82-9829-92ca-577e-abbed4960bae" executionId="aa6eb6bf-728d-43a3-bb58-21503edab147" testListId="8c84fa94-04c1-424b-9868-57a2d4851a1d" />
    <TestEntry testId="6bbab953-4bc8-d065-e600-881d8d722811" executionId="dade22ac-79ea-40b5-be7c-3b27dbbaca67" testListId="8c84fa94-04c1-424b-9868-57a2d4851a1d" />
    <TestEntry testId="db1571ab-84b6-04cd-e7d1-8ce21aaef096" executionId="589423a3-893b-43c8-a09d-fc2fd5aaf5ce" testListId="8c84fa94-04c1-424b-9868-57a2d4851a1d" />
    <TestEntry testId="36c53abc-8f7c-2290-859e-4fde3f442b83" executionId="3c546934-2734-4fda-a289-c7be56a746c9" testListId="8c84fa94-04c1-424b-9868-57a2d4851a1d" />
    <TestEntry testId="dfc514fc-be72-316e-6d26-81f8fe86aada" executionId="73fd678a-96a2-429b-a018-617671e9cf6c" testListId="8c84fa94-04c1-424b-9868-57a2d4851a1d" />
    <TestEntry testId="90a101c1-c170-6c6d-37b4-a78021c38ace" executionId="a848aea0-7ff8-4374-9a4f-488bc023b903" testListId="8c84fa94-04c1-424b-9868-57a2d4851a1d" />
    <TestEntry testId="ccbd4f90-9c9a-2b83-b149-daf0b27cbaec" executionId="09ee619f-ef1a-45e7-84a0-1b2081760157" testListId="8c84fa94-04c1-424b-9868-57a2d4851a1d" />
    <TestEntry testId="a65e9b09-59de-526c-766f-48fe8c330fea" executionId="4da38068-6f0e-4962-aae7-22f19f0aca5e" testListId="8c84fa94-04c1-424b-9868-57a2d4851a1d" />
    <TestEntry testId="31379e9e-44e6-b50f-6723-ed75499baae4" executionId="661e85bb-09c7-4e41-955d-39c769bca020" testListId="8c84fa94-04c1-424b-9868-57a2d4851a1d" />
    <TestEntry testId="6799dda0-4910-5bed-d0de-574c2f951d5a" executionId="93dba6c5-f0d5-4d7f-b1a9-02e32fa090c5" testListId="8c84fa94-04c1-424b-9868-57a2d4851a1d" />
    <TestEntry testId="7d770dc3-5cf3-222a-65b7-3bbb4503c0f4" executionId="8e47a83b-4a11-4e10-abb8-b3ea74ba38bc" testListId="8c84fa94-04c1-424b-9868-57a2d4851a1d" />
    <TestEntry testId="87d10803-faa3-1050-b5df-7d89a80f8413" executionId="6f187ab2-7534-4a60-b2ee-5520b31fa8f2" testListId="8c84fa94-04c1-424b-9868-57a2d4851a1d" />
    <TestEntry testId="9b25c639-07d5-403a-56db-c8e96044cbaa" executionId="4ab210ea-1f5a-439c-8245-039a908a182a" testListId="8c84fa94-04c1-424b-9868-57a2d4851a1d" />
    <TestEntry testId="296abba5-dc5f-4fbe-efa9-f6cdd9f11248" executionId="c91adbd0-b04e-4aaa-a8e9-425a097e0112" testListId="8c84fa94-04c1-424b-9868-57a2d4851a1d" />
    <TestEntry testId="08b3a241-c98a-bddc-19ba-05a58066544c" executionId="f5c3365d-cc07-4c79-8ac2-ab00ec51be18" testListId="8c84fa94-04c1-424b-9868-57a2d4851a1d" />
    <TestEntry testId="f23fed37-3c4c-9bd3-431e-5d3d46f8b0b1" executionId="81e9ab53-340d-4c55-a3dc-72789dc07d90" testListId="8c84fa94-04c1-424b-9868-57a2d4851a1d" />
    <TestEntry testId="f2f00ce0-4029-abfe-7d61-3ece46646f2f" executionId="47d70151-048c-4505-86ec-ecb3dc8b9e32" testListId="8c84fa94-04c1-424b-9868-57a2d4851a1d" />
    <TestEntry testId="82cbeb1d-a634-56d2-0666-fb2966d674a8" executionId="ef5fad58-cbd2-4e81-ae9d-fac405078e3e" testListId="8c84fa94-04c1-424b-9868-57a2d4851a1d" />
    <TestEntry testId="6345c805-8cc8-d039-066e-1ba3130c9c03" executionId="899aa173-3b44-4a2e-a9fc-df52b3d6d76c" testListId="8c84fa94-04c1-424b-9868-57a2d4851a1d" />
    <TestEntry testId="583e0db1-c481-2128-e12b-fb8931deebfa" executionId="2d907924-a946-48a7-825b-3576b7f97d2b" testListId="8c84fa94-04c1-424b-9868-57a2d4851a1d" />
    <TestEntry testId="047c95e4-8c59-bd71-6d73-74f97d75c20a" executionId="c6400821-14ef-485b-b635-65a6d31e2cb8" testListId="8c84fa94-04c1-424b-9868-57a2d4851a1d" />
    <TestEntry testId="1cc07eca-519d-a704-16c4-3c5059557214" executionId="bea15cf7-c003-49c0-9796-c231a5e26ec3" testListId="8c84fa94-04c1-424b-9868-57a2d4851a1d" />
    <TestEntry testId="1b0c1cd2-c7db-95a4-5170-bc9b6bfe0b6e" executionId="77b82cb4-e3f0-48ce-adf6-0e7c91539316" testListId="8c84fa94-04c1-424b-9868-57a2d4851a1d" />
    <TestEntry testId="21d2e96b-8e31-0a47-a466-5c00e9acd5f9" executionId="22fdb21d-5c4d-47f3-b6c1-c36d2086afe3" testListId="8c84fa94-04c1-424b-9868-57a2d4851a1d" />
    <TestEntry testId="e7ae2056-0683-da71-0bcd-74229ea90500" executionId="e98ba049-c639-4481-8d63-09df99cc0f16" testListId="8c84fa94-04c1-424b-9868-57a2d4851a1d" />
    <TestEntry testId="43c6787c-8fbf-96fa-41af-a1c63963b5c1" executionId="ba26c60e-9d26-4b80-a71d-8c22a8cd0c55" testListId="8c84fa94-04c1-424b-9868-57a2d4851a1d" />
    <TestEntry testId="3f07d9fc-5051-731a-1afc-c43bfc67c4ef" executionId="71c21f67-8228-4685-8dde-fad8572a8a9d" testListId="8c84fa94-04c1-424b-9868-57a2d4851a1d" />
    <TestEntry testId="595a52c6-d14d-7e49-d7aa-ef3cccfdd26f" executionId="7127f97d-758f-4493-abbd-cc09794b99e3" testListId="8c84fa94-04c1-424b-9868-57a2d4851a1d" />
    <TestEntry testId="75f26dd7-2fe0-964c-934a-482ea2e86263" executionId="4a320ecf-b030-4c37-8a27-c3fa646a636d" testListId="8c84fa94-04c1-424b-9868-57a2d4851a1d" />
    <TestEntry testId="a4403775-6bb9-b357-8ae2-8d8940e4b05a" executionId="c8214637-1137-4dc1-9bc0-23ab426e7601" testListId="8c84fa94-04c1-424b-9868-57a2d4851a1d" />
    <TestEntry testId="0ddc664a-97e1-cacb-bf26-138c9c0ad2fa" executionId="a4cc950c-1118-4f3f-bff4-7852ff40c88d" testListId="8c84fa94-04c1-424b-9868-57a2d4851a1d" />
    <TestEntry testId="30c05918-8a65-1270-3d76-63d652efa236" executionId="e8c02e3d-b21b-4f3a-93bf-8d394a5f8fe0" testListId="8c84fa94-04c1-424b-9868-57a2d4851a1d" />
    <TestEntry testId="803f60e0-0769-26d9-9849-3f191ea81d5d" executionId="927be999-35e9-48d0-a34c-8d6ca472494c" testListId="8c84fa94-04c1-424b-9868-57a2d4851a1d" />
    <TestEntry testId="11728f23-19c7-1269-1553-0a1598c04f5a" executionId="3e28d631-0c7a-4a27-b646-7756e98966ff" testListId="8c84fa94-04c1-424b-9868-57a2d4851a1d" />
    <TestEntry testId="2e674623-f6ae-735d-8b31-d8cb3e8fab6e" executionId="013775f7-68f1-445d-a399-0ddb825fc1a3" testListId="8c84fa94-04c1-424b-9868-57a2d4851a1d" />
    <TestEntry testId="dc01d294-55e7-2145-01ea-fbae5d578508" executionId="e33209dc-0dbf-47ab-a37f-3e581e5ba426" testListId="8c84fa94-04c1-424b-9868-57a2d4851a1d" />
    <TestEntry testId="ef52ea6d-56ff-3900-6da0-6f65a4451fc1" executionId="0020d547-4c5c-4d8a-b0a7-16499ebf434f" testListId="8c84fa94-04c1-424b-9868-57a2d4851a1d" />
    <TestEntry testId="ae006807-51e5-5870-8f47-3e71cc2af3fb" executionId="b6b3cf2f-f977-439a-94df-1c1a8c3d0bda" testListId="8c84fa94-04c1-424b-9868-57a2d4851a1d" />
    <TestEntry testId="89c39e56-348f-c589-1653-9fcc1c47bca5" executionId="05721553-dc03-4bef-a14b-d262a019b27b" testListId="8c84fa94-04c1-424b-9868-57a2d4851a1d" />
    <TestEntry testId="d6cc3eee-c3c2-1bd9-b01e-f07c084bfa2e" executionId="a5d72dac-4f3a-47dd-b429-c2fdacbfe122" testListId="8c84fa94-04c1-424b-9868-57a2d4851a1d" />
    <TestEntry testId="b66e25be-654e-0dd6-3a8d-0db81588a9f5" executionId="9542c34e-15bc-41ee-bf9b-3b61ff08715a" testListId="8c84fa94-04c1-424b-9868-57a2d4851a1d" />
    <TestEntry testId="6ad6cc02-1937-8af8-dcd2-dd9eef307b0c" executionId="187b188f-fc77-4d1a-9ec0-786936ecd0de" testListId="8c84fa94-04c1-424b-9868-57a2d4851a1d" />
    <TestEntry testId="57c7ba1f-43ef-bfda-883e-2cf7d6fe65d7" executionId="80223cb8-15af-4e78-b3ac-f55377ffd4c0" testListId="8c84fa94-04c1-424b-9868-57a2d4851a1d" />
    <TestEntry testId="1bbe3952-951a-7e49-1f72-d094daf43d41" executionId="9e8a4fc9-bac4-458b-a828-4507a9fbece3" testListId="8c84fa94-04c1-424b-9868-57a2d4851a1d" />
    <TestEntry testId="445a1b6e-b8f6-fbde-bf5f-7f7077972d4b" executionId="6ed87d01-57bc-4565-8b1f-05e0c997fd1d" testListId="8c84fa94-04c1-424b-9868-57a2d4851a1d" />
    <TestEntry testId="30c696b9-b80b-d8f0-3ecd-b71b7e7d9ce9" executionId="0cd61f4a-9fd1-4824-8840-1d5b0ffd8340" testListId="8c84fa94-04c1-424b-9868-57a2d4851a1d" />
    <TestEntry testId="e93d3809-4b52-0c39-5c7d-9460560ed7b8" executionId="fbe7806e-08b8-4ce9-86e1-94fffcad3089" testListId="8c84fa94-04c1-424b-9868-57a2d4851a1d" />
    <TestEntry testId="b78bd4de-cb49-fc64-50e1-ad6716e9c320" executionId="a6765ebf-2924-49e9-8de1-07c4dcaddb83" testListId="8c84fa94-04c1-424b-9868-57a2d4851a1d" />
    <TestEntry testId="8b71d7b3-d1db-2c6c-201b-670afb17ac7f" executionId="93f7cc21-0526-48c2-9a8a-b5b598534433" testListId="8c84fa94-04c1-424b-9868-57a2d4851a1d" />
    <TestEntry testId="6e6b52e9-1523-35f4-24c8-c43110ae949a" executionId="786926f1-10fe-4112-848b-c92ef3709e9e" testListId="8c84fa94-04c1-424b-9868-57a2d4851a1d" />
    <TestEntry testId="9e2e0a8e-d164-8ab7-d537-e45fa5bf63f2" executionId="770e6396-17cb-4196-a6fe-007ed79ba206" testListId="8c84fa94-04c1-424b-9868-57a2d4851a1d" />
    <TestEntry testId="7a404900-482b-ea9c-b680-c5811a13d928" executionId="b8b193e2-dbce-4a2d-8cd0-93434168fe41" testListId="8c84fa94-04c1-424b-9868-57a2d4851a1d" />
    <TestEntry testId="6bdf822f-67d1-9f06-86ef-24abc0bc4045" executionId="eacc82d4-1d56-4e90-9249-4f1b8b0c656e" testListId="8c84fa94-04c1-424b-9868-57a2d4851a1d" />
    <TestEntry testId="4342d400-e805-f161-466b-a7529f7e9ac1" executionId="79098b7b-133e-44b6-b11c-440cadb1ad20" testListId="8c84fa94-04c1-424b-9868-57a2d4851a1d" />
    <TestEntry testId="66491a31-41d9-2d76-6ad3-9fe5771d6317" executionId="62e8f1fa-0957-4e73-b0cb-71a192b96503" testListId="8c84fa94-04c1-424b-9868-57a2d4851a1d" />
    <TestEntry testId="4e789c86-aa3c-b2c0-9dc2-bb3a2232c0f4" executionId="f630c08f-e491-49dc-a2d4-22ebf9e90e57" testListId="8c84fa94-04c1-424b-9868-57a2d4851a1d" />
    <TestEntry testId="2e0f8223-ccd5-81aa-7500-a50d08199f1d" executionId="4ef889f0-ff72-47bd-9291-d176ed2bb123" testListId="8c84fa94-04c1-424b-9868-57a2d4851a1d" />
    <TestEntry testId="47322fbf-eb17-36ed-ea8c-e4e59687ccc0" executionId="46619019-7278-48db-b0e6-b45cd929af0d" testListId="8c84fa94-04c1-424b-9868-57a2d4851a1d" />
    <TestEntry testId="b4f73455-e3e5-98b6-e21f-abea623e40c2" executionId="1010b1c9-b190-4116-96fb-ef5ae3e1e3c1" testListId="8c84fa94-04c1-424b-9868-57a2d4851a1d" />
    <TestEntry testId="143d8870-5c53-2418-4dfa-8e467f1b62db" executionId="99fac83a-95ae-4e7e-a85b-1028487ac895" testListId="8c84fa94-04c1-424b-9868-57a2d4851a1d" />
    <TestEntry testId="28215ce3-d3b7-7e91-ce5f-d3d4098b3a7a" executionId="31f45174-cf28-48a2-abea-f430d38a8735" testListId="8c84fa94-04c1-424b-9868-57a2d4851a1d" />
    <TestEntry testId="eb69a6da-7b34-bcf2-be2b-a01956f41f50" executionId="1dcfbc31-2ade-440d-8ed6-89af38b43a19" testListId="8c84fa94-04c1-424b-9868-57a2d4851a1d" />
    <TestEntry testId="3da18971-21a9-a72a-b818-cb903d0dfed4" executionId="16b361ec-c760-4ab8-be81-322ab978be07" testListId="8c84fa94-04c1-424b-9868-57a2d4851a1d" />
    <TestEntry testId="d0ebe2ef-475f-c03c-7b58-41b2b584c76e" executionId="71c4d19e-ca57-46d6-bc00-265c5f3a5b51" testListId="8c84fa94-04c1-424b-9868-57a2d4851a1d" />
    <TestEntry testId="b28e02f4-0c1a-bde5-1ee8-7a5e811a4ba7" executionId="2c4f3a3e-4bdc-46ac-9e10-172fe28004a1" testListId="8c84fa94-04c1-424b-9868-57a2d4851a1d" />
    <TestEntry testId="cc4fef01-4fac-54cc-d22c-44e1c804ea96" executionId="a870d5c1-1f70-4c44-a356-61ead718fdb9" testListId="8c84fa94-04c1-424b-9868-57a2d4851a1d" />
    <TestEntry testId="f7152e28-755a-07cd-ed54-33343429ed70" executionId="adb33cdd-6593-4960-ac7c-582c3477cf46" testListId="8c84fa94-04c1-424b-9868-57a2d4851a1d" />
    <TestEntry testId="cf0afb25-ba99-25a0-203d-ea343d4f1a71" executionId="a9425cbb-3fe6-4d0b-a847-8cc9a9fdc8e0" testListId="8c84fa94-04c1-424b-9868-57a2d4851a1d" />
    <TestEntry testId="1a4a9b8a-076d-9f4e-452d-1d1badbec109" executionId="1e6df036-0383-4128-84d3-47c006e305ac" testListId="8c84fa94-04c1-424b-9868-57a2d4851a1d" />
    <TestEntry testId="09a6e745-3c39-bd7c-2d77-c800ecf9457a" executionId="d26a4cab-7133-42d8-9fa0-b0956501ed29" testListId="8c84fa94-04c1-424b-9868-57a2d4851a1d" />
    <TestEntry testId="e5f77867-1e49-0438-f9a2-d0b7443d1e69" executionId="2063b40b-acd1-466c-a523-4f231cf9b5a4" testListId="8c84fa94-04c1-424b-9868-57a2d4851a1d" />
    <TestEntry testId="aa9bb383-b11a-9717-78a6-a612531badc3" executionId="e30614fd-a3ad-4e5c-abd0-dd0b5eb51c2f" testListId="8c84fa94-04c1-424b-9868-57a2d4851a1d" />
    <TestEntry testId="2bbde56c-f93e-c79d-89d2-a2dd6435435b" executionId="b2cc877d-e61a-47fb-b094-62c7d96d70e0" testListId="8c84fa94-04c1-424b-9868-57a2d4851a1d" />
    <TestEntry testId="7ebb36d7-38b0-320f-7bb7-d71165094f35" executionId="89919fcd-06b0-4480-bb3a-3ddaddef5ef4" testListId="8c84fa94-04c1-424b-9868-57a2d4851a1d" />
    <TestEntry testId="ea486704-4058-2241-cd90-92b98b3b9960" executionId="7f9242b0-afff-407a-8844-d283084ea5ee" testListId="8c84fa94-04c1-424b-9868-57a2d4851a1d" />
    <TestEntry testId="b7631dc6-53d6-3373-9029-5377bf32271f" executionId="dbe17d6a-a3d1-4c9c-a6e3-52100253a05d" testListId="8c84fa94-04c1-424b-9868-57a2d4851a1d" />
    <TestEntry testId="2c2c226d-e564-00a8-46e7-638007f02f5f" executionId="f4a3f755-6bfe-4850-a6af-4172d9b62de8" testListId="8c84fa94-04c1-424b-9868-57a2d4851a1d" />
    <TestEntry testId="f4990b84-d799-a5b6-ca62-d1d38de346b2" executionId="5514afc3-42d6-4503-bcb3-a2c37f05b93e" testListId="8c84fa94-04c1-424b-9868-57a2d4851a1d" />
    <TestEntry testId="b089e95b-4794-d0d7-42e3-6890f210b1d5" executionId="4fc1cc6c-c360-44b5-91dc-eee95b0dbbf9" testListId="8c84fa94-04c1-424b-9868-57a2d4851a1d" />
    <TestEntry testId="39ce502b-3100-f51b-c8fd-8c809fa038a9" executionId="18c8396c-54c7-42be-8476-d99e99d391bd" testListId="8c84fa94-04c1-424b-9868-57a2d4851a1d" />
    <TestEntry testId="4f135dea-b54b-c9a0-aa4e-913060bdc030" executionId="0702c79b-ec40-4a75-aba4-cbd0b5ca1d69" testListId="8c84fa94-04c1-424b-9868-57a2d4851a1d" />
    <TestEntry testId="f0e28110-2fc5-b41f-e047-46aabe542333" executionId="37b50d4b-2535-4a93-bfaf-19c6bbf86031" testListId="8c84fa94-04c1-424b-9868-57a2d4851a1d" />
    <TestEntry testId="b39e9912-7208-5fa1-1728-6e275729d0ef" executionId="d0278435-7a7a-4e81-9cc5-3b3e79a96961" testListId="8c84fa94-04c1-424b-9868-57a2d4851a1d" />
    <TestEntry testId="945dc882-8715-3a00-17a8-e147fcd4b43e" executionId="bc19857d-ee82-47e0-9d23-cd665ec9d95d" testListId="8c84fa94-04c1-424b-9868-57a2d4851a1d" />
    <TestEntry testId="15ecf8a5-ab91-96d9-c84e-ce965f278b75" executionId="69e74377-b5fa-4f3a-b568-a8ed44b7e9ae" testListId="8c84fa94-04c1-424b-9868-57a2d4851a1d" />
  </TestEntries>
  <TestLists>
    <TestList name="Results Not in a List" id="8c84fa94-04c1-424b-9868-57a2d4851a1d" />
    <TestList name="All Loaded Results" id="19431567-8539-422a-85d7-44ee4e166bda" />
  </TestLists>
  <ResultSummary outcome="Completed">
    <Counters total="173" executed="173" passed="173" failed="0" error="0" timeout="0" aborted="0" inconclusive="0" passedButRunAborted="0" notRunnable="0" notExecuted="0" disconnected="0" warning="0" completed="0" inProgress="0" pending="0" />
    <Output>
      <StdOut>[xUnit.net 00:00:00.00] xUnit.net VSTest Adapter v3.1.5+1b188a7b0a (64-bit .NET 10.0.12)&#xD;
[xUnit.net 00:00:00.15]   Discovering: GoldenTicket.Domain.Tests&#xD;
[xUnit.net 00:00:00.34]   Discovered:  GoldenTicket.Domain.Tests&#xD;
[xUnit.net 00:00:00.49]   Starting:    GoldenTicket.Domain.Tests&#xD;
[xUnit.net 00:00:02.08]   Finished:    GoldenTicket.Domain.Tests (ID = '5310e51516116e835d5d35ae1c6858396e39e7011fec6520e33ff87f91040fbd')&#xD;
</StdOut>
    </Output>
  </ResultSummary>
</TestRun>