<?xml version="1.0" encoding="utf-8"?>
<TestRun id="89c033d8-542f-423f-b02d-94e971755bd1" name="abiem@ABMINIME 2026-09-12 01:28:31" runUser="ABMINIME\abiem" xmlns="http://microsoft.com/schemas/VisualStudio/TeamTest/2010">
  <Times creation="2026-09-12T01:28:31.7317834-07:00" queuing="2026-09-12T01:28:31.7317835-07:00" start="2026-09-12T01:28:30.8378285-07:00" finish="2026-09-12T01:28:33.4435923-07:00" />
  <TestSettings name="default" id="96a9772f-52e3-4bec-9e68-f02f1e0a66d6">
    <Deployment runDeploymentRoot="abiem_ABMINIME_2026-09-12_01_28_31" />
  </TestSettings>
  <Results>
    <UnitTestResult executionId="ec466d2b-3c6d-447e-a615-19ab1f8d6b79" testId="f23fed37-3c4c-9bd3-431e-5d3d46f8b0b1" testName="GoldenTicket.Domain.Tests.SetupAndDrawTests.OnlyTheActiveSeatMayDraw" computerName="ABMINIME" duration="00:00:00.0008584" startTime="2026-09-12T01:28:31.8682892-07:00" endTime="2026-09-12T01:28:31.8691709-07:00" testType="13cdc9d9-ddb5-4fa4-a97d-d965ccfc6d4b" outcome="Passed" testListId="8c84fa94-04c1-424b-9868-57a2d4851a1d" relativeResultsDirectory="ec466d2b-3c6d-447e-a615-19ab1f8d6b79" />
    <UnitTestResult executionId="c426954d-2fb0-4c8b-b3d4-7148f30f2bed" testId="7937af4f-f2aa-92c4-618f-fd402b86700f" testName="GoldenTicket.Domain.Tests.PersistenceAuditTests.MissingOrCorruptSaveMetadataStopsRestore(mutation: &quot;UPDATE Snapshot SET StateVersion = StateVersion + &quot;···)" computerName="ABMINIME" duration="00:00:00.0466457" startTime="2026-09-12T01:28:32.0591132-07:00" endTime="2026-09-12T01:28:32.1057859-07:00" testType="13cdc9d9-ddb5-4fa4-a97d-d965ccfc6d4b" outcome="Passed" testListId="8c84fa94-04c1-424b-9868-57a2d4851a1d" relativeResultsDirectory="c426954d-2fb0-4c8b-b3d4-7148f30f2bed" />
    <UnitTestResult executionId="bff8d497-bed3-496a-94bc-5c881c7a6ed0" testId="135b08cc-3b2c-3ded-3127-d325df88b30e" testName="GoldenTicket.Domain.Tests.PackAwayTests.ASaveNeedsAName(name: &quot;&quot;)" computerName="ABMINIME" duration="00:00:00.0113276" startTime="2026-09-12T01:28:31.9319688-07:00" endTime="2026-09-12T01:28:31.9433187-07:00" testType="13cdc9d9-ddb5-4fa4-a97d-d965ccfc6d4b" outcome="Passed" testListId="8c84fa94-04c1-424b-9868-57a2d4851a1d" relativeResultsDirectory="bff8d497-bed3-496a-94bc-5c881c7a6ed0" />
    <UnitTestResult executionId="777ad030-c9cc-4123-bd00-8ce09107c237" testId="155694f0-43be-a864-6d94-7000df716c9c" testName="GoldenTicket.Domain.Tests.ConnectivitySpikeTests.HostOriginAndCsrfChecksRejectCrossOriginWrites(host: &quot;gt-test.local:8443&quot;, origin: null, header: null, expected: 403)" computerName="ABMINIME" duration="00:00:00.0000448" startTime="2026-09-12T01:28:31.7242544-07:00" endTime="2026-09-12T01:28:31.7243118-07:00" testType="13cdc9d9-ddb5-4fa4-a97d-d965ccfc6d4b" outcome="Passed" testListId="8c84fa94-04c1-424b-9868-57a2d4851a1d" relativeResultsDirectory="777ad030-c9cc-4123-bd00-8ce09107c237" />
    <UnitTestResult executionId="8a4d5a35-dab2-42d8-94fd-317cedb22bca" testId="f716654d-774d-5bf8-ff76-a8658dddba8e" testName="GoldenTicket.Domain.Tests.DesktopFlowTests.ConfirmingAPlacementCommitsTheClaimAndClearsTheInstruction" computerName="ABMINIME" duration="00:00:00.0178288" startTime="2026-09-12T01:28:31.9322566-07:00" endTime="2026-09-12T01:28:31.9501189-07:00" testType="13cdc9d9-ddb5-4fa4-a97d-d965ccfc6d4b" outcome="Passed" testListId="8c84fa94-04c1-424b-9868-57a2d4851a1d" relativeResultsDirectory="8a4d5a35-dab2-42d8-94fd-317cedb22bca" />
    <UnitTestResult executionId="b00bb877-205a-4d7d-8e38-9b81efea680b" testId="7d770dc3-5cf3-222a-65b7-3bbb4503c0f4" testName="GoldenTicket.Domain.Tests.DomainAuditTests.NoSelectableSecondDrawPreservesTheFirstCardAndPausesTheSameTurn" computerName="ABMINIME" duration="00:00:00.0022249" startTime="2026-09-12T01:28:31.9046130-07:00" endTime="2026-09-12T01:28:31.9068676-07:00" testType="13cdc9d9-ddb5-4fa4-a97d-d965ccfc6d4b" outcome="Passed" testListId="8c84fa94-04c1-424b-9868-57a2d4851a1d" relativeResultsDirectory="b00bb877-205a-4d7d-8e38-9b81efea680b" />
    <UnitTestResult executionId="dbbcb9d3-3f5d-4776-853b-6c4629abe966" testId="d9de9808-2a1b-9994-13bf-30c6ee33147c" testName="GoldenTicket.Domain.Tests.ConnectivitySpikeTests.HostOriginAndCsrfChecksRejectCrossOriginWrites(host: &quot;gt-test.local:8443&quot;, origin: &quot;https://evil.example&quot;, header: &quot;1&quot;, expected: 403)" computerName="ABMINIME" duration="00:00:00.0000318" startTime="2026-09-12T01:28:31.7244908-07:00" endTime="2026-09-12T01:28:31.7245318-07:00" testType="13cdc9d9-ddb5-4fa4-a97d-d965ccfc6d4b" outcome="Passed" testListId="8c84fa94-04c1-424b-9868-57a2d4851a1d" relativeResultsDirectory="dbbcb9d3-3f5d-4776-853b-6c4629abe966" />
    <UnitTestResult executionId="9595c9e7-2164-4e92-b86f-995426ee3807" testId="9a726240-980e-6390-dfb1-83dda491d8e8" testName="GoldenTicket.Domain.Tests.ApplicationAuditTests.AnUncertainWriteBlocksFurtherCommandsUntilRestored(committedBeforeFailure: False)" computerName="ABMINIME" duration="00:00:00.0011712" startTime="2026-09-12T01:28:31.9094173-07:00" endTime="2026-09-12T01:28:31.9106071-07:00" testType="13cdc9d9-ddb5-4fa4-a97d-d965ccfc6d4b" outcome="Passed" testListId="8c84fa94-04c1-424b-9868-57a2d4851a1d" relativeResultsDirectory="9595c9e7-2164-4e92-b86f-995426ee3807" />
    <UnitTestResult executionId="367e95b2-059e-417c-84cb-36c3e48eb9dc" testId="575cb546-94b6-c826-8173-91d8cf1cfd28" testName="GoldenTicket.Domain.Tests.CompanionShellTests.TheServiceWorkerCachesEveryAssetThePageReferences" computerName="ABMINIME" duration="00:00:00.0008723" startTime="2026-09-12T01:28:31.7527453-07:00" endTime="2026-09-12T01:28:31.7536377-07:00" testType="13cdc9d9-ddb5-4fa4-a97d-d965ccfc6d4b" outcome="Passed" testListId="8c84fa94-04c1-424b-9868-57a2d4851a1d" relativeResultsDirectory="367e95b2-059e-417c-84cb-36c3e48eb9dc" />
    <UnitTestResult executionId="64733a63-8272-4bb2-a241-54bb50ecbf24" testId="6e6b52e9-1523-35f4-24c8-c43110ae949a" testName="GoldenTicket.Domain.Tests.DesktopAuditTests.RejectedPrivateSelectionPreservesChoicesWithoutPublicErrorDetails" computerName="ABMINIME" duration="00:00:00.0031968" startTime="2026-09-12T01:28:31.9295596-07:00" endTime="2026-09-12T01:28:31.9327806-07:00" testType="13cdc9d9-ddb5-4fa4-a97d-d965ccfc6d4b" outcome="Passed" testListId="8c84fa94-04c1-424b-9868-57a2d4851a1d" relativeResultsDirectory="64733a63-8272-4bb2-a241-54bb50ecbf24" />
    <UnitTestResult executionId="7ce3611b-d092-48da-8cf0-0707eaddd6af" testId="b11292fa-a568-17d3-fde2-688b38203ff1" testName="GoldenTicket.Domain.Tests.ConnectivitySpikeTests.BothHostsRejectOutsidePeersAndPublicNetworkProfiles(peer: &quot;8.8.8.8&quot;, isPrivate: True, expected: 403)" computerName="ABMINIME" duration="00:00:00.0000699" startTime="2026-09-12T01:28:31.7196665-07:00" endTime="2026-09-12T01:28:31.7197567-07:00" testType="13cdc9d9-ddb5-4fa4-a97d-d965ccfc6d4b" outcome="Passed" testListId="8c84fa94-04c1-424b-9868-57a2d4851a1d" relativeResultsDirectory="7ce3611b-d092-48da-8cf0-0707eaddd6af" />
    <UnitTestResult executionId="53a81511-c911-4b26-9933-864a8f10f03b" testId="1cc07eca-519d-a704-16c4-3c5059557214" testName="GoldenTicket.Domain.Tests.PersistenceAuditTests.MissingOrCorruptSaveMetadataStopsRestore(mutation: &quot;UPDATE Event SET Sequence = Sequence + 100;&quot;)" computerName="ABMINIME" duration="00:00:00.0345153" startTime="2026-09-12T01:28:32.4472261-07:00" endTime="2026-09-12T01:28:32.4817678-07:00" testType="13cdc9d9-ddb5-4fa4-a97d-d965ccfc6d4b" outcome="Passed" testListId="8c84fa94-04c1-424b-9868-57a2d4851a1d" relativeResultsDirectory="53a81511-c911-4b26-9933-864a8f10f03b" />
    <UnitTestResult executionId="883d5c63-1afc-4aec-864f-827003aa9e5c" testId="e7ae2056-0683-da71-0bcd-74229ea90500" testName="GoldenTicket.Domain.Tests.ThemeTokenTests.TextPairsMeetTheProjectContrastTarget(foreground: &quot;SecondaryInk&quot;, background: &quot;Parchment&quot;, target: 4.5)" computerName="ABMINIME" duration="00:00:00.0002322" startTime="2026-09-12T01:28:31.7357475-07:00" endTime="2026-09-12T01:28:31.7359955-07:00" testType="13cdc9d9-ddb5-4fa4-a97d-d965ccfc6d4b" outcome="Passed" testListId="8c84fa94-04c1-424b-9868-57a2d4851a1d" relativeResultsDirectory="883d5c63-1afc-4aec-864f-827003aa9e5c" />
    <UnitTestResult executionId="72e54bc7-9376-49bf-9ac5-9b24a8558284" testId="70adc8ba-8b23-7114-677c-365f4a4cbc37" testName="GoldenTicket.Domain.Tests.DesktopPackAwayFlowTests.SavingWithoutANameIsRefusedAndSaysSo" computerName="ABMINIME" duration="00:00:00.0036762" startTime="2026-09-12T01:28:31.9746925-07:00" endTime="2026-09-12T01:28:31.9783882-07:00" testType="13cdc9d9-ddb5-4fa4-a97d-d965ccfc6d4b" outcome="Passed" testListId="8c84fa94-04c1-424b-9868-57a2d4851a1d" relativeResultsDirectory="72e54bc7-9376-49bf-9ac5-9b24a8558284" />
    <UnitTestResult executionId="434dca4b-5c01-4057-86c4-edc0ddadc154" testId="dfdc9d23-9d51-b069-e7f1-a70536669dd3" testName="GoldenTicket.Domain.Tests.ConnectivitySpikeTests.TheResponderIgnoresResponsesSoTwoRespondersCannotLoop" computerName="ABMINIME" duration="00:00:00.0003783" startTime="2026-09-12T01:28:32.0171006-07:00" endTime="2026-09-12T01:28:32.0174992-07:00" testType="13cdc9d9-ddb5-4fa4-a97d-d965ccfc6d4b" outcome="Passed" testListId="8c84fa94-04c1-424b-9868-57a2d4851a1d" relativeResultsDirectory="434dca4b-5c01-4057-86c4-edc0ddadc154" />
    <UnitTestResult executionId="991f67e4-bf8e-4e9f-a848-fc9f43c0a438" testId="e31d0dbf-fa6a-3737-9e45-9777e36a706e" testName="GoldenTicket.Domain.Tests.PersistenceAuditTests.LookingUpAMissingMatchDoesNotCreateAnEmptyDatabase" computerName="ABMINIME" duration="00:00:00.0017478" startTime="2026-09-12T01:28:33.0052844-07:00" endTime="2026-09-12T01:28:33.0070505-07:00" testType="13cdc9d9-ddb5-4fa4-a97d-d965ccfc6d4b" outcome="Passed" testListId="8c84fa94-04c1-424b-9868-57a2d4851a1d" relativeResultsDirectory="991f67e4-bf8e-4e9f-a848-fc9f43c0a438" />
    <UnitTestResult executionId="d6f4f2e5-e914-4309-b1b9-2b50f70d5dbc" testId="80f709be-e4c8-73c7-6c1a-972e17b103e3" testName="GoldenTicket.Domain.Tests.RulesContinuationTests.AFaceUpLocomotiveEndsTheTurnAfterAcceptingTheRefillPolicy" computerName="ABMINIME" duration="00:00:00.2222326" startTime="2026-09-12T01:28:31.6786984-07:00" endTime="2026-09-12T01:28:31.9063354-07:00" testType="13cdc9d9-ddb5-4fa4-a97d-d965ccfc6d4b" outcome="Passed" testListId="8c84fa94-04c1-424b-9868-57a2d4851a1d" relativeResultsDirectory="d6f4f2e5-e914-4309-b1b9-2b50f70d5dbc" />
    <UnitTestResult executionId="d781456d-397e-4627-9175-4cf663640d20" testId="e6fb8d9a-e71a-df4c-692f-f13dfb07a996" testName="GoldenTicket.Domain.Tests.PersistenceAuditTests.CorruptMetadataStaysVisibleAsAnUnavailableSave(mutation: &quot;UPDATE Session SET Lifecycle = '999';&quot;)" computerName="ABMINIME" duration="00:00:00.0387088" startTime="2026-09-12T01:28:32.7566542-07:00" endTime="2026-09-12T01:28:32.7953876-07:00" testType="13cdc9d9-ddb5-4fa4-a97d-d965ccfc6d4b" outcome="Passed" testListId="8c84fa94-04c1-424b-9868-57a2d4851a1d" relativeResultsDirectory="d781456d-397e-4627-9175-4cf663640d20" />
    <UnitTestResult executionId="f75a5734-4d7c-4dbb-af47-6edb62ab98ae" testId="21d2e96b-8e31-0a47-a466-5c00e9acd5f9" testName="GoldenTicket.Domain.Tests.PersistenceAuditTests.MissingOrCorruptSaveMetadataStopsRestore(mutation: &quot;UPDATE Session SET RulesPolicyVersion = 999;&quot;)" computerName="ABMINIME" duration="00:00:00.0390860" startTime="2026-09-12T01:28:32.0197667-07:00" endTime="2026-09-12T01:28:32.0588756-07:00" testType="13cdc9d9-ddb5-4fa4-a97d-d965ccfc6d4b" outcome="Passed" testListId="8c84fa94-04c1-424b-9868-57a2d4851a1d" relativeResultsDirectory="f75a5734-4d7c-4dbb-af47-6edb62ab98ae" />
    <UnitTestResult executionId="20ce31aa-8f45-4c28-bfb1-e83fbf72c990" testId="45ab404f-943c-7165-9eeb-14e00db63c14" testName="GoldenTicket.Domain.Tests.PackAwayTests.ASaveNeedsAName(name: &quot;   &quot;)" computerName="ABMINIME" duration="00:00:00.0059845" startTime="2026-09-12T01:28:31.9257027-07:00" endTime="2026-09-12T01:28:31.9317153-07:00" testType="13cdc9d9-ddb5-4fa4-a97d-d965ccfc6d4b" outcome="Passed" testListId="8c84fa94-04c1-424b-9868-57a2d4851a1d" relativeResultsDirectory="20ce31aa-8f45-4c28-bfb1-e83fbf72c990" />
    <UnitTestResult executionId="cf353d8a-c731-494d-ab0c-726bac508024" testId="82cbeb1d-a634-56d2-0666-fb2966d674a8" testName="GoldenTicket.Domain.Tests.ClaimTests.AParallelLaneClosesItsTwinOnlyAtSmallTables(seatCount: 5, closesTwin: False)" computerName="ABMINIME" duration="00:00:00.0008724" startTime="2026-09-12T01:28:31.8452196-07:00" endTime="2026-09-12T01:28:31.8461100-07:00" testType="13cdc9d9-ddb5-4fa4-a97d-d965ccfc6d4b" outcome="Passed" testListId="8c84fa94-04c1-424b-9868-57a2d4851a1d" relativeResultsDirectory="cf353d8a-c731-494d-ab0c-726bac508024" />
    <UnitTestResult executionId="c07a510b-47d1-46c3-93c1-fcddaac5720f" testId="eb3e10eb-f844-2f3c-3c8d-2f3c6ccc8768" testName="GoldenTicket.Domain.Tests.ApplicationAuditTests.TwoCoordinatorsCannotOverwriteTheSameSavedVersion" computerName="ABMINIME" duration="00:00:00.0016823" startTime="2026-09-12T01:28:31.9269946-07:00" endTime="2026-09-12T01:28:31.9286957-07:00" testType="13cdc9d9-ddb5-4fa4-a97d-d965ccfc6d4b" outcome="Passed" testListId="8c84fa94-04c1-424b-9868-57a2d4851a1d" relativeResultsDirectory="c07a510b-47d1-46c3-93c1-fcddaac5720f" />
    <UnitTestResult executionId="eef04c45-1319-4c32-a063-3b9a02267f3e" testId="ff757c2c-b678-5a56-85a0-32512ad8aa81" testName="GoldenTicket.Domain.Tests.PropertyTests.ACompleteMatchHoldsItsInvariantsAndReplaysToTheSameState(seatCount: 4, seed: 303)" computerName="ABMINIME" duration="00:00:00.2001375" startTime="2026-09-12T01:28:32.0921275-07:00" endTime="2026-09-12T01:28:32.2922985-07:00" testType="13cdc9d9-ddb5-4fa4-a97d-d965ccfc6d4b" outcome="Passed" testListId="8c84fa94-04c1-424b-9868-57a2d4851a1d" relativeResultsDirectory="eef04c45-1319-4c32-a063-3b9a02267f3e" />
    <UnitTestResult executionId="7d58a8d1-d5d0-4491-ba14-9fa5431d635d" testId="4bcce5d7-7a21-7f85-3378-2174dacdbde8" testName="GoldenTicket.Domain.Tests.ApplicationAuditTests.APolicyIgnoringCancellationHasABoundedWaitAndItsLateResultIsDiscarded" computerName="ABMINIME" duration="00:00:00.7630772" startTime="2026-09-12T01:28:31.9316030-07:00" endTime="2026-09-12T01:28:32.6947178-07:00" testType="13cdc9d9-ddb5-4fa4-a97d-d965ccfc6d4b" outcome="Passed" testListId="8c84fa94-04c1-424b-9868-57a2d4851a1d" relativeResultsDirectory="7d58a8d1-d5d0-4491-ba14-9fa5431d635d" />
    <UnitTestResult executionId="28a3cae5-1d06-4097-a2f6-576049dbed1a" testId="9daf6f4f-1292-fc4e-9b14-edbb6fdf6b90" testName="GoldenTicket.Domain.Tests.DomainAuditTests.VersionTwoHashCoversAllFinalScoringEvidence(changedField: &quot;holdsBonus&quot;)" computerName="ABMINIME" duration="00:00:00.0006678" startTime="2026-09-12T01:28:31.8915727-07:00" endTime="2026-09-12T01:28:31.8922726-07:00" testType="13cdc9d9-ddb5-4fa4-a97d-d965ccfc6d4b" outcome="Passed" testListId="8c84fa94-04c1-424b-9868-57a2d4851a1d" relativeResultsDirectory="28a3cae5-1d06-4097-a2f6-576049dbed1a" />
    <UnitTestResult executionId="1d08d167-d473-4051-a9c2-b7e2c964b4c1" testId="b0033021-6c9d-660c-048c-c5534239f17f" testName="GoldenTicket.Domain.Tests.ConnectivitySpikeTests.HostOriginAndCsrfChecksRejectCrossOriginWrites(host: &quot;gt-test.local:8443&quot;, origin: &quot;https://gt-test.local:8443, https://evil.example&quot;, header: &quot;1&quot;, expected: 403)" computerName="ABMINIME" duration="00:00:00.0004706" startTime="2026-09-12T01:28:31.7229592-07:00" endTime="2026-09-12T01:28:31.7234448-07:00" testType="13cdc9d9-ddb5-4fa4-a97d-d965ccfc6d4b" outcome="Passed" testListId="8c84fa94-04c1-424b-9868-57a2d4851a1d" relativeResultsDirectory="1d08d167-d473-4051-a9c2-b7e2c964b4c1" />
    <UnitTestResult executionId="9b16cbcd-6b9d-47a3-9a5a-15a8ed8e7895" testId="cb4c067b-56e5-57de-57d6-0929f33777e3" testName="GoldenTicket.Domain.Tests.ConnectivitySpikeTests.RetainingACookieCannotExtendTheServerSideSessionLifetime" computerName="ABMINIME" duration="00:00:00.0023774" startTime="2026-09-12T01:28:32.3566805-07:00" endTime="2026-09-12T01:28:32.3590856-07:00" testType="13cdc9d9-ddb5-4fa4-a97d-d965ccfc6d4b" outcome="Passed" testListId="8c84fa94-04c1-424b-9868-57a2d4851a1d" relativeResultsDirectory="9b16cbcd-6b9d-47a3-9a5a-15a8ed8e7895" />
    <UnitTestResult executionId="e934e37e-bc5b-4da1-ba95-2138f028cfe7" testId="29496a84-a171-4bec-deaa-32203679ebcc" testName="GoldenTicket.Domain.Tests.PackAwayTests.ARebuildCannotBeStartedForAnotherMatchesCheckpoint" computerName="ABMINIME" duration="00:00:00.0098719" startTime="2026-09-12T01:28:32.0659585-07:00" endTime="2026-09-12T01:28:32.0758547-07:00" testType="13cdc9d9-ddb5-4fa4-a97d-d965ccfc6d4b" outcome="Passed" testListId="8c84fa94-04c1-424b-9868-57a2d4851a1d" relativeResultsDirectory="e934e37e-bc5b-4da1-ba95-2138f028cfe7" />
    <UnitTestResult executionId="c6eca86e-cd43-479d-9dbb-975915c0324b" testId="f35585b9-4597-0536-146b-a2fa0ec2784b" testName="GoldenTicket.Domain.Tests.DomainAuditTests.ConservationRejectsUnknownReplacementCardsAndTickets" computerName="ABMINIME" duration="00:00:00.0014269" startTime="2026-09-12T01:28:31.8671258-07:00" endTime="2026-09-12T01:28:31.8685764-07:00" testType="13cdc9d9-ddb5-4fa4-a97d-d965ccfc6d4b" outcome="Passed" testListId="8c84fa94-04c1-424b-9868-57a2d4851a1d" relativeResultsDirectory="c6eca86e-cd43-479d-9dbb-975915c0324b" />
    <UnitTestResult executionId="6fc539a5-049c-4955-8b7d-cdfc20c727b5" testId="f2f00ce0-4029-abfe-7d61-3ece46646f2f" testName="GoldenTicket.Domain.Tests.PersistenceTests.PrivatePayloadsAreNotReadableInTheDatabaseFile" computerName="ABMINIME" duration="00:00:00.0124136" startTime="2026-09-12T01:28:32.1916917-07:00" endTime="2026-09-12T01:28:32.2041366-07:00" testType="13cdc9d9-ddb5-4fa4-a97d-d965ccfc6d4b" outcome="Passed" testListId="8c84fa94-04c1-424b-9868-57a2d4851a1d" relativeResultsDirectory="6fc539a5-049c-4955-8b7d-cdfc20c727b5" />
    <UnitTestResult executionId="ac674c37-36bd-4428-812a-88d948004d65" testId="63da9583-fcb3-2768-934e-2af73503ba00" testName="GoldenTicket.Domain.Tests.PackAwayTests.TheSavedTargetMatchesTheCommittedBoardExactly" computerName="ABMINIME" duration="00:00:00.0194485" startTime="2026-09-12T01:28:32.1216472-07:00" endTime="2026-09-12T01:28:32.1411395-07:00" testType="13cdc9d9-ddb5-4fa4-a97d-d965ccfc6d4b" outcome="Passed" testListId="8c84fa94-04c1-424b-9868-57a2d4851a1d" relativeResultsDirectory="ac674c37-36bd-4428-812a-88d948004d65" />
    <UnitTestResult executionId="d6d7c2b0-f47f-4aa8-8252-44eb3456ab28" testId="8b71d7b3-d1db-2c6c-201b-670afb17ac7f" testName="GoldenTicket.Domain.Tests.DesktopFlowTests.ComputerSeatsPlayUntilAPlacementNeedsTheOperator" computerName="ABMINIME" duration="00:00:00.0049945" startTime="2026-09-12T01:28:31.9504131-07:00" endTime="2026-09-12T01:28:31.9554258-07:00" testType="13cdc9d9-ddb5-4fa4-a97d-d965ccfc6d4b" outcome="Passed" testListId="8c84fa94-04c1-424b-9868-57a2d4851a1d" relativeResultsDirectory="d6d7c2b0-f47f-4aa8-8252-44eb3456ab28" />
    <UnitTestResult executionId="147783eb-75fe-40ff-8c79-a499658ec689" testId="a8cb4d65-b500-0f14-55ca-05b5efdbad8c" testName="GoldenTicket.Domain.Tests.ConnectivitySpikeTests.PeersMustBelongToTheSelectedSubnet(peer: &quot;192.168.1.50&quot;, prefixLength: 0, allowed: False)" computerName="ABMINIME" duration="00:00:00.0000302" startTime="2026-09-12T01:28:31.7253592-07:00" endTime="2026-09-12T01:28:31.7253997-07:00" testType="13cdc9d9-ddb5-4fa4-a97d-d965ccfc6d4b" outcome="Passed" testListId="8c84fa94-04c1-424b-9868-57a2d4851a1d" relativeResultsDirectory="147783eb-75fe-40ff-8c79-a499658ec689" />
    <UnitTestResult executionId="2be73948-3585-4e93-b853-e27d182a39c0" testId="2d83452e-3410-982b-5dac-5bfd53bb9d36" testName="GoldenTicket.Domain.Tests.PackAwayDurabilityTests.CheckpointMetadataTamperingIsDetected(column: &quot;SourceStateVersion&quot;, changed: &quot;999999&quot;)" computerName="ABMINIME" duration="00:00:00.4660997" startTime="2026-09-12T01:28:31.6786582-07:00" endTime="2026-09-12T01:28:32.1499662-07:00" testType="13cdc9d9-ddb5-4fa4-a97d-d965ccfc6d4b" outcome="Passed" testListId="8c84fa94-04c1-424b-9868-57a2d4851a1d" relativeResultsDirectory="2be73948-3585-4e93-b853-e27d182a39c0" />
    <UnitTestResult executionId="209b0d29-c7d5-4073-a6b3-2d4fa3e8c949" testId="e3784a43-8dcc-9a1e-3b64-d6a5d50604cd" testName="GoldenTicket.Domain.Tests.ConnectivitySpikeTests.BothHostsRejectOutsidePeersAndPublicNetworkProfiles(peer: &quot;127.0.0.1&quot;, isPrivate: False, expected: 200)" computerName="ABMINIME" duration="00:00:00.0000571" startTime="2026-09-12T01:28:31.7199681-07:00" endTime="2026-09-12T01:28:31.7200357-07:00" testType="13cdc9d9-ddb5-4fa4-a97d-d965ccfc6d4b" outcome="Passed" testListId="8c84fa94-04c1-424b-9868-57a2d4851a1d" relativeResultsDirectory="209b0d29-c7d5-4073-a6b3-2d4fa3e8c949" />
    <UnitTestResult executionId="a4265ffc-fd7b-4f5d-af84-8e4e27f7d8b2" testId="2e0f8223-ccd5-81aa-7500-a50d08199f1d" testName="GoldenTicket.Domain.Tests.SetupAndDrawTests.SetupDealsTheProfilesOpeningHandsAndMarket(seatCount: 3)" computerName="ABMINIME" duration="00:00:00.0002204" startTime="2026-09-12T01:28:31.8678931-07:00" endTime="2026-09-12T01:28:31.8681272-07:00" testType="13cdc9d9-ddb5-4fa4-a97d-d965ccfc6d4b" outcome="Passed" testListId="8c84fa94-04c1-424b-9868-57a2d4851a1d" relativeResultsDirectory="a4265ffc-fd7b-4f5d-af84-8e4e27f7d8b2" />
    <UnitTestResult executionId="106ab8f4-4c4e-4ddf-96de-b3697efb6ccb" testId="e00e4e82-9829-92ca-577e-abbed4960bae" testName="GoldenTicket.Domain.Tests.DomainAuditTests.PartialMarketSupplyPausesWithoutDiscardingTheSelectedCard" computerName="ABMINIME" duration="00:00:00.0008673" startTime="2026-09-12T01:28:31.9084034-07:00" endTime="2026-09-12T01:28:31.9092980-07:00" testType="13cdc9d9-ddb5-4fa4-a97d-d965ccfc6d4b" outcome="Passed" testListId="8c84fa94-04c1-424b-9868-57a2d4851a1d" relativeResultsDirectory="106ab8f4-4c4e-4ddf-96de-b3697efb6ccb" />
    <UnitTestResult executionId="663eb54a-c0b0-4e07-9a53-140839b3110b" testId="3d4a81aa-1e42-5875-1975-c7a9febfe2c1" testName="GoldenTicket.Domain.Tests.RulesContinuationTests.AcceptingEitherResetPolicyDisablesFutureResetsEvenWhenSupplyBecomesFeasible(code: &quot;MarketResetUnstable&quot;)" computerName="ABMINIME" duration="00:00:00.0009487" startTime="2026-09-12T01:28:31.9332793-07:00" endTime="2026-09-12T01:28:31.9342563-07:00" testType="13cdc9d9-ddb5-4fa4-a97d-d965ccfc6d4b" outcome="Passed" testListId="8c84fa94-04c1-424b-9868-57a2d4851a1d" relativeResultsDirectory="663eb54a-c0b0-4e07-9a53-140839b3110b" />
    <UnitTestResult executionId="3642676c-3189-4ff0-a4cd-1a9e7ed01d3d" testId="ba49a5dc-4a86-83aa-cb16-4ee09f24ff86" testName="GoldenTicket.Domain.Tests.ConnectivitySpikeTests.DeviceLabelsAreTreatedAsUntrustedText(submitted: &quot;&quot;, expected: &quot;unnamed device&quot;)" computerName="ABMINIME" duration="00:00:00.0001756" startTime="2026-09-12T01:28:32.0182902-07:00" endTime="2026-09-12T01:28:32.0184859-07:00" testType="13cdc9d9-ddb5-4fa4-a97d-d965ccfc6d4b" outcome="Passed" testListId="8c84fa94-04c1-424b-9868-57a2d4851a1d" relativeResultsDirectory="3642676c-3189-4ff0-a4cd-1a9e7ed01d3d" />
    <UnitTestResult executionId="3a84bdb1-5f7d-44ef-b132-03744bb81e28" testId="4342d400-e805-f161-466b-a7529f7e9ac1" testName="GoldenTicket.Domain.Tests.ClaimTests.AColouredRouteAcceptsLocomotivesButNotAnotherColour" computerName="ABMINIME" duration="00:00:00.0100561" startTime="2026-09-12T01:28:31.8679046-07:00" endTime="2026-09-12T01:28:31.8779904-07:00" testType="13cdc9d9-ddb5-4fa4-a97d-d965ccfc6d4b" outcome="Passed" testListId="8c84fa94-04c1-424b-9868-57a2d4851a1d" relativeResultsDirectory="3a84bdb1-5f7d-44ef-b132-03744bb81e28" />
    <UnitTestResult executionId="633df88a-bdb0-4b56-b6d9-351441d2ffe9" testId="d75f2101-259e-559d-150f-975a2f47802c" testName="GoldenTicket.Domain.Tests.ClaimTests.CameraEvidenceIsRefusedBecauseThisBuildDoesNotHaveIt" computerName="ABMINIME" duration="00:00:00.0009477" startTime="2026-09-12T01:28:31.8869768-07:00" endTime="2026-09-12T01:28:31.8879647-07:00" testType="13cdc9d9-ddb5-4fa4-a97d-d965ccfc6d4b" outcome="Passed" testListId="8c84fa94-04c1-424b-9868-57a2d4851a1d" relativeResultsDirectory="633df88a-bdb0-4b56-b6d9-351441d2ffe9" />
    <UnitTestResult executionId="3d01991b-e3b4-4442-9976-ffebc8977381" testId="1bbe3952-951a-7e49-1f72-d094daf43d41" testName="GoldenTicket.Domain.Tests.PersistenceAuditTests.UntrustedSessionIdsCannotReachTheFilesystem(value: &quot;a/b&quot;)" computerName="ABMINIME" duration="00:00:00.0000897" startTime="2026-09-12T01:28:32.7554850-07:00" endTime="2026-09-12T01:28:32.7555894-07:00" testType="13cdc9d9-ddb5-4fa4-a97d-d965ccfc6d4b" outcome="Passed" testListId="8c84fa94-04c1-424b-9868-57a2d4851a1d" relativeResultsDirectory="3d01991b-e3b4-4442-9976-ffebc8977381" />
    <UnitTestResult executionId="2863396c-7738-4c80-9d26-bb00027f6d05" testId="109f75c1-1480-6336-34ad-8bf274e64377" testName="GoldenTicket.Domain.Tests.ConnectivitySpikeTests.IssuingANewCodeInvalidatesTheOldOne" computerName="ABMINIME" duration="00:00:00.0191092" startTime="2026-09-12T01:28:31.6786925-07:00" endTime="2026-09-12T01:28:31.7032710-07:00" testType="13cdc9d9-ddb5-4fa4-a97d-d965ccfc6d4b" outcome="Passed" testListId="8c84fa94-04c1-424b-9868-57a2d4851a1d" relativeResultsDirectory="2863396c-7738-4c80-9d26-bb00027f6d05" />
    <UnitTestResult executionId="7a79b5ec-2fd8-4c91-8814-49bfbc3ac6a3" testId="dd4effe5-f227-d94a-bac2-1de7fc296319" testName="GoldenTicket.Domain.Tests.PackAwayTests.TheRebuildTargetAndItsHistoryCarryNoPrivateInformation" computerName="ABMINIME" duration="00:00:00.0168097" startTime="2026-09-12T01:28:32.0367756-07:00" endTime="2026-09-12T01:28:32.0536111-07:00" testType="13cdc9d9-ddb5-4fa4-a97d-d965ccfc6d4b" outcome="Passed" testListId="8c84fa94-04c1-424b-9868-57a2d4851a1d" relativeResultsDirectory="7a79b5ec-2fd8-4c91-8814-49bfbc3ac6a3" />
    <UnitTestResult executionId="70b8ba87-3900-4005-ad40-99c5b3ffc5cf" testId="d2b776dc-1e8a-d42d-6e97-460f4e9406e8" testName="GoldenTicket.Domain.Tests.RulesContinuationTests.AFullRoundOfPassesEndsTheMatchInsteadOfLooping" computerName="ABMINIME" duration="00:00:00.0032760" startTime="2026-09-12T01:28:31.9762692-07:00" endTime="2026-09-12T01:28:31.9795632-07:00" testType="13cdc9d9-ddb5-4fa4-a97d-d965ccfc6d4b" outcome="Passed" testListId="8c84fa94-04c1-424b-9868-57a2d4851a1d" relativeResultsDirectory="70b8ba87-3900-4005-ad40-99c5b3ffc5cf" />
    <UnitTestResult executionId="479d3fd6-173b-42c4-b582-b19d5ffffcc4" testId="f15a8aef-d09b-1bee-3f3d-7f014f509c71" testName="GoldenTicket.Domain.Tests.DesktopAuditTests.HideOrDeactivationDuringSaveCannotReopenPrivateCards(deactivate: False)" computerName="ABMINIME" duration="00:00:00.0035933" startTime="2026-09-12T01:28:31.9255957-07:00" endTime="2026-09-12T01:28:31.9292150-07:00" testType="13cdc9d9-ddb5-4fa4-a97d-d965ccfc6d4b" outcome="Passed" testListId="8c84fa94-04c1-424b-9868-57a2d4851a1d" relativeResultsDirectory="479d3fd6-173b-42c4-b582-b19d5ffffcc4" />
    <UnitTestResult executionId="d4afe529-1e8c-43e7-97be-d78da3fecd8e" testId="9efa47ed-d9a0-3af2-120e-a53dc1f2fcf0" testName="GoldenTicket.Domain.Tests.PersistenceAuditTests.CorruptMetadataStaysVisibleAsAnUnavailableSave(mutation: &quot;DROP TABLE Session;&quot;)" computerName="ABMINIME" duration="00:00:00.0313908" startTime="2026-09-12T01:28:32.8722292-07:00" endTime="2026-09-12T01:28:32.9036475-07:00" testType="13cdc9d9-ddb5-4fa4-a97d-d965ccfc6d4b" outcome="Passed" testListId="8c84fa94-04c1-424b-9868-57a2d4851a1d" relativeResultsDirectory="d4afe529-1e8c-43e7-97be-d78da3fecd8e" />
    <UnitTestResult executionId="b9ec76f0-4dab-4687-aefb-e09d0f83d612" testId="6ad6cc02-1937-8af8-dcd2-dd9eef307b0c" testName="GoldenTicket.Domain.Tests.PrivacyTests.ThePublicHistoryReportsTicketCountsNotTicketNames" computerName="ABMINIME" duration="00:00:00.0971854" startTime="2026-09-12T01:28:31.6786934-07:00" endTime="2026-09-12T01:28:31.7809972-07:00" testType="13cdc9d9-ddb5-4fa4-a97d-d965ccfc6d4b" outcome="Passed" testListId="8c84fa94-04c1-424b-9868-57a2d4851a1d" relativeResultsDirectory="b9ec76f0-4dab-4687-aefb-e09d0f83d612" />
    <UnitTestResult executionId="d006dea6-e271-4285-aa2e-d1ca931a7d62" testId="0b190877-11bc-0df2-2cff-f8f0a2885ca2" testName="GoldenTicket.Domain.Tests.PersistenceAuditTests.MissingOrCorruptSaveMetadataStopsRestore(mutation: &quot;UPDATE Snapshot SET JournalSequence = JournalSeque&quot;···)" computerName="ABMINIME" duration="00:00:00.0424263" startTime="2026-09-12T01:28:32.2437609-07:00" endTime="2026-09-12T01:28:32.2862186-07:00" testType="13cdc9d9-ddb5-4fa4-a97d-d965ccfc6d4b" outcome="Passed" testListId="8c84fa94-04c1-424b-9868-57a2d4851a1d" relativeResultsDirectory="d006dea6-e271-4285-aa2e-d1ca931a7d62" />
    <UnitTestResult executionId="44f57e4a-0467-4441-8467-a83007a29bbe" testId="0d9e90f8-7c91-f21a-c64a-d50322bd7237" testName="GoldenTicket.Domain.Tests.PersistenceAuditTests.MissingOrCorruptSaveMetadataStopsRestore(mutation: &quot;UPDATE Event SET Visibility = 'Public';&quot;)" computerName="ABMINIME" duration="00:00:00.0578331" startTime="2026-09-12T01:28:32.1062351-07:00" endTime="2026-09-12T01:28:32.1640952-07:00" testType="13cdc9d9-ddb5-4fa4-a97d-d965ccfc6d4b" outcome="Passed" testListId="8c84fa94-04c1-424b-9868-57a2d4851a1d" relativeResultsDirectory="44f57e4a-0467-4441-8467-a83007a29bbe" />
    <UnitTestResult executionId="7e25608b-205c-4faf-9d95-b36daac99d3e" testId="3f046bfc-fcc1-b13f-d53c-ea1146d5abc0" testName="GoldenTicket.Domain.Tests.QrCodeTests.TextThatCannotFitIsRefusedRatherThanTruncated" computerName="ABMINIME" duration="00:00:00.0025224" startTime="2026-09-12T01:28:31.7092398-07:00" endTime="2026-09-12T01:28:31.7117826-07:00" testType="13cdc9d9-ddb5-4fa4-a97d-d965ccfc6d4b" outcome="Passed" testListId="8c84fa94-04c1-424b-9868-57a2d4851a1d" relativeResultsDirectory="7e25608b-205c-4faf-9d95-b36daac99d3e" />
    <UnitTestResult executionId="27e5ed98-d3c9-4bd7-933b-02ec8dd00de6" testId="0347f9f0-4d56-03f7-2987-5b57eccdb43f" testName="GoldenTicket.Domain.Tests.ClaimTests.TheFinalRoundGivesEverySeatIncludingTheTriggerOneMoreTurn" computerName="ABMINIME" duration="00:00:00.1555680" startTime="2026-09-12T01:28:31.6786766-07:00" endTime="2026-09-12T01:28:31.8393461-07:00" testType="13cdc9d9-ddb5-4fa4-a97d-d965ccfc6d4b" outcome="Passed" testListId="8c84fa94-04c1-424b-9868-57a2d4851a1d" relativeResultsDirectory="27e5ed98-d3c9-4bd7-933b-02ec8dd00de6" />
    <UnitTestResult executionId="921b0f16-68b8-4252-9652-e6254c52b47d" testId="f041a7f3-3c33-f5c4-edf6-6d5e4a173da6" testName="GoldenTicket.Domain.Tests.ConnectivitySpikeTests.OnlyPrivateAddressesMayBeServedOn(address: &quot;192.168.1.10&quot;, expected: True)" computerName="ABMINIME" duration="00:00:00.0000285" startTime="2026-09-12T01:28:31.7226467-07:00" endTime="2026-09-12T01:28:31.7226855-07:00" testType="13cdc9d9-ddb5-4fa4-a97d-d965ccfc6d4b" outcome="Passed" testListId="8c84fa94-04c1-424b-9868-57a2d4851a1d" relativeResultsDirectory="921b0f16-68b8-4252-9652-e6254c52b47d" />
    <UnitTestResult executionId="77fc16ea-a000-414e-aed5-ccc1eaff9da3" testId="d421a9ac-71fa-1664-6c53-540fe09b0320" testName="GoldenTicket.Domain.Tests.ConnectivitySpikeTests.HostOriginAndCsrfChecksRejectCrossOriginWrites(host: &quot;gt-test.local:8443&quot;, origin: null, header: &quot;1&quot;, expected: 200)" computerName="ABMINIME" duration="00:00:00.0002835" startTime="2026-09-12T01:28:31.7235581-07:00" endTime="2026-09-12T01:28:31.7238560-07:00" testType="13cdc9d9-ddb5-4fa4-a97d-d965ccfc6d4b" outcome="Passed" testListId="8c84fa94-04c1-424b-9868-57a2d4851a1d" relativeResultsDirectory="77fc16ea-a000-414e-aed5-ccc1eaff9da3" />
    <UnitTestResult executionId="b923d6ba-4b24-4107-9a2a-f026b4583216" testId="20491f84-a6bd-c0ab-b8a4-5fa0d17d0b20" testName="GoldenTicket.Domain.Tests.CompanionShellTests.ThePairingCodeIsNeverDescribedAsPartOfTheQr" computerName="ABMINIME" duration="00:00:00.0001318" startTime="2026-09-12T01:28:31.7543261-07:00" endTime="2026-09-12T01:28:31.7544713-07:00" testType="13cdc9d9-ddb5-4fa4-a97d-d965ccfc6d4b" outcome="Passed" testListId="8c84fa94-04c1-424b-9868-57a2d4851a1d" relativeResultsDirectory="b923d6ba-4b24-4107-9a2a-f026b4583216" />
    <UnitTestResult executionId="5bfed197-78d8-4d65-b220-d6bcf339072c" testId="595a52c6-d14d-7e49-d7aa-ef3cccfdd26f" testName="GoldenTicket.Domain.Tests.PrivacyTests.EveryEventDeclaresAVisibilityAndOnlyPublicOnesStayReadable" computerName="ABMINIME" duration="00:00:00.0112248" startTime="2026-09-12T01:28:31.9076236-07:00" endTime="2026-09-12T01:28:31.9188769-07:00" testType="13cdc9d9-ddb5-4fa4-a97d-d965ccfc6d4b" outcome="Passed" testListId="8c84fa94-04c1-424b-9868-57a2d4851a1d" relativeResultsDirectory="5bfed197-78d8-4d65-b220-d6bcf339072c" />
    <UnitTestResult executionId="29062992-b20d-4d37-b977-e4a36e7ea226" testId="4011be05-71c8-5c29-569f-ac1a2c7d2353" testName="GoldenTicket.Domain.Tests.PackAwayDurabilityTests.ACheckpointIsWrittenReadBackAndRebuiltFromDisk" computerName="ABMINIME" duration="00:00:00.1253613" startTime="2026-09-12T01:28:32.3489289-07:00" endTime="2026-09-12T01:28:32.4743193-07:00" testType="13cdc9d9-ddb5-4fa4-a97d-d965ccfc6d4b" outcome="Passed" testListId="8c84fa94-04c1-424b-9868-57a2d4851a1d" relativeResultsDirectory="29062992-b20d-4d37-b977-e4a36e7ea226" />
    <UnitTestResult executionId="79418806-44ab-41b8-938d-fd5c11cbd094" testId="2598bfcf-4582-1bd9-c9f6-7230c035a288" testName="GoldenTicket.Domain.Tests.QrCodeTests.ASymbolReadsBackAsTheTextItEncodes(text: &quot;A&quot;)" computerName="ABMINIME" duration="00:00:00.0012068" startTime="2026-09-12T01:28:31.8425387-07:00" endTime="2026-09-12T01:28:31.8437664-07:00" testType="13cdc9d9-ddb5-4fa4-a97d-d965ccfc6d4b" outcome="Passed" testListId="8c84fa94-04c1-424b-9868-57a2d4851a1d" relativeResultsDirectory="79418806-44ab-41b8-938d-fd5c11cbd094" />
    <UnitTestResult executionId="3539daba-292a-4e34-b0be-be40a9208c76" testId="b63b117c-92b0-bc9f-d2f0-4f2b7d3e69fd" testName="GoldenTicket.Domain.Tests.RulesContinuationTests.UnknownAcceptedPolicyIdsAreInvariantViolations" computerName="ABMINIME" duration="00:00:00.0009565" startTime="2026-09-12T01:28:31.9492018-07:00" endTime="2026-09-12T01:28:31.9501927-07:00" testType="13cdc9d9-ddb5-4fa4-a97d-d965ccfc6d4b" outcome="Passed" testListId="8c84fa94-04c1-424b-9868-57a2d4851a1d" relativeResultsDirectory="3539daba-292a-4e34-b0be-be40a9208c76" />
    <UnitTestResult executionId="6ddda3ba-551a-45d8-bd98-64fbe0087407" testId="6bbab953-4bc8-d065-e600-881d8d722811" testName="GoldenTicket.Domain.Tests.ClaimTests.NoSeatMayOwnBothLanesOfAParallelRoute" computerName="ABMINIME" duration="00:00:00.0022423" startTime="2026-09-12T01:28:31.8462727-07:00" endTime="2026-09-12T01:28:31.8485316-07:00" testType="13cdc9d9-ddb5-4fa4-a97d-d965ccfc6d4b" outcome="Passed" testListId="8c84fa94-04c1-424b-9868-57a2d4851a1d" relativeResultsDirectory="6ddda3ba-551a-45d8-bd98-64fbe0087407" />
    <UnitTestResult executionId="e1786705-8312-4f6b-85f6-2260079fbce2" testId="d6cc3eee-c3c2-1bd9-b01e-f07c084bfa2e" testName="GoldenTicket.Domain.Tests.PersistenceAuditTests.MissingOrCorruptSaveMetadataStopsRestore(mutation: &quot;UPDATE Event SET SchemaVersion = 999;&quot;)" computerName="ABMINIME" duration="00:00:00.0493384" startTime="2026-09-12T01:28:32.1643183-07:00" endTime="2026-09-12T01:28:32.2136856-07:00" testType="13cdc9d9-ddb5-4fa4-a97d-d965ccfc6d4b" outcome="Passed" testListId="8c84fa94-04c1-424b-9868-57a2d4851a1d" relativeResultsDirectory="e1786705-8312-4f6b-85f6-2260079fbce2" />
    <UnitTestResult executionId="db2d3d8f-cd35-4711-9f53-d04f29079c90" testId="5f7bff5e-b357-cc02-fa34-abb8efdc0e8f" testName="GoldenTicket.Domain.Tests.CompanionShellTests.ThePageAndTheServiceWorkerNameTheSameCache" computerName="ABMINIME" duration="00:00:00.0003978" startTime="2026-09-12T01:28:31.7538004-07:00" endTime="2026-09-12T01:28:31.7542160-07:00" testType="13cdc9d9-ddb5-4fa4-a97d-d965ccfc6d4b" outcome="Passed" testListId="8c84fa94-04c1-424b-9868-57a2d4851a1d" relativeResultsDirectory="db2d3d8f-cd35-4711-9f53-d04f29079c90" />
    <UnitTestResult executionId="ca242e98-ab46-413e-a033-b36d82b9861e" testId="ac9dfc56-e1c9-fb4a-ea62-412ef4a9be8f" testName="GoldenTicket.Domain.Tests.ConnectivitySpikeTests.TheResponderAnswersAQueryForItsOwnName" computerName="ABMINIME" duration="00:00:00.0001513" startTime="2026-09-12T01:28:33.0006725-07:00" endTime="2026-09-12T01:28:33.0008414-07:00" testType="13cdc9d9-ddb5-4fa4-a97d-d965ccfc6d4b" outcome="Passed" testListId="8c84fa94-04c1-424b-9868-57a2d4851a1d" relativeResultsDirectory="ca242e98-ab46-413e-a033-b36d82b9861e" />
    <UnitTestResult executionId="42034d77-1aa1-4e8e-9a37-32c6589fc6f9" testId="7d81fb4a-2786-e53a-bff2-f2660a9268a5" testName="GoldenTicket.Domain.Tests.PackAwayDurabilityTests.CheckpointMetadataTamperingIsDetected(column: &quot;Status&quot;, changed: &quot;Faulted&quot;)" computerName="ABMINIME" duration="00:00:00.0935093" startTime="2026-09-12T01:28:32.1502881-07:00" endTime="2026-09-12T01:28:32.2438339-07:00" testType="13cdc9d9-ddb5-4fa4-a97d-d965ccfc6d4b" outcome="Passed" testListId="8c84fa94-04c1-424b-9868-57a2d4851a1d" relativeResultsDirectory="42034d77-1aa1-4e8e-9a37-32c6589fc6f9" />
    <UnitTestResult executionId="a0ca1ade-a8b8-4359-ac70-cec43f25a11b" testId="1f5007c8-d101-bc84-8ed7-bc453749b059" testName="GoldenTicket.Domain.Tests.DesktopFlowTests.TheTableScreenNeverCarriesAHandOrATicketName" computerName="ABMINIME" duration="00:00:00.0034004" startTime="2026-09-12T01:28:31.9260837-07:00" endTime="2026-09-12T01:28:31.9295088-07:00" testType="13cdc9d9-ddb5-4fa4-a97d-d965ccfc6d4b" outcome="Passed" testListId="8c84fa94-04c1-424b-9868-57a2d4851a1d" relativeResultsDirectory="a0ca1ade-a8b8-4359-ac70-cec43f25a11b" />
    <UnitTestResult executionId="fa41f8af-6486-4207-8d8c-94eedc821228" testId="6799dda0-4910-5bed-d0de-574c2f951d5a" testName="GoldenTicket.Domain.Tests.ScoringTests.TheWitnessIsAValidTrailOfTheReportedLength" computerName="ABMINIME" duration="00:00:00.0034540" startTime="2026-09-12T01:28:31.8516695-07:00" endTime="2026-09-12T01:28:31.8551640-07:00" testType="13cdc9d9-ddb5-4fa4-a97d-d965ccfc6d4b" outcome="Passed" testListId="8c84fa94-04c1-424b-9868-57a2d4851a1d" relativeResultsDirectory="fa41f8af-6486-4207-8d8c-94eedc821228" />
    <UnitTestResult executionId="cf3516fe-675b-4f53-9d40-3dc14c855e9e" testId="07632f31-ef71-c9eb-4b1e-265e1a283d32" testName="GoldenTicket.Domain.Tests.ConnectivitySpikeTests.TheResponderIgnoresQueriesForOtherNames(name: &quot;gt-99999999.local&quot;)" computerName="ABMINIME" duration="00:00:00.0003477" startTime="2026-09-12T01:28:32.0193142-07:00" endTime="2026-09-12T01:28:32.0196787-07:00" testType="13cdc9d9-ddb5-4fa4-a97d-d965ccfc6d4b" outcome="Passed" testListId="8c84fa94-04c1-424b-9868-57a2d4851a1d" relativeResultsDirectory="cf3516fe-675b-4f53-9d40-3dc14c855e9e" />
    <UnitTestResult executionId="5b236a56-8248-4d87-8648-0038fd62a124" testId="219520e9-9942-e234-9dbc-f80293dc143b" testName="GoldenTicket.Domain.Tests.DesktopContinuationAuditTests.RebuildResumeContinuesAnAiTurn" computerName="ABMINIME" duration="00:00:00.2505137" startTime="2026-09-12T01:28:31.6787069-07:00" endTime="2026-09-12T01:28:31.9343933-07:00" testType="13cdc9d9-ddb5-4fa4-a97d-d965ccfc6d4b" outcome="Passed" testListId="8c84fa94-04c1-424b-9868-57a2d4851a1d" relativeResultsDirectory="5b236a56-8248-4d87-8648-0038fd62a124" />
    <UnitTestResult executionId="351db59e-938a-4359-9634-4a479aac0ceb" testId="f0e28110-2fc5-b41f-e047-46aabe542333" testName="GoldenTicket.Domain.Tests.SetupAndDrawTests.TheReplacementCardIsAvailableForTheSecondPick" computerName="ABMINIME" duration="00:00:00.0038269" startTime="2026-09-12T01:28:31.9014535-07:00" endTime="2026-09-12T01:28:31.9053078-07:00" testType="13cdc9d9-ddb5-4fa4-a97d-d965ccfc6d4b" outcome="Passed" testListId="8c84fa94-04c1-424b-9868-57a2d4851a1d" relativeResultsDirectory="351db59e-938a-4359-9634-4a479aac0ceb" />
    <UnitTestResult executionId="850912fc-4f6b-4013-9929-86ba84a33e2a" testId="47c44812-ed30-7b8c-6b9a-227346bd56ac" testName="GoldenTicket.Domain.Tests.SetupAndDrawTests.SetupDealsTheProfilesOpeningHandsAndMarket(seatCount: 5)" computerName="ABMINIME" duration="00:00:00.0002387" startTime="2026-09-12T01:28:31.8675143-07:00" endTime="2026-09-12T01:28:31.8677701-07:00" testType="13cdc9d9-ddb5-4fa4-a97d-d965ccfc6d4b" outcome="Passed" testListId="8c84fa94-04c1-424b-9868-57a2d4851a1d" relativeResultsDirectory="850912fc-4f6b-4013-9929-86ba84a33e2a" />
    <UnitTestResult executionId="5d3be06a-42d2-4c98-a1e8-0ffd3f0e473a" testId="1c982536-6506-ca69-21be-5f60114583c0" testName="GoldenTicket.Domain.Tests.PackAwayTests.PackingAwayAndRebuildingChangesNothingAboutTheGame" computerName="ABMINIME" duration="00:00:00.0192297" startTime="2026-09-12T01:28:32.0768819-07:00" endTime="2026-09-12T01:28:32.0961434-07:00" testType="13cdc9d9-ddb5-4fa4-a97d-d965ccfc6d4b" outcome="Passed" testListId="8c84fa94-04c1-424b-9868-57a2d4851a1d" relativeResultsDirectory="5d3be06a-42d2-4c98-a1e8-0ffd3f0e473a" />
    <UnitTestResult executionId="5d621b90-93c7-47cb-8220-125ee34c7497" testId="306a5984-b006-e49a-b66c-10edea421556" testName="GoldenTicket.Domain.Tests.ConnectivitySpikeTests.PeersMustBelongToTheSelectedSubnet(peer: &quot;192.168.1.54&quot;, prefixLength: 30, allowed: False)" computerName="ABMINIME" duration="00:00:00.0000749" startTime="2026-09-12T01:28:31.7289615-07:00" endTime="2026-09-12T01:28:31.7290786-07:00" testType="13cdc9d9-ddb5-4fa4-a97d-d965ccfc6d4b" outcome="Passed" testListId="8c84fa94-04c1-424b-9868-57a2d4851a1d" relativeResultsDirectory="5d621b90-93c7-47cb-8220-125ee34c7497" />
    <UnitTestResult executionId="942a270d-3465-4909-b09f-50f2937d9de9" testId="fdb9e19e-d415-7e53-e6ca-151090999440" testName="GoldenTicket.Domain.Tests.RulesContinuationTests.APolicyForADifferentPositionIsRefused" computerName="ABMINIME" duration="00:00:00.0007860" startTime="2026-09-12T01:28:31.9505982-07:00" endTime="2026-09-12T01:28:31.9514175-07:00" testType="13cdc9d9-ddb5-4fa4-a97d-d965ccfc6d4b" outcome="Passed" testListId="8c84fa94-04c1-424b-9868-57a2d4851a1d" relativeResultsDirectory="942a270d-3465-4909-b09f-50f2937d9de9" />
    <UnitTestResult executionId="a7b260a2-bcd3-49c8-be71-f55560ec8134" testId="21d8f3ae-f413-3063-f6c6-2d9c84b04945" testName="GoldenTicket.Domain.Tests.DomainAuditTests.ImpossibleMarketAfterSecondPickCannotHaveItsPauseOverwrittenByEndTurn" computerName="ABMINIME" duration="00:00:00.0010509" startTime="2026-09-12T01:28:31.9070802-07:00" endTime="2026-09-12T01:28:31.9081534-07:00" testType="13cdc9d9-ddb5-4fa4-a97d-d965ccfc6d4b" outcome="Passed" testListId="8c84fa94-04c1-424b-9868-57a2d4851a1d" relativeResultsDirectory="a7b260a2-bcd3-49c8-be71-f55560ec8134" />
    <UnitTestResult executionId="f578df9d-4088-44bb-90fc-46372002a595" testId="ef52ea6d-56ff-3900-6da0-6f65a4451fc1" testName="GoldenTicket.Domain.Tests.PropertyTests.ACompleteMatchHoldsItsInvariantsAndReplaysToTheSameState(seatCount: 2, seed: 101)" computerName="ABMINIME" duration="00:00:00.0904509" startTime="2026-09-12T01:28:32.2925044-07:00" endTime="2026-09-12T01:28:32.3829879-07:00" testType="13cdc9d9-ddb5-4fa4-a97d-d965ccfc6d4b" outcome="Passed" testListId="8c84fa94-04c1-424b-9868-57a2d4851a1d" relativeResultsDirectory="f578df9d-4088-44bb-90fc-46372002a595" />
    <UnitTestResult executionId="c0cd2b03-947b-4a92-b0e3-859f1da7a733" testId="4047e2da-2a6c-6dc9-dcf1-62b51e42f9c5" testName="GoldenTicket.Domain.Tests.RulesContinuationTests.ResolvingAnOpeningMarketPauseRestoresTheSetupPhase" computerName="ABMINIME" duration="00:00:00.0007679" startTime="2026-09-12T01:28:31.9296702-07:00" endTime="2026-09-12T01:28:31.9304554-07:00" testType="13cdc9d9-ddb5-4fa4-a97d-d965ccfc6d4b" outcome="Passed" testListId="8c84fa94-04c1-424b-9868-57a2d4851a1d" relativeResultsDirectory="c0cd2b03-947b-4a92-b0e3-859f1da7a733" />
    <UnitTestResult executionId="bf93729b-14a2-4494-9352-695c0ca70561" testId="4070d629-9f3a-2ecd-d3cd-868f46377ca9" testName="GoldenTicket.Domain.Tests.DomainAuditTests.VersionTwoHashCoversAllFinalScoringEvidence(changedField: &quot;shared&quot;)" computerName="ABMINIME" duration="00:00:00.0006620" startTime="2026-09-12T01:28:31.8924483-07:00" endTime="2026-09-12T01:28:31.8931333-07:00" testType="13cdc9d9-ddb5-4fa4-a97d-d965ccfc6d4b" outcome="Passed" testListId="8c84fa94-04c1-424b-9868-57a2d4851a1d" relativeResultsDirectory="bf93729b-14a2-4494-9352-695c0ca70561" />
    <UnitTestResult executionId="f9775369-52ff-4272-8a32-eb5de21099df" testId="246c1d9a-38c2-9842-c0b1-914047364db9" testName="GoldenTicket.Domain.Tests.PersistenceAuditTests.MissingOrCorruptSaveMetadataStopsRestore(mutation: &quot;UPDATE Event SET Encrypted = 2;&quot;)" computerName="ABMINIME" duration="00:00:00.0321285" startTime="2026-09-12T01:28:32.3280870-07:00" endTime="2026-09-12T01:28:32.3602370-07:00" testType="13cdc9d9-ddb5-4fa4-a97d-d965ccfc6d4b" outcome="Passed" testListId="8c84fa94-04c1-424b-9868-57a2d4851a1d" relativeResultsDirectory="f9775369-52ff-4272-8a32-eb5de21099df" />
    <UnitTestResult executionId="af4cea6d-c9dc-4d63-960c-b48d01459219" testId="ffff655f-6e11-4214-2ec7-29abfd7e3850" testName="GoldenTicket.Domain.Tests.PersistenceAuditTests.CorruptMetadataStaysVisibleAsAnUnavailableSave(mutation: &quot;DELETE FROM Session;&quot;)" computerName="ABMINIME" duration="00:00:00.0352747" startTime="2026-09-12T01:28:32.8365815-07:00" endTime="2026-09-12T01:28:32.8718856-07:00" testType="13cdc9d9-ddb5-4fa4-a97d-d965ccfc6d4b" outcome="Passed" testListId="8c84fa94-04c1-424b-9868-57a2d4851a1d" relativeResultsDirectory="af4cea6d-c9dc-4d63-960c-b48d01459219" />
    <UnitTestResult executionId="c6a70451-a724-464d-b19d-b6dc3a678b4f" testId="bf33c890-acbc-744c-bdc6-c8d480114736" testName="GoldenTicket.Domain.Tests.PropertyTests.ACompleteMatchHoldsItsInvariantsAndReplaysToTheSameState(seatCount: 3, seed: 202)" computerName="ABMINIME" duration="00:00:00.4079072" startTime="2026-09-12T01:28:31.6786811-07:00" endTime="2026-09-12T01:28:32.0918801-07:00" testType="13cdc9d9-ddb5-4fa4-a97d-d965ccfc6d4b" outcome="Passed" testListId="8c84fa94-04c1-424b-9868-57a2d4851a1d" relativeResultsDirectory="c6a70451-a724-464d-b19d-b6dc3a678b4f" />
    <UnitTestResult executionId="6f71e08d-9ec2-4b77-9bd5-f7471f892ba9" testId="cde7a6ad-28d5-29b0-3a14-321cbc0fbb9f" testName="GoldenTicket.Domain.Tests.PackAwayTests.ASecondSaveCannotBeStartedWhileOneIsInFlight" computerName="ABMINIME" duration="00:00:00.0138978" startTime="2026-09-12T01:28:31.9524077-07:00" endTime="2026-09-12T01:28:31.9663219-07:00" testType="13cdc9d9-ddb5-4fa4-a97d-d965ccfc6d4b" outcome="Passed" testListId="8c84fa94-04c1-424b-9868-57a2d4851a1d" relativeResultsDirectory="6f71e08d-9ec2-4b77-9bd5-f7471f892ba9" />
    <UnitTestResult executionId="2d0c8d1b-1c78-43b6-b7ce-7f3c1c7e05ce" testId="84e5a464-c39c-5b21-f0dc-ec2db42550ce" testName="GoldenTicket.Domain.Tests.RulesContinuationTests.AcceptingTheSmallerMarketPolicyLetsPlayCarryOn" computerName="ABMINIME" duration="00:00:00.0007517" startTime="2026-09-12T01:28:31.9526107-07:00" endTime="2026-09-12T01:28:31.9533831-07:00" testType="13cdc9d9-ddb5-4fa4-a97d-d965ccfc6d4b" outcome="Passed" testListId="8c84fa94-04c1-424b-9868-57a2d4851a1d" relativeResultsDirectory="2d0c8d1b-1c78-43b6-b7ce-7f3c1c7e05ce" />
    <UnitTestResult executionId="8adf32f3-0998-438b-8e8f-176eb170802a" testId="dfc514fc-be72-316e-6d26-81f8fe86aada" testName="GoldenTicket.Domain.Tests.SetupAndDrawTests.AFaceUpLocomotiveTakesTheWholeTurn" computerName="ABMINIME" duration="00:00:00.0006185" startTime="2026-09-12T01:28:31.8996836-07:00" endTime="2026-09-12T01:28:31.9003229-07:00" testType="13cdc9d9-ddb5-4fa4-a97d-d965ccfc6d4b" outcome="Passed" testListId="8c84fa94-04c1-424b-9868-57a2d4851a1d" relativeResultsDirectory="8adf32f3-0998-438b-8e8f-176eb170802a" />
    <UnitTestResult executionId="299b910f-5a18-44b7-96b3-90b95b348f2f" testId="6345c805-8cc8-d039-066e-1ba3130c9c03" testName="GoldenTicket.Domain.Tests.SetupAndDrawTests.AStaleStateVersionIsRejected" computerName="ABMINIME" duration="00:00:00.1219579" startTime="2026-09-12T01:28:31.6787188-07:00" endTime="2026-09-12T01:28:31.8056489-07:00" testType="13cdc9d9-ddb5-4fa4-a97d-d965ccfc6d4b" outcome="Passed" testListId="8c84fa94-04c1-424b-9868-57a2d4851a1d" relativeResultsDirectory="299b910f-5a18-44b7-96b3-90b95b348f2f" />
    <UnitTestResult executionId="4ab2892e-b170-4651-8e08-78836e8a41b8" testId="e7fd34cc-874c-7863-7134-2c343361e7e8" testName="GoldenTicket.Domain.Tests.QrCodeTests.ASymbolReadsBackAsTheTextItEncodes(text: &quot;http://10.0.0.2:8080/&quot;)" computerName="ABMINIME" duration="00:00:00.0040076" startTime="2026-09-12T01:28:31.8274018-07:00" endTime="2026-09-12T01:28:31.8314396-07:00" testType="13cdc9d9-ddb5-4fa4-a97d-d965ccfc6d4b" outcome="Passed" testListId="8c84fa94-04c1-424b-9868-57a2d4851a1d" relativeResultsDirectory="4ab2892e-b170-4651-8e08-78836e8a41b8" />
    <UnitTestResult executionId="fe04d344-ce45-4c9b-b3e3-32759282058e" testId="59ba151a-9d1d-cbc5-d36f-6c509d9940b7" testName="GoldenTicket.Domain.Tests.PackAwayTests.ConcurrentReadbackRetriesCompleteTheSameCheckpointOnce" computerName="ABMINIME" duration="00:00:00.0080988" startTime="2026-09-12T01:28:31.9441123-07:00" endTime="2026-09-12T01:28:31.9522276-07:00" testType="13cdc9d9-ddb5-4fa4-a97d-d965ccfc6d4b" outcome="Passed" testListId="8c84fa94-04c1-424b-9868-57a2d4851a1d" relativeResultsDirectory="fe04d344-ce45-4c9b-b3e3-32759282058e" />
    <UnitTestResult executionId="08cdfab4-8e40-4e58-adc7-2b7f4f5fb2e1" testId="d75b07bf-0a1f-7d4e-8127-0b85ab699010" testName="GoldenTicket.Domain.Tests.PersistenceAuditTests.UntrustedSessionIdsCannotReachTheFilesystem(value: &quot;a:b&quot;)" computerName="ABMINIME" duration="00:00:00.0001797" startTime="2026-09-12T01:28:32.7559256-07:00" endTime="2026-09-12T01:28:32.7561133-07:00" testType="13cdc9d9-ddb5-4fa4-a97d-d965ccfc6d4b" outcome="Passed" testListId="8c84fa94-04c1-424b-9868-57a2d4851a1d" relativeResultsDirectory="08cdfab4-8e40-4e58-adc7-2b7f4f5fb2e1" />
    <UnitTestResult executionId="93634295-7f81-4a9f-988b-6114c5bbb35b" testId="89c39e56-348f-c589-1653-9fcc1c47bca5" testName="GoldenTicket.Domain.Tests.PersistenceAuditTests.UntrustedSessionIdsCannotReachTheFilesystem(value: &quot;..&quot;)" computerName="ABMINIME" duration="00:00:00.0000616" startTime="2026-09-12T01:28:32.7562096-07:00" endTime="2026-09-12T01:28:32.7562790-07:00" testType="13cdc9d9-ddb5-4fa4-a97d-d965ccfc6d4b" outcome="Passed" testListId="8c84fa94-04c1-424b-9868-57a2d4851a1d" relativeResultsDirectory="93634295-7f81-4a9f-988b-6114c5bbb35b" />
    <UnitTestResult executionId="0d43b62a-59ca-4060-9e05-22b53e4e006e" testId="b66e25be-654e-0dd6-3a8d-0db81588a9f5" testName="GoldenTicket.Domain.Tests.ApplicationAuditTests.PublicAiReportsDoNotIncludeThePolicysPrivateReason" computerName="ABMINIME" duration="00:00:00.0029077" startTime="2026-09-12T01:28:31.9238494-07:00" endTime="2026-09-12T01:28:31.9267860-07:00" testType="13cdc9d9-ddb5-4fa4-a97d-d965ccfc6d4b" outcome="Passed" testListId="8c84fa94-04c1-424b-9868-57a2d4851a1d" relativeResultsDirectory="0d43b62a-59ca-4060-9e05-22b53e4e006e" />
    <UnitTestResult executionId="db0a79a4-0bf9-44be-b642-8c4efa1ad930" testId="80674d4f-36f1-3db5-3502-2a8cc9aff18c" testName="GoldenTicket.Domain.Tests.RulesContinuationTests.EveryPolicySaysWhatItDoesAndWhy" computerName="ABMINIME" duration="00:00:00.0005212" startTime="2026-09-12T01:28:31.9745695-07:00" endTime="2026-09-12T01:28:31.9751072-07:00" testType="13cdc9d9-ddb5-4fa4-a97d-d965ccfc6d4b" outcome="Passed" testListId="8c84fa94-04c1-424b-9868-57a2d4851a1d" relativeResultsDirectory="db0a79a4-0bf9-44be-b642-8c4efa1ad930" />
    <UnitTestResult executionId="e3858676-cc9b-4de2-a7d8-b138971ef8ec" testId="143d8870-5c53-2418-4dfa-8e467f1b62db" testName="GoldenTicket.Domain.Tests.ManifestTests.RecordedDataHashMatchesTheReviewedContent" computerName="ABMINIME" duration="00:00:00.0002388" startTime="2026-09-12T01:28:31.9004267-07:00" endTime="2026-09-12T01:28:31.9006943-07:00" testType="13cdc9d9-ddb5-4fa4-a97d-d965ccfc6d4b" outcome="Passed" testListId="8c84fa94-04c1-424b-9868-57a2d4851a1d" relativeResultsDirectory="e3858676-cc9b-4de2-a7d8-b138971ef8ec" />
    <UnitTestResult executionId="5fd45f64-9ff7-4759-a6a1-3962e523b076" testId="56830db9-5d75-a4ec-4138-8272e678a1f5" testName="GoldenTicket.Domain.Tests.ConnectivitySpikeTests.PeersMustBelongToTheSelectedSubnet(peer: &quot;192.168.2.99&quot;, prefixLength: 24, allowed: False)" computerName="ABMINIME" duration="00:00:00.0002200" startTime="2026-09-12T01:28:31.7248974-07:00" endTime="2026-09-12T01:28:31.7251328-07:00" testType="13cdc9d9-ddb5-4fa4-a97d-d965ccfc6d4b" outcome="Passed" testListId="8c84fa94-04c1-424b-9868-57a2d4851a1d" relativeResultsDirectory="5fd45f64-9ff7-4759-a6a1-3962e523b076" />
    <UnitTestResult executionId="a4d265b5-2ae9-4c48-903d-38aa51662040" testId="ce8441c8-a0b8-6c21-6ce6-518a4c4465f1" testName="GoldenTicket.Domain.Tests.ApplicationAuditTests.ConcurrentDriverCallsDoNotRunTheSamePolicyOrRandomStreamTwice" computerName="ABMINIME" duration="00:00:00.0103251" startTime="2026-09-12T01:28:31.9108829-07:00" endTime="2026-09-12T01:28:31.9212390-07:00" testType="13cdc9d9-ddb5-4fa4-a97d-d965ccfc6d4b" outcome="Passed" testListId="8c84fa94-04c1-424b-9868-57a2d4851a1d" relativeResultsDirectory="a4d265b5-2ae9-4c48-903d-38aa51662040" />
    <UnitTestResult executionId="50224d54-bbf2-40c9-8a67-f9ad79002c05" testId="d0ebe2ef-475f-c03c-7b58-41b2b584c76e" testName="GoldenTicket.Domain.Tests.DomainAuditTests.VersionTwoHashCoversAllFinalScoringEvidence(changedField: &quot;witness&quot;)" computerName="ABMINIME" duration="00:00:00.0016396" startTime="2026-09-12T01:28:31.8881761-07:00" endTime="2026-09-12T01:28:31.8898462-07:00" testType="13cdc9d9-ddb5-4fa4-a97d-d965ccfc6d4b" outcome="Passed" testListId="8c84fa94-04c1-424b-9868-57a2d4851a1d" relativeResultsDirectory="50224d54-bbf2-40c9-8a67-f9ad79002c05" />
    <UnitTestResult executionId="1f43f8b7-5544-4ef7-9c36-06e1472fa40c" testId="15ecf8a5-ab91-96d9-c84e-ce965f278b75" testName="GoldenTicket.Domain.Tests.DomainAuditTests.HashValidationSupportsExistingSavesAndRejectsUnknownVersions" computerName="ABMINIME" duration="00:00:00.0114674" startTime="2026-09-12T01:28:31.8696580-07:00" endTime="2026-09-12T01:28:31.8811413-07:00" testType="13cdc9d9-ddb5-4fa4-a97d-d965ccfc6d4b" outcome="Passed" testListId="8c84fa94-04c1-424b-9868-57a2d4851a1d" relativeResultsDirectory="1f43f8b7-5544-4ef7-9c36-06e1472fa40c" />
    <UnitTestResult executionId="a202ceb5-5a44-4860-80e7-bf9ebf9a7b7a" testId="f8c9197f-9be4-f897-1940-68f75ac9cd3c" testName="GoldenTicket.Domain.Tests.QrCodeTests.ASymbolReadsBackAsTheTextItEncodes(text: &quot;https://gt-ffffffff.local:65535/&quot;)" computerName="ABMINIME" duration="00:00:00.0024842" startTime="2026-09-12T01:28:31.8364587-07:00" endTime="2026-09-12T01:28:31.8389698-07:00" testType="13cdc9d9-ddb5-4fa4-a97d-d965ccfc6d4b" outcome="Passed" testListId="8c84fa94-04c1-424b-9868-57a2d4851a1d" relativeResultsDirectory="a202ceb5-5a44-4860-80e7-bf9ebf9a7b7a" />
    <UnitTestResult executionId="972f7780-70e2-421a-b669-4b8c2a4453db" testId="190a31fe-baae-edf1-6ae1-f552de0844b6" testName="GoldenTicket.Domain.Tests.ConnectivitySpikeTests.TheServerCertificateCoversTheNameAndTheAddressActuallyUsed" computerName="ABMINIME" duration="00:00:00.1459334" startTime="2026-09-12T01:28:31.7337695-07:00" endTime="2026-09-12T01:28:31.8797355-07:00" testType="13cdc9d9-ddb5-4fa4-a97d-d965ccfc6d4b" outcome="Passed" testListId="8c84fa94-04c1-424b-9868-57a2d4851a1d" relativeResultsDirectory="972f7780-70e2-421a-b669-4b8c2a4453db" />
    <UnitTestResult executionId="5ac66f04-4b9e-4779-a4d8-425311ae0d85" testId="0261c905-9ef4-cb4f-6a92-5f69f7c8a208" testName="GoldenTicket.Domain.Tests.PackAwayTests.LogicalHashStillReadsTheOriginalCheckpointFormat" computerName="ABMINIME" duration="00:00:00.0003623" startTime="2026-09-12T01:28:32.1916405-07:00" endTime="2026-09-12T01:28:32.1920238-07:00" testType="13cdc9d9-ddb5-4fa4-a97d-d965ccfc6d4b" outcome="Passed" testListId="8c84fa94-04c1-424b-9868-57a2d4851a1d" relativeResultsDirectory="5ac66f04-4b9e-4779-a4d8-425311ae0d85" />
    <UnitTestResult executionId="3df2b684-f191-4bab-a81a-f3692049e964" testId="adeaa52f-ee52-da24-c9b5-69d27c154d30" testName="GoldenTicket.Domain.Tests.PersistenceTests.RepeatingACommandIdReturnsTheFirstOutcomeWithoutApplyingItTwice" computerName="ABMINIME" duration="00:00:00.3216569" startTime="2026-09-12T01:28:31.6786395-07:00" endTime="2026-09-12T01:28:32.0055853-07:00" testType="13cdc9d9-ddb5-4fa4-a97d-d965ccfc6d4b" outcome="Passed" testListId="8c84fa94-04c1-424b-9868-57a2d4851a1d" relativeResultsDirectory="3df2b684-f191-4bab-a81a-f3692049e964" />
    <UnitTestResult executionId="5689063a-cd7c-4201-96a5-fd5f58d596dc" testId="47322fbf-eb17-36ed-ea8c-e4e59687ccc0" testName="GoldenTicket.Domain.Tests.PersistenceAuditTests.MissingOrCorruptSaveMetadataStopsRestore(mutation: &quot;UPDATE Session SET StoreSchemaVersion = 0;&quot;)" computerName="ABMINIME" duration="00:00:00.0294748" startTime="2026-09-12T01:28:32.2140531-07:00" endTime="2026-09-12T01:28:32.2435561-07:00" testType="13cdc9d9-ddb5-4fa4-a97d-d965ccfc6d4b" outcome="Passed" testListId="8c84fa94-04c1-424b-9868-57a2d4851a1d" relativeResultsDirectory="5689063a-cd7c-4201-96a5-fd5f58d596dc" />
    <UnitTestResult executionId="f71fd0fc-9f9b-44ae-ac4b-0774282ff3cd" testId="062c827b-231a-e9fe-1614-992c3d7ef814" testName="GoldenTicket.Domain.Tests.ConnectivitySpikeTests.DeviceLabelsAreTreatedAsUntrustedText(submitted: &quot;Alex\a's phone&quot;, expected: &quot;Alex's phone&quot;)" computerName="ABMINIME" duration="00:00:00.0002324" startTime="2026-09-12T01:28:32.0189254-07:00" endTime="2026-09-12T01:28:32.0191715-07:00" testType="13cdc9d9-ddb5-4fa4-a97d-d965ccfc6d4b" outcome="Passed" testListId="8c84fa94-04c1-424b-9868-57a2d4851a1d" relativeResultsDirectory="f71fd0fc-9f9b-44ae-ac4b-0774282ff3cd" />
    <UnitTestResult executionId="74dab8de-e649-47aa-b712-95e704ddb528" testId="0a53c106-5b6d-c4a7-10e8-97067f67225b" testName="GoldenTicket.Domain.Tests.DesktopContinuationAuditTests.PackAndRebuildKeepPrivateViewsClosedUntilResume" computerName="ABMINIME" duration="00:00:00.0114181" startTime="2026-09-12T01:28:31.9347395-07:00" endTime="2026-09-12T01:28:31.9461828-07:00" testType="13cdc9d9-ddb5-4fa4-a97d-d965ccfc6d4b" outcome="Passed" testListId="8c84fa94-04c1-424b-9868-57a2d4851a1d" relativeResultsDirectory="74dab8de-e649-47aa-b712-95e704ddb528" />
    <UnitTestResult executionId="a2733770-8169-43bf-830f-4e444c074de1" testId="cf51daba-5f7e-480d-eefa-f7de87323ac1" testName="GoldenTicket.Domain.Tests.ScoringTests.AChainAddsUp" computerName="ABMINIME" duration="00:00:00.0001357" startTime="2026-09-12T01:28:31.8409837-07:00" endTime="2026-09-12T01:28:31.8411362-07:00" testType="13cdc9d9-ddb5-4fa4-a97d-d965ccfc6d4b" outcome="Passed" testListId="8c84fa94-04c1-424b-9868-57a2d4851a1d" relativeResultsDirectory="a2733770-8169-43bf-830f-4e444c074de1" />
    <UnitTestResult executionId="2809c0cd-8a34-48de-9d88-a21db9d9a6c9" testId="19e88864-902f-235c-1a11-05366db79b72" testName="GoldenTicket.Domain.Tests.DomainAuditTests.ManualPlacementRequiresRecordedAttestationDetails(actor: &quot;&quot;, reason: &quot;whole board matches&quot;)" computerName="ABMINIME" duration="00:00:00.1363758" startTime="2026-09-12T01:28:31.6787149-07:00" endTime="2026-09-12T01:28:31.8202077-07:00" testType="13cdc9d9-ddb5-4fa4-a97d-d965ccfc6d4b" outcome="Passed" testListId="8c84fa94-04c1-424b-9868-57a2d4851a1d" relativeResultsDirectory="2809c0cd-8a34-48de-9d88-a21db9d9a6c9" />
    <UnitTestResult executionId="e860708f-9313-45e1-a0ec-864d238c3028" testId="e0b53c41-3f07-c9eb-0429-2f203704b9e1" testName="GoldenTicket.Domain.Tests.PersistenceAuditTests.MissingOrCorruptSaveMetadataStopsRestore(mutation: &quot;UPDATE Session SET StoreSchemaVersion = 999;&quot;)" computerName="ABMINIME" duration="00:00:00.0405050" startTime="2026-09-12T01:28:32.3604370-07:00" endTime="2026-09-12T01:28:32.4009724-07:00" testType="13cdc9d9-ddb5-4fa4-a97d-d965ccfc6d4b" outcome="Passed" testListId="8c84fa94-04c1-424b-9868-57a2d4851a1d" relativeResultsDirectory="e860708f-9313-45e1-a0ec-864d238c3028" />
    <UnitTestResult executionId="29631651-7d4d-4152-93c1-75c50a61486e" testId="57f87c5c-b544-6a41-ff71-066eabc7440a" testName="GoldenTicket.Domain.Tests.SetupAndDrawTests.SetupDealsTheProfilesOpeningHandsAndMarket(seatCount: 4)" computerName="ABMINIME" duration="00:00:00.0004561" startTime="2026-09-12T01:28:31.8669310-07:00" endTime="2026-09-12T01:28:31.8674034-07:00" testType="13cdc9d9-ddb5-4fa4-a97d-d965ccfc6d4b" outcome="Passed" testListId="8c84fa94-04c1-424b-9868-57a2d4851a1d" relativeResultsDirectory="29631651-7d4d-4152-93c1-75c50a61486e" />
    <UnitTestResult executionId="8a16816d-d81f-4690-a0e1-20b45d382a1d" testId="d6d3efac-9a47-1c70-6b2e-96af0d5b5ed1" testName="GoldenTicket.Domain.Tests.RulesContinuationTests.NothingHappensUntilAnOperatorAcceptsThePolicy" computerName="ABMINIME" duration="00:00:00.0006611" startTime="2026-09-12T01:28:31.9798040-07:00" endTime="2026-09-12T01:28:31.9804864-07:00" testType="13cdc9d9-ddb5-4fa4-a97d-d965ccfc6d4b" outcome="Passed" testListId="8c84fa94-04c1-424b-9868-57a2d4851a1d" relativeResultsDirectory="8a16816d-d81f-4690-a0e1-20b45d382a1d" />
    <UnitTestResult executionId="e6836286-d57d-4d88-8948-3dc5dc04e480" testId="0b0b7c57-a3f0-83e2-9ef7-7164923c1a25" testName="GoldenTicket.Domain.Tests.ConnectivitySpikeTests.DeviceLabelsAreTreatedAsUntrustedText(submitted: &quot;   &quot;, expected: &quot;unnamed device&quot;)" computerName="ABMINIME" duration="00:00:00.0002110" startTime="2026-09-12T01:28:32.0185993-07:00" endTime="2026-09-12T01:28:32.0188278-07:00" testType="13cdc9d9-ddb5-4fa4-a97d-d965ccfc6d4b" outcome="Passed" testListId="8c84fa94-04c1-424b-9868-57a2d4851a1d" relativeResultsDirectory="e6836286-d57d-4d88-8948-3dc5dc04e480" />
    <UnitTestResult executionId="c4f18253-b973-48b7-ba04-9ecf03894ade" testId="e8196fcd-c132-816d-71bb-3448c433cc43" testName="GoldenTicket.Domain.Tests.RulesContinuationTests.AnUnknownCodeHasNoPolicy" computerName="ABMINIME" duration="00:00:00.0001914" startTime="2026-09-12T01:28:31.9515902-07:00" endTime="2026-09-12T01:28:31.9518009-07:00" testType="13cdc9d9-ddb5-4fa4-a97d-d965ccfc6d4b" outcome="Passed" testListId="8c84fa94-04c1-424b-9868-57a2d4851a1d" relativeResultsDirectory="c4f18253-b973-48b7-ba04-9ecf03894ade" />
    <UnitTestResult executionId="6786f45c-eeb6-49a7-a163-bdcd284bc0d3" testId="eb69a6da-7b34-bcf2-be2b-a01956f41f50" testName="GoldenTicket.Domain.Tests.ThemeTokenTests.TextPairsMeetTheProjectContrastTarget(foreground: &quot;RailBlue&quot;, background: &quot;Parchment&quot;, target: 4.5)" computerName="ABMINIME" duration="00:00:00.0000148" startTime="2026-09-12T01:28:31.7364545-07:00" endTime="2026-09-12T01:28:31.7364807-07:00" testType="13cdc9d9-ddb5-4fa4-a97d-d965ccfc6d4b" outcome="Passed" testListId="8c84fa94-04c1-424b-9868-57a2d4851a1d" relativeResultsDirectory="6786f45c-eeb6-49a7-a163-bdcd284bc0d3" />
    <UnitTestResult executionId="ce763ec0-86e3-4319-ac40-02f8b75deed3" testId="2c2c226d-e564-00a8-46e7-638007f02f5f" testName="GoldenTicket.Domain.Tests.PersistenceTests.ARejectedCommandIsRememberedSoARetryGetsTheSameAnswer" computerName="ABMINIME" duration="00:00:00.0201092" startTime="2026-09-12T01:28:32.0547340-07:00" endTime="2026-09-12T01:28:32.0748718-07:00" testType="13cdc9d9-ddb5-4fa4-a97d-d965ccfc6d4b" outcome="Passed" testListId="8c84fa94-04c1-424b-9868-57a2d4851a1d" relativeResultsDirectory="ce763ec0-86e3-4319-ac40-02f8b75deed3" />
    <UnitTestResult executionId="57610659-7995-490b-b9f7-adbe7a86dbe1" testId="bda4ac70-b016-0d40-1ac6-0b45c3f1e146" testName="GoldenTicket.Domain.Tests.QrCodeTests.ASymbolReadsBackAsTheTextItEncodes(text: &quot;http://192.168.1.11:8080/&quot;)" computerName="ABMINIME" duration="00:00:00.0032060" startTime="2026-09-12T01:28:31.8391733-07:00" endTime="2026-09-12T01:28:31.8424055-07:00" testType="13cdc9d9-ddb5-4fa4-a97d-d965ccfc6d4b" outcome="Passed" testListId="8c84fa94-04c1-424b-9868-57a2d4851a1d" relativeResultsDirectory="57610659-7995-490b-b9f7-adbe7a86dbe1" />
    <UnitTestResult executionId="31dcaea2-6b03-4673-97f2-a4abb9455a44" testId="9d02fc26-a829-af1f-591b-eb61e8069007" testName="GoldenTicket.Domain.Tests.RulesContinuationTests.APassResetsOnceASeatActsAgain" computerName="ABMINIME" duration="00:00:00.0004704" startTime="2026-09-12T01:28:31.9519207-07:00" endTime="2026-09-12T01:28:31.9524086-07:00" testType="13cdc9d9-ddb5-4fa4-a97d-d965ccfc6d4b" outcome="Passed" testListId="8c84fa94-04c1-424b-9868-57a2d4851a1d" relativeResultsDirectory="31dcaea2-6b03-4673-97f2-a4abb9455a44" />
    <UnitTestResult executionId="26bfe2d5-6d32-4dd4-90b7-d7767cf35fcb" testId="262ef03d-48c8-32b4-aec4-b5f2029c671f" testName="GoldenTicket.Domain.Tests.ConnectivitySpikeTests.MalformedProtectedLeafIsReissuedWithoutChangingTheAuthority" computerName="ABMINIME" duration="00:00:00.2184113" startTime="2026-09-12T01:28:32.1380366-07:00" endTime="2026-09-12T01:28:32.3564822-07:00" testType="13cdc9d9-ddb5-4fa4-a97d-d965ccfc6d4b" outcome="Passed" testListId="8c84fa94-04c1-424b-9868-57a2d4851a1d" relativeResultsDirectory="26bfe2d5-6d32-4dd4-90b7-d7767cf35fcb" />
    <UnitTestResult executionId="a6a4eea6-5127-4461-8be3-f2247187895b" testId="0ddc664a-97e1-cacb-bf26-138c9c0ad2fa" testName="GoldenTicket.Domain.Tests.ScoringTests.MostCompletedTicketsBreaksATieOnPoints" computerName="ABMINIME" duration="00:00:00.1555889" startTime="2026-09-12T01:28:31.6786712-07:00" endTime="2026-09-12T01:28:31.8393458-07:00" testType="13cdc9d9-ddb5-4fa4-a97d-d965ccfc6d4b" outcome="Passed" testListId="8c84fa94-04c1-424b-9868-57a2d4851a1d" relativeResultsDirectory="a6a4eea6-5127-4461-8be3-f2247187895b" />
    <UnitTestResult executionId="3101a9db-266f-4705-ad3a-82a55db0564f" testId="945dc882-8715-3a00-17a8-e147fcd4b43e" testName="GoldenTicket.Domain.Tests.ScoringTests.TheLongestRouteBonusIsSharedByEveryTiedSeat" computerName="ABMINIME" duration="00:00:00.0007726" startTime="2026-09-12T01:28:31.8565074-07:00" endTime="2026-09-12T01:28:31.8573068-07:00" testType="13cdc9d9-ddb5-4fa4-a97d-d965ccfc6d4b" outcome="Passed" testListId="8c84fa94-04c1-424b-9868-57a2d4851a1d" relativeResultsDirectory="3101a9db-266f-4705-ad3a-82a55db0564f" />
    <UnitTestResult executionId="d6cf137f-eced-4255-b319-dfa160895bf4" testId="72af878c-e085-17b7-eaff-468dbc756be5" testName="GoldenTicket.Domain.Tests.RulesContinuationTests.HistoricalResolutionsKeepTheirOriginalStateHashWhenNoRestoredPhaseWasRecorded(duringSetup: True)" computerName="ABMINIME" duration="00:00:00.0004064" startTime="2026-09-12T01:28:31.9739321-07:00" endTime="2026-09-12T01:28:31.9743767-07:00" testType="13cdc9d9-ddb5-4fa4-a97d-d965ccfc6d4b" outcome="Passed" testListId="8c84fa94-04c1-424b-9868-57a2d4851a1d" relativeResultsDirectory="d6cf137f-eced-4255-b319-dfa160895bf4" />
    <UnitTestResult executionId="131f342c-cbba-4abb-8eae-690b655049f2" testId="c3f3934c-643a-9a0f-ac4b-0cd14828d1e1" testName="GoldenTicket.Domain.Tests.PackAwayTests.ACommittedCheckpointIsNotSafeToPackUntilItHasBeenReadBack" computerName="ABMINIME" duration="00:00:00.0077837" startTime="2026-09-12T01:28:32.0144366-07:00" endTime="2026-09-12T01:28:32.0222460-07:00" testType="13cdc9d9-ddb5-4fa4-a97d-d965ccfc6d4b" outcome="Passed" testListId="8c84fa94-04c1-424b-9868-57a2d4851a1d" relativeResultsDirectory="131f342c-cbba-4abb-8eae-690b655049f2" />
    <UnitTestResult executionId="4d8aa007-0f03-470e-a2f1-1ff600f48c27" testId="ccbd4f90-9c9a-2b83-b149-daf0b27cbaec" testName="GoldenTicket.Domain.Tests.ApplicationAuditTests.InvalidAiPaymentFallsBackInsteadOfThrowingOrStalling" computerName="ABMINIME" duration="00:00:00.0023327" startTime="2026-09-12T01:28:31.9288854-07:00" endTime="2026-09-12T01:28:31.9312439-07:00" testType="13cdc9d9-ddb5-4fa4-a97d-d965ccfc6d4b" outcome="Passed" testListId="8c84fa94-04c1-424b-9868-57a2d4851a1d" relativeResultsDirectory="4d8aa007-0f03-470e-a2f1-1ff600f48c27" />
    <UnitTestResult executionId="4b7eab8a-a1af-40a0-8350-16c9c2ed84a8" testId="7a404900-482b-ea9c-b680-c5811a13d928" testName="GoldenTicket.Domain.Tests.ApplicationAuditTests.ForeignSessionIsRejectedBeforeAnyStoreLookupOrRejectionWrite" computerName="ABMINIME" duration="00:00:00.0013751" startTime="2026-09-12T01:28:31.9221428-07:00" endTime="2026-09-12T01:28:31.9235464-07:00" testType="13cdc9d9-ddb5-4fa4-a97d-d965ccfc6d4b" outcome="Passed" testListId="8c84fa94-04c1-424b-9868-57a2d4851a1d" relativeResultsDirectory="4b7eab8a-a1af-40a0-8350-16c9c2ed84a8" />
    <UnitTestResult executionId="f945a932-f85e-41a6-815d-bba9923ae3d4" testId="bb7f4389-d8f4-7191-f31e-9c3f9a313eba" testName="GoldenTicket.Domain.Tests.ConnectivitySpikeTests.MovingToADifferentNetworkReissuesTheLeafButKeepsTheAuthority" computerName="ABMINIME" duration="00:00:00.1469614" startTime="2026-09-12T01:28:32.3594345-07:00" endTime="2026-09-12T01:28:32.5064311-07:00" testType="13cdc9d9-ddb5-4fa4-a97d-d965ccfc6d4b" outcome="Passed" testListId="8c84fa94-04c1-424b-9868-57a2d4851a1d" relativeResultsDirectory="f945a932-f85e-41a6-815d-bba9923ae3d4" />
    <UnitTestResult executionId="45bc7eb1-a5a0-4f07-afe7-98051b0e358f" testId="f7081ece-4b26-09f0-3d97-c29790f6a71d" testName="GoldenTicket.Domain.Tests.PersistenceAuditTests.DuplicateCreateCannotReplaceAnExistingSessionsEncryptionKey" computerName="ABMINIME" duration="00:00:00.0286760" startTime="2026-09-12T01:28:33.0800971-07:00" endTime="2026-09-12T01:28:33.1087998-07:00" testType="13cdc9d9-ddb5-4fa4-a97d-d965ccfc6d4b" outcome="Passed" testListId="8c84fa94-04c1-424b-9868-57a2d4851a1d" relativeResultsDirectory="45bc7eb1-a5a0-4f07-afe7-98051b0e358f" />
    <UnitTestResult executionId="db5447b7-86c9-4f3c-88fb-26d6dabb98d2" testId="f4990b84-d799-a5b6-ca62-d1d38de346b2" testName="GoldenTicket.Domain.Tests.ClaimTests.ConfirmedPlacementSpendsScoresAndEndsTheTurnExactlyOnce" computerName="ABMINIME" duration="00:00:00.0035836" startTime="2026-09-12T01:28:31.8987930-07:00" endTime="2026-09-12T01:28:31.9024041-07:00" testType="13cdc9d9-ddb5-4fa4-a97d-d965ccfc6d4b" outcome="Passed" testListId="8c84fa94-04c1-424b-9868-57a2d4851a1d" relativeResultsDirectory="db5447b7-86c9-4f3c-88fb-26d6dabb98d2" />
    <UnitTestResult executionId="373224d4-5705-4cc1-9528-90a3c9fa3e39" testId="d6dc4cca-2ad8-d9b4-3d99-3db303d7f8ed" testName="GoldenTicket.Domain.Tests.PrivacyTests.ASeatViewNeverCarriesAnotherSeatsCardsOrTheDeckOrder" computerName="ABMINIME" duration="00:00:00.0991563" startTime="2026-09-12T01:28:31.7812376-07:00" endTime="2026-09-12T01:28:31.8804195-07:00" testType="13cdc9d9-ddb5-4fa4-a97d-d965ccfc6d4b" outcome="Passed" testListId="8c84fa94-04c1-424b-9868-57a2d4851a1d" relativeResultsDirectory="373224d4-5705-4cc1-9528-90a3c9fa3e39" />
    <UnitTestResult executionId="fdd5c13f-0222-4e21-bf5c-d2fcc12f0460" testId="9a02ac9c-355a-26bf-3516-1894a42de854" testName="GoldenTicket.Domain.Tests.ConnectivitySpikeTests.HostOriginAndCsrfChecksRejectCrossOriginWrites(host: &quot;evil.example:8443&quot;, origin: &quot;https://gt-test.local:8443&quot;, header: &quot;1&quot;, expected: 421)" computerName="ABMINIME" duration="00:00:00.0000511" startTime="2026-09-12T01:28:31.7239552-07:00" endTime="2026-09-12T01:28:31.7240169-07:00" testType="13cdc9d9-ddb5-4fa4-a97d-d965ccfc6d4b" outcome="Passed" testListId="8c84fa94-04c1-424b-9868-57a2d4851a1d" relativeResultsDirectory="fdd5c13f-0222-4e21-bf5c-d2fcc12f0460" />
    <UnitTestResult executionId="5baa8ecc-02f4-43af-9bc9-768e7cde3736" testId="50f9151c-71fa-60d5-3561-7e5be13582b4" testName="GoldenTicket.Domain.Tests.ConnectivitySpikeTests.PeersMustBelongToTheSelectedSubnet(peer: &quot;8.8.8.8&quot;, prefixLength: 8, allowed: False)" computerName="ABMINIME" duration="00:00:00.0000954" startTime="2026-09-12T01:28:31.7281150-07:00" endTime="2026-09-12T01:28:31.7282337-07:00" testType="13cdc9d9-ddb5-4fa4-a97d-d965ccfc6d4b" outcome="Passed" testListId="8c84fa94-04c1-424b-9868-57a2d4851a1d" relativeResultsDirectory="5baa8ecc-02f4-43af-9bc9-768e7cde3736" />
    <UnitTestResult executionId="20a64abe-bddb-4c22-9a80-9aa75c69d559" testId="75f26dd7-2fe0-964c-934a-482ea2e86263" testName="GoldenTicket.Domain.Tests.PersistenceAuditTests.UntrustedSessionIdsCannotReachTheFilesystem(value: &quot;..\\..\\victim&quot;)" computerName="ABMINIME" duration="00:00:00.0009165" startTime="2026-09-12T01:28:32.7540281-07:00" endTime="2026-09-12T01:28:32.7549631-07:00" testType="13cdc9d9-ddb5-4fa4-a97d-d965ccfc6d4b" outcome="Passed" testListId="8c84fa94-04c1-424b-9868-57a2d4851a1d" relativeResultsDirectory="20a64abe-bddb-4c22-9a80-9aa75c69d559" />
    <UnitTestResult executionId="89408dab-a1a9-48fa-b581-2643edfb87d2" testId="c7cce80b-a956-76ea-16b6-3f6e67168b0f" testName="GoldenTicket.Domain.Tests.ConnectivitySpikeTests.PeersMustBelongToTheSelectedSubnet(peer: &quot;192.168.1.99&quot;, prefixLength: 24, allowed: True)" computerName="ABMINIME" duration="00:00:00.0000899" startTime="2026-09-12T01:28:31.7284652-07:00" endTime="2026-09-12T01:28:31.7285835-07:00" testType="13cdc9d9-ddb5-4fa4-a97d-d965ccfc6d4b" outcome="Passed" testListId="8c84fa94-04c1-424b-9868-57a2d4851a1d" relativeResultsDirectory="89408dab-a1a9-48fa-b581-2643edfb87d2" />
    <UnitTestResult executionId="58770d4b-dc7e-459f-8f55-b43d35613100" testId="56514a5d-ca4d-db8d-2fc8-35678270319f" testName="GoldenTicket.Domain.Tests.QrCodeTests.ASymbolReadsBackAsTheTextItEncodes(text: &quot;https://gt-1a2b3c4d.local:8443/&quot;)" computerName="ABMINIME" duration="00:00:00.0023762" startTime="2026-09-12T01:28:31.8316204-07:00" endTime="2026-09-12T01:28:31.8340197-07:00" testType="13cdc9d9-ddb5-4fa4-a97d-d965ccfc6d4b" outcome="Passed" testListId="8c84fa94-04c1-424b-9868-57a2d4851a1d" relativeResultsDirectory="58770d4b-dc7e-459f-8f55-b43d35613100" />
    <UnitTestResult executionId="0c0b06cc-1306-4d67-ab02-180bb2248885" testId="247a8f10-67e2-3311-73df-55184098f94d" testName="GoldenTicket.Domain.Tests.QrCodeTests.TheSmallestSymbolThatFitsIsChosen" computerName="ABMINIME" duration="00:00:00.0015347" startTime="2026-09-12T01:28:31.7119637-07:00" endTime="2026-09-12T01:28:31.7135185-07:00" testType="13cdc9d9-ddb5-4fa4-a97d-d965ccfc6d4b" outcome="Passed" testListId="8c84fa94-04c1-424b-9868-57a2d4851a1d" relativeResultsDirectory="0c0b06cc-1306-4d67-ab02-180bb2248885" />
    <UnitTestResult executionId="389a2005-346c-47fb-a16b-ab470a4ca4d6" testId="12cb3500-d7d9-bab9-2901-2b61d9da7f3b" testName="GoldenTicket.Domain.Tests.RulesContinuationTests.APolicyTheOperatorWasNotShownIsRefused" computerName="ABMINIME" duration="00:00:00.0005764" startTime="2026-09-12T01:28:31.9306541-07:00" endTime="2026-09-12T01:28:31.9312537-07:00" testType="13cdc9d9-ddb5-4fa4-a97d-d965ccfc6d4b" outcome="Passed" testListId="8c84fa94-04c1-424b-9868-57a2d4851a1d" relativeResultsDirectory="389a2005-346c-47fb-a16b-ab470a4ca4d6" />
    <UnitTestResult executionId="1ba6442c-244f-4256-9a97-9d095d700cc4" testId="b6965f07-3f31-0c73-f0fa-668aa8be2a3f" testName="GoldenTicket.Domain.Tests.QrCodeTests.ModulesOutsideTheSymbolReadLight" computerName="ABMINIME" duration="00:00:00.0176140" startTime="2026-09-12T01:28:31.6787083-07:00" endTime="2026-09-12T01:28:31.7032769-07:00" testType="13cdc9d9-ddb5-4fa4-a97d-d965ccfc6d4b" outcome="Passed" testListId="8c84fa94-04c1-424b-9868-57a2d4851a1d" relativeResultsDirectory="1ba6442c-244f-4256-9a97-9d095d700cc4" />
    <UnitTestResult executionId="7d31dde7-cfe0-483b-aaf7-3269070558a1" testId="39030b7a-d138-2209-3cd3-cc7449fac6c5" testName="GoldenTicket.Domain.Tests.RulesContinuationTests.UnknownPolicyVersionsCannotBeSilentlyReplayedAsCurrentPolicies" computerName="ABMINIME" duration="00:00:00.0008283" startTime="2026-09-12T01:28:31.9752541-07:00" endTime="2026-09-12T01:28:31.9760978-07:00" testType="13cdc9d9-ddb5-4fa4-a97d-d965ccfc6d4b" outcome="Passed" testListId="8c84fa94-04c1-424b-9868-57a2d4851a1d" relativeResultsDirectory="7d31dde7-cfe0-483b-aaf7-3269070558a1" />
    <UnitTestResult executionId="b45dd101-a98d-4718-b3ab-6503acf8bbcd" testId="b9085433-1df9-a18b-4ef8-ff170c0e276a" testName="GoldenTicket.Domain.Tests.PackAwayTests.LogicalHashCoversAcceptedPoliciesAndConsecutivePasses" computerName="ABMINIME" duration="00:00:00.0005926" startTime="2026-09-12T01:28:32.0760626-07:00" endTime="2026-09-12T01:28:32.0766726-07:00" testType="13cdc9d9-ddb5-4fa4-a97d-d965ccfc6d4b" outcome="Passed" testListId="8c84fa94-04c1-424b-9868-57a2d4851a1d" relativeResultsDirectory="b45dd101-a98d-4718-b3ab-6503acf8bbcd" />
    <UnitTestResult executionId="6e079276-5230-4b3b-9751-e1600978bc0b" testId="a6f60ed4-6b93-9c3c-8ea2-f83e7df7ee01" testName="GoldenTicket.Domain.Tests.DomainAuditTests.AClaimMustStillReferToTheCurrentBoardRevisionAtCommit" computerName="ABMINIME" duration="00:00:00.0005136" startTime="2026-09-12T01:28:31.8813258-07:00" endTime="2026-09-12T01:28:31.8818569-07:00" testType="13cdc9d9-ddb5-4fa4-a97d-d965ccfc6d4b" outcome="Passed" testListId="8c84fa94-04c1-424b-9868-57a2d4851a1d" relativeResultsDirectory="6e079276-5230-4b3b-9751-e1600978bc0b" />
    <UnitTestResult executionId="b612dbee-9f15-4f27-a48f-c3df4646a894" testId="b136b9a3-d4d2-686c-e27e-77d8b5481a0f" testName="GoldenTicket.Domain.Tests.CompanionShellTests.TheShellHasNoStrayControlCharacters(file: &quot;manifest.webmanifest&quot;)" computerName="ABMINIME" duration="00:00:00.0001867" startTime="2026-09-12T01:28:31.7478131-07:00" endTime="2026-09-12T01:28:31.7480199-07:00" testType="13cdc9d9-ddb5-4fa4-a97d-d965ccfc6d4b" outcome="Passed" testListId="8c84fa94-04c1-424b-9868-57a2d4851a1d" relativeResultsDirectory="b612dbee-9f15-4f27-a48f-c3df4646a894" />
    <UnitTestResult executionId="2563f096-60c8-48ab-83d9-77f3b2f23fa8" testId="e5f77867-1e49-0438-f9a2-d0b7443d1e69" testName="GoldenTicket.Domain.Tests.DesktopFlowTests.ThePrivateViewShowsThisSeatsCardsAndDisappearsWhenHidden" computerName="ABMINIME" duration="00:00:00.0038490" startTime="2026-09-12T01:28:31.9220368-07:00" endTime="2026-09-12T01:28:31.9259107-07:00" testType="13cdc9d9-ddb5-4fa4-a97d-d965ccfc6d4b" outcome="Passed" testListId="8c84fa94-04c1-424b-9868-57a2d4851a1d" relativeResultsDirectory="2563f096-60c8-48ab-83d9-77f3b2f23fa8" />
    <UnitTestResult executionId="d80fe18d-f170-4031-accd-cb62cbdbf236" testId="296abba5-dc5f-4fbe-efa9-f6cdd9f11248" testName="GoldenTicket.Domain.Tests.PersistenceAuditTests.FailedRestoreDoesNotExposePrivateTicketsInItsError" computerName="ABMINIME" duration="00:00:00.0287463" startTime="2026-09-12T01:28:33.0471832-07:00" endTime="2026-09-12T01:28:33.0759567-07:00" testType="13cdc9d9-ddb5-4fa4-a97d-d965ccfc6d4b" outcome="Passed" testListId="8c84fa94-04c1-424b-9868-57a2d4851a1d" relativeResultsDirectory="d80fe18d-f170-4031-accd-cb62cbdbf236" />
    <UnitTestResult executionId="423416d2-8f07-4287-84b5-4f380cde46ef" testId="db34df34-e021-e2da-4be7-0cc0942d9379" testName="GoldenTicket.Domain.Tests.ConnectivitySpikeTests.RevokingADeviceEndsItsSession" computerName="ABMINIME" duration="00:00:00.0003805" startTime="2026-09-12T01:28:32.0176780-07:00" endTime="2026-09-12T01:28:32.0180791-07:00" testType="13cdc9d9-ddb5-4fa4-a97d-d965ccfc6d4b" outcome="Passed" testListId="8c84fa94-04c1-424b-9868-57a2d4851a1d" relativeResultsDirectory="423416d2-8f07-4287-84b5-4f380cde46ef" />
    <UnitTestResult executionId="f2b2e959-a9af-49e0-8079-1589848783f2" testId="803f60e0-0769-26d9-9849-3f191ea81d5d" testName="GoldenTicket.Domain.Tests.ManifestTests.ScoringLadderMatchesThePinnedProfile" computerName="ABMINIME" duration="00:00:00.0007138" startTime="2026-09-12T01:28:31.9162016-07:00" endTime="2026-09-12T01:28:31.9169493-07:00" testType="13cdc9d9-ddb5-4fa4-a97d-d965ccfc6d4b" outcome="Passed" testListId="8c84fa94-04c1-424b-9868-57a2d4851a1d" relativeResultsDirectory="f2b2e959-a9af-49e0-8079-1589848783f2" />
[...]
    <TestEntry testId="1168782e-09f3-397c-bdc7-d97271a9e50e" executionId="062a3daf-24e2-4cc5-85d0-db2975c49e06" testListId="8c84fa94-04c1-424b-9868-57a2d4851a1d" />
    <TestEntry testId="277bae95-644c-73d7-d1e6-6c9f6a218e83" executionId="8c982f44-50eb-459b-9dcc-8dfe5b0b8d04" testListId="8c84fa94-04c1-424b-9868-57a2d4851a1d" />
    <TestEntry testId="4e9fc902-5768-bb15-b6b1-2f34fad34085" executionId="ab4a8323-c780-4570-be8e-2d1e71251b05" testListId="8c84fa94-04c1-424b-9868-57a2d4851a1d" />
    <TestEntry testId="d8c4e60c-c697-c19e-9bb9-6504be3b15a9" executionId="f2e9fda7-9f39-4c87-b5c9-18fccf9afb10" testListId="8c84fa94-04c1-424b-9868-57a2d4851a1d" />
    <TestEntry testId="f7152e28-755a-07cd-ed54-33343429ed70" executionId="e6bce3b4-b2d0-4e3a-a046-325b03990216" testListId="8c84fa94-04c1-424b-9868-57a2d4851a1d" />
    <TestEntry testId="dc01d294-55e7-2145-01ea-fbae5d578508" executionId="1f0a48d2-78cd-43de-9c73-0eb4aa72a1c7" testListId="8c84fa94-04c1-424b-9868-57a2d4851a1d" />
    <TestEntry testId="72eba5e2-c155-2f50-c4d4-aecd5b7da732" executionId="c4d36de2-e24e-4235-aaae-3dc1a292c1f1" testListId="8c84fa94-04c1-424b-9868-57a2d4851a1d" />
    <TestEntry testId="8fcfa4b1-8e62-316b-fa84-3fe04abe7305" executionId="a388794e-e4e4-4d17-8554-b6dba1144249" testListId="8c84fa94-04c1-424b-9868-57a2d4851a1d" />
    <TestEntry testId="43c6787c-8fbf-96fa-41af-a1c63963b5c1" executionId="925a87b7-938d-4ef3-9e24-78efea461570" testListId="8c84fa94-04c1-424b-9868-57a2d4851a1d" />
    <TestEntry testId="824706d7-fd78-5cd2-5642-115abd1f3752" executionId="1e9d41bd-552d-474e-8ecb-5fbeb688f40d" testListId="8c84fa94-04c1-424b-9868-57a2d4851a1d" />
    <TestEntry testId="cf734f7f-a428-3874-b1d7-819856dabbfd" executionId="07d0347e-0f7f-49ef-aaab-7d7bd26fb735" testListId="8c84fa94-04c1-424b-9868-57a2d4851a1d" />
    <TestEntry testId="3e71b488-5e2d-d602-9ccf-45511836706d" executionId="5153fe1c-2d84-4241-bddb-6e83838bdccf" testListId="8c84fa94-04c1-424b-9868-57a2d4851a1d" />
    <TestEntry testId="59d38a5a-72a6-0c45-ebfd-238dffa2cbe2" executionId="5a2bf5c4-5ee3-40bd-b877-76a30b45781d" testListId="8c84fa94-04c1-424b-9868-57a2d4851a1d" />
    <TestEntry testId="ca526f8f-8306-b774-40c4-2188a169f3bd" executionId="e3d0fa9a-af83-4053-aa43-930b0db423a3" testListId="8c84fa94-04c1-424b-9868-57a2d4851a1d" />
    <TestEntry testId="2c42c8c9-8e44-291a-76b4-917aed6b3af3" executionId="934305fe-7088-499b-88c1-30aec94f25f8" testListId="8c84fa94-04c1-424b-9868-57a2d4851a1d" />
    <TestEntry testId="08a47b09-882a-ba3f-e76d-b02b0d2617d3" executionId="778d7549-7882-4134-bd9a-de6c3a5dab20" testListId="8c84fa94-04c1-424b-9868-57a2d4851a1d" />
    <TestEntry testId="f5dab7ba-ea6f-c49b-0478-cf206ef2f502" executionId="c32130e0-996b-4f1f-9c04-8a941d609c53" testListId="8c84fa94-04c1-424b-9868-57a2d4851a1d" />
    <TestEntry testId="2ac17153-1299-517a-6192-81eab732c9d4" executionId="cb4ad29b-474d-4936-8332-563b246b6e65" testListId="8c84fa94-04c1-424b-9868-57a2d4851a1d" />
    <TestEntry testId="1af77a9b-6c06-6637-8375-0ea0ada94459" executionId="976a32d5-e7d9-4604-afcc-d99b8f9b0f8a" testListId="8c84fa94-04c1-424b-9868-57a2d4851a1d" />
    <TestEntry testId="a4403775-6bb9-b357-8ae2-8d8940e4b05a" executionId="336b8730-aa66-49f5-96cb-68bb84917682" testListId="8c84fa94-04c1-424b-9868-57a2d4851a1d" />
    <TestEntry testId="c3c55b2a-c8f8-7122-7161-73b1f40191b1" executionId="7ab0e4ae-8ad3-48fa-bbd2-56ed8fbccbd5" testListId="8c84fa94-04c1-424b-9868-57a2d4851a1d" />
    <TestEntry testId="09a6e745-3c39-bd7c-2d77-c800ecf9457a" executionId="2c736370-7476-487b-9158-43b1ef0831cc" testListId="8c84fa94-04c1-424b-9868-57a2d4851a1d" />
    <TestEntry testId="c9a1207c-d9a1-96f9-79a3-3203ecaa5f2a" executionId="5df0dc83-7f05-4a43-b93d-5a9c78eadb39" testListId="8c84fa94-04c1-424b-9868-57a2d4851a1d" />
    <TestEntry testId="faa8a20a-6950-22cd-eeb6-eaa853530a59" executionId="faf5f5fd-545b-4438-84fa-a692bb0b3e7e" testListId="8c84fa94-04c1-424b-9868-57a2d4851a1d" />
    <TestEntry testId="10a8eff7-68c2-a84d-3abc-2b0b66971bfc" executionId="ac0bb7e5-dd17-4d90-b4fb-e9037d31d620" testListId="8c84fa94-04c1-424b-9868-57a2d4851a1d" />
    <TestEntry testId="68e982d6-652a-0a98-21b7-0ca80455c12f" executionId="3690cfa7-7c7d-41fb-b640-167d5d4f979f" testListId="8c84fa94-04c1-424b-9868-57a2d4851a1d" />
    <TestEntry testId="9fbbfbab-6dce-a86d-dce3-6c3d2d8d8ad8" executionId="1c455c2f-0101-4f97-a282-eda4e4ab8dc8" testListId="8c84fa94-04c1-424b-9868-57a2d4851a1d" />
    <TestEntry testId="76337c2d-32a3-76ba-5352-87f6449be9ca" executionId="a7a905b4-4e01-4af9-99a9-3d96958449b9" testListId="8c84fa94-04c1-424b-9868-57a2d4851a1d" />
    <TestEntry testId="cf0afb25-ba99-25a0-203d-ea343d4f1a71" executionId="6426971f-294a-4375-aef0-bdd561fcf333" testListId="8c84fa94-04c1-424b-9868-57a2d4851a1d" />
    <TestEntry testId="5903df2a-ec8f-cc82-5de7-1f91f0deb43c" executionId="efd60b03-489f-43ec-9bc4-ce1b8e64e4ee" testListId="8c84fa94-04c1-424b-9868-57a2d4851a1d" />
    <TestEntry testId="b6140bad-a395-20b3-d448-11757bb74eac" executionId="b58860bb-3f15-49b3-88e5-e971d18d746d" testListId="8c84fa94-04c1-424b-9868-57a2d4851a1d" />
    <TestEntry testId="a8bf6911-d8a0-4f7a-adb7-bcd2f9416d13" executionId="ec04b922-89a7-4628-8427-9ff61fac6efd" testListId="8c84fa94-04c1-424b-9868-57a2d4851a1d" />
    <TestEntry testId="e0cfadde-7256-03d9-8e2c-647995e41ca6" executionId="5dcf4b28-c146-4a09-8591-12d36ba1e205" testListId="8c84fa94-04c1-424b-9868-57a2d4851a1d" />
    <TestEntry testId="9b25c639-07d5-403a-56db-c8e96044cbaa" executionId="70b4a6eb-1b29-4c7c-9c09-88f42c5848c4" testListId="8c84fa94-04c1-424b-9868-57a2d4851a1d" />
    <TestEntry testId="629178e3-8446-145a-350a-7e62a11ac9da" executionId="feac8098-f4c3-45c9-ba9b-d0218c97e714" testListId="8c84fa94-04c1-424b-9868-57a2d4851a1d" />
    <TestEntry testId="b28e02f4-0c1a-bde5-1ee8-7a5e811a4ba7" executionId="b6352784-e679-4c14-bd64-3268c3f27058" testListId="8c84fa94-04c1-424b-9868-57a2d4851a1d" />
    <TestEntry testId="a752a4c6-acdd-575e-814e-a92eb1ca480f" executionId="7aae3a70-27e3-4f14-8d48-9b140be57a00" testListId="8c84fa94-04c1-424b-9868-57a2d4851a1d" />
    <TestEntry testId="5b1cb3b9-c40f-3cf0-32e2-125d3a94a730" executionId="bbc8c482-3406-4ce7-b5d3-4faa2c27584c" testListId="8c84fa94-04c1-424b-9868-57a2d4851a1d" />
    <TestEntry testId="aeeb045d-faf4-3011-00fe-3b22aa45ee2e" executionId="622bb41c-feb2-4fb1-ba42-e37c640328c5" testListId="8c84fa94-04c1-424b-9868-57a2d4851a1d" />
    <TestEntry testId="08f1953f-57d2-4328-07b4-db02c061dbc2" executionId="fb18ae50-b2e8-4df1-a159-1ad02e55d84c" testListId="8c84fa94-04c1-424b-9868-57a2d4851a1d" />
    <TestEntry testId="7e973872-ab37-d2a0-11ec-ab0efda27561" executionId="ba0cfb74-934e-4013-a96a-c9fdf30c917c" testListId="8c84fa94-04c1-424b-9868-57a2d4851a1d" />
    <TestEntry testId="0d9f4fdc-a2a5-fbf8-aee6-7b3604263fc1" executionId="00779897-1822-405f-ba58-8f467fc40a2c" testListId="8c84fa94-04c1-424b-9868-57a2d4851a1d" />
    <TestEntry testId="6af15b8b-2dac-3397-3c4e-c948e3f9c09a" executionId="502d833a-9d67-4f57-b503-a01e740f2e93" testListId="8c84fa94-04c1-424b-9868-57a2d4851a1d" />
    <TestEntry testId="e0959c91-fb35-9e15-9867-9e887681c9f0" executionId="f2de44f1-25d3-4bf6-8cb2-bb4e6bd82fa6" testListId="8c84fa94-04c1-424b-9868-57a2d4851a1d" />
    <TestEntry testId="a1928051-11a2-a6b7-7afb-e1dd6cf576de" executionId="98c6d07d-6ed1-4adb-917c-0dfc5175f55e" testListId="8c84fa94-04c1-424b-9868-57a2d4851a1d" />
    <TestEntry testId="b78bd4de-cb49-fc64-50e1-ad6716e9c320" executionId="d0c25ad1-44b6-4de5-950f-4065e95e62e8" testListId="8c84fa94-04c1-424b-9868-57a2d4851a1d" />
    <TestEntry testId="9e6d667d-6531-d16c-17e9-45874dab59fa" executionId="02e04a28-ba87-45dc-a65c-52a58646257b" testListId="8c84fa94-04c1-424b-9868-57a2d4851a1d" />
    <TestEntry testId="1de111ad-d6ed-4be0-a23a-a7e83f72a68a" executionId="dc1faf59-bc76-43c3-bf63-179a21976e29" testListId="8c84fa94-04c1-424b-9868-57a2d4851a1d" />
    <TestEntry testId="4e789c86-aa3c-b2c0-9dc2-bb3a2232c0f4" executionId="b92b5b73-ef83-4bf5-85d6-ced89dc5da11" testListId="8c84fa94-04c1-424b-9868-57a2d4851a1d" />
    <TestEntry testId="815c0f32-2984-b834-151d-2cf2cf9df099" executionId="aa2ca564-7be6-4e8c-9b0e-eae0d93bdb67" testListId="8c84fa94-04c1-424b-9868-57a2d4851a1d" />
    <TestEntry testId="caa2b577-a597-dc10-dcb4-005b58125e15" executionId="d0bc237e-13ec-4147-addf-280c2fe605ac" testListId="8c84fa94-04c1-424b-9868-57a2d4851a1d" />
    <TestEntry testId="1a4a9b8a-076d-9f4e-452d-1d1badbec109" executionId="29406ce6-8673-43f1-8161-f61e8e2a0a8a" testListId="8c84fa94-04c1-424b-9868-57a2d4851a1d" />
    <TestEntry testId="5fc5f1a3-06f0-4f46-009e-c72d0c36310c" executionId="2289433f-f0f7-423d-b8f3-e3860af7b4cc" testListId="8c84fa94-04c1-424b-9868-57a2d4851a1d" />
    <TestEntry testId="445a1b6e-b8f6-fbde-bf5f-7f7077972d4b" executionId="4b304d50-23c4-4c12-92ba-3492d8ceb308" testListId="8c84fa94-04c1-424b-9868-57a2d4851a1d" />
    <TestEntry testId="c2b4f613-e8f7-bece-77aa-b369aa5e060a" executionId="43d959bf-1161-4974-9c61-328306d65e97" testListId="8c84fa94-04c1-424b-9868-57a2d4851a1d" />
    <TestEntry testId="c084618f-5055-dc1a-85a5-03de1d74c3c7" executionId="2fc739a6-b34d-46ab-a935-b29463320cc6" testListId="8c84fa94-04c1-424b-9868-57a2d4851a1d" />
    <TestEntry testId="3870aeb7-ca18-1d65-26d8-0bb8224c78cf" executionId="a5b9914f-606b-40e3-a337-fe292ab5bc3b" testListId="8c84fa94-04c1-424b-9868-57a2d4851a1d" />
    <TestEntry testId="5fca3e10-f4b7-8000-a3fd-eb373be415fc" executionId="14e9db7c-8ef3-4d2e-b46d-68a68ff614fc" testListId="8c84fa94-04c1-424b-9868-57a2d4851a1d" />
    <TestEntry testId="2611184f-c8b5-2cd4-e908-3b518dd6769c" executionId="4a444e4b-4163-4c87-a561-ede2925290e1" testListId="8c84fa94-04c1-424b-9868-57a2d4851a1d" />
    <TestEntry testId="66491a31-41d9-2d76-6ad3-9fe5771d6317" executionId="8fdc186a-20c3-4220-8863-fc1e177ee9ff" testListId="8c84fa94-04c1-424b-9868-57a2d4851a1d" />
    <TestEntry testId="60f6e0da-fd0c-a6cc-c798-0e2408ea6bdd" executionId="239b4c99-3cfa-4ef4-a640-92ab9fc9a448" testListId="8c84fa94-04c1-424b-9868-57a2d4851a1d" />
    <TestEntry testId="39ce502b-3100-f51b-c8fd-8c809fa038a9" executionId="dad15117-bef3-4cde-b91e-70f31dd1d432" testListId="8c84fa94-04c1-424b-9868-57a2d4851a1d" />
    <TestEntry testId="9e2e0a8e-d164-8ab7-d537-e45fa5bf63f2" executionId="2c2d5a0c-3a67-4d48-b0f0-035794bce291" testListId="8c84fa94-04c1-424b-9868-57a2d4851a1d" />
    <TestEntry testId="28215ce3-d3b7-7e91-ce5f-d3d4098b3a7a" executionId="fb82cfa9-87bd-40d3-81ee-90d181447ce3" testListId="8c84fa94-04c1-424b-9868-57a2d4851a1d" />
    <TestEntry testId="cae77f6b-db10-e17d-6cb4-fbc9e8964432" executionId="a67c4830-50c7-4dd4-aefd-b7a4cef4f865" testListId="8c84fa94-04c1-424b-9868-57a2d4851a1d" />
    <TestEntry testId="aa9bb383-b11a-9717-78a6-a612531badc3" executionId="3664b754-6aba-44b5-85b1-e597c3d4d693" testListId="8c84fa94-04c1-424b-9868-57a2d4851a1d" />
    <TestEntry testId="047702e2-e4c7-1610-9bf7-23fd07a18fd3" executionId="73cbc1b2-d131-406a-81b5-5894b1b36290" testListId="8c84fa94-04c1-424b-9868-57a2d4851a1d" />
    <TestEntry testId="58d60ac1-79b0-151b-b52c-e9207454b867" executionId="fae671ed-43af-49e2-b599-c01c3bddc803" testListId="8c84fa94-04c1-424b-9868-57a2d4851a1d" />
    <TestEntry testId="6f278699-e918-7558-1b80-628899a27dce" executionId="d353c898-9f8c-42a9-88f5-3be31ff5a39a" testListId="8c84fa94-04c1-424b-9868-57a2d4851a1d" />
    <TestEntry testId="c8182c37-9174-20fd-1adb-9aca184b1914" executionId="fd6e7203-4b9d-468a-9112-ca60417b9df5" testListId="8c84fa94-04c1-424b-9868-57a2d4851a1d" />
    <TestEntry testId="7fb6a6d1-8289-e6f7-612c-f67b7ca82ece" executionId="75e97b8f-81d7-4e7a-b501-c4904533ccd0" testListId="8c84fa94-04c1-424b-9868-57a2d4851a1d" />
    <TestEntry testId="cc4fef01-4fac-54cc-d22c-44e1c804ea96" executionId="80394e48-88aa-4fa1-914e-75ef10235d89" testListId="8c84fa94-04c1-424b-9868-57a2d4851a1d" />
    <TestEntry testId="c4f8f335-5b25-eeaf-7b68-6cffe364e9ec" executionId="12e23da4-0d11-49a8-afe9-4c47779235e6" testListId="8c84fa94-04c1-424b-9868-57a2d4851a1d" />
    <TestEntry testId="e083d1a7-c23e-314b-80da-b2ef5c63ca87" executionId="9d79b6c1-70de-484b-a705-923b8452fd4b" testListId="8c84fa94-04c1-424b-9868-57a2d4851a1d" />
    <TestEntry testId="4b859d56-c12e-f145-f9f1-b6466b178113" executionId="b7d131f3-5e28-4f15-83c7-cb1d0e80645e" testListId="8c84fa94-04c1-424b-9868-57a2d4851a1d" />
    <TestEntry testId="33268eba-bcda-8080-0691-90d29b25d5e0" executionId="651df211-a7f3-4239-8997-e3e541b2145c" testListId="8c84fa94-04c1-424b-9868-57a2d4851a1d" />
    <TestEntry testId="2f96c176-c2d6-88fb-9f4d-4b2b4f0e0563" executionId="9cfc401f-34d3-4863-93e5-4b5924c4b6f0" testListId="8c84fa94-04c1-424b-9868-57a2d4851a1d" />
    <TestEntry testId="e70c89cd-8bd3-5072-e15b-781e0f65a91e" executionId="ead89fc7-1519-44d4-a98a-1d125887e457" testListId="8c84fa94-04c1-424b-9868-57a2d4851a1d" />
    <TestEntry testId="f0a19412-88c8-ce0d-6350-2f8888b47d92" executionId="2fc84bf2-980c-48de-b2a0-5946620b36ac" testListId="8c84fa94-04c1-424b-9868-57a2d4851a1d" />
    <TestEntry testId="ae006807-51e5-5870-8f47-3e71cc2af3fb" executionId="ff82df10-dfba-4e7c-8f63-8b594e45b43c" testListId="8c84fa94-04c1-424b-9868-57a2d4851a1d" />
    <TestEntry testId="90c0c83f-0e17-194b-e633-8e234f72015a" executionId="258de5c8-73dd-4c09-be73-3adedd145eb1" testListId="8c84fa94-04c1-424b-9868-57a2d4851a1d" />
    <TestEntry testId="8038feb2-5154-b239-90af-1834f5f792c8" executionId="91cacfae-ed3b-4add-84c6-ef11320e7ec9" testListId="8c84fa94-04c1-424b-9868-57a2d4851a1d" />
    <TestEntry testId="548c4541-ea3e-8957-1e44-22999fae6b86" executionId="88b3654d-b426-42cb-8314-415e05e7fc78" testListId="8c84fa94-04c1-424b-9868-57a2d4851a1d" />
    <TestEntry testId="d8b790cc-587f-7ce7-de5d-1ebadf93fdaa" executionId="117e6e23-9825-4e5c-941c-67abc278fea5" testListId="8c84fa94-04c1-424b-9868-57a2d4851a1d" />
    <TestEntry testId="a6cb55cd-fe35-fb66-c6bd-c3eff64fe5f3" executionId="5b0f9208-ce34-4286-aede-35fb41b3db0a" testListId="8c84fa94-04c1-424b-9868-57a2d4851a1d" />
    <TestEntry testId="87d10803-faa3-1050-b5df-7d89a80f8413" executionId="4608eed4-59fb-4260-9d8c-0e8d0a3d8483" testListId="8c84fa94-04c1-424b-9868-57a2d4851a1d" />
    <TestEntry testId="c30c5d9d-679e-b5e4-0108-01a831002077" executionId="fb2f8561-0e85-48e9-b359-57711db025f1" testListId="8c84fa94-04c1-424b-9868-57a2d4851a1d" />
    <TestEntry testId="2e674623-f6ae-735d-8b31-d8cb3e8fab6e" executionId="9be5f9f9-4994-4ee0-bb16-f851e22b8c77" testListId="8c84fa94-04c1-424b-9868-57a2d4851a1d" />
    <TestEntry testId="3f07d9fc-5051-731a-1afc-c43bfc67c4ef" executionId="3015d941-ad99-4461-a7d6-ac31c52691d3" testListId="8c84fa94-04c1-424b-9868-57a2d4851a1d" />
    <TestEntry testId="c4dfa5ea-8ad9-e4d1-86df-54d08cdbe77d" executionId="c5ff922e-0238-451e-ac90-576324f52656" testListId="8c84fa94-04c1-424b-9868-57a2d4851a1d" />
    <TestEntry testId="9a5c3e43-28fa-b7fa-f5eb-73ffedc00d3a" executionId="a24301d2-5b5b-43fa-8e88-19e91dda9f1b" testListId="8c84fa94-04c1-424b-9868-57a2d4851a1d" />
    <TestEntry testId="381e834e-c1e6-2e3b-0f84-e0c21ce8a9bf" executionId="683a7b92-8293-43be-ac9d-8885584481cb" testListId="8c84fa94-04c1-424b-9868-57a2d4851a1d" />
    <TestEntry testId="5a5fa408-257b-ddac-11f2-47f82bf3ffa8" executionId="3f411ebd-cf86-4637-9657-09fbaadc189b" testListId="8c84fa94-04c1-424b-9868-57a2d4851a1d" />
    <TestEntry testId="76b7664c-f725-87eb-c7eb-6fc78d4ff0a6" executionId="e6a8d82d-cff4-47e2-a154-824812b9f4ad" testListId="8c84fa94-04c1-424b-9868-57a2d4851a1d" />
    <TestEntry testId="57c7ba1f-43ef-bfda-883e-2cf7d6fe65d7" executionId="87543bae-6a57-4db5-8af1-17cb5980c31f" testListId="8c84fa94-04c1-424b-9868-57a2d4851a1d" />
    <TestEntry testId="4f70f732-0234-6178-60a5-68b581df4d67" executionId="d437beb0-c216-4dec-b2b3-ef91fc44d743" testListId="8c84fa94-04c1-424b-9868-57a2d4851a1d" />
    <TestEntry testId="029dc7bd-8674-559d-c3d9-7d966a2ea0de" executionId="7ac181b9-ec24-494f-8417-b1c02f20a065" testListId="8c84fa94-04c1-424b-9868-57a2d4851a1d" />
    <TestEntry testId="4a303c67-0031-00ce-8748-62c84eea7cd2" executionId="05877fa8-ccc3-4c6d-b469-c679a759eeae" testListId="8c84fa94-04c1-424b-9868-57a2d4851a1d" />
    <TestEntry testId="b4f73455-e3e5-98b6-e21f-abea623e40c2" executionId="7ed16519-ed55-4203-9d56-b4fb164530f8" testListId="8c84fa94-04c1-424b-9868-57a2d4851a1d" />
    <TestEntry testId="08b3a241-c98a-bddc-19ba-05a58066544c" executionId="d1efa332-c971-47dc-a5dc-5e7341fe9448" testListId="8c84fa94-04c1-424b-9868-57a2d4851a1d" />
    <TestEntry testId="06dad629-e1e3-f6c3-cbea-197f14869eb1" executionId="60096268-ac0a-4551-9102-1c32484f563a" testListId="8c84fa94-04c1-424b-9868-57a2d4851a1d" />
    <TestEntry testId="624c1ddc-10f3-c666-5999-cd6c4db47482" executionId="7f2e0433-16bb-4e1a-aed6-93bc56c63fdd" testListId="8c84fa94-04c1-424b-9868-57a2d4851a1d" />
    <TestEntry testId="d5951659-66d1-88ba-ae17-7eecbaca6b75" executionId="c57ba84f-f93a-4262-93b0-38b7e863410e" testListId="8c84fa94-04c1-424b-9868-57a2d4851a1d" />
    <TestEntry testId="583e0db1-c481-2128-e12b-fb8931deebfa" executionId="6c76b49d-41db-47ad-a4b9-a5346dd193b4" testListId="8c84fa94-04c1-424b-9868-57a2d4851a1d" />
    <TestEntry testId="810414d2-492b-ebab-979e-e12d90703748" executionId="f30cf09e-5b56-4c64-84ff-2a657838ec6c" testListId="8c84fa94-04c1-424b-9868-57a2d4851a1d" />
    <TestEntry testId="047c95e4-8c59-bd71-6d73-74f97d75c20a" executionId="332d9200-6612-4c18-a9aa-aaad39ed1d40" testListId="8c84fa94-04c1-424b-9868-57a2d4851a1d" />
    <TestEntry testId="ea394070-0219-820c-6c28-2362fc6828fe" executionId="945ae33e-eff9-4741-9cf9-0bd102bb1d73" testListId="8c84fa94-04c1-424b-9868-57a2d4851a1d" />
    <TestEntry testId="38abcc8d-dd68-b0ed-a899-d093db0bf8f8" executionId="9b39af10-aa36-4bae-b4c0-e31aacec0279" testListId="8c84fa94-04c1-424b-9868-57a2d4851a1d" />
    <TestEntry testId="95b37420-ee48-6516-59c7-c2f28ccc6c3f" executionId="8765a4dd-7367-4ea9-8054-f454031141e0" testListId="8c84fa94-04c1-424b-9868-57a2d4851a1d" />
    <TestEntry testId="28baddc4-844c-a98d-c2e4-369f9874872e" executionId="a3ccb625-0b3f-4776-99a2-ccd81577355d" testListId="8c84fa94-04c1-424b-9868-57a2d4851a1d" />
    <TestEntry testId="a6506fa7-6c72-4699-8e3a-bd3f0cb0a4b7" executionId="657a5005-c000-4bb6-aad6-c6ba323f01ed" testListId="8c84fa94-04c1-424b-9868-57a2d4851a1d" />
    <TestEntry testId="30824afe-8462-25ef-7588-1dafe8c679cf" executionId="73b00fc1-ffad-464c-b25e-4735a329432a" testListId="8c84fa94-04c1-424b-9868-57a2d4851a1d" />
    <TestEntry testId="b089e95b-4794-d0d7-42e3-6890f210b1d5" executionId="5436d3d3-776f-42ac-90fc-411ff0faec5e" testListId="8c84fa94-04c1-424b-9868-57a2d4851a1d" />
    <TestEntry testId="5a12acfd-70d3-53d3-b6e7-6b1fd4103808" executionId="09d6eb41-5716-434f-96e8-2833608e93e9" testListId="8c84fa94-04c1-424b-9868-57a2d4851a1d" />
  </TestEntries>
  <TestLists>
    <TestList name="Results Not in a List" id="8c84fa94-04c1-424b-9868-57a2d4851a1d" />
    <TestList name="All Loaded Results" id="19431567-8539-422a-85d7-44ee4e166bda" />
  </TestLists>
  <ResultSummary outcome="Completed">
    <Counters total="332" executed="332" passed="332" failed="0" error="0" timeout="0" aborted="0" inconclusive="0" passedButRunAborted="0" notRunnable="0" notExecuted="0" disconnected="0" warning="0" completed="0" inProgress="0" pending="0" />
    <Output>
      <StdOut>[xUnit.net 00:00:00.00] xUnit.net VSTest Adapter v3.1.5+1b188a7b0a (64-bit .NET 10.0.12)&#xD;
[xUnit.net 00:00:00.14]   Discovering: GoldenTicket.Domain.Tests&#xD;
[xUnit.net 00:00:00.37]   Discovered:  GoldenTicket.Domain.Tests&#xD;
[xUnit.net 00:00:00.54]   Starting:    GoldenTicket.Domain.Tests&#xD;
[xUnit.net 00:00:02.30]   Finished:    GoldenTicket.Domain.Tests (ID = '5310e51516116e835d5d35ae1c6858396e39e7011fec6520e33ff87f91040fbd')&#xD;
</StdOut>
    </Output>
  </ResultSummary>
</TestRun>