<?xml version="1.0" encoding="utf-8"?>
<TestRun id="1d8adc92-06dc-4946-88c2-7e7307508b95" name="abiem@ABMINIME 2026-09-12 11:13:26" runUser="ABMINIME\abiem" xmlns="http://microsoft.com/schemas/VisualStudio/TeamTest/2010">
  <Times creation="2026-09-12T11:13:26.9464085-07:00" queuing="2026-09-12T11:13:26.9464088-07:00" start="2026-09-12T11:13:26.0360926-07:00" finish="2026-09-12T11:13:28.7974422-07:00" />
  <TestSettings name="default" id="a50745cf-02d6-4b7e-8cdf-a6bf62a91262">
    <Deployment runDeploymentRoot="abiem_ABMINIME_2026-09-12_11_13_26" />
  </TestSettings>
  <Results>
    <UnitTestResult executionId="f761301e-0fa5-49f3-ba2c-fc36c4599152" testId="0f9fb18c-0d1a-d68b-0cfb-c8769eab5c39" testName="GoldenTicket.Domain.Tests.PackAwayTests.SavingDuringClaimCancellationPreservesTheRemovalWorkflow" computerName="ABMINIME" duration="00:00:00.2769573" startTime="2026-09-12T11:13:26.9056709-07:00" endTime="2026-09-12T11:13:27.1885414-07:00" testType="13cdc9d9-ddb5-4fa4-a97d-d965ccfc6d4b" outcome="Passed" testListId="8c84fa94-04c1-424b-9868-57a2d4851a1d" relativeResultsDirectory="f761301e-0fa5-49f3-ba2c-fc36c4599152" />
    <UnitTestResult executionId="37b09703-3194-4cab-8609-eceabe1a1ae6" testId="6ad6cc02-1937-8af8-dcd2-dd9eef307b0c" testName="GoldenTicket.Domain.Tests.PrivacyTests.ThePublicHistoryReportsTicketCountsNotTicketNames" computerName="ABMINIME" duration="00:00:00.1153193" startTime="2026-09-12T11:13:26.9056616-07:00" endTime="2026-09-12T11:13:27.0268146-07:00" testType="13cdc9d9-ddb5-4fa4-a97d-d965ccfc6d4b" outcome="Passed" testListId="8c84fa94-04c1-424b-9868-57a2d4851a1d" relativeResultsDirectory="37b09703-3194-4cab-8609-eceabe1a1ae6" />
    <UnitTestResult executionId="7e7e7de2-987c-442f-9952-77ddc65aedc0" testId="ec2fef4f-040e-504d-040a-08a07dbd34a8" testName="GoldenTicket.Domain.Tests.CompanionHostBrowserFixtures.ExportSyntheticBridgePayloadsWhenRequested" computerName="ABMINIME" duration="00:00:00.2663346" startTime="2026-09-12T11:13:26.9056271-07:00" endTime="2026-09-12T11:13:27.1777526-07:00" testType="13cdc9d9-ddb5-4fa4-a97d-d965ccfc6d4b" outcome="Passed" testListId="8c84fa94-04c1-424b-9868-57a2d4851a1d" relativeResultsDirectory="7e7e7de2-987c-442f-9952-77ddc65aedc0" />
    <UnitTestResult executionId="54305a9a-c1d6-465d-8d68-ea62983f7cb8" testId="66491a31-41d9-2d76-6ad3-9fe5771d6317" testName="GoldenTicket.Domain.Tests.ThemeTokenTests.EveryPlayerColourHasAnUniqueSymbolAndABrushInTheDictionary" computerName="ABMINIME" duration="00:00:00.0003222" startTime="2026-09-12T11:13:26.9713351-07:00" endTime="2026-09-12T11:13:26.9716756-07:00" testType="13cdc9d9-ddb5-4fa4-a97d-d965ccfc6d4b" outcome="Passed" testListId="8c84fa94-04c1-424b-9868-57a2d4851a1d" relativeResultsDirectory="54305a9a-c1d6-465d-8d68-ea62983f7cb8" />
    <UnitTestResult executionId="f4c7a807-2a1f-4c73-8ebf-70b9a27a9f07" testId="9a5c3e43-28fa-b7fa-f5eb-73ffedc00d3a" testName="GoldenTicket.Domain.Tests.PersistenceTests.AMatchSurvivesBeingClosedAndReopened" computerName="ABMINIME" duration="00:00:00.0648260" startTime="2026-09-12T11:13:27.4046189-07:00" endTime="2026-09-12T11:13:27.4694754-07:00" testType="13cdc9d9-ddb5-4fa4-a97d-d965ccfc6d4b" outcome="Passed" testListId="8c84fa94-04c1-424b-9868-57a2d4851a1d" relativeResultsDirectory="f4c7a807-2a1f-4c73-8ebf-70b9a27a9f07" />
    <UnitTestResult executionId="9d8edee4-d628-4ac6-9a86-b85b99fb2ea6" testId="c7cce80b-a956-76ea-16b6-3f6e67168b0f" testName="GoldenTicket.Domain.Tests.ConnectivitySpikeTests.PeersMustBelongToTheSelectedSubnet(peer: &quot;192.168.1.99&quot;, prefixLength: 24, allowed: True)" computerName="ABMINIME" duration="00:00:00.0000346" startTime="2026-09-12T11:13:26.9550548-07:00" endTime="2026-09-12T11:13:26.9551048-07:00" testType="13cdc9d9-ddb5-4fa4-a97d-d965ccfc6d4b" outcome="Passed" testListId="8c84fa94-04c1-424b-9868-57a2d4851a1d" relativeResultsDirectory="9d8edee4-d628-4ac6-9a86-b85b99fb2ea6" />
    <UnitTestResult executionId="5b81a394-4069-4586-bd94-c16c53e84f95" testId="2c42c8c9-8e44-291a-76b4-917aed6b3af3" testName="GoldenTicket.Domain.Tests.ManifestTests.RuntimeLoaderRequiresAHashButDeveloperLoaderCanPrepareOne(omitted: True)" computerName="ABMINIME" duration="00:00:00.0120130" startTime="2026-09-12T11:13:27.0929258-07:00" endTime="2026-09-12T11:13:27.1049720-07:00" testType="13cdc9d9-ddb5-4fa4-a97d-d965ccfc6d4b" outcome="Passed" testListId="8c84fa94-04c1-424b-9868-57a2d4851a1d" relativeResultsDirectory="5b81a394-4069-4586-bd94-c16c53e84f95" />
    <UnitTestResult executionId="f0b9399f-78d9-4a78-a4ee-c6b2ddd614d8" testId="bbd1428f-b787-d7da-24cb-e251ad90ff42" testName="GoldenTicket.Domain.Tests.VisionFoundationTests.Registration_copies_corners_and_rejects_epoch_or_format_changes" computerName="ABMINIME" duration="00:00:00.0072294" startTime="2026-09-12T11:13:26.9380883-07:00" endTime="2026-09-12T11:13:26.9453491-07:00" testType="13cdc9d9-ddb5-4fa4-a97d-d965ccfc6d4b" outcome="Passed" testListId="8c84fa94-04c1-424b-9868-57a2d4851a1d" relativeResultsDirectory="f0b9399f-78d9-4a78-a4ee-c6b2ddd614d8" />
    <UnitTestResult executionId="6f06f283-a607-4275-b220-60a2efd8887c" testId="9fbbfbab-6dce-a86d-dce3-6c3d2d8d8ad8" testName="GoldenTicket.Domain.Tests.PackAwayTests.AHistoricalVerifiedCheckpointDoesNotAuthorizePackingDuringRebuild" computerName="ABMINIME" duration="00:00:00.0052948" startTime="2026-09-12T11:13:27.4089048-07:00" endTime="2026-09-12T11:13:27.4142319-07:00" testType="13cdc9d9-ddb5-4fa4-a97d-d965ccfc6d4b" outcome="Passed" testListId="8c84fa94-04c1-424b-9868-57a2d4851a1d" relativeResultsDirectory="6f06f283-a607-4275-b220-60a2efd8887c" />
    <UnitTestResult executionId="66808fba-f698-49a6-9e93-bb42a99b5193" testId="2b263b6a-a0ab-2f84-81b0-c334d78efedf" testName="GoldenTicket.Domain.Tests.DesktopToolsIntegrationTests.ReferencePhotoNavigationPreservesTheRebuildLifecycle" computerName="ABMINIME" duration="00:00:00.0088578" startTime="2026-09-12T11:13:27.2044801-07:00" endTime="2026-09-12T11:13:27.2133621-07:00" testType="13cdc9d9-ddb5-4fa4-a97d-d965ccfc6d4b" outcome="Passed" testListId="8c84fa94-04c1-424b-9868-57a2d4851a1d" relativeResultsDirectory="66808fba-f698-49a6-9e93-bb42a99b5193" />
    <UnitTestResult executionId="7a6d0b30-8e98-4ffd-97ba-9cdd2f538d74" testId="800ee994-8d4c-782b-b60e-c8f7710a90d9" testName="GoldenTicket.Domain.Tests.CompanionShellTests.ThePageTellsPlayersNotToTapThroughACertificateWarning" computerName="ABMINIME" duration="00:00:00.0001627" startTime="2026-09-12T11:13:26.9945640-07:00" endTime="2026-09-12T11:13:26.9947501-07:00" testType="13cdc9d9-ddb5-4fa4-a97d-d965ccfc6d4b" outcome="Passed" testListId="8c84fa94-04c1-424b-9868-57a2d4851a1d" relativeResultsDirectory="7a6d0b30-8e98-4ffd-97ba-9cdd2f538d74" />
    <UnitTestResult executionId="18db5bc1-d1a0-40f9-a18b-f25b409f882d" testId="6e6b52e9-1523-35f4-24c8-c43110ae949a" testName="GoldenTicket.Domain.Tests.DesktopAuditTests.RejectedPrivateSelectionPreservesChoicesWithoutPublicErrorDetails" computerName="ABMINIME" duration="00:00:00.0043830" startTime="2026-09-12T11:13:27.2052663-07:00" endTime="2026-09-12T11:13:27.2096844-07:00" testType="13cdc9d9-ddb5-4fa4-a97d-d965ccfc6d4b" outcome="Passed" testListId="8c84fa94-04c1-424b-9868-57a2d4851a1d" relativeResultsDirectory="18db5bc1-d1a0-40f9-a18b-f25b409f882d" />
    <UnitTestResult executionId="e87802c2-9dbc-4f68-8ad2-f8a93d04c61f" testId="ae2b0993-5c9e-355d-8b13-8a2d277bd74b" testName="GoldenTicket.Domain.Tests.PhotoAttachmentTests.AssociationPinsEveryImmutableCheckpointField(change: &quot;target&quot;)" computerName="ABMINIME" duration="00:00:00.0161223" startTime="2026-09-12T11:13:27.1900348-07:00" endTime="2026-09-12T11:13:27.2061919-07:00" testType="13cdc9d9-ddb5-4fa4-a97d-d965ccfc6d4b" outcome="Passed" testListId="8c84fa94-04c1-424b-9868-57a2d4851a1d" relativeResultsDirectory="e87802c2-9dbc-4f68-8ad2-f8a93d04c61f" />
    <UnitTestResult executionId="7e9fad52-98d2-4499-9af6-46d2328eb1dc" testId="cf51daba-5f7e-480d-eefa-f7de87323ac1" testName="GoldenTicket.Domain.Tests.ScoringTests.AChainAddsUp" computerName="ABMINIME" duration="00:00:00.0001342" startTime="2026-09-12T11:13:27.1002141-07:00" endTime="2026-09-12T11:13:27.1003672-07:00" testType="13cdc9d9-ddb5-4fa4-a97d-d965ccfc6d4b" outcome="Passed" testListId="8c84fa94-04c1-424b-9868-57a2d4851a1d" relativeResultsDirectory="7e9fad52-98d2-4499-9af6-46d2328eb1dc" />
    <UnitTestResult executionId="581a3526-cd28-4719-8d16-26a591657b07" testId="b111c1b8-a26a-02e8-f5da-6653dd398fd5" testName="GoldenTicket.Domain.Tests.ConnectivitySpikeTests.BothHostsRejectOutsidePeersAndPublicNetworkProfiles(peer: &quot;192.168.1.99&quot;, isPrivate: False, expected: 403)" computerName="ABMINIME" duration="00:00:00.0003102" startTime="2026-09-12T11:13:26.9456429-07:00" endTime="2026-09-12T11:13:26.9459750-07:00" testType="13cdc9d9-ddb5-4fa4-a97d-d965ccfc6d4b" outcome="Passed" testListId="8c84fa94-04c1-424b-9868-57a2d4851a1d" relativeResultsDirectory="581a3526-cd28-4719-8d16-26a591657b07" />
    <UnitTestResult executionId="de755f44-9901-4544-aed5-30a1ebb18d43" testId="f8fdcfd1-de4b-e3f5-0075-a902a9b336aa" testName="GoldenTicket.Domain.Tests.PhotoAttachmentTests.InvalidPngCannotBecomeAStoredReference(corruption: &quot;crc&quot;)" computerName="ABMINIME" duration="00:00:00.0003343" startTime="2026-09-12T11:13:27.4297194-07:00" endTime="2026-09-12T11:13:27.4300675-07:00" testType="13cdc9d9-ddb5-4fa4-a97d-d965ccfc6d4b" outcome="Passed" testListId="8c84fa94-04c1-424b-9868-57a2d4851a1d" relativeResultsDirectory="de755f44-9901-4544-aed5-30a1ebb18d43" />
    <UnitTestResult executionId="d2af7508-d179-47c7-aca6-c8a517fc32e3" testId="aedf9d28-4965-54cf-1285-cc0f874fde50" testName="GoldenTicket.Domain.Tests.ConnectivitySpikeTests.TheResponderIgnoresQueriesForOtherNames(name: &quot;gt-1a2b3c4d.lan&quot;)" computerName="ABMINIME" duration="00:00:00.0000518" startTime="2026-09-12T11:13:27.3051541-07:00" endTime="2026-09-12T11:13:27.3052204-07:00" testType="13cdc9d9-ddb5-4fa4-a97d-d965ccfc6d4b" outcome="Passed" testListId="8c84fa94-04c1-424b-9868-57a2d4851a1d" relativeResultsDirectory="d2af7508-d179-47c7-aca6-c8a517fc32e3" />
    <UnitTestResult executionId="7814d638-f753-4e84-9290-d7a7ecb0eed5" testId="63da9583-fcb3-2768-934e-2af73503ba00" testName="GoldenTicket.Domain.Tests.PackAwayTests.TheSavedTargetMatchesTheCommittedBoardExactly" computerName="ABMINIME" duration="00:00:00.0217143" startTime="2026-09-12T11:13:27.4144893-07:00" endTime="2026-09-12T11:13:27.4362344-07:00" testType="13cdc9d9-ddb5-4fa4-a97d-d965ccfc6d4b" outcome="Passed" testListId="8c84fa94-04c1-424b-9868-57a2d4851a1d" relativeResultsDirectory="7814d638-f753-4e84-9290-d7a7ecb0eed5" />
    <UnitTestResult executionId="c5ddb624-31fc-4a80-a151-4188d86f5795" testId="41bd9404-44d0-d353-6bad-00af48103c52" testName="GoldenTicket.Domain.Tests.DesktopPackAwayFlowTests.TheRebuildScreenListsTheSavedRoutesAndTheStockEachSeatShouldHold" computerName="ABMINIME" duration="00:00:00.3016967" startTime="2026-09-12T11:13:26.9057419-07:00" endTime="2026-09-12T11:13:27.2131696-07:00" testType="13cdc9d9-ddb5-4fa4-a97d-d965ccfc6d4b" outcome="Passed" testListId="8c84fa94-04c1-424b-9868-57a2d4851a1d" relativeResultsDirectory="c5ddb624-31fc-4a80-a151-4188d86f5795" />
    <UnitTestResult executionId="4b17dbfb-e498-4063-9129-4c2c7e5ddbe0" testId="296abba5-dc5f-4fbe-efa9-f6cdd9f11248" testName="GoldenTicket.Domain.Tests.PersistenceAuditTests.FailedRestoreDoesNotExposePrivateTicketsInItsError" computerName="ABMINIME" duration="00:00:00.0267106" startTime="2026-09-12T11:13:28.1175827-07:00" endTime="2026-09-12T11:13:28.1443213-07:00" testType="13cdc9d9-ddb5-4fa4-a97d-d965ccfc6d4b" outcome="Passed" testListId="8c84fa94-04c1-424b-9868-57a2d4851a1d" relativeResultsDirectory="4b17dbfb-e498-4063-9129-4c2c7e5ddbe0" />
    <UnitTestResult executionId="72652bb7-957f-45e6-8490-e0966f4e167e" testId="47c44812-ed30-7b8c-6b9a-227346bd56ac" testName="GoldenTicket.Domain.Tests.SetupAndDrawTests.SetupDealsTheProfilesOpeningHandsAndMarket(seatCount: 5)" computerName="ABMINIME" duration="00:00:00.0002828" startTime="2026-09-12T11:13:27.1281916-07:00" endTime="2026-09-12T11:13:27.1284922-07:00" testType="13cdc9d9-ddb5-4fa4-a97d-d965ccfc6d4b" outcome="Passed" testListId="8c84fa94-04c1-424b-9868-57a2d4851a1d" relativeResultsDirectory="72652bb7-957f-45e6-8490-e0966f4e167e" />
    <UnitTestResult executionId="c318462d-3536-446c-b057-17c9b8723017" testId="08f1953f-57d2-4328-07b4-db02c061dbc2" testName="GoldenTicket.Domain.Tests.CompanionShellTests.TheAndroidHandoffTargetsChromeSpecifically" computerName="ABMINIME" duration="00:00:00.0483555" startTime="2026-09-12T11:13:26.9057352-07:00" endTime="2026-09-12T11:13:26.9598886-07:00" testType="13cdc9d9-ddb5-4fa4-a97d-d965ccfc6d4b" outcome="Passed" testListId="8c84fa94-04c1-424b-9868-57a2d4851a1d" relativeResultsDirectory="c318462d-3536-446c-b057-17c9b8723017" />
    <UnitTestResult executionId="6be38c8b-43d8-4c2c-a059-08130951838a" testId="f967146b-ae01-f6f5-7a21-ee4aa5cf0bc5" testName="GoldenTicket.Domain.Tests.CompanionHostTests.PairingCodesAttemptLimitAndExpiryAreEnforced" computerName="ABMINIME" duration="00:00:00.0004722" startTime="2026-09-12T11:13:27.2046253-07:00" endTime="2026-09-12T11:13:27.2051202-07:00" testType="13cdc9d9-ddb5-4fa4-a97d-d965ccfc6d4b" outcome="Passed" testListId="8c84fa94-04c1-424b-9868-57a2d4851a1d" relativeResultsDirectory="6be38c8b-43d8-4c2c-a059-08130951838a" />
    <UnitTestResult executionId="2990bcdc-182c-4935-ab37-5d5485eacf2e" testId="68e982d6-652a-0a98-21b7-0ca80455c12f" testName="GoldenTicket.Domain.Tests.PackAwayTests.ReadbackChecksTheWholeCheckpointAndCanRetryAfterFailure(corruption: &quot;source&quot;)" computerName="ABMINIME" duration="00:00:00.0113833" startTime="2026-09-12T11:13:27.2700314-07:00" endTime="2026-09-12T11:13:27.2814463-07:00" testType="13cdc9d9-ddb5-4fa4-a97d-d965ccfc6d4b" outcome="Passed" testListId="8c84fa94-04c1-424b-9868-57a2d4851a1d" relativeResultsDirectory="2990bcdc-182c-4935-ab37-5d5485eacf2e" />
    <UnitTestResult executionId="db951734-bd47-47fe-b1d8-94a2328c455a" testId="394b6778-a334-5ed7-cf8a-77aaa438d4f1" testName="GoldenTicket.Domain.Tests.CompanionHostTests.ReplacingControllerRevokesOldCookieGrantAndInFlightCancellation" computerName="ABMINIME" duration="00:00:00.0203083" startTime="2026-09-12T11:13:27.1640004-07:00" endTime="2026-09-12T11:13:27.1843315-07:00" testType="13cdc9d9-ddb5-4fa4-a97d-d965ccfc6d4b" outcome="Passed" testListId="8c84fa94-04c1-424b-9868-57a2d4851a1d" relativeResultsDirectory="db951734-bd47-47fe-b1d8-94a2328c455a" />
    <UnitTestResult executionId="45ac16d8-82cc-4f8b-9141-677877547b9f" testId="29496a84-a171-4bec-deaa-32203679ebcc" testName="GoldenTicket.Domain.Tests.PackAwayTests.ARebuildCannotBeStartedForAnotherMatchesCheckpoint" computerName="ABMINIME" duration="00:00:00.0082958" startTime="2026-09-12T11:13:27.3482177-07:00" endTime="2026-09-12T11:13:27.3565431-07:00" testType="13cdc9d9-ddb5-4fa4-a97d-d965ccfc6d4b" outcome="Passed" testListId="8c84fa94-04c1-424b-9868-57a2d4851a1d" relativeResultsDirectory="45ac16d8-82cc-4f8b-9141-677877547b9f" />
    <UnitTestResult executionId="06a288fc-322b-4507-8618-6eb33880e2b9" testId="80f709be-e4c8-73c7-6c1a-972e17b103e3" testName="GoldenTicket.Domain.Tests.RulesContinuationTests.AFaceUpLocomotiveEndsTheTurnAfterAcceptingTheRefillPolicy" computerName="ABMINIME" duration="00:00:00.2719132" startTime="2026-09-12T11:13:26.9056622-07:00" endTime="2026-09-12T11:13:27.1833238-07:00" testType="13cdc9d9-ddb5-4fa4-a97d-d965ccfc6d4b" outcome="Passed" testListId="8c84fa94-04c1-424b-9868-57a2d4851a1d" relativeResultsDirectory="06a288fc-322b-4507-8618-6eb33880e2b9" />
    <UnitTestResult executionId="04872b82-f579-408f-949a-c4939c38bef4" testId="3a8b3647-9e47-b504-f303-a53f0cc4ea79" testName="GoldenTicket.Domain.Tests.PhotoAttachmentTests.HeaderAndCiphertextCorruptionAreRejected(offset: 12)" computerName="ABMINIME" duration="00:00:00.0264675" startTime="2026-09-12T11:13:27.3023612-07:00" endTime="2026-09-12T11:13:27.3288594-07:00" testType="13cdc9d9-ddb5-4fa4-a97d-d965ccfc6d4b" outcome="Passed" testListId="8c84fa94-04c1-424b-9868-57a2d4851a1d" relativeResultsDirectory="04872b82-f579-408f-949a-c4939c38bef4" />
    <UnitTestResult executionId="57102a75-b542-482d-a5a8-89e2c4641fde" testId="7d505905-b550-2c8b-0e4a-e2acefb3e4db" testName="GoldenTicket.Domain.Tests.VisionFoundationTests.Perspective_crop_maps_each_corner_and_centre_to_sensor_space" computerName="ABMINIME" duration="00:00:00.0008804" startTime="2026-09-12T11:13:26.9460699-07:00" endTime="2026-09-12T11:13:26.9469675-07:00" testType="13cdc9d9-ddb5-4fa4-a97d-d965ccfc6d4b" outcome="Passed" testListId="8c84fa94-04c1-424b-9868-57a2d4851a1d" relativeResultsDirectory="57102a75-b542-482d-a5a8-89e2c4641fde" />
    <UnitTestResult executionId="2f9ac457-ed61-4bf8-9e19-64050bc2b2a6" testId="5322100a-7877-2e34-d91c-3a95f73110ff" testName="GoldenTicket.Domain.Tests.CompanionHostTests.AuthorizingACommandAtomicallyCapturesTheRevokedGrantNotItsReplacement" computerName="ABMINIME" duration="00:00:00.0004870" startTime="2026-09-12T11:13:27.1845522-07:00" endTime="2026-09-12T11:13:27.1850676-07:00" testType="13cdc9d9-ddb5-4fa4-a97d-d965ccfc6d4b" outcome="Passed" testListId="8c84fa94-04c1-424b-9868-57a2d4851a1d" relativeResultsDirectory="2f9ac457-ed61-4bf8-9e19-64050bc2b2a6" />
    <UnitTestResult executionId="8311590f-c1f4-4f7a-977e-43889635c46a" testId="d544acfc-1dab-fad9-eb58-4cfc0d46eedc" testName="GoldenTicket.Domain.Tests.VisionFoundationTests.Identity_crop_preserves_pixels_and_frame_identity" computerName="ABMINIME" duration="00:00:00.0034327" startTime="2026-09-12T11:13:26.9492653-07:00" endTime="2026-09-12T11:13:26.9527177-07:00" testType="13cdc9d9-ddb5-4fa4-a97d-d965ccfc6d4b" outcome="Passed" testListId="8c84fa94-04c1-424b-9868-57a2d4851a1d" relativeResultsDirectory="8311590f-c1f4-4f7a-977e-43889635c46a" />
    <UnitTestResult executionId="38ba1f68-6bbb-4c81-ba8b-fee7d4815000" testId="bb7f4389-d8f4-7191-f31e-9c3f9a313eba" testName="GoldenTicket.Domain.Tests.ConnectivitySpikeTests.MovingToADifferentNetworkReissuesTheLeafButKeepsTheAuthority" computerName="ABMINIME" duration="00:00:00.1450253" startTime="2026-09-12T11:13:27.7002555-07:00" endTime="2026-09-12T11:13:27.8453100-07:00" testType="13cdc9d9-ddb5-4fa4-a97d-d965ccfc6d4b" outcome="Passed" testListId="8c84fa94-04c1-424b-9868-57a2d4851a1d" relativeResultsDirectory="38ba1f68-6bbb-4c81-ba8b-fee7d4815000" />
    <UnitTestResult executionId="9d351c2e-aab3-47d8-8156-e56e1723259e" testId="72af878c-e085-17b7-eaff-468dbc756be5" testName="GoldenTicket.Domain.Tests.RulesContinuationTests.HistoricalResolutionsKeepTheirOriginalStateHashWhenNoRestoredPhaseWasRecorded(duringSetup: True)" computerName="ABMINIME" duration="00:00:00.0004807" startTime="2026-09-12T11:13:27.2452907-07:00" endTime="2026-09-12T11:13:27.2457951-07:00" testType="13cdc9d9-ddb5-4fa4-a97d-d965ccfc6d4b" outcome="Passed" testListId="8c84fa94-04c1-424b-9868-57a2d4851a1d" relativeResultsDirectory="9d351c2e-aab3-47d8-8156-e56e1723259e" />
    <UnitTestResult executionId="04180d1e-c76e-4b5e-9edf-66f32e1516df" testId="109f75c1-1480-6336-34ad-8bf274e64377" testName="GoldenTicket.Domain.Tests.ConnectivitySpikeTests.IssuingANewCodeInvalidatesTheOldOne" computerName="ABMINIME" duration="00:00:00.0205079" startTime="2026-09-12T11:13:26.9057190-07:00" endTime="2026-09-12T11:13:26.9317483-07:00" testType="13cdc9d9-ddb5-4fa4-a97d-d965ccfc6d4b" outcome="Passed" testListId="8c84fa94-04c1-424b-9868-57a2d4851a1d" relativeResultsDirectory="04180d1e-c76e-4b5e-9edf-66f32e1516df" />
    <UnitTestResult executionId="c5565f77-ffd2-4b1f-a47b-6f7bb4e58fcb" testId="bda4ac70-b016-0d40-1ac6-0b45c3f1e146" testName="GoldenTicket.Domain.Tests.QrCodeTests.ASymbolReadsBackAsTheTextItEncodes(text: &quot;http://192.168.1.11:8080/&quot;)" computerName="ABMINIME" duration="00:00:00.0030869" startTime="2026-09-12T11:13:27.0940291-07:00" endTime="2026-09-12T11:13:27.0971526-07:00" testType="13cdc9d9-ddb5-4fa4-a97d-d965ccfc6d4b" outcome="Passed" testListId="8c84fa94-04c1-424b-9868-57a2d4851a1d" relativeResultsDirectory="c5565f77-ffd2-4b1f-a47b-6f7bb4e58fcb" />
    <UnitTestResult executionId="677ac425-d339-4b98-84b0-34a51d046f39" testId="b7631dc6-53d6-3373-9029-5377bf32271f" testName="GoldenTicket.Domain.Tests.ClaimTests.AParallelLaneClosesItsTwinOnlyAtSmallTables(seatCount: 3, closesTwin: True)" computerName="ABMINIME" duration="00:00:00.0020585" startTime="2026-09-12T11:13:27.0985019-07:00" endTime="2026-09-12T11:13:27.1005812-07:00" testType="13cdc9d9-ddb5-4fa4-a97d-d965ccfc6d4b" outcome="Passed" testListId="8c84fa94-04c1-424b-9868-57a2d4851a1d" relativeResultsDirectory="677ac425-d339-4b98-84b0-34a51d046f39" />
    <UnitTestResult executionId="b86abf05-2ed9-46ce-b05c-86ad45b1a4da" testId="810414d2-492b-ebab-979e-e12d90703748" testName="GoldenTicket.Domain.Tests.PackAwayTests.APendingPlacementSurvivesTheSaveAndCommitsExactlyOnceAfterResume" computerName="ABMINIME" duration="00:00:00.0090149" startTime="2026-09-12T11:13:27.4364643-07:00" endTime="2026-09-12T11:13:27.4455121-07:00" testType="13cdc9d9-ddb5-4fa4-a97d-d965ccfc6d4b" outcome="Passed" testListId="8c84fa94-04c1-424b-9868-57a2d4851a1d" relativeResultsDirectory="b86abf05-2ed9-46ce-b05c-86ad45b1a4da" />
    <UnitTestResult executionId="fcf0d1cc-8efb-4a53-bac9-c4472e8db428" testId="21d8f3ae-f413-3063-f6c6-2d9c84b04945" testName="GoldenTicket.Domain.Tests.DomainAuditTests.ImpossibleMarketAfterSecondPickCannotHaveItsPauseOverwrittenByEndTurn" computerName="ABMINIME" duration="00:00:00.0010107" startTime="2026-09-12T11:13:27.2066692-07:00" endTime="2026-09-12T11:13:27.2077005-07:00" testType="13cdc9d9-ddb5-4fa4-a97d-d965ccfc6d4b" outcome="Passed" testListId="8c84fa94-04c1-424b-9868-57a2d4851a1d" relativeResultsDirectory="fcf0d1cc-8efb-4a53-bac9-c4472e8db428" />
    <UnitTestResult executionId="a86477f4-06e3-406e-9553-1a679cf05a40" testId="b68cd5c6-8e8a-53ca-d23a-709fd8c99765" testName="GoldenTicket.Domain.Tests.PackAwayTests.RestoringAnAttestedRebuildRequiresAFreshPhysicalCheck" computerName="ABMINIME" duration="00:00:00.0075965" startTime="2026-09-12T11:13:27.3056761-07:00" endTime="2026-09-12T11:13:27.3133010-07:00" testType="13cdc9d9-ddb5-4fa4-a97d-d965ccfc6d4b" outcome="Passed" testListId="8c84fa94-04c1-424b-9868-57a2d4851a1d" relativeResultsDirectory="a86477f4-06e3-406e-9553-1a679cf05a40" />
    <UnitTestResult executionId="c3bef693-ae22-49c3-b538-78b1e6b5746d" testId="dd18904c-4163-4aa7-ec71-7d6baff9dc0e" testName="GoldenTicket.Domain.Tests.PhotoAttachmentTests.InvalidPngCannotBecomeAStoredReference(corruption: &quot;metadata&quot;)" computerName="ABMINIME" duration="00:00:00.0002529" startTime="2026-09-12T11:13:27.4276797-07:00" endTime="2026-09-12T11:13:27.4279452-07:00" testType="13cdc9d9-ddb5-4fa4-a97d-d965ccfc6d4b" outcome="Passed" testListId="8c84fa94-04c1-424b-9868-57a2d4851a1d" relativeResultsDirectory="c3bef693-ae22-49c3-b538-78b1e6b5746d" />
    <UnitTestResult executionId="a2a52b47-5a60-49ec-87ab-0bfe2a429a16" testId="06dad629-e1e3-f6c3-cbea-197f14869eb1" testName="GoldenTicket.Domain.Tests.SetupAndDrawTests.OpeningMarketNeverHoldsThreeLocomotives" computerName="ABMINIME" duration="00:00:00.0128526" startTime="2026-09-12T11:13:27.1398122-07:00" endTime="2026-09-12T11:13:27.1527067-07:00" testType="13cdc9d9-ddb5-4fa4-a97d-d965ccfc6d4b" outcome="Passed" testListId="8c84fa94-04c1-424b-9868-57a2d4851a1d" relativeResultsDirectory="a2a52b47-5a60-49ec-87ab-0bfe2a429a16" />
    <UnitTestResult executionId="0a48de46-e4dd-48d2-baa3-08c35c6c977e" testId="58d60ac1-79b0-151b-b52c-e9207454b867" testName="GoldenTicket.Domain.Tests.ConnectivitySpikeTests.AnUnknownSessionIsNotPaired" computerName="ABMINIME" duration="00:00:00.0001619" startTime="2026-09-12T11:13:27.3057097-07:00" endTime="2026-09-12T11:13:27.3058869-07:00" testType="13cdc9d9-ddb5-4fa4-a97d-d965ccfc6d4b" outcome="Passed" testListId="8c84fa94-04c1-424b-9868-57a2d4851a1d" relativeResultsDirectory="0a48de46-e4dd-48d2-baa3-08c35c6c977e" />
    <UnitTestResult executionId="714b31f8-3612-4ef8-a882-68b249510ec4" testId="7d81fb4a-2786-e53a-bff2-f2660a9268a5" testName="GoldenTicket.Domain.Tests.PackAwayDurabilityTests.CheckpointMetadataTamperingIsDetected(column: &quot;Status&quot;, changed: &quot;Faulted&quot;)" computerName="ABMINIME" duration="00:00:00.1369853" startTime="2026-09-12T11:13:27.3850064-07:00" endTime="2026-09-12T11:13:27.5220434-07:00" testType="13cdc9d9-ddb5-4fa4-a97d-d965ccfc6d4b" outcome="Passed" testListId="8c84fa94-04c1-424b-9868-57a2d4851a1d" relativeResultsDirectory="714b31f8-3612-4ef8-a882-68b249510ec4" />
    <UnitTestResult executionId="f76af38d-3652-40de-8b9f-57e04a98e4b9" testId="8daad657-201f-cc24-fbd7-d16806d8ce7f" testName="GoldenTicket.Domain.Tests.RulesContinuationTests.ResolvingWhenNothingIsPausedIsRefused" computerName="ABMINIME" duration="00:00:00.0005179" startTime="2026-09-12T11:13:27.2318620-07:00" endTime="2026-09-12T11:13:27.2324015-07:00" testType="13cdc9d9-ddb5-4fa4-a97d-d965ccfc6d4b" outcome="Passed" testListId="8c84fa94-04c1-424b-9868-57a2d4851a1d" relativeResultsDirectory="f76af38d-3652-40de-8b9f-57e04a98e4b9" />
    <UnitTestResult executionId="808ca745-08e6-4740-9407-bcdd8d92fdee" testId="ea394070-0219-820c-6c28-2362fc6828fe" testName="GoldenTicket.Domain.Tests.CompanionShellTests.TheShellHasNoStrayControlCharacters(file: &quot;styles.css&quot;)" computerName="ABMINIME" duration="00:00:00.0078125" startTime="2026-09-12T11:13:26.9602992-07:00" endTime="2026-09-12T11:13:26.9681455-07:00" testType="13cdc9d9-ddb5-4fa4-a97d-d965ccfc6d4b" outcome="Passed" testListId="8c84fa94-04c1-424b-9868-57a2d4851a1d" relativeResultsDirectory="808ca745-08e6-4740-9407-bcdd8d92fdee" />
    <UnitTestResult executionId="593eaef2-8ea4-461d-8853-4248cb5871bd" testId="0347f9f0-4d56-03f7-2987-5b57eccdb43f" testName="GoldenTicket.Domain.Tests.ClaimTests.TheFinalRoundGivesEverySeatIncludingTheTriggerOneMoreTurn" computerName="ABMINIME" duration="00:00:00.1866949" startTime="2026-09-12T11:13:26.9056465-07:00" endTime="2026-09-12T11:13:27.0983052-07:00" testType="13cdc9d9-ddb5-4fa4-a97d-d965ccfc6d4b" outcome="Passed" testListId="8c84fa94-04c1-424b-9868-57a2d4851a1d" relativeResultsDirectory="593eaef2-8ea4-461d-8853-4248cb5871bd" />
    <UnitTestResult executionId="7c5fc2e4-3022-4fd3-8900-e3e39d666b6b" testId="803f60e0-0769-26d9-9849-3f191ea81d5d" testName="GoldenTicket.Domain.Tests.ManifestTests.ScoringLadderMatchesThePinnedProfile" computerName="ABMINIME" duration="00:00:00.0006370" startTime="2026-09-12T11:13:27.1278344-07:00" endTime="2026-09-12T11:13:27.1285082-07:00" testType="13cdc9d9-ddb5-4fa4-a97d-d965ccfc6d4b" outcome="Passed" testListId="8c84fa94-04c1-424b-9868-57a2d4851a1d" relativeResultsDirectory="7c5fc2e4-3022-4fd3-8900-e3e39d666b6b" />
    <UnitTestResult executionId="419508f7-aa76-4d45-8bc8-27a0c701129e" testId="3f046bfc-fcc1-b13f-d53c-ea1146d5abc0" testName="GoldenTicket.Domain.Tests.QrCodeTests.TextThatCannotFitIsRefusedRatherThanTruncated" computerName="ABMINIME" duration="00:00:00.0013106" startTime="2026-09-12T11:13:26.9349535-07:00" endTime="2026-09-12T11:13:26.9362834-07:00" testType="13cdc9d9-ddb5-4fa4-a97d-d965ccfc6d4b" outcome="Passed" testListId="8c84fa94-04c1-424b-9868-57a2d4851a1d" relativeResultsDirectory="419508f7-aa76-4d45-8bc8-27a0c701129e" />
    <UnitTestResult executionId="2041e645-95e2-467e-9008-56fd7170d54b" testId="4d121661-7adb-7bd3-856f-b403fec39b22" testName="GoldenTicket.Domain.Tests.VisionFoundationTests.Frame_rejects_invalid_or_unbounded_images(width: 1, height: 0, bytes: 0)" computerName="ABMINIME" duration="00:00:00.0000181" startTime="2026-09-12T11:13:26.9324091-07:00" endTime="2026-09-12T11:13:26.9324411-07:00" testType="13cdc9d9-ddb5-4fa4-a97d-d965ccfc6d4b" outcome="Passed" testListId="8c84fa94-04c1-424b-9868-57a2d4851a1d" relativeResultsDirectory="2041e645-95e2-467e-9008-56fd7170d54b" />
    <UnitTestResult executionId="c75fce8b-2cb4-4c1f-84f1-b0ac3e2f0524" testId="12cb3500-d7d9-bab9-2901-2b61d9da7f3b" testName="GoldenTicket.Domain.Tests.RulesContinuationTests.APolicyTheOperatorWasNotShownIsRefused" computerName="ABMINIME" duration="00:00:00.0005628" startTime="2026-09-12T11:13:27.2121489-07:00" endTime="2026-09-12T11:13:27.2127284-07:00" testType="13cdc9d9-ddb5-4fa4-a97d-d965ccfc6d4b" outcome="Passed" testListId="8c84fa94-04c1-424b-9868-57a2d4851a1d" relativeResultsDirectory="c75fce8b-2cb4-4c1f-84f1-b0ac3e2f0524" />
    <UnitTestResult executionId="21a16639-4d6c-4f29-9635-03bacd46b87e" testId="a34fc046-3246-6714-84f2-22a7ed2c127d" testName="GoldenTicket.Domain.Tests.CompanionHostTransportTests.RealHttpsTransportRequiresApprovalCsrfAndCurrentSeatGrantAndCommitsOnce" computerName="ABMINIME" duration="00:00:00.6320970" startTime="2026-09-12T11:13:26.9056403-07:00" endTime="2026-09-12T11:13:27.5434338-07:00" testType="13cdc9d9-ddb5-4fa4-a97d-d965ccfc6d4b" outcome="Passed" testListId="8c84fa94-04c1-424b-9868-57a2d4851a1d" relativeResultsDirectory="21a16639-4d6c-4f29-9635-03bacd46b87e" />
    <UnitTestResult executionId="947c6ba3-68e2-49ae-b111-d010ecf33398" testId="7d770dc3-5cf3-222a-65b7-3bbb4503c0f4" testName="GoldenTicket.Domain.Tests.DomainAuditTests.NoSelectableSecondDrawPreservesTheFirstCardAndPausesTheSameTurn" computerName="ABMINIME" duration="00:00:00.0079460" startTime="2026-09-12T11:13:27.1984698-07:00" endTime="2026-09-12T11:13:27.2064465-07:00" testType="13cdc9d9-ddb5-4fa4-a97d-d965ccfc6d4b" outcome="Passed" testListId="8c84fa94-04c1-424b-9868-57a2d4851a1d" relativeResultsDirectory="947c6ba3-68e2-49ae-b111-d010ecf33398" />
    <UnitTestResult executionId="66049345-d9d6-4faf-a1e7-6ee9a1570fb1" testId="b66e25be-654e-0dd6-3a8d-0db81588a9f5" testName="GoldenTicket.Domain.Tests.ApplicationAuditTests.PublicAiReportsDoNotIncludeThePolicysPrivateReason" computerName="ABMINIME" duration="00:00:00.0037880" startTime="2026-09-12T11:13:27.1920795-07:00" endTime="2026-09-12T11:13:27.1958892-07:00" testType="13cdc9d9-ddb5-4fa4-a97d-d965ccfc6d4b" outcome="Passed" testListId="8c84fa94-04c1-424b-9868-57a2d4851a1d" relativeResultsDirectory="66049345-d9d6-4faf-a1e7-6ee9a1570fb1" />
    <UnitTestResult executionId="e86cdbfb-b6bf-4d8f-bfda-cb7e5d282c89" testId="b63b117c-92b0-bc9f-d2f0-4f2b7d3e69fd" testName="GoldenTicket.Domain.Tests.RulesContinuationTests.UnknownAcceptedPolicyIdsAreInvariantViolations" computerName="ABMINIME" duration="00:00:00.0010700" startTime="2026-09-12T11:13:27.2227100-07:00" endTime="2026-09-12T11:13:27.2238120-07:00" testType="13cdc9d9-ddb5-4fa4-a97d-d965ccfc6d4b" outcome="Passed" testListId="8c84fa94-04c1-424b-9868-57a2d4851a1d" relativeResultsDirectory="e86cdbfb-b6bf-4d8f-bfda-cb7e5d282c89" />
    <UnitTestResult executionId="4f56deac-a534-490f-b957-c5a7315e294d" testId="082409a6-4e36-fe53-a802-348425339438" testName="GoldenTicket.Domain.Tests.QrCodeTests.TheSvgCoversEveryDarkModuleAndCarriesAQuietZone" computerName="ABMINIME" duration="00:00:00.0011775" startTime="2026-09-12T11:13:27.1062852-07:00" endTime="2026-09-12T11:13:27.1074858-07:00" testType="13cdc9d9-ddb5-4fa4-a97d-d965ccfc6d4b" outcome="Passed" testListId="8c84fa94-04c1-424b-9868-57a2d4851a1d" relativeResultsDirectory="4f56deac-a534-490f-b957-c5a7315e294d" />
    <UnitTestResult executionId="7a422878-2edb-4828-bb54-4c0e9d0719d4" testId="f4a4cf06-6100-c539-a98b-a7e24b372c34" testName="GoldenTicket.Domain.Tests.ManifestTests.RuntimeLoaderRejectsUnsupportedProfilesEvenWhenTheirChecksumIsValid(field: &quot;schemaVersion&quot;, value: &quot;2&quot;)" computerName="ABMINIME" duration="00:00:00.0313422" startTime="2026-09-12T11:13:27.0273528-07:00" endTime="2026-09-12T11:13:27.0587260-07:00" testType="13cdc9d9-ddb5-4fa4-a97d-d965ccfc6d4b" outcome="Passed" testListId="8c84fa94-04c1-424b-9868-57a2d4851a1d" relativeResultsDirectory="7a422878-2edb-4828-bb54-4c0e9d0719d4" />
    <UnitTestResult executionId="cfcbae5a-3c4e-4469-b5c5-bd64bb124808" testId="c9a1207c-d9a1-96f9-79a3-3203ecaa5f2a" testName="GoldenTicket.Domain.Tests.ScoringTests.DisconnectedComponentsAreScoredSeparatelyAndTheBestWins" computerName="ABMINIME" duration="00:00:00.0010070" startTime="2026-09-12T11:13:27.1169592-07:00" endTime="2026-09-12T11:13:27.1180043-07:00" testType="13cdc9d9-ddb5-4fa4-a97d-d965ccfc6d4b" outcome="Passed" testListId="8c84fa94-04c1-424b-9868-57a2d4851a1d" relativeResultsDirectory="cfcbae5a-3c4e-4469-b5c5-bd64bb124808" />
    <UnitTestResult executionId="e3336e52-b1d8-4986-b956-74913c657eb0" testId="a1928051-11a2-a6b7-7afb-e1dd6cf576de" testName="GoldenTicket.Domain.Tests.ThemeTokenTests.GameplayColoursAreSeparateFromTheDecorativePalette" computerName="ABMINIME" duration="00:00:00.0013904" startTime="2026-09-12T11:13:26.9696996-07:00" endTime="2026-09-12T11:13:26.9711171-07:00" testType="13cdc9d9-ddb5-4fa4-a97d-d965ccfc6d4b" outcome="Passed" testListId="8c84fa94-04c1-424b-9868-57a2d4851a1d" relativeResultsDirectory="e3336e52-b1d8-4986-b956-74913c657eb0" />
    <UnitTestResult executionId="350e6ce6-a01e-45c9-9635-1b9b937981d6" testId="2e28e42c-9162-ea86-ee7c-4be86e8a9172" testName="GoldenTicket.Domain.Tests.ApplicationAuditTests.UpdateObserverCanReadTheCoordinatorWithoutDeadlocking" computerName="ABMINIME" duration="00:00:00.0058446" startTime="2026-09-12T11:13:27.1404310-07:00" endTime="2026-09-12T11:13:27.1503036-07:00" testType="13cdc9d9-ddb5-4fa4-a97d-d965ccfc6d4b" outcome="Passed" testListId="8c84fa94-04c1-424b-9868-57a2d4851a1d" relativeResultsDirectory="350e6ce6-a01e-45c9-9635-1b9b937981d6" />
    <UnitTestResult executionId="a65b671c-fdb9-4b70-bbb3-61a15982bd6a" testId="b9085433-1df9-a18b-4ef8-ff170c0e276a" testName="GoldenTicket.Domain.Tests.PackAwayTests.LogicalHashCoversAcceptedPoliciesAndConsecutivePasses" computerName="ABMINIME" duration="00:00:00.0006819" startTime="2026-09-12T11:13:27.3567862-07:00" endTime="2026-09-12T11:13:27.3574916-07:00" testType="13cdc9d9-ddb5-4fa4-a97d-d965ccfc6d4b" outcome="Passed" testListId="8c84fa94-04c1-424b-9868-57a2d4851a1d" relativeResultsDirectory="a65b671c-fdb9-4b70-bbb3-61a15982bd6a" />
    <UnitTestResult executionId="7b605787-c8ee-414b-acea-36b12766af45" testId="e70c89cd-8bd3-5072-e15b-781e0f65a91e" testName="GoldenTicket.Domain.Tests.ConnectivitySpikeTests.OnlyPrivateAddressesMayBeServedOn(address: &quot;169.254.1.1&quot;, expected: False)" computerName="ABMINIME" duration="00:00:00.0000274" startTime="2026-09-12T11:13:26.9493530-07:00" endTime="2026-09-12T11:13:26.9493905-07:00" testType="13cdc9d9-ddb5-4fa4-a97d-d965ccfc6d4b" outcome="Passed" testListId="8c84fa94-04c1-424b-9868-57a2d4851a1d" relativeResultsDirectory="7b605787-c8ee-414b-acea-36b12766af45" />
    <UnitTestResult executionId="965541cf-dc05-40db-8f9b-3a4f01f00928" testId="5903df2a-ec8f-cc82-5de7-1f91f0deb43c" testName="GoldenTicket.Domain.Tests.QrCodeTests.DerivedCapacityMatchesThePublishedDataCodewords" computerName="ABMINIME" duration="00:00:00.0003213" startTime="2026-09-12T11:13:27.1029361-07:00" endTime="2026-09-12T11:13:27.1032797-07:00" testType="13cdc9d9-ddb5-4fa4-a97d-d965ccfc6d4b" outcome="Passed" testListId="8c84fa94-04c1-424b-9868-57a2d4851a1d" relativeResultsDirectory="965541cf-dc05-40db-8f9b-3a4f01f00928" />
    <UnitTestResult executionId="6ecb94d7-2289-432e-91f5-62fb09da5fca" testId="f8c9197f-9be4-f897-1940-68f75ac9cd3c" testName="GoldenTicket.Domain.Tests.QrCodeTests.ASymbolReadsBackAsTheTextItEncodes(text: &quot;https://gt-ffffffff.local:65535/&quot;)" computerName="ABMINIME" duration="00:00:00.0030096" startTime="2026-09-12T11:13:27.0907159-07:00" endTime="2026-09-12T11:13:27.0937647-07:00" testType="13cdc9d9-ddb5-4fa4-a97d-d965ccfc6d4b" outcome="Passed" testListId="8c84fa94-04c1-424b-9868-57a2d4851a1d" relativeResultsDirectory="6ecb94d7-2289-432e-91f5-62fb09da5fca" />
    <UnitTestResult executionId="ba01dd75-6f2a-4d8b-ac5f-a6f5fad77ba7" testId="67577499-d118-e697-3119-ca9e44dd78ff" testName="GoldenTicket.Domain.Tests.ClaimTests.APaymentMixingTwoColoursIsRefused" computerName="ABMINIME" duration="00:00:00.0010181" startTime="2026-09-12T11:13:27.1617416-07:00" endTime="2026-09-12T11:13:27.1627911-07:00" testType="13cdc9d9-ddb5-4fa4-a97d-d965ccfc6d4b" outcome="Passed" testListId="8c84fa94-04c1-424b-9868-57a2d4851a1d" relativeResultsDirectory="ba01dd75-6f2a-4d8b-ac5f-a6f5fad77ba7" />
    <UnitTestResult executionId="604bd87d-f307-4b13-901f-fddbb1d1e4cd" testId="1919966a-164d-eb7e-ebd0-622d51cfedd5" testName="GoldenTicket.Domain.Tests.PhotoAttachmentTests.AssociationPinsEveryImmutableCheckpointField(change: &quot;name&quot;)" computerName="ABMINIME" duration="00:00:00.0157515" startTime="2026-09-12T11:13:27.2537069-07:00" endTime="2026-09-12T11:13:27.2694885-07:00" testType="13cdc9d9-ddb5-4fa4-a97d-d965ccfc6d4b" outcome="Passed" testListId="8c84fa94-04c1-424b-9868-57a2d4851a1d" relativeResultsDirectory="604bd87d-f307-4b13-901f-fddbb1d1e4cd" />
    <UnitTestResult executionId="ceac1f38-fa9e-4783-a3ff-b48927229545" testId="38abcc8d-dd68-b0ed-a899-d093db0bf8f8" testName="GoldenTicket.Domain.Tests.ApplicationAuditTests.AFaultyObserverCannotTurnACommittedActionIntoAFailureOrSkipOtherObservers" computerName="ABMINIME" duration="00:00:00.2283555" startTime="2026-09-12T11:13:26.9057308-07:00" endTime="2026-09-12T11:13:27.1400410-07:00" testType="13cdc9d9-ddb5-4fa4-a97d-d965ccfc6d4b" outcome="Passed" testListId="8c84fa94-04c1-424b-9868-57a2d4851a1d" relativeResultsDirectory="ceac1f38-fa9e-4783-a3ff-b48927229545" />
    <UnitTestResult executionId="f94f62e2-8416-4ccc-b556-c22e62f5bb37" testId="2ac17153-1299-517a-6192-81eab732c9d4" testName="GoldenTicket.Domain.Tests.ConnectivitySpikeTests.TheAuthorityIsReusedAcrossRunsSoTrustedDevicesKeepWorking" computerName="ABMINIME" duration="00:00:00.1169444" startTime="2026-09-12T11:13:28.3838608-07:00" endTime="2026-09-12T11:13:28.5008439-07:00" testType="13cdc9d9-ddb5-4fa4-a97d-d965ccfc6d4b" outcome="Passed" testListId="8c84fa94-04c1-424b-9868-57a2d4851a1d" relativeResultsDirectory="f94f62e2-8416-4ccc-b556-c22e62f5bb37" />
    <UnitTestResult executionId="2c331b60-ef65-4b1b-ad1d-5cd27352b790" testId="09a6e745-3c39-bd7c-2d77-c800ecf9457a" testName="GoldenTicket.Domain.Tests.ManifestTests.AuditRecordIsHonestAboutItsOwnStatus" computerName="ABMINIME" duration="00:00:00.0005253" startTime="2026-09-12T11:13:27.1205916-07:00" endTime="2026-09-12T11:13:27.1211507-07:00" testType="13cdc9d9-ddb5-4fa4-a97d-d965ccfc6d4b" outcome="Passed" testListId="8c84fa94-04c1-424b-9868-57a2d4851a1d" relativeResultsDirectory="2c331b60-ef65-4b1b-ad1d-5cd27352b790" />
    <UnitTestResult executionId="d97e77fd-c205-4ac4-ba36-29f4b0e2b434" testId="87d10803-faa3-1050-b5df-7d89a80f8413" testName="GoldenTicket.Domain.Tests.SetupAndDrawTests.SetupReturnsAreRecycledOnlyAfterEverySeatHasChosen" computerName="ABMINIME" duration="00:00:00.0598795" startTime="2026-09-12T11:13:27.0592499-07:00" endTime="2026-09-12T11:13:27.1191717-07:00" testType="13cdc9d9-ddb5-4fa4-a97d-d965ccfc6d4b" outcome="Passed" testListId="8c84fa94-04c1-424b-9868-57a2d4851a1d" relativeResultsDirectory="d97e77fd-c205-4ac4-ba36-29f4b0e2b434" />
    <UnitTestResult executionId="a35bbe8b-5eed-41fd-9e43-150f42662483" testId="3870aeb7-ca18-1d65-26d8-0bb8224c78cf" testName="GoldenTicket.Domain.Tests.PersistenceAuditTests.UntrustedSessionIdsCannotReachTheFilesystem(value: &quot;&quot;)" computerName="ABMINIME" duration="00:00:00.0002442" startTime="2026-09-12T11:13:27.8199697-07:00" endTime="2026-09-12T11:13:27.8202268-07:00" testType="13cdc9d9-ddb5-4fa4-a97d-d965ccfc6d4b" outcome="Passed" testListId="8c84fa94-04c1-424b-9868-57a2d4851a1d" relativeResultsDirectory="a35bbe8b-5eed-41fd-9e43-150f42662483" />
    <UnitTestResult executionId="ed63bf17-cbd2-4b8f-8b73-12068a852fd2" testId="fb162344-1564-2bd2-9364-f7570af8afdd" testName="GoldenTicket.Domain.Tests.QrCodeTests.AlignmentCentresMatchThePublishedTable" computerName="ABMINIME" duration="00:00:00.0008932" startTime="2026-09-12T11:13:27.1008293-07:00" endTime="2026-09-12T11:13:27.1017590-07:00" testType="13cdc9d9-ddb5-4fa4-a97d-d965ccfc6d4b" outcome="Passed" testListId="8c84fa94-04c1-424b-9868-57a2d4851a1d" relativeResultsDirectory="ed63bf17-cbd2-4b8f-8b73-12068a852fd2" />
    <UnitTestResult executionId="32c89fd4-f116-4c94-82e5-09e7af7f0da7" testId="d6cc3eee-c3c2-1bd9-b01e-f07c084bfa2e" testName="GoldenTicket.Domain.Tests.PersistenceAuditTests.MissingOrCorruptSaveMetadataStopsRestore(mutation: &quot;UPDATE Event SET SchemaVersion = 999;&quot;)" computerName="ABMINIME" duration="00:00:00.0366420" startTime="2026-09-12T11:13:27.4276782-07:00" endTime="2026-09-12T11:13:27.4643395-07:00" testType="13cdc9d9-ddb5-4fa4-a97d-d965ccfc6d4b" outcome="Passed" testListId="8c84fa94-04c1-424b-9868-57a2d4851a1d" relativeResultsDirectory="32c89fd4-f116-4c94-82e5-09e7af7f0da7" />
    <UnitTestResult executionId="ca12005e-31a8-4f31-8c66-aa4f9606ea59" testId="b11292fa-a568-17d3-fde2-688b38203ff1" testName="GoldenTicket.Domain.Tests.ConnectivitySpikeTests.BothHostsRejectOutsidePeersAndPublicNetworkProfiles(peer: &quot;8.8.8.8&quot;, isPrivate: True, expected: 403)" computerName="ABMINIME" duration="00:00:00.0000475" startTime="2026-09-12T11:13:26.9460800-07:00" endTime="2026-09-12T11:13:26.9461395-07:00" testType="13cdc9d9-ddb5-4fa4-a97d-d965ccfc6d4b" outcome="Passed" testListId="8c84fa94-04c1-424b-9868-57a2d4851a1d" relativeResultsDirectory="ca12005e-31a8-4f31-8c66-aa4f9606ea59" />
    <UnitTestResult executionId="d700f013-215f-4d5e-9109-3ee431697abb" testId="42accb0b-03ac-faed-be74-4d1ed740b961" testName="GoldenTicket.Domain.Tests.VisionFoundationTests.Registration_rejects_bowtie_counterclockwise_tiny_and_nonfinite_corners" computerName="ABMINIME" duration="00:00:00.0007998" startTime="2026-09-12T11:13:26.9483075-07:00" endTime="2026-09-12T11:13:26.9491229-07:00" testType="13cdc9d9-ddb5-4fa4-a97d-d965ccfc6d4b" outcome="Passed" testListId="8c84fa94-04c1-424b-9868-57a2d4851a1d" relativeResultsDirectory="d700f013-215f-4d5e-9109-3ee431697abb" />
    <UnitTestResult executionId="cbe10136-7ef6-453d-96a7-a9767e6366de" testId="047702e2-e4c7-1610-9bf7-23fd07a18fd3" testName="GoldenTicket.Domain.Tests.PropertyTests.ACompleteMatchHoldsItsInvariantsAndReplaysToTheSameState(seatCount: 5, seed: 404)" computerName="ABMINIME" duration="00:00:00.1920434" startTime="2026-09-12T11:13:27.6954635-07:00" endTime="2026-09-12T11:13:27.8875400-07:00" testType="13cdc9d9-ddb5-4fa4-a97d-d965ccfc6d4b" outcome="Passed" testListId="8c84fa94-04c1-424b-9868-57a2d4851a1d" relativeResultsDirectory="cbe10136-7ef6-453d-96a7-a9767e6366de" />
    <UnitTestResult executionId="ed8d68ac-1422-4c06-ab3e-c5e7ec1bc40d" testId="89c39e56-348f-c589-1653-9fcc1c47bca5" testName="GoldenTicket.Domain.Tests.PersistenceAuditTests.UntrustedSessionIdsCannotReachTheFilesystem(value: &quot;..&quot;)" computerName="ABMINIME" duration="00:00:00.0000408" startTime="2026-09-12T11:13:27.8208495-07:00" endTime="2026-09-12T11:13:27.8208960-07:00" testType="13cdc9d9-ddb5-4fa4-a97d-d965ccfc6d4b" outcome="Passed" testListId="8c84fa94-04c1-424b-9868-57a2d4851a1d" relativeResultsDirectory="ed8d68ac-1422-4c06-ab3e-c5e7ec1bc40d" />
    <UnitTestResult executionId="e289e320-0eb1-4d5e-a78d-2d1703267c42" testId="84202082-8634-5b2b-da49-a146b33be3f4" testName="GoldenTicket.Domain.Tests.CompanionHostTests.QueuedCommandAuthorizationCannotOutliveTheCurrentHeartbeatOrPrivateGrant" computerName="ABMINIME" duration="00:00:00.0028408" startTime="2026-09-12T11:13:27.2061477-07:00" endTime="2026-09-12T11:13:27.2090042-07:00" testType="13cdc9d9-ddb5-4fa4-a97d-d965ccfc6d4b" outcome="Passed" testListId="8c84fa94-04c1-424b-9868-57a2d4851a1d" relativeResultsDirectory="e289e320-0eb1-4d5e-a78d-2d1703267c42" />
    <UnitTestResult executionId="9178ad9c-5dde-4909-b1ed-f5869f53bf7e" testId="67f776ec-e1a1-c138-a8f6-bc8a1a501bce" testName="GoldenTicket.Domain.Tests.PhotoAttachmentTests.DamagedReferenceLeavesRouteBasedRebuildAvailableAndDisallowsReplacingEvidence" computerName="ABMINIME" duration="00:00:00.0161790" startTime="2026-09-12T11:13:27.6176869-07:00" endTime="2026-09-12T11:13:27.6338942-07:00" testType="13cdc9d9-ddb5-4fa4-a97d-d965ccfc6d4b" outcome="Passed" testListId="8c84fa94-04c1-424b-9868-57a2d4851a1d" relativeResultsDirectory="9178ad9c-5dde-4909-b1ed-f5869f53bf7e" />
    <UnitTestResult executionId="c1ef099f-6b5f-4da5-a074-aef001f83013" testId="b28e02f4-0c1a-bde5-1ee8-7a5e811a4ba7" testName="GoldenTicket.Domain.Tests.ManifestTests.NoPlaceholderGeometryIsShipped" computerName="ABMINIME" duration="00:00:00.0075957" startTime="2026-09-12T11:13:27.1127105-07:00" endTime="2026-09-12T11:13:27.1203409-07:00" testType="13cdc9d9-ddb5-4fa4-a97d-d965ccfc6d4b" outcome="Passed" testListId="8c84fa94-04c1-424b-9868-57a2d4851a1d" relativeResultsDirectory="c1ef099f-6b5f-4da5-a074-aef001f83013" />
    <UnitTestResult executionId="9106e3c1-3de9-4a58-acd0-d0f532b58231" testId="410cc14c-c6af-b438-d147-5803501f1880" testName="GoldenTicket.Domain.Tests.PhotoAttachmentTests.DigitalReadbackMustSucceedBeforeAReferenceCanBeAdded(status: Faulted)" computerName="ABMINIME" duration="00:00:00.0005159" startTime="2026-09-12T11:13:27.5860183-07:00" endTime="2026-09-12T11:13:27.5865509-07:00" testType="13cdc9d9-ddb5-4fa4-a97d-d965ccfc6d4b" outcome="Passed" testListId="8c84fa94-04c1-424b-9868-57a2d4851a1d" relativeResultsDirectory="9106e3c1-3de9-4a58-acd0-d0f532b58231" />
    <UnitTestResult executionId="1df85b81-cd75-4b9c-b193-9ef3c2424b71" testId="687b1721-8056-c622-1d37-61320030bdaa" testName="GoldenTicket.Domain.Tests.PhotoAttachmentTests.CallerPathsAndNonCanonicalIdsNeverEnterTheFilesystem(id: &quot;1111111111111111111111111111111A&quot;)" computerName="ABMINIME" duration="00:00:00.0003762" startTime="2026-09-12T11:13:27.4829235-07:00" endTime="2026-09-12T11:13:27.4833197-07:00" testType="13cdc9d9-ddb5-4fa4-a97d-d965ccfc6d4b" outcome="Passed" testListId="8c84fa94-04c1-424b-9868-57a2d4851a1d" relativeResultsDirectory="1df85b81-cd75-4b9c-b193-9ef3c2424b71" />
    <UnitTestResult executionId="354a49ae-96fb-4411-b35f-94fccaf2dffb" testId="135b08cc-3b2c-3ded-3127-d325df88b30e" testName="GoldenTicket.Domain.Tests.PackAwayTests.ASaveNeedsAName(name: &quot;&quot;)" computerName="ABMINIME" duration="00:00:00.0123218" startTime="2026-09-12T11:13:27.1963083-07:00" endTime="2026-09-12T11:13:27.2086583-07:00" testType="13cdc9d9-ddb5-4fa4-a97d-d965ccfc6d4b" outcome="Passed" testListId="8c84fa94-04c1-424b-9868-57a2d4851a1d" relativeResultsDirectory="354a49ae-96fb-4411-b35f-94fccaf2dffb" />
    <UnitTestResult executionId="79b58705-f5bc-4023-a3c9-10c2dd051cd0" testId="eb69a6da-7b34-bcf2-be2b-a01956f41f50" testName="GoldenTicket.Domain.Tests.ThemeTokenTests.TextPairsMeetTheProjectContrastTarget(foreground: &quot;RailBlue&quot;, background: &quot;Parchment&quot;, target: 4.5)" computerName="ABMINIME" duration="00:00:00.0000167" startTime="2026-09-12T11:13:26.9693077-07:00" endTime="2026-09-12T11:13:26.9693360-07:00" testType="13cdc9d9-ddb5-4fa4-a97d-d965ccfc6d4b" outcome="Passed" testListId="8c84fa94-04c1-424b-9868-57a2d4851a1d" relativeResultsDirectory="79b58705-f5bc-4023-a3c9-10c2dd051cd0" />
    <UnitTestResult executionId="1a7c317c-935a-49ad-86ab-e29fdf7a3c2c" testId="bba46e41-39c6-b31e-5c67-20d258d64247" testName="GoldenTicket.Domain.Tests.RulesContinuationTests.AcceptingTheLocomotivePolicyLeavesTheMarketAloneAndFinishesTheTurn" computerName="ABMINIME" duration="00:00:00.0143054" startTime="2026-09-12T11:13:27.1957661-07:00" endTime="2026-09-12T11:13:27.2100994-07:00" testType="13cdc9d9-ddb5-4fa4-a97d-d965ccfc6d4b" outcome="Passed" testListId="8c84fa94-04c1-424b-9868-57a2d4851a1d" relativeResultsDirectory="1a7c317c-935a-49ad-86ab-e29fdf7a3c2c" />
    <UnitTestResult executionId="1598a017-1cf8-4e47-8caa-742b8e2cd431" testId="f4990b84-d799-a5b6-ca62-d1d38de346b2" testName="GoldenTicket.Domain.Tests.ClaimTests.ConfirmedPlacementSpendsScoresAndEndsTheTurnExactlyOnce" computerName="ABMINIME" duration="00:00:00.0043796" startTime="2026-09-12T11:13:27.1557740-07:00" endTime="2026-09-12T11:13:27.1602058-07:00" testType="13cdc9d9-ddb5-4fa4-a97d-d965ccfc6d4b" outcome="Passed" testListId="8c84fa94-04c1-424b-9868-57a2d4851a1d" relativeResultsDirectory="1598a017-1cf8-4e47-8caa-742b8e2cd431" />
    <UnitTestResult executionId="0b4244b3-e2cd-44f1-9540-52f1eff92b28" testId="047c95e4-8c59-bd71-6d73-74f97d75c20a" testName="GoldenTicket.Domain.Tests.DomainAuditTests.VersionTwoHashCoversAllFinalScoringEvidence(changedField: &quot;completed&quot;)" computerName="ABMINIME" duration="00:00:00.0009285" startTime="2026-09-12T11:13:27.1572495-07:00" endTime="2026-09-12T11:13:27.1582107-07:00" testType="13cdc9d9-ddb5-4fa4-a97d-d965ccfc6d4b" outcome="Passed" testListId="8c84fa94-04c1-424b-9868-57a2d4851a1d" relativeResultsDirectory="0b4244b3-e2cd-44f1-9540-52f1eff92b28" />
    <UnitTestResult executionId="55c37d98-09d9-41ac-b066-1ab751426c1c" testId="583e0db1-c481-2128-e12b-fb8931deebfa" testName="GoldenTicket.Domain.Tests.ManifestTests.EveryCityIsConnectedToTheRestOfTheBoard" computerName="ABMINIME" duration="00:00:00.0040272" startTime="2026-09-12T11:13:27.0594917-07:00" endTime="2026-09-12T11:13:27.0635629-07:00" testType="13cdc9d9-ddb5-4fa4-a97d-d965ccfc6d4b" outcome="Passed" testListId="8c84fa94-04c1-424b-9868-57a2d4851a1d" relativeResultsDirectory="55c37d98-09d9-41ac-b066-1ab751426c1c" />
    <UnitTestResult executionId="9bd4897c-be23-48d3-a1ce-d7f359551e42" testId="986d26c4-3a68-3c76-7e59-d825ef074fdb" testName="GoldenTicket.Domain.Tests.PhotoAttachmentTests.DigitalReadbackMustSucceedBeforeAReferenceCanBeAdded(status: CommittedAwaitingReadback)" computerName="ABMINIME" duration="00:00:00.0009602" startTime="2026-09-12T11:13:27.5848957-07:00" endTime="2026-09-12T11:13:27.5858724-07:00" testType="13cdc9d9-ddb5-4fa4-a97d-d965ccfc6d4b" outcome="Passed" testListId="8c84fa94-04c1-424b-9868-57a2d4851a1d" relativeResultsDirectory="9bd4897c-be23-48d3-a1ce-d7f359551e42" />
    <UnitTestResult executionId="b8ee48ce-3702-4447-9cdf-ed6e9ec19c1a" testId="052700e8-b232-690b-bed3-82292feb3c8e" testName="GoldenTicket.Domain.Tests.DomainAuditTests.VersionTwoHashCoversAllFinalScoringEvidence(changedField: &quot;bonusHolders&quot;)" computerName="ABMINIME" duration="00:00:00.0063135" startTime="2026-09-12T11:13:27.1412406-07:00" endTime="2026-09-12T11:13:27.1475942-07:00" testType="13cdc9d9-ddb5-4fa4-a97d-d965ccfc6d4b" outcome="Passed" testListId="8c84fa94-04c1-424b-9868-57a2d4851a1d" relativeResultsDirectory="b8ee48ce-3702-4447-9cdf-ed6e9ec19c1a" />
    <UnitTestResult executionId="bc4002aa-3b4c-4c00-ad9f-355e6deaeb52" testId="4f70f732-0234-6178-60a5-68b581df4d67" testName="GoldenTicket.Domain.Tests.RulesContinuationTests.TheAcceptanceIsRecordedWithItsPolicyVersion" computerName="ABMINIME" duration="00:00:00.0032923" startTime="2026-09-12T11:13:27.2283047-07:00" endTime="2026-09-12T11:13:27.2316233-07:00" testType="13cdc9d9-ddb5-4fa4-a97d-d965ccfc6d4b" outcome="Passed" testListId="8c84fa94-04c1-424b-9868-57a2d4851a1d" relativeResultsDirectory="bc4002aa-3b4c-4c00-ad9f-355e6deaeb52" />
    <UnitTestResult executionId="1477b7fc-abd5-4412-857b-35ed6727d15f" testId="5a12acfd-70d3-53d3-b6e7-6b1fd4103808" testName="GoldenTicket.Domain.Tests.ConnectivitySpikeTests.PeersMustBelongToTheSelectedSubnet(peer: &quot;192.168.1.49&quot;, prefixLength: 30, allowed: True)" computerName="ABMINIME" duration="00:00:00.0001243" startTime="2026-09-12T11:13:26.9514323-07:00" endTime="2026-09-12T11:13:26.9515695-07:00" testType="13cdc9d9-ddb5-4fa4-a97d-d965ccfc6d4b" outcome="Passed" testListId="8c84fa94-04c1-424b-9868-57a2d4851a1d" relativeResultsDirectory="1477b7fc-abd5-4412-857b-35ed6727d15f" />
    <UnitTestResult executionId="89a7e075-5466-4b3b-be3f-8433bc08f075" testId="9a726240-980e-6390-dfb1-83dda491d8e8" testName="GoldenTicket.Domain.Tests.ApplicationAuditTests.AnUncertainWriteBlocksFurtherCommandsUntilRestored(committedBeforeFailure: False)" computerName="ABMINIME" duration="00:00:00.0010638" startTime="2026-09-12T11:13:27.1813962-07:00" endTime="2026-09-12T11:13:27.1824932-07:00" testType="13cdc9d9-ddb5-4fa4-a97d-d965ccfc6d4b" outcome="Passed" testListId="8c84fa94-04c1-424b-9868-57a2d4851a1d" relativeResultsDirectory="89a7e075-5466-4b3b-be3f-8433bc08f075" />
    <UnitTestResult executionId="612649c9-5a05-4ad2-b56b-09915648b45d" testId="7ebb36d7-38b0-320f-7bb7-d71165094f35" testName="GoldenTicket.Domain.Tests.ClaimTests.CancellingAfterPlacementRestoresTheBoardBeforeReleasingTheReservation" computerName="ABMINIME" duration="00:00:00.0056249" startTime="2026-09-12T11:13:27.1444400-07:00" endTime="2026-09-12T11:13:27.1501013-07:00" testType="13cdc9d9-ddb5-4fa4-a97d-d965ccfc6d4b" outcome="Passed" testListId="8c84fa94-04c1-424b-9868-57a2d4851a1d" relativeResultsDirectory="612649c9-5a05-4ad2-b56b-09915648b45d" />
    <UnitTestResult executionId="5af70ccc-8fbd-4ab0-afe0-a772b6c10a62" testId="0b0b7c57-a3f0-83e2-9ef7-7164923c1a25" testName="GoldenTicket.Domain.Tests.ConnectivitySpikeTests.DeviceLabelsAreTreatedAsUntrustedText(submitted: &quot;   &quot;, expected: &quot;unnamed device&quot;)" computerName="ABMINIME" duration="00:00:00.0002708" startTime="2026-09-12T11:13:27.3035153-07:00" endTime="2026-09-12T11:13:27.3038037-07:00" testType="13cdc9d9-ddb5-4fa4-a97d-d965ccfc6d4b" outcome="Passed" testListId="8c84fa94-04c1-424b-9868-57a2d4851a1d" relativeResultsDirectory="5af70ccc-8fbd-4ab0-afe0-a772b6c10a62" />
    <UnitTestResult executionId="6405104c-db7a-4373-82be-d3c63c21fc9b" testId="f23fed37-3c4c-9bd3-431e-5d3d46f8b0b1" testName="GoldenTicket.Domain.Tests.SetupAndDrawTests.OnlyTheActiveSeatMayDraw" computerName="ABMINIME" duration="00:00:00.0007691" startTime="2026-09-12T11:13:27.1291551-07:00" endTime="2026-09-12T11:13:27.1299437-07:00" testType="13cdc9d9-ddb5-4fa4-a97d-d965ccfc6d4b" outcome="Passed" testListId="8c84fa94-04c1-424b-9868-57a2d4851a1d" relativeResultsDirectory="6405104c-db7a-4373-82be-d3c63c21fc9b" />
    <UnitTestResult executionId="82afc6bf-1bab-417a-b48b-016b94bbbda1" testId="6bbab953-4bc8-d065-e600-881d8d722811" testName="GoldenTicket.Domain.Tests.ClaimTests.NoSeatMayOwnBothLanesOfAParallelRoute" computerName="ABMINIME" duration="00:00:00.0034533" startTime="2026-09-12T11:13:27.1059900-07:00" endTime="2026-09-12T11:13:27.1094753-07:00" testType="13cdc9d9-ddb5-4fa4-a97d-d965ccfc6d4b" outcome="Passed" testListId="8c84fa94-04c1-424b-9868-57a2d4851a1d" relativeResultsDirectory="82afc6bf-1bab-417a-b48b-016b94bbbda1" />
    <UnitTestResult executionId="522f3769-41d7-4ee4-a40f-e8e29b275078" testId="8944960d-343b-0dbe-0b8d-4a26d8a7af06" testName="GoldenTicket.Domain.Tests.PhotoAttachmentTests.CallerPathsAndNonCanonicalIdsNeverEnterTheFilesystem(id: &quot;C:\\outside&quot;)" computerName="ABMINIME" duration="00:00:00.0002383" startTime="2026-09-12T11:13:27.4840943-07:00" endTime="2026-09-12T11:13:27.4843514-07:00" testType="13cdc9d9-ddb5-4fa4-a97d-d965ccfc6d4b" outcome="Passed" testListId="8c84fa94-04c1-424b-9868-57a2d4851a1d" relativeResultsDirectory="522f3769-41d7-4ee4-a40f-e8e29b275078" />
    <UnitTestResult executionId="1e181e99-aa45-461a-8bbc-e6045c30d38f" testId="8c87e7a7-84e6-2681-21e3-e6cb939bfa44" testName="GoldenTicket.Domain.Tests.PhotoAttachmentTests.InvalidPngCannotBecomeAStoredReference(corruption: &quot;trailing&quot;)" computerName="ABMINIME" duration="00:00:00.0005227" startTime="2026-09-12T11:13:27.4259202-07:00" endTime="2026-09-12T11:13:27.4264783-07:00" testType="13cdc9d9-ddb5-4fa4-a97d-d965ccfc6d4b" outcome="Passed" testListId="8c84fa94-04c1-424b-9868-57a2d4851a1d" relativeResultsDirectory="1e181e99-aa45-461a-8bbc-e6045c30d38f" />
    <UnitTestResult executionId="ec923458-4990-47ab-b5bd-209f672a6f6f" testId="f7152e28-755a-07cd-ed54-33343429ed70" testName="GoldenTicket.Domain.Tests.PersistenceAuditTests.UntrustedSessionIdsCannotReachTheFilesystem(value: &quot;.&quot;)" computerName="ABMINIME" duration="00:00:00.0000444" startTime="2026-09-12T11:13:27.8204858-07:00" endTime="2026-09-12T11:13:27.8205362-07:00" testType="13cdc9d9-ddb5-4fa4-a97d-d965ccfc6d4b" outcome="Passed" testListId="8c84fa94-04c1-424b-9868-57a2d4851a1d" relativeResultsDirectory="ec923458-4990-47ab-b5bd-209f672a6f6f" />
    <UnitTestResult executionId="7a80c946-db4d-4f60-a199-343078c7e301" testId="0438668f-c197-603a-9e0e-4a86e7c3cb36" testName="GoldenTicket.Domain.Tests.ConnectivitySpikeTests.MissingAuthorityKeyFailsWithoutSilentlyReplacingDeviceTrust" computerName="ABMINIME" duration="00:00:00.1572212" startTime="2026-09-12T11:13:27.3060488-07:00" endTime="2026-09-12T11:13:27.4632916-07:00" testType="13cdc9d9-ddb5-4fa4-a97d-d965ccfc6d4b" outcome="Passed" testListId="8c84fa94-04c1-424b-9868-57a2d4851a1d" relativeResultsDirectory="7a80c946-db4d-4f60-a199-343078c7e301" />
    <UnitTestResult executionId="66d863f8-5dcc-4047-893b-c5f93ba7e54c" testId="1cc07eca-519d-a704-16c4-3c5059557214" testName="GoldenTicket.Domain.Tests.PersistenceAuditTests.MissingOrCorruptSaveMetadataStopsRestore(mutation: &quot;UPDATE Event SET Sequence = Sequence + 100;&quot;)" computerName="ABMINIME" duration="00:00:00.0262059" startTime="2026-09-12T11:13:27.6799842-07:00" endTime="2026-09-12T11:13:27.7062174-07:00" testType="13cdc9d9-ddb5-4fa4-a97d-d965ccfc6d4b" outcome="Passed" testListId="8c84fa94-04c1-424b-9868-57a2d4851a1d" relativeResultsDirectory="66d863f8-5dcc-4047-893b-c5f93ba7e54c" />
    <UnitTestResult executionId="99862193-b271-455d-a974-32bc11c723f0" testId="f35585b9-4597-0536-146b-a2fa0ec2784b" testName="GoldenTicket.Domain.Tests.DomainAuditTests.ConservationRejectsUnknownReplacementCardsAndTickets" computerName="ABMINIME" duration="00:00:00.0077861" startTime="2026-09-12T11:13:27.1213546-07:00" endTime="2026-09-12T11:13:27.1291913-07:00" testType="13cdc9d9-ddb5-4fa4-a97d-d965ccfc6d4b" outcome="Passed" testListId="8c84fa94-04c1-424b-9868-57a2d4851a1d" relativeResultsDirectory="99862193-b271-455d-a974-32bc11c723f0" />
    <UnitTestResult executionId="d30a7314-8588-4ab3-a60f-e4799b0c684b" testId="09c2f339-be7f-a361-0e08-8bf99b3c70d5" testName="GoldenTicket.Domain.Tests.CompanionHostTests.HeartbeatLossExpiresPrivateViewAndReconnectNeverRestoresIt" computerName="ABMINIME" duration="00:00:00.0002119" startTime="2026-09-12T11:13:27.2128617-07:00" endTime="2026-09-12T11:13:27.2130904-07:00" testType="13cdc9d9-ddb5-4fa4-a97d-d965ccfc6d4b" outcome="Passed" testListId="8c84fa94-04c1-424b-9868-57a2d4851a1d" relativeResultsDirectory="d30a7314-8588-4ab3-a60f-e4799b0c684b" />
    <UnitTestResult executionId="ed316ac3-a7dc-4932-be49-9884f25182de" testId="5f7bff5e-b357-cc02-fa34-abb8efdc0e8f" testName="GoldenTicket.Domain.Tests.CompanionShellTests.ThePageAndTheServiceWorkerNameTheSameCache" computerName="ABMINIME" duration="00:00:00.0002947" startTime="2026-09-12T11:13:26.9920420-07:00" endTime="2026-09-12T11:13:26.9923614-07:00" testType="13cdc9d9-ddb5-4fa4-a97d-d965ccfc6d4b" outcome="Passed" testListId="8c84fa94-04c1-424b-9868-57a2d4851a1d" relativeResultsDirectory="ed316ac3-a7dc-4932-be49-9884f25182de" />
    <UnitTestResult executionId="484efdcb-5174-40a8-9a51-9be08ec3b181" testId="3849130f-ae9b-898d-1a5d-ba2758005c09" testName="GoldenTicket.Domain.Tests.CompanionHostTests.DesktopBusyAndReconciliationGateBlocksBothPrivateReadsAndCommands" computerName="ABMINIME" duration="00:00:00.0020405" startTime="2026-09-12T11:13:27.2091775-07:00" endTime="2026-09-12T11:13:27.2112427-07:00" testType="13cdc9d9-ddb5-4fa4-a97d-d965ccfc6d4b" outcome="Passed" testListId="8c84fa94-04c1-424b-9868-57a2d4851a1d" relativeResultsDirectory="484efdcb-5174-40a8-9a51-9be08ec3b181" />
    <UnitTestResult executionId="425b80ac-c14a-4cf6-829e-5b459ee6c587" testId="39ce502b-3100-f51b-c8fd-8c809fa038a9" testName="GoldenTicket.Domain.Tests.DomainAuditTests.HashCoversRulesDecisionExplanationAndTicketOfferSetupFlag" computerName="ABMINIME" duration="00:00:00.0413749" startTime="2026-09-12T11:13:27.0795483-07:00" endTime="2026-09-12T11:13:27.1209541-07:00" testType="13cdc9d9-ddb5-4fa4-a97d-d965ccfc6d4b" outcome="Passed" testListId="8c84fa94-04c1-424b-9868-57a2d4851a1d" relativeResultsDirectory="425b80ac-c14a-4cf6-829e-5b459ee6c587" />
    <UnitTestResult executionId="ce8b0a5a-d0fe-408f-ba56-b1da21050096" testId="a65e9b09-59de-526c-766f-48fe8c330fea" testName="GoldenTicket.Domain.Tests.DesktopAuditTests.HideOrDeactivationDuringSaveCannotReopenPrivateCards(deactivate: True)" computerName="ABMINIME" duration="00:00:00.1996841" startTime="2026-09-12T11:13:26.9952464-07:00" endTime="2026-09-12T11:13:27.1949663-07:00" testType="13cdc9d9-ddb5-4fa4-a97d-d965ccfc6d4b" outcome="Passed" testListId="8c84fa94-04c1-424b-9868-57a2d4851a1d" relativeResultsDirectory="ce8b0a5a-d0fe-408f-ba56-b1da21050096" />
    <UnitTestResult executionId="c61601ac-0045-47a4-9ff9-c4ce79814bd2" testId="e5f77867-1e49-0438-f9a2-d0b7443d1e69" testName="GoldenTicket.Domain.Tests.DesktopFlowTests.ThePrivateViewShowsThisSeatsCardsAndDisappearsWhenHidden" computerName="ABMINIME" duration="00:00:00.0043894" startTime="2026-09-12T11:13:27.1889618-07:00" endTime="2026-09-12T11:13:27.1933786-07:00" testType="13cdc9d9-ddb5-4fa4-a97d-d965ccfc6d4b" outcome="Passed" testListId="8c84fa94-04c1-424b-9868-57a2d4851a1d" relativeResultsDirectory="c61601ac-0045-47a4-9ff9-c4ce79814bd2" />
    <UnitTestResult executionId="0c63d971-2bba-43f8-a6be-2c774a646d22" testId="9efa47ed-d9a0-3af2-120e-a53dc1f2fcf0" testName="GoldenTicket.Domain.Tests.PersistenceAuditTests.CorruptMetadataStaysVisibleAsAnUnavailableSave(mutation: &quot;DROP TABLE Session;&quot;)" computerName="ABMINIME" duration="00:00:00.0290693" startTime="2026-09-12T11:13:27.9338914-07:00" endTime="2026-09-12T11:13:27.9629839-07:00" testType="13cdc9d9-ddb5-4fa4-a97d-d965ccfc6d4b" outcome="Passed" testListId="8c84fa94-04c1-424b-9868-57a2d4851a1d" relativeResultsDirectory="0c63d971-2bba-43f8-a6be-2c774a646d22" />
    <UnitTestResult executionId="dc516669-4637-42e3-bf35-8037f5233c91" testId="cd0e8415-f7e4-280a-831d-ba2f7f64d444" testName="GoldenTicket.Domain.Tests.PhotoAttachmentTests.RetryIsIdempotentButCannotReplaceThePhoto" computerName="ABMINIME" duration="00:00:00.0181619" startTime="2026-09-12T11:13:27.4634933-07:00" endTime="2026-09-12T11:13:27.4816806-07:00" testType="13cdc9d9-ddb5-4fa4-a97d-d965ccfc6d4b" outcome="Passed" testListId="8c84fa94-04c1-424b-9868-57a2d4851a1d" relativeResultsDirectory="dc516669-4637-42e3-bf35-8037f5233c91" />
    <UnitTestResult executionId="46dc523d-f5ff-4997-9fc2-e74489ea1618" testId="58dcace6-e5fc-7752-0c68-18d540f83003" testName="GoldenTicket.Domain.Tests.DesktopToolsIntegrationTests.MissingCameraCannotProduceASuccessfulCheckpointPhoto" computerName="ABMINIME" duration="00:00:00.0084052" startTime="2026-09-12T11:13:27.2286135-07:00" endTime="2026-09-12T11:13:27.2370467-07:00" testType="13cdc9d9-ddb5-4fa4-a97d-d965ccfc6d4b" outcome="Passed" testListId="8c84fa94-04c1-424b-9868-57a2d4851a1d" relativeResultsDirectory="46dc523d-f5ff-4997-9fc2-e74489ea1618" />
    <UnitTestResult executionId="896c1f1f-dc98-4c93-ab07-9ef2d4bee5fa" testId="1fd7a27d-9996-8552-f81b-c486aec4c292" testName="GoldenTicket.Domain.Tests.CompanionHostTests.HostOriginPrivateProfileAndSubnetAreRequired(peer: &quot;127.0.0.1&quot;, host: &quot;192.168.20.2:8443&quot;, origin: &quot;https://192.168.20.2:8443&quot;, isPrivate: False, expected: 403)" computerName="ABMINIME" duration="00:00:00.0011986" startTime="2026-09-12T11:13:27.1859499-07:00" endTime="2026-09-12T11:13:27.1871762-07:00" testType="13cdc9d9-ddb5-4fa4-a97d-d965ccfc6d4b" outcome="Passed" testListId="8c84fa94-04c1-424b-9868-57a2d4851a1d" relativeResultsDirectory="896c1f1f-dc98-4c93-ab07-9ef2d4bee5fa" />
    <UnitTestResult executionId="638a3da2-a2ac-4223-8e76-f5533205fe9c" testId="0a53c106-5b6d-c4a7-10e8-97067f67225b" testName="GoldenTicket.Domain.Tests.DesktopContinuationAuditTests.PackAndRebuildKeepPrivateViewsClosedUntilResume" computerName="ABMINIME" duration="00:00:00.0100422" startTime="2026-09-12T11:13:27.2063921-07:00" endTime="2026-09-12T11:13:27.2164689-07:00" testType="13cdc9d9-ddb5-4fa4-a97d-d965ccfc6d4b" outcome="Passed" testListId="8c84fa94-04c1-424b-9868-57a2d4851a1d" relativeResultsDirectory="638a3da2-a2ac-4223-8e76-f5533205fe9c" />
    <UnitTestResult executionId="4e7b1c0b-980f-49ba-a186-a423de78713e" testId="f0a19412-88c8-ce0d-6350-2f8888b47d92" testName="GoldenTicket.Domain.Tests.DesktopContinuationAuditTests.PackedPendingClaimDoesNotAskForOrdinaryPlacement" computerName="ABMINIME" duration="00:00:00.0091663" startTime="2026-09-12T11:13:27.2272434-07:00" endTime="2026-09-12T11:13:27.2364425-07:00" testType="13cdc9d9-ddb5-4fa4-a97d-d965ccfc6d4b" outcome="Passed" testListId="8c84fa94-04c1-424b-9868-57a2d4851a1d" relativeResultsDirectory="4e7b1c0b-980f-49ba-a186-a423de78713e" />
    <UnitTestResult executionId="a913d0e0-4fa8-494b-a645-d8e4936f71e2" testId="595a52c6-d14d-7e49-d7aa-ef3cccfdd26f" testName="GoldenTicket.Domain.Tests.PrivacyTests.EveryEventDeclaresAVisibilityAndOnlyPublicOnesStayReadable" computerName="ABMINIME" duration="00:00:00.0218531" startTime="2026-09-12T11:13:27.1626675-07:00" endTime="2026-09-12T11:13:27.1845463-07:00" testType="13cdc9d9-ddb5-4fa4-a97d-d965ccfc6d4b" outcome="Passed" testListId="8c84fa94-04c1-424b-9868-57a2d4851a1d" relativeResultsDirectory="a913d0e0-4fa8-494b-a645-d8e4936f71e2" />
    <UnitTestResult executionId="443114fd-20a4-479b-9546-e031be840ce7" testId="4342d400-e805-f161-466b-a7529f7e9ac1" testName="GoldenTicket.Domain.Tests.ClaimTests.AColouredRouteAcceptsLocomotivesButNotAnotherColour" computerName="ABMINIME" duration="00:00:00.0062997" startTime="2026-09-12T11:13:27.1287815-07:00" endTime="2026-09-12T11:13:27.1351138-07:00" testType="13cdc9d9-ddb5-4fa4-a97d-d965ccfc6d4b" outcome="Passed" testListId="8c84fa94-04c1-424b-9868-57a2d4851a1d" relativeResultsDirectory="443114fd-20a4-479b-9546-e031be840ce7" />
    <UnitTestResult executionId="9bd764e3-174c-4aca-b386-92d0e2ec78f5" testId="59d38a5a-72a6-0c45-ebfd-238dffa2cbe2" testName="GoldenTicket.Domain.Tests.PackAwayTests.GameplayIsRefusedWhileTheGameIsPackedAway" computerName="ABMINIME" duration="00:00:00.0106432" startTime="2026-09-12T11:13:27.3798216-07:00" endTime="2026-09-12T11:13:27.3904983-07:00" testType="13cdc9d9-ddb5-4fa4-a97d-d965ccfc6d4b" outcome="Passed" testListId="8c84fa94-04c1-424b-9868-57a2d4851a1d" relativeResultsDirectory="9bd764e3-174c-4aca-b386-92d0e2ec78f5" />
    <UnitTestResult executionId="6e7fe9c6-9da2-473f-a963-b3f6b0e3f96a" testId="54584550-b0e9-bcb2-8dae-5e697e1413d2" testName="GoldenTicket.Domain.Tests.ManifestTests.ClassicProfileHasTheEditionsComponents" computerName="ABMINIME" duration="00:00:00.0001668" startTime="2026-09-12T11:13:27.1288493-07:00" endTime="2026-09-12T11:13:27.1290344-07:00" testType="13cdc9d9-ddb5-4fa4-a97d-d965ccfc6d4b" outcome="Passed" testListId="8c84fa94-04c1-424b-9868-57a2d4851a1d" relativeResultsDirectory="6e7fe9c6-9da2-473f-a963-b3f6b0e3f96a" />
    <UnitTestResult executionId="cc51d2a5-74d5-415a-8d97-1cf1c3750db8" testId="51c14736-e5fa-2ed7-43aa-3bdd97ec06d5" testName="GoldenTicket.Domain.Tests.ConnectivitySpikeTests.OnlyPrivateAddressesMayBeServedOn(address: &quot;172.16.0.1&quot;, expected: True)" computerName="ABMINIME" duration="00:00:00.0000294" startTime="2026-09-12T11:13:26.9488582-07:00" endTime="2026-09-12T11:13:26.9488990-07:00" testType="13cdc9d9-ddb5-4fa4-a97d-d965ccfc6d4b" outcome="Passed" testListId="8c84fa94-04c1-424b-9868-57a2d4851a1d" relativeResultsDirectory="cc51d2a5-74d5-415a-8d97-1cf1c3750db8" />
    <UnitTestResult executionId="bfbd1700-c814-427b-8e7d-16a7eb2cf0fb" testId="d503eb8f-f269-afea-4496-ed52c682572f" testName="GoldenTicket.Domain.Tests.CompanionHostTests.BridgeUsesDurableCommandsForSetupThenHumanDrawsAndRejectsAdministrativeCommands" computerName="ABMINIME" duration="00:00:00.0084173" startTime="2026-09-12T11:13:27.1906590-07:00" endTime="2026-09-12T11:13:27.1991024-07:00" testType="13cdc9d9-ddb5-4fa4-a97d-d965ccfc6d4b" outcome="Passed" testListId="8c84fa94-04c1-424b-9868-57a2d4851a1d" relativeResultsDirectory="bfbd1700-c814-427b-8e7d-16a7eb2cf0fb" />
    <UnitTestResult executionId="29b19d3e-8611-42b4-8f9e-6dc016ebe54f" testId="ac99f281-5d5f-a5b8-5607-15c01c4d4fba" testName="GoldenTicket.Domain.Tests.PhotoAttachmentTests.InvalidPngCannotBecomeAStoredReference(corruption: &quot;inflate&quot;)" computerName="ABMINIME" duration="00:00:00.0002473" startTime="2026-09-12T11:13:27.4288332-07:00" endTime="2026-09-12T11:13:27.4290914-07:00" testType="13cdc9d9-ddb5-4fa4-a97d-d965ccfc6d4b" outcome="Passed" testListId="8c84fa94-04c1-424b-9868-57a2d4851a1d" relativeResultsDirectory="29b19d3e-8611-42b4-8f9e-6dc016ebe54f" />
    <UnitTestResult executionId="183f8c72-b130-498a-a824-fdd97b42da64" testId="cc4fef01-4fac-54cc-d22c-44e1c804ea96" testName="GoldenTicket.Domain.Tests.PersistenceAuditTests.UntrustedSessionIdsCannotReachTheFilesystem(value: &quot;../../victim&quot;)" computerName="ABMINIME" duration="00:00:00.0000551" startTime="2026-09-12T11:13:27.8209742-07:00" endTime="2026-09-12T11:13:27.8210387-07:00" testType="13cdc9d9-ddb5-4fa4-a97d-d965ccfc6d4b" outcome="Passed" testListId="8c84fa94-04c1-424b-9868-57a2d4851a1d" relativeResultsDirectory="183f8c72-b130-498a-a824-fdd97b42da64" />
    <UnitTestResult executionId="80638303-1dfc-4dc4-9470-831a3ca002e1" testId="6799dda0-4910-5bed-d0de-574c2f951d5a" testName="GoldenTicket.Domain.Tests.ScoringTests.TheWitnessIsAValidTrailOfTheReportedLength" computerName="ABMINIME" duration="00:00:00.0044535" startTime="2026-09-12T11:13:27.1121528-07:00" endTime="2026-09-12T11:13:27.1166423-07:00" testType="13cdc9d9-ddb5-4fa4-a97d-d965ccfc6d4b" outcome="Passed" testListId="8c84fa94-04c1-424b-9868-57a2d4851a1d" relativeResultsDirectory="80638303-1dfc-4dc4-9470-831a3ca002e1" />
    <UnitTestResult executionId="8089da82-5667-4593-92cd-4dc62e057395" testId="cae77f6b-db10-e17d-6cb4-fbc9e8964432" testName="GoldenTicket.Domain.Tests.DomainAuditTests.CameraModeCannotSilentlyAcceptManualPlacement" computerName="ABMINIME" duration="00:00:00.0010759" startTime="2026-09-12T11:13:27.1970343-07:00" endTime="2026-09-12T11:13:27.1981367-07:00" testType="13cdc9d9-ddb5-4fa4-a97d-d965ccfc6d4b" outcome="Passed" testListId="8c84fa94-04c1-424b-9868-57a2d4851a1d" relativeResultsDirectory="8089da82-5667-4593-92cd-4dc62e057395" />
    <UnitTestResult executionId="461cd88e-5c53-42eb-ba37-5145c9b36a8d" testId="4e1a14d1-b562-b16e-982c-6262ba66eb7e" testName="GoldenTicket.Domain.Tests.PhotoAttachmentTests.LegacyCheckpointHasNoPhotoAndDoesNotCreateDirectories" computerName="ABMINIME" duration="00:00:00.0007248" startTime="2026-09-12T11:13:27.5877096-07:00" endTime="2026-09-12T11:13:27.5884499-07:00" testType="13cdc9d9-ddb5-4fa4-a97d-d965ccfc6d4b" outcome="Passed" testListId="8c84fa94-04c1-424b-9868-57a2d4851a1d" relativeResultsDirectory="461cd88e-5c53-42eb-ba37-5145c9b36a8d" />
    <UnitTestResult executionId="baa0e9e2-3303-4b86-9b1b-176189263461" testId="6345c805-8cc8-d039-066e-1ba3130c9c03" testName="GoldenTicket.Domain.Tests.SetupAndDrawTests.AStaleStateVersionIsRejected" computerName="ABMINIME" duration="00:00:00.1470625" startTime="2026-09-12T11:13:26.9056542-07:00" endTime="2026-09-12T11:13:27.0587153-07:00" testType="13cdc9d9-ddb5-4fa4-a97d-d965ccfc6d4b" outcome="Passed" testListId="8c84fa94-04c1-424b-9868-57a2d4851a1d" relativeResultsDirectory="baa0e9e2-3303-4b86-9b1b-176189263461" />
    <UnitTestResult executionId="1e9f3729-3d99-4de4-8f91-f9086ae69dbe" testId="2e674623-f6ae-735d-8b31-d8cb3e8fab6e" testName="GoldenTicket.Domain.Tests.DomainAuditTests.VersionTwoHashCoversAllFinalScoringEvidence(changedField: &quot;explanation&quot;)" computerName="ABMINIME" duration="00:00:00.0011549" startTime="2026-09-12T11:13:27.1584752-07:00" endTime="2026-09-12T11:13:27.1596676-07:00" testType="13cdc9d9-ddb5-4fa4-a97d-d965ccfc6d4b" outcome="Passed" testListId="8c84fa94-04c1-424b-9868-57a2d4851a1d" relativeResultsDirectory="1e9f3729-3d99-4de4-8f91-f9086ae69dbe" />
    <UnitTestResult executionId="d30de6bb-992b-43a2-a57f-0771ddf41f65" testId="b4f73455-e3e5-98b6-e21f-abea623e40c2" testName="GoldenTicket.Domain.Tests.PersistenceAuditTests.MissingOrCorruptSaveMetadataStopsRestore(mutation: &quot;UPDATE Event SET StateVersion = StateVersion + 100&quot;···)" computerName="ABMINIME" duration="00:00:00.0332034" startTime="2026-09-12T11:13:27.7063952-07:00" endTime="2026-09-12T11:13:27.7396269-07:00" testType="13cdc9d9-ddb5-4fa4-a97d-d965ccfc6d4b" outcome="Passed" testListId="8c84fa94-04c1-424b-9868-57a2d4851a1d" relativeResultsDirectory="d30de6bb-992b-43a2-a57f-0771ddf41f65" />
    <UnitTestResult executionId="6679f0a6-8afd-480a-b01f-0d9b1c3a7c4c" testId="10a8eff7-68c2-a84d-3abc-2b0b66971bfc" testName="GoldenTicket.Domain.Tests.ConnectivitySpikeTests.TheServerCertificateStaysInsideApplesTrustWindowAndSaysItIsForServerAuthentication" computerName="ABMINIME" duration="00:00:00.1004583" startTime="2026-09-12T11:13:27.8455593-07:00" endTime="2026-09-12T11:13:27.9460503-07:00" testType="13cdc9d9-ddb5-4fa4-a97d-d965ccfc6d4b" outcome="Passed" testListId="8c84fa94-04c1-424b-9868-57a2d4851a1d" relativeResultsDirectory="6679f0a6-8afd-480a-b01f-0d9b1c3a7c4c" />
    <UnitTestResult executionId="95fd8c13-ebe6-4122-af24-e65ae9f052a3" testId="2f96c176-c2d6-88fb-9f4d-4b2b4f0e0563" testName="GoldenTicket.Domain.Tests.PackAwayTests.AnInterruptedPreparationStaysPausedAndIsRetriedAgainstTheSameSource" computerName="ABMINIME" duration="00:00:00.0128488" startTime="2026-09-12T11:13:27.4815311-07:00" endTime="2026-09-12T11:13:27.4944035-07:00" testType="13cdc9d9-ddb5-4fa4-a97d-d965ccfc6d4b" outcome="Passed" testListId="8c84fa94-04c1-424b-9868-57a2d4851a1d" relativeResultsDirectory="95fd8c13-ebe6-4122-af24-e65ae9f052a3" />
    <UnitTestResult executionId="34666533-e54e-43f8-9b84-13f46ae2d1bf" testId="7e973872-ab37-d2a0-11ec-ab0efda27561" testName="GoldenTicket.Domain.Tests.PropertyTests.TheCardSupplyIsConservedAcrossReshuffles" computerName="ABMINIME" duration="00:00:00.1708425" startTime="2026-09-12T11:13:27.8877981-07:00" endTime="2026-09-12T11:13:28.0586720-07:00" testType="13cdc9d9-ddb5-4fa4-a97d-d965ccfc6d4b" outcome="Passed" testListId="8c84fa94-04c1-424b-9868-57a2d4851a1d" relativeResultsDirectory="34666533-e54e-43f8-9b84-13f46ae2d1bf" />
    <UnitTestResult executionId="2f4eaf26-a590-4a8a-a001-2d04aca17ed8" testId="2e0f8223-ccd5-81aa-7500-a50d08199f1d" testName="GoldenTicket.Domain.Tests.SetupAndDrawTests.SetupDealsTheProfilesOpeningHandsAndMarket(seatCount: 3)" computerName="ABMINIME" duration="00:00:00.0002770" startTime="2026-09-12T11:13:27.1286654-07:00" endTime="2026-09-12T11:13:27.1289613-07:00" testType="13cdc9d9-ddb5-4fa4-a97d-d965ccfc6d4b" outcome="Passed" testListId="8c84fa94-04c1-424b-9868-57a2d4851a1d" relativeResultsDirectory="2f4eaf26-a590-4a8a-a001-2d04aca17ed8" />
    <UnitTestResult executionId="22339a12-7995-4a76-8f09-d581e89fce04" testId="d8c4e60c-c697-c19e-9bb9-6504be3b15a9" testName="GoldenTicket.Domain.Tests.PackAwayTests.SavingAnOpenTicketOfferPreservesTheExactOfferAndRemainingDeck" computerName="ABMINIME" duration="00:00:00.0090666" startTime="2026-09-12T11:13:27.3907905-07:00" endTime="2026-09-12T11:13:27.3998838-07:00" testType="13cdc9d9-ddb5-4fa4-a97d-d965ccfc6d4b" outcome="Passed" testListId="8c84fa94-04c1-424b-9868-57a2d4851a1d" relativeResultsDirectory="22339a12-7995-4a76-8f09-d581e89fce04" />
    <UnitTestResult executionId="697ae612-1c79-47c7-981f-326a6f7ad6c4" testId="0d9f4fdc-a2a5-fbf8-aee6-7b3604263fc1" testName="GoldenTicket.Domain.Tests.DesktopAuditTests.DiagnosticFilesAreBoundedAndContainNoExceptionPayload" computerName="ABMINIME" duration="00:00:00.2746478" startTime="2026-09-12T11:13:27.2100087-07:00" endTime="2026-09-12T11:13:27.4846813-07:00" testType="13cdc9d9-ddb5-4fa4-a97d-d965ccfc6d4b" outcome="Passed" testListId="8c84fa94-04c1-424b-9868-57a2d4851a1d" relativeResultsDirectory="697ae612-1c79-47c7-981f-326a6f7ad6c4" />
    <UnitTestResult executionId="525b5b83-89ef-478d-bf4a-086ca48da64b" testId="aa9bb383-b11a-9717-78a6-a612531badc3" testName="GoldenTicket.Domain.Tests.PersistenceAuditTests.MissingOrCorruptSaveMetadataStopsRestore(mutation: &quot;UPDATE Session SET ProtectedDataKey = X'00';&quot;)" computerName="ABMINIME" duration="00:00:00.3856286" startTime="2026-09-12T11:13:26.9057254-07:00" endTime="2026-09-12T11:13:27.2972030-07:00" testType="13cdc9d9-ddb5-4fa4-a97d-d965ccfc6d4b" outcome="Passed" testListId="8c84fa94-04c1-424b-9868-57a2d4851a1d" relativeResultsDirectory="525b5b83-89ef-478d-bf4a-086ca48da64b" />
    <UnitTestResult executionId="ae110152-d77d-4d66-8b7f-814400e03327" testId="90a101c1-c170-6c6d-37b4-a78021c38ace" testName="GoldenTicket.Domain.Tests.ClaimTests.AParallelLaneClosesItsTwinOnlyAtSmallTables(seatCount: 4, closesTwin: False)" computerName="ABMINIME" duration="00:00:00.0022644" startTime="2026-09-12T11:13:27.1019937-07:00" endTime="2026-09-12T11:13:27.1042895-07:00" testType="13cdc9d9-ddb5-4fa4-a97d-d965ccfc6d4b" outcome="Passed" testListId="8c84fa94-04c1-424b-9868-57a2d4851a1d" relativeResultsDirectory="ae110152-d77d-4d66-8b7f-814400e03327" />
    <UnitTestResult executionId="914ab394-a9eb-4be9-9a63-9ddd81b7ec47" testId="d421a9ac-71fa-1664-6c53-540fe09b0320" testName="GoldenTicket.Domain.Tests.ConnectivitySpikeTests.HostOriginAndCsrfChecksRejectCrossOriginWrites(host: &quot;gt-test.local:8443&quot;, origin: null, header: &quot;1&quot;, expected: 200)" computerName="ABMINIME" duration="00:00:00.0003113" startTime="2026-09-12T11:13:26.9501308-07:00" endTime="2026-09-12T11:13:26.9504590-07:00" testType="13cdc9d9-ddb5-4fa4-a97d-d965ccfc6d4b" outcome="Passed" testListId="8c84fa94-04c1-424b-9868-57a2d4851a1d" relativeResultsDirectory="914ab394-a9eb-4be9-9a63-9ddd81b7ec47" />
    <UnitTestResult executionId="12dfd505-d766-4b24-857b-7c928d57100b" testId="9e2e0a8e-d164-8ab7-d537-e45fa5bf63f2" testName="GoldenTicket.Domain.Tests.PrivacyTests.ThePublicViewCarriesNoHandOrTicketIdentities" computerName="ABMINIME" duration="00:00:00.0022315" startTime="2026-09-12T11:13:27.1847987-07:00" endTime="2026-09-12T11:13:27.1870572-07:00" testType="13cdc9d9-ddb5-4fa4-a97d-d965ccfc6d4b" outcome="Passed" testListId="8c84fa94-04c1-424b-9868-57a2d4851a1d" relativeResultsDirectory="12dfd505-d766-4b24-857b-7c928d57100b" />
    <UnitTestResult executionId="42a5d46d-ad62-40dd-99bf-8238c2e79f04" testId="f2f127ad-6caf-0b7d-2eff-dc882a04fd6e" testName="GoldenTicket.Domain.Tests.PackAwayTests.SavingAfterTheFirstDrawRestoresTheSameRevealedCardAndRemainingChoice" computerName="ABMINIME" duration="00:00:00.0054931" startTime="2026-09-12T11:13:27.3423943-07:00" endTime="2026-09-12T11:13:27.3479215-07:00" testType="13cdc9d9-ddb5-4fa4-a97d-d965ccfc6d4b" outcome="Passed" testListId="8c84fa94-04c1-424b-9868-57a2d4851a1d" relativeResultsDirectory="42a5d46d-ad62-40dd-99bf-8238c2e79f04" />
    <UnitTestResult executionId="f2dff116-9b31-426e-b716-200c658189e1" testId="4ec12173-2bf4-ad35-ba65-e155e0973706" testName="GoldenTicket.Domain.Tests.ManifestTests.RuntimeLoaderRejectsUnsupportedProfilesEvenWhenTheirChecksumIsValid(field: &quot;rulesPolicyVersion&quot;, value: &quot;2&quot;)" computerName="ABMINIME" duration="00:00:00.0362101" startTime="2026-09-12T11:13:26.9682305-07:00" endTime="2026-09-12T11:13:27.0044787-07:00" testType="13cdc9d9-ddb5-4fa4-a97d-d965ccfc6d4b" outcome="Passed" testListId="8c84fa94-04c1-424b-9868-57a2d4851a1d" relativeResultsDirectory="f2dff116-9b31-426e-b716-200c658189e1" />
    <UnitTestResult executionId="00b60012-e8dc-4709-abde-4b1b69a9a53c" testId="5cdb9d25-7f95-27eb-e778-5a6300ea5013" testName="GoldenTicket.Domain.Tests.QrCodeTests.NonAsciiIsRefusedRatherThanMangled" computerName="ABMINIME" duration="00:00:00.0004649" startTime="2026-09-12T11:13:27.1021061-07:00" endTime="2026-09-12T11:13:27.1025991-07:00" testType="13cdc9d9-ddb5-4fa4-a97d-d965ccfc6d4b" outcome="Passed" testListId="8c84fa94-04c1-424b-9868-57a2d4851a1d" relativeResultsDirectory="00b60012-e8dc-4709-abde-4b1b69a9a53c" />
[...]
    <TestEntry testId="029dc7bd-8674-559d-c3d9-7d966a2ea0de" executionId="9df61fbe-dbba-4369-b731-67519a63bd1d" testListId="8c84fa94-04c1-424b-9868-57a2d4851a1d" />
    <TestEntry testId="70adc8ba-8b23-7114-677c-365f4a4cbc37" executionId="0b8cb17a-aea4-4865-96a1-6d783bbf9649" testListId="8c84fa94-04c1-424b-9868-57a2d4851a1d" />
    <TestEntry testId="08a47b09-882a-ba3f-e76d-b02b0d2617d3" executionId="adf62a72-45ab-41e4-b31b-63ec7d3dfa42" testListId="8c84fa94-04c1-424b-9868-57a2d4851a1d" />
    <TestEntry testId="a6f60ed4-6b93-9c3c-8ea2-f83e7df7ee01" executionId="0819b4fb-a5c8-4e6c-a025-f837d55b690f" testListId="8c84fa94-04c1-424b-9868-57a2d4851a1d" />
    <TestEntry testId="1de7c827-4efa-2cb7-2bc5-986d4da4121d" executionId="54a67835-8aac-4842-8b49-4ba31f99ff2a" testListId="8c84fa94-04c1-424b-9868-57a2d4851a1d" />
    <TestEntry testId="68cc71ea-8e81-e323-1a1c-a443c398f70e" executionId="65b22b64-a66d-4fdc-a2f4-60b1229ca92e" testListId="8c84fa94-04c1-424b-9868-57a2d4851a1d" />
    <TestEntry testId="33268eba-bcda-8080-0691-90d29b25d5e0" executionId="05b4385c-9f02-42fe-b0ae-6c668b4c9cad" testListId="8c84fa94-04c1-424b-9868-57a2d4851a1d" />
    <TestEntry testId="76337c2d-32a3-76ba-5352-87f6449be9ca" executionId="87c64f81-9c3a-47a1-a4a7-fa2b5fbc5239" testListId="8c84fa94-04c1-424b-9868-57a2d4851a1d" />
    <TestEntry testId="1998d69b-86ef-7fc8-f5ae-13891cca7bdd" executionId="2ce85b73-15d8-4e54-b0cf-80d058ae883a" testListId="8c84fa94-04c1-424b-9868-57a2d4851a1d" />
    <TestEntry testId="143d8870-5c53-2418-4dfa-8e467f1b62db" executionId="00a13d85-c6b2-427d-890e-a737750bc3b0" testListId="8c84fa94-04c1-424b-9868-57a2d4851a1d" />
    <TestEntry testId="4dd2be03-2c36-c746-484c-542cde6b9646" executionId="98e0ca5e-b141-42bc-9a53-73ac569e91f1" testListId="8c84fa94-04c1-424b-9868-57a2d4851a1d" />
    <TestEntry testId="a2120aea-55ca-1e4f-be65-30ae4c0a8e1b" executionId="a096e8f2-b22a-404d-818c-49644a9a588a" testListId="8c84fa94-04c1-424b-9868-57a2d4851a1d" />
    <TestEntry testId="45ab404f-943c-7165-9eeb-14e00db63c14" executionId="2a811cd7-2680-472d-af29-fa95cc26f464" testListId="8c84fa94-04c1-424b-9868-57a2d4851a1d" />
    <TestEntry testId="b0033021-6c9d-660c-048c-c5534239f17f" executionId="6bb80249-f27b-49e5-8f0c-84d391a43714" testListId="8c84fa94-04c1-424b-9868-57a2d4851a1d" />
    <TestEntry testId="db34df34-e021-e2da-4be7-0cc0942d9379" executionId="71467813-06b2-4049-b470-ad85ba12f4da" testListId="8c84fa94-04c1-424b-9868-57a2d4851a1d" />
    <TestEntry testId="39030b7a-d138-2209-3cd3-cc7449fac6c5" executionId="8d5be2d6-850b-4b1d-b6da-9edef37c7a6b" testListId="8c84fa94-04c1-424b-9868-57a2d4851a1d" />
    <TestEntry testId="7861cbcb-6f71-4870-eada-6a17ea77002e" executionId="f00d977c-5317-40fb-a55e-0e411b570e44" testListId="8c84fa94-04c1-424b-9868-57a2d4851a1d" />
    <TestEntry testId="2bbde56c-f93e-c79d-89d2-a2dd6435435b" executionId="08c07588-8628-4f43-86d4-4d5ea8921365" testListId="8c84fa94-04c1-424b-9868-57a2d4851a1d" />
    <TestEntry testId="f2f00ce0-4029-abfe-7d61-3ece46646f2f" executionId="89337d09-90d6-4810-8f42-9ea80315f5ff" testListId="8c84fa94-04c1-424b-9868-57a2d4851a1d" />
    <TestEntry testId="53e27e0e-abfc-82de-61c2-181d4ed2e030" executionId="b1f004fc-0622-458a-901b-8d5091933149" testListId="8c84fa94-04c1-424b-9868-57a2d4851a1d" />
    <TestEntry testId="7df21351-d0cc-1061-6a27-3cf6f65196f4" executionId="d096e5e7-0d07-4e35-9af2-8b64f7c08b27" testListId="8c84fa94-04c1-424b-9868-57a2d4851a1d" />
    <TestEntry testId="faa8a20a-6950-22cd-eeb6-eaa853530a59" executionId="521a1fd1-ec86-4577-b57b-3e37ad0a51f7" testListId="8c84fa94-04c1-424b-9868-57a2d4851a1d" />
    <TestEntry testId="6f278699-e918-7558-1b80-628899a27dce" executionId="d5d3ddde-2c62-42cb-b631-a7e749aea59b" testListId="8c84fa94-04c1-424b-9868-57a2d4851a1d" />
    <TestEntry testId="a8cb4d65-b500-0f14-55ca-05b5efdbad8c" executionId="83cb53e0-1962-43d5-9031-81975692e33e" testListId="8c84fa94-04c1-424b-9868-57a2d4851a1d" />
    <TestEntry testId="262ef03d-48c8-32b4-aec4-b5f2029c671f" executionId="d476c05d-c325-4450-a7ab-769a0d076aa4" testListId="8c84fa94-04c1-424b-9868-57a2d4851a1d" />
    <TestEntry testId="cde7a6ad-28d5-29b0-3a14-321cbc0fbb9f" executionId="bb3c9ddc-7786-493e-a5dc-cf514ef71046" testListId="8c84fa94-04c1-424b-9868-57a2d4851a1d" />
    <TestEntry testId="57f87c5c-b544-6a41-ff71-066eabc7440a" executionId="3adccc08-582d-48c6-8435-0563d758c4b2" testListId="8c84fa94-04c1-424b-9868-57a2d4851a1d" />
    <TestEntry testId="4a303c67-0031-00ce-8748-62c84eea7cd2" executionId="dbed24fd-605d-4384-acc6-0b5e960f4e0a" testListId="8c84fa94-04c1-424b-9868-57a2d4851a1d" />
    <TestEntry testId="82cbeb1d-a634-56d2-0666-fb2966d674a8" executionId="0a523899-73c8-4d14-b512-9b48524f8205" testListId="8c84fa94-04c1-424b-9868-57a2d4851a1d" />
    <TestEntry testId="a4394cda-4795-8ebd-b44e-53c8b5276ef2" executionId="4a015980-6c59-48e1-8084-1ae44a8495a4" testListId="8c84fa94-04c1-424b-9868-57a2d4851a1d" />
    <TestEntry testId="bf33c890-acbc-744c-bdc6-c8d480114736" executionId="90f65170-b0fe-43a2-becf-59fc3c4e351e" testListId="8c84fa94-04c1-424b-9868-57a2d4851a1d" />
    <TestEntry testId="1b0c1cd2-c7db-95a4-5170-bc9b6bfe0b6e" executionId="bf7dfb8e-5968-4910-9c23-b014170ba1b5" testListId="8c84fa94-04c1-424b-9868-57a2d4851a1d" />
    <TestEntry testId="57c7ba1f-43ef-bfda-883e-2cf7d6fe65d7" executionId="d236c4dd-5e9b-4a1d-8837-16316214c9aa" testListId="8c84fa94-04c1-424b-9868-57a2d4851a1d" />
    <TestEntry testId="56514a5d-ca4d-db8d-2fc8-35678270319f" executionId="8df0e6a3-91f9-43d6-b5a9-2d4f9a8aed2c" testListId="8c84fa94-04c1-424b-9868-57a2d4851a1d" />
    <TestEntry testId="247a8f10-67e2-3311-73df-55184098f94d" executionId="ce61be3b-2170-4947-a3be-f2d622974b4b" testListId="8c84fa94-04c1-424b-9868-57a2d4851a1d" />
    <TestEntry testId="9e6d667d-6531-d16c-17e9-45874dab59fa" executionId="9924c0a3-4e3a-4e66-9b40-78daa865d8c9" testListId="8c84fa94-04c1-424b-9868-57a2d4851a1d" />
    <TestEntry testId="7a404900-482b-ea9c-b680-c5811a13d928" executionId="9423f438-faab-4a7c-8599-aff14bdc819f" testListId="8c84fa94-04c1-424b-9868-57a2d4851a1d" />
    <TestEntry testId="3de26cf2-db2c-b78a-5417-2a6ccaf2254f" executionId="01312727-5a7d-435d-8552-0c67b3264a07" testListId="8c84fa94-04c1-424b-9868-57a2d4851a1d" />
    <TestEntry testId="0ae64e09-60ef-c7ec-ddf7-bfe0d31bf33f" executionId="0e83774e-ab9c-4dd1-be6e-65169cdebec1" testListId="8c84fa94-04c1-424b-9868-57a2d4851a1d" />
    <TestEntry testId="f041a7f3-3c33-f5c4-edf6-6d5e4a173da6" executionId="3e31da6e-7b14-4c9f-b4bb-284c8fd3e888" testListId="8c84fa94-04c1-424b-9868-57a2d4851a1d" />
    <TestEntry testId="6b8fb7d2-4b91-3889-f4ce-d5dbf0d8c9dd" executionId="17bbb57d-5924-4d7d-8ad6-dd387feb19d6" testListId="8c84fa94-04c1-424b-9868-57a2d4851a1d" />
    <TestEntry testId="746f56d0-6aac-ab81-fc6a-b1506d88409d" executionId="bf689c13-0a01-4081-ba94-eea911afa875" testListId="8c84fa94-04c1-424b-9868-57a2d4851a1d" />
    <TestEntry testId="caa2b577-a597-dc10-dcb4-005b58125e15" executionId="f3a1b9d8-10a6-4f0b-bbc2-9aa3b3da7704" testListId="8c84fa94-04c1-424b-9868-57a2d4851a1d" />
    <TestEntry testId="6af15b8b-2dac-3397-3c4e-c948e3f9c09a" executionId="4033c6ef-7566-4cf3-9c82-954e5a4e47c6" testListId="8c84fa94-04c1-424b-9868-57a2d4851a1d" />
    <TestEntry testId="e3784a43-8dcc-9a1e-3b64-d6a5d50604cd" executionId="161a6437-38fd-4032-8d36-e222967d77c3" testListId="8c84fa94-04c1-424b-9868-57a2d4851a1d" />
    <TestEntry testId="2a6688d5-b351-745b-0633-07653d606d58" executionId="55e3c2a1-3e3c-4b00-82e7-78d3d603c577" testListId="8c84fa94-04c1-424b-9868-57a2d4851a1d" />
    <TestEntry testId="80674d4f-36f1-3db5-3502-2a8cc9aff18c" executionId="eeeb7ab9-efcd-4403-bcb1-21ebc0fa0431" testListId="8c84fa94-04c1-424b-9868-57a2d4851a1d" />
    <TestEntry testId="da67943b-3a8a-4a5c-8cb2-605562bcf0fd" executionId="22ed8867-2a7b-4163-acfb-461ca5a9fb4f" testListId="8c84fa94-04c1-424b-9868-57a2d4851a1d" />
    <TestEntry testId="824706d7-fd78-5cd2-5642-115abd1f3752" executionId="7474e04d-0a99-48e3-9e89-ce0be6fbfcdf" testListId="8c84fa94-04c1-424b-9868-57a2d4851a1d" />
    <TestEntry testId="da5ff86f-842e-81ec-f429-d366fb250c13" executionId="566525c3-0bb0-460b-b2a0-a2d9a06a632d" testListId="8c84fa94-04c1-424b-9868-57a2d4851a1d" />
    <TestEntry testId="07632f31-ef71-c9eb-4b1e-265e1a283d32" executionId="21a1c6c6-ca2f-42f9-b019-3179cfa4af89" testListId="8c84fa94-04c1-424b-9868-57a2d4851a1d" />
    <TestEntry testId="1d0e27e6-df96-1813-6fca-0892630fa06f" executionId="b99ba05e-11be-4123-bc51-006e730301df" testListId="8c84fa94-04c1-424b-9868-57a2d4851a1d" />
    <TestEntry testId="d75f2101-259e-559d-150f-975a2f47802c" executionId="4c574867-dec4-4a62-979f-a74210bfcc40" testListId="8c84fa94-04c1-424b-9868-57a2d4851a1d" />
    <TestEntry testId="75f26dd7-2fe0-964c-934a-482ea2e86263" executionId="5631b0eb-f700-4aa4-bcd9-6b4af4230e57" testListId="8c84fa94-04c1-424b-9868-57a2d4851a1d" />
    <TestEntry testId="ef52ea6d-56ff-3900-6da0-6f65a4451fc1" executionId="fd07caaf-0305-4760-873d-7b1f32dd5eb7" testListId="8c84fa94-04c1-424b-9868-57a2d4851a1d" />
    <TestEntry testId="b39e9912-7208-5fa1-1728-6e275729d0ef" executionId="702db5d8-fed7-4b50-bf32-a49c07878e7b" testListId="8c84fa94-04c1-424b-9868-57a2d4851a1d" />
    <TestEntry testId="79622f9e-2e02-8df0-9be9-303a26c29905" executionId="b703a1fe-1b41-44e1-9d8c-5e0c43d1178d" testListId="8c84fa94-04c1-424b-9868-57a2d4851a1d" />
    <TestEntry testId="30c05918-8a65-1270-3d76-63d652efa236" executionId="012ba09e-84c2-4a2e-8b6b-5f6ffdac936d" testListId="8c84fa94-04c1-424b-9868-57a2d4851a1d" />
    <TestEntry testId="f015745b-80af-8b36-8404-48147e61ad1c" executionId="4ed94c99-56ee-4ed1-bb76-e9e2e5c8bcf1" testListId="8c84fa94-04c1-424b-9868-57a2d4851a1d" />
    <TestEntry testId="9c061efa-c98d-4ac2-5286-4f58cb693d18" executionId="831ac070-b53e-4b7a-9314-7b506329f874" testListId="8c84fa94-04c1-424b-9868-57a2d4851a1d" />
    <TestEntry testId="e00e4e82-9829-92ca-577e-abbed4960bae" executionId="dda281e0-a9e6-4b02-b49f-e39049d4423c" testListId="8c84fa94-04c1-424b-9868-57a2d4851a1d" />
    <TestEntry testId="60c2e397-6452-b273-881c-078d1353b3dc" executionId="9a0e5e24-0074-4e5a-b9ae-9135ad921dcc" testListId="8c84fa94-04c1-424b-9868-57a2d4851a1d" />
    <TestEntry testId="8b71d7b3-d1db-2c6c-201b-670afb17ac7f" executionId="9b80ca06-7931-4174-a5ce-b304f168bd39" testListId="8c84fa94-04c1-424b-9868-57a2d4851a1d" />
    <TestEntry testId="5ce49c2a-6010-bc12-21ff-da81ce455524" executionId="33e0d675-7aac-4a8b-9048-2f264754ddd3" testListId="8c84fa94-04c1-424b-9868-57a2d4851a1d" />
    <TestEntry testId="4e9fc902-5768-bb15-b6b1-2f34fad34085" executionId="537ca2cf-ec93-415c-bb04-c3852c324e33" testListId="8c84fa94-04c1-424b-9868-57a2d4851a1d" />
    <TestEntry testId="d637c381-a77a-86e5-0cb6-ff5c3f07e648" executionId="0d15f2bb-75c5-4175-923f-b3e79c39acc7" testListId="8c84fa94-04c1-424b-9868-57a2d4851a1d" />
    <TestEntry testId="27fa01c6-86d7-cec7-9305-c9aa5c6b9a05" executionId="d118edc7-b34c-40b8-94b1-eb5c46926018" testListId="8c84fa94-04c1-424b-9868-57a2d4851a1d" />
    <TestEntry testId="4b859d56-c12e-f145-f9f1-b6466b178113" executionId="9de05384-fb57-4332-b920-86a7648107b6" testListId="8c84fa94-04c1-424b-9868-57a2d4851a1d" />
    <TestEntry testId="adeaa52f-ee52-da24-c9b5-69d27c154d30" executionId="be721a44-5b5b-4c57-881a-c54d7b3738e9" testListId="8c84fa94-04c1-424b-9868-57a2d4851a1d" />
    <TestEntry testId="ccbd4f90-9c9a-2b83-b149-daf0b27cbaec" executionId="cc1dc3b7-baa8-4cad-92b2-f798ff25ad4b" testListId="8c84fa94-04c1-424b-9868-57a2d4851a1d" />
    <TestEntry testId="8fcfa4b1-8e62-316b-fa84-3fe04abe7305" executionId="d1d21952-f666-451b-9e58-4fed29f2e532" testListId="8c84fa94-04c1-424b-9868-57a2d4851a1d" />
    <TestEntry testId="dc01d294-55e7-2145-01ea-fbae5d578508" executionId="3bfc3c28-7922-442e-bc67-751411edaa84" testListId="8c84fa94-04c1-424b-9868-57a2d4851a1d" />
    <TestEntry testId="a81b426a-a8bc-30ee-6a33-3806f7ebf5ab" executionId="fc6092c4-fc2c-4b85-a31c-d90dd3ebc011" testListId="8c84fa94-04c1-424b-9868-57a2d4851a1d" />
    <TestEntry testId="48c39078-a465-1f48-ebc8-a4579335f2e7" executionId="a96697e2-da75-465c-8790-129fd188da49" testListId="8c84fa94-04c1-424b-9868-57a2d4851a1d" />
    <TestEntry testId="31379e9e-44e6-b50f-6723-ed75499baae4" executionId="e06cdf34-5895-40b1-b413-d76bd1f95613" testListId="8c84fa94-04c1-424b-9868-57a2d4851a1d" />
    <TestEntry testId="d8b790cc-587f-7ce7-de5d-1ebadf93fdaa" executionId="492404c1-26dd-4bf8-b7d9-d48be02786c3" testListId="8c84fa94-04c1-424b-9868-57a2d4851a1d" />
    <TestEntry testId="60f6e0da-fd0c-a6cc-c798-0e2408ea6bdd" executionId="a9507f6a-625f-4514-bbdb-4fbfdd0ee415" testListId="8c84fa94-04c1-424b-9868-57a2d4851a1d" />
    <TestEntry testId="f0e28110-2fc5-b41f-e047-46aabe542333" executionId="590f78b9-91f1-46f4-b8b8-0070f8760da0" testListId="8c84fa94-04c1-424b-9868-57a2d4851a1d" />
    <TestEntry testId="95a4369f-f77c-0a84-0531-58a415e369e9" executionId="ca9445c7-bb4f-4abc-bc18-98fedeed6b6e" testListId="8c84fa94-04c1-424b-9868-57a2d4851a1d" />
    <TestEntry testId="20456757-01f2-2228-d039-4df749072962" executionId="f7949a03-801b-46f9-895e-e54a65225c9b" testListId="8c84fa94-04c1-424b-9868-57a2d4851a1d" />
    <TestEntry testId="ba49a5dc-4a86-83aa-cb16-4ee09f24ff86" executionId="a16efe10-8c89-49f1-875e-658539eac501" testListId="8c84fa94-04c1-424b-9868-57a2d4851a1d" />
    <TestEntry testId="a4403775-6bb9-b357-8ae2-8d8940e4b05a" executionId="4bd4e51d-d384-41d2-bc96-ca8e62833a4c" testListId="8c84fa94-04c1-424b-9868-57a2d4851a1d" />
    <TestEntry testId="0d9e90f8-7c91-f21a-c64a-d50322bd7237" executionId="972c7356-d002-4714-a89d-dfb81bbdba58" testListId="8c84fa94-04c1-424b-9868-57a2d4851a1d" />
    <TestEntry testId="90c0c83f-0e17-194b-e633-8e234f72015a" executionId="890c4a0e-1eb1-446b-9155-dbbc674279aa" testListId="8c84fa94-04c1-424b-9868-57a2d4851a1d" />
    <TestEntry testId="a6506fa7-6c72-4699-8e3a-bd3f0cb0a4b7" executionId="4579f092-b942-41af-9d41-618a13395b2b" testListId="8c84fa94-04c1-424b-9868-57a2d4851a1d" />
    <TestEntry testId="11b9d819-192a-b4c3-a223-f83cf5e91759" executionId="e1d25051-43dc-421d-a8e3-0758701930fd" testListId="8c84fa94-04c1-424b-9868-57a2d4851a1d" />
    <TestEntry testId="35c2abda-2962-3248-cc4f-1c3593c3f090" executionId="de877a80-2c53-4fd8-b256-ad3b4cd02d25" testListId="8c84fa94-04c1-424b-9868-57a2d4851a1d" />
    <TestEntry testId="a755d660-4869-0853-035f-42e632d61601" executionId="9e73e1f4-0378-4bd5-bf56-5b26f1a8b37f" testListId="8c84fa94-04c1-424b-9868-57a2d4851a1d" />
    <TestEntry testId="42e72497-4752-1b3c-9514-802ca4c425dd" executionId="966248a4-a79b-4f1c-a473-fffdddca46bb" testListId="8c84fa94-04c1-424b-9868-57a2d4851a1d" />
    <TestEntry testId="b9b9703b-5d24-a58a-61f4-c18e0970dc30" executionId="69671746-da32-4f6f-8c1d-e0ffa5644646" testListId="8c84fa94-04c1-424b-9868-57a2d4851a1d" />
    <TestEntry testId="78c93931-9ab4-6a85-f86c-338a8754d03b" executionId="ad80eb33-8597-408b-bb0c-44c781e6f2ed" testListId="8c84fa94-04c1-424b-9868-57a2d4851a1d" />
    <TestEntry testId="c2b4f613-e8f7-bece-77aa-b369aa5e060a" executionId="d8b05f38-61ce-41dd-9c9d-298067930e8c" testListId="8c84fa94-04c1-424b-9868-57a2d4851a1d" />
    <TestEntry testId="219520e9-9942-e234-9dbc-f80293dc143b" executionId="b8260705-9a1e-46b3-ab4c-fea679979af4" testListId="8c84fa94-04c1-424b-9868-57a2d4851a1d" />
    <TestEntry testId="190a31fe-baae-edf1-6ae1-f552de0844b6" executionId="00c58a27-2367-44c7-b327-5d59c6846a39" testListId="8c84fa94-04c1-424b-9868-57a2d4851a1d" />
    <TestEntry testId="c3f3934c-643a-9a0f-ac4b-0cd14828d1e1" executionId="b34f333d-e7e1-4857-b3e4-b56b8dd59de7" testListId="8c84fa94-04c1-424b-9868-57a2d4851a1d" />
    <TestEntry testId="3e71b488-5e2d-d602-9ccf-45511836706d" executionId="a89e0fc6-bd0b-4b12-9812-7fcaa76fca78" testListId="8c84fa94-04c1-424b-9868-57a2d4851a1d" />
    <TestEntry testId="a6cb55cd-fe35-fb66-c6bd-c3eff64fe5f3" executionId="3e31ac31-f99e-4b86-930a-553fe9dcd9b0" testListId="8c84fa94-04c1-424b-9868-57a2d4851a1d" />
    <TestEntry testId="aeeb045d-faf4-3011-00fe-3b22aa45ee2e" executionId="f48c6cb6-2d06-4f55-8918-729f52fd7852" testListId="8c84fa94-04c1-424b-9868-57a2d4851a1d" />
    <TestEntry testId="f716654d-774d-5bf8-ff76-a8658dddba8e" executionId="1b5cafd1-a0b1-4fc7-93aa-0a7632d0683a" testListId="8c84fa94-04c1-424b-9868-57a2d4851a1d" />
    <TestEntry testId="64f86245-f583-8575-2ea6-cbc59d85a4ef" executionId="c02308eb-b022-462a-a2c6-dbc4e3c98026" testListId="8c84fa94-04c1-424b-9868-57a2d4851a1d" />
    <TestEntry testId="4bcce5d7-7a21-7f85-3378-2174dacdbde8" executionId="e0f0ffc9-7f0c-4c05-bf61-3805d34477a8" testListId="8c84fa94-04c1-424b-9868-57a2d4851a1d" />
    <TestEntry testId="1bbe3952-951a-7e49-1f72-d094daf43d41" executionId="a7f184aa-754b-42c5-a2af-178591d9e605" testListId="8c84fa94-04c1-424b-9868-57a2d4851a1d" />
    <TestEntry testId="7c546d90-0f6d-1f07-a17e-36aefbe79c6b" executionId="2722f9fa-4fb5-4f09-86fe-f800a21e924b" testListId="8c84fa94-04c1-424b-9868-57a2d4851a1d" />
    <TestEntry testId="6441e782-4cc2-66fe-16ad-051acc41b66a" executionId="a41b8adb-1551-424f-87e3-683a379425bb" testListId="8c84fa94-04c1-424b-9868-57a2d4851a1d" />
    <TestEntry testId="e0b53c41-3f07-c9eb-0429-2f203704b9e1" executionId="887b8021-b40d-446e-b34a-345571d5a7c1" testListId="8c84fa94-04c1-424b-9868-57a2d4851a1d" />
    <TestEntry testId="277bae95-644c-73d7-d1e6-6c9f6a218e83" executionId="0090f2c3-8375-437d-a6bb-555fa1e5de86" testListId="8c84fa94-04c1-424b-9868-57a2d4851a1d" />
    <TestEntry testId="10c24b69-658d-c145-4479-1c64baf26b51" executionId="3b5f531d-6496-40d2-814a-51e56c67ece9" testListId="8c84fa94-04c1-424b-9868-57a2d4851a1d" />
    <TestEntry testId="d6dc4cca-2ad8-d9b4-3d99-3db303d7f8ed" executionId="e5a34807-5be5-4e69-b438-0badae8b2a08" testListId="8c84fa94-04c1-424b-9868-57a2d4851a1d" />
    <TestEntry testId="4047e2da-2a6c-6dc9-dcf1-62b51e42f9c5" executionId="7df3fe76-69e5-4252-ba5b-119cfbed7480" testListId="8c84fa94-04c1-424b-9868-57a2d4851a1d" />
    <TestEntry testId="155694f0-43be-a864-6d94-7000df716c9c" executionId="83e4e599-7f8d-49ac-b217-c885c72a93c0" testListId="8c84fa94-04c1-424b-9868-57a2d4851a1d" />
    <TestEntry testId="1c74946f-b20e-2f4f-5a92-13c65eecbcd6" executionId="ad228d7a-43a3-41dd-bb64-253c54c8edcd" testListId="8c84fa94-04c1-424b-9868-57a2d4851a1d" />
    <TestEntry testId="24ccf7d3-6159-456c-6fec-ded360c65639" executionId="c6231d26-6159-4f7e-91af-885d734a6be2" testListId="8c84fa94-04c1-424b-9868-57a2d4851a1d" />
    <TestEntry testId="08b3a241-c98a-bddc-19ba-05a58066544c" executionId="10403f8b-fc11-4f35-81db-0a419d322e27" testListId="8c84fa94-04c1-424b-9868-57a2d4851a1d" />
    <TestEntry testId="bce4d7e8-518e-cee9-8d15-8e23a1299dcf" executionId="9a04dd97-da93-4ea3-91ba-67199e11a0dc" testListId="8c84fa94-04c1-424b-9868-57a2d4851a1d" />
  </TestEntries>
  <TestLists>
    <TestList name="Results Not in a List" id="8c84fa94-04c1-424b-9868-57a2d4851a1d" />
    <TestList name="All Loaded Results" id="19431567-8539-422a-85d7-44ee4e166bda" />
  </TestLists>
  <ResultSummary outcome="Completed">
    <Counters total="432" executed="432" passed="432" failed="0" error="0" timeout="0" aborted="0" inconclusive="0" passedButRunAborted="0" notRunnable="0" notExecuted="0" disconnected="0" warning="0" completed="0" inProgress="0" pending="0" />
    <Output>
      <StdOut>[xUnit.net 00:00:00.00] xUnit.net VSTest Adapter v3.1.5+1b188a7b0a (64-bit .NET 10.0.12)&#xD;
[xUnit.net 00:00:00.14]   Discovering: GoldenTicket.Domain.Tests&#xD;
[xUnit.net 00:00:00.38]   Discovered:  GoldenTicket.Domain.Tests&#xD;
[xUnit.net 00:00:00.55]   Starting:    GoldenTicket.Domain.Tests&#xD;
[xUnit.net 00:00:02.44]   Finished:    GoldenTicket.Domain.Tests (ID = '5310e51516116e835d5d35ae1c6858396e39e7011fec6520e33ff87f91040fbd')&#xD;
</StdOut>
    </Output>
  </ResultSummary>
</TestRun>